[0.014s] Invoking command in '/home/nithish/ur10e_ws/build/ur_simulation_gazebo': CMAKE_PREFIX_PATH=${CMAKE_PREFIX_PATH}:/home/nithish/ur10e_ws/install/servo_control:/home/nithish/robotic_arm_ws/install/path_planner:/opt/ros/humble /usr/bin/cmake /home/nithish/ur10e_ws/src/Universal_Robots_ROS2_Gazebo_Simulation/ur_simulation_gazebo -DAMENT_CMAKE_SYMLINK_INSTALL=1 -DCMAKE_INSTALL_PREFIX=/home/nithish/ur10e_ws/install/ur_simulation_gazebo
[0.023s] -- Found ament_cmake: 1.3.12 (/opt/ros/humble/share/ament_cmake/cmake)
[0.151s] -- Override CMake install command with custom implementation using symlinks instead of copying resources
[0.156s] -- Found launch_testing_ament_cmake: 1.0.10 (/opt/ros/humble/share/launch_testing_ament_cmake/cmake)
[0.156s] -- Found python_cmake_module: 0.10.0 (/opt/ros/humble/share/python_cmake_module/cmake)
[0.175s] -- Using PYTHON_EXECUTABLE: /usr/bin/python3
[0.175s] -- Using PYTHON_INCLUDE_DIRS: /usr/include/python3.10
[0.175s] -- Using PYTHON_LIBRARIES: /usr/lib/x86_64-linux-gnu/libpython3.10.so
[0.176s] -- Found ament_cmake_pytest: 1.3.12 (/opt/ros/humble/share/ament_cmake_pytest/cmake)
[0.235s] -- Configuring done
[0.237s] -- Generating done
[0.238s] -- Build files have been written to: /home/nithish/ur10e_ws/build/ur_simulation_gazebo
[0.240s] Invoked command in '/home/nithish/ur10e_ws/build/ur_simulation_gazebo' returned '0': CMAKE_PREFIX_PATH=${CMAKE_PREFIX_PATH}:/home/nithish/ur10e_ws/install/servo_control:/home/nithish/robotic_arm_ws/install/path_planner:/opt/ros/humble /usr/bin/cmake /home/nithish/ur10e_ws/src/Universal_Robots_ROS2_Gazebo_Simulation/ur_simulation_gazebo -DAMENT_CMAKE_SYMLINK_INSTALL=1 -DCMAKE_INSTALL_PREFIX=/home/nithish/ur10e_ws/install/ur_simulation_gazebo
[0.240s] Invoking command in '/home/nithish/ur10e_ws/build/ur_simulation_gazebo': CMAKE_PREFIX_PATH=${CMAKE_PREFIX_PATH}:/home/nithish/ur10e_ws/install/servo_control:/home/nithish/robotic_arm_ws/install/path_planner:/opt/ros/humble /usr/bin/cmake --build /home/nithish/ur10e_ws/build/ur_simulation_gazebo -- -j12 -l12
[0.276s] Invoked command in '/home/nithish/ur10e_ws/build/ur_simulation_gazebo' returned '0': CMAKE_PREFIX_PATH=${CMAKE_PREFIX_PATH}:/home/nithish/ur10e_ws/install/servo_control:/home/nithish/robotic_arm_ws/install/path_planner:/opt/ros/humble /usr/bin/cmake --build /home/nithish/ur10e_ws/build/ur_simulation_gazebo -- -j12 -l12
[0.277s] Invoking command in '/home/nithish/ur10e_ws/build/ur_simulation_gazebo': CMAKE_PREFIX_PATH=${CMAKE_PREFIX_PATH}:/home/nithish/ur10e_ws/install/servo_control:/home/nithish/robotic_arm_ws/install/path_planner:/opt/ros/humble /usr/bin/cmake --install /home/nithish/ur10e_ws/build/ur_simulation_gazebo
[0.283s] -- Install configuration: ""
[0.283s] -- Execute custom install script
[0.283s] -- Symlinking: /home/nithish/ur10e_ws/install/ur_simulation_gazebo/share/ur_simulation_gazebo/config/ur_controllers.yaml
[0.293s] -- Symlinking: /home/nithish/ur10e_ws/install/ur_simulation_gazebo/share/ur_simulation_gazebo/launch/ur_sim_control.launch.py
[0.302s] -- Symlinking: /home/nithish/ur10e_ws/install/ur_simulation_gazebo/share/ur_simulation_gazebo/launch/ur_sim_moveit.launch.py
[0.310s] -- Symlinking: /home/nithish/ur10e_ws/install/ur_simulation_gazebo/share/ament_index/resource_index/package_run_dependencies/ur_simulation_gazebo
[0.316s] -- Symlinking: /home/nithish/ur10e_ws/install/ur_simulation_gazebo/share/ament_index/resource_index/parent_prefix_path/ur_simulation_gazebo
[0.326s] -- Symlinking: /home/nithish/ur10e_ws/install/ur_simulation_gazebo/share/ur_simulation_gazebo/environment/ament_prefix_path.sh
[0.335s] -- Symlinking: /home/nithish/ur10e_ws/install/ur_simulation_gazebo/share/ur_simulation_gazebo/environment/ament_prefix_path.dsv
[0.343s] -- Symlinking: /home/nithish/ur10e_ws/install/ur_simulation_gazebo/share/ur_simulation_gazebo/environment/path.sh
[0.352s] -- Symlinking: /home/nithish/ur10e_ws/install/ur_simulation_gazebo/share/ur_simulation_gazebo/environment/path.dsv
[0.359s] -- Symlinking: /home/nithish/ur10e_ws/install/ur_simulation_gazebo/share/ur_simulation_gazebo/local_setup.bash
[0.369s] -- Symlinking: /home/nithish/ur10e_ws/install/ur_simulation_gazebo/share/ur_simulation_gazebo/local_setup.sh
[0.378s] -- Symlinking: /home/nithish/ur10e_ws/install/ur_simulation_gazebo/share/ur_simulation_gazebo/local_setup.zsh
[0.386s] -- Symlinking: /home/nithish/ur10e_ws/install/ur_simulation_gazebo/share/ur_simulation_gazebo/local_setup.dsv
[0.395s] -- Symlinking: /home/nithish/ur10e_ws/install/ur_simulation_gazebo/share/ur_simulation_gazebo/package.dsv
[0.404s] -- Symlinking: /home/nithish/ur10e_ws/install/ur_simulation_gazebo/share/ament_index/resource_index/packages/ur_simulation_gazebo
[0.412s] -- Symlinking: /home/nithish/ur10e_ws/install/ur_simulation_gazebo/share/ur_simulation_gazebo/cmake/ur_simulation_gazeboConfig.cmake
[0.422s] -- Symlinking: /home/nithish/ur10e_ws/install/ur_simulation_gazebo/share/ur_simulation_gazebo/cmake/ur_simulation_gazeboConfig-version.cmake
[0.431s] -- Symlinking: /home/nithish/ur10e_ws/install/ur_simulation_gazebo/share/ur_simulation_gazebo/package.xml
[0.441s] Invoked command in '/home/nithish/ur10e_ws/build/ur_simulation_gazebo' returned '0': CMAKE_PREFIX_PATH=${CMAKE_PREFIX_PATH}:/home/nithish/ur10e_ws/install/servo_control:/home/nithish/robotic_arm_ws/install/path_planner:/opt/ros/humble /usr/bin/cmake --install /home/nithish/ur10e_ws/build/ur_simulation_gazebo
