[0.015s] Invoking command in '/home/nithish/ur10e_ws/build/my_moveit_config': CMAKE_PREFIX_PATH=${CMAKE_PREFIX_PATH}:/home/nithish/ur10e_ws/install/servo_control:/home/nithish/robotic_arm_ws/install/path_planner:/opt/ros/humble /usr/bin/cmake --build /home/nithish/ur10e_ws/build/my_moveit_config -- -j12 -l12
[0.188s] Invoked command in '/home/nithish/ur10e_ws/build/my_moveit_config' returned '0': CMAKE_PREFIX_PATH=${CMAKE_PREFIX_PATH}:/home/nithish/ur10e_ws/install/servo_control:/home/nithish/robotic_arm_ws/install/path_planner:/opt/ros/humble /usr/bin/cmake --build /home/nithish/ur10e_ws/build/my_moveit_config -- -j12 -l12
[0.189s] Invoking command in '/home/nithish/ur10e_ws/build/my_moveit_config': CMAKE_PREFIX_PATH=${CMAKE_PREFIX_PATH}:/home/nithish/ur10e_ws/install/servo_control:/home/nithish/robotic_arm_ws/install/path_planner:/opt/ros/humble /usr/bin/cmake --install /home/nithish/ur10e_ws/build/my_moveit_config
[0.197s] -- Install configuration: ""
[0.198s] -- Up-to-date: /home/nithish/ur10e_ws/install/my_moveit_config/share/ament_index/resource_index/package_run_dependencies/my_moveit_config
[0.198s] -- Up-to-date: /home/nithish/ur10e_ws/install/my_moveit_config/share/ament_index/resource_index/parent_prefix_path/my_moveit_config
[0.198s] -- Up-to-date: /home/nithish/ur10e_ws/install/my_moveit_config/share/my_moveit_config/environment/ament_prefix_path.sh
[0.198s] -- Up-to-date: /home/nithish/ur10e_ws/install/my_moveit_config/share/my_moveit_config/environment/ament_prefix_path.dsv
[0.199s] -- Up-to-date: /home/nithish/ur10e_ws/install/my_moveit_config/share/my_moveit_config/environment/path.sh
[0.199s] -- Up-to-date: /home/nithish/ur10e_ws/install/my_moveit_config/share/my_moveit_config/environment/path.dsv
[0.199s] -- Up-to-date: /home/nithish/ur10e_ws/install/my_moveit_config/share/my_moveit_config/local_setup.bash
[0.199s] -- Up-to-date: /home/nithish/ur10e_ws/install/my_moveit_config/share/my_moveit_config/local_setup.sh
[0.199s] -- Up-to-date: /home/nithish/ur10e_ws/install/my_moveit_config/share/my_moveit_config/local_setup.zsh
[0.199s] -- Up-to-date: /home/nithish/ur10e_ws/install/my_moveit_config/share/my_moveit_config/local_setup.dsv
[0.199s] -- Installing: /home/nithish/ur10e_ws/install/my_moveit_config/share/my_moveit_config/package.dsv
[0.199s] -- Up-to-date: /home/nithish/ur10e_ws/install/my_moveit_config/share/ament_index/resource_index/packages/my_moveit_config
[0.199s] -- Up-to-date: /home/nithish/ur10e_ws/install/my_moveit_config/share/my_moveit_config/cmake/my_moveit_configConfig.cmake
[0.199s] -- Up-to-date: /home/nithish/ur10e_ws/install/my_moveit_config/share/my_moveit_config/cmake/my_moveit_configConfig-version.cmake
[0.199s] -- Up-to-date: /home/nithish/ur10e_ws/install/my_moveit_config/share/my_moveit_config/package.xml
[0.199s] -- Up-to-date: /home/nithish/ur10e_ws/install/my_moveit_config/share/my_moveit_config/launch
[0.200s] -- Up-to-date: /home/nithish/ur10e_ws/install/my_moveit_config/share/my_moveit_config/launch/pliz_launcher.launch.py
[0.200s] -- Up-to-date: /home/nithish/ur10e_ws/install/my_moveit_config/share/my_moveit_config/launch/move_group.launch.py
[0.200s] -- Up-to-date: /home/nithish/ur10e_ws/install/my_moveit_config/share/my_moveit_config/launch/servo.launch.py
[0.200s] -- Up-to-date: /home/nithish/ur10e_ws/install/my_moveit_config/share/my_moveit_config/launch/rsp.launch.py
[0.200s] -- Up-to-date: /home/nithish/ur10e_ws/install/my_moveit_config/share/my_moveit_config/launch/static_virtual_joint_tfs.launch.py
[0.200s] -- Up-to-date: /home/nithish/ur10e_ws/install/my_moveit_config/share/my_moveit_config/launch/spawn_controllers.launch.py
[0.200s] -- Up-to-date: /home/nithish/ur10e_ws/install/my_moveit_config/share/my_moveit_config/launch/demo.launch.py
[0.200s] -- Up-to-date: /home/nithish/ur10e_ws/install/my_moveit_config/share/my_moveit_config/launch/moveit_rviz.launch.py
[0.200s] -- Up-to-date: /home/nithish/ur10e_ws/install/my_moveit_config/share/my_moveit_config/launch/warehouse_db.launch.py
[0.200s] -- Up-to-date: /home/nithish/ur10e_ws/install/my_moveit_config/share/my_moveit_config/launch/setup_assistant.launch.py
[0.200s] -- Up-to-date: /home/nithish/ur10e_ws/install/my_moveit_config/share/my_moveit_config/config
[0.200s] -- Up-to-date: /home/nithish/ur10e_ws/install/my_moveit_config/share/my_moveit_config/config/initial_positions.yaml
[0.200s] -- Up-to-date: /home/nithish/ur10e_ws/install/my_moveit_config/share/my_moveit_config/config/kinematics.yaml
[0.201s] -- Up-to-date: /home/nithish/ur10e_ws/install/my_moveit_config/share/my_moveit_config/config/ros2_controllers.yaml
[0.201s] -- Installing: /home/nithish/ur10e_ws/install/my_moveit_config/share/my_moveit_config/config/ur10e.ros2_control.xacro
[0.201s] -- Up-to-date: /home/nithish/ur10e_ws/install/my_moveit_config/share/my_moveit_config/config/pilz_cartesian_limits.yaml
[0.201s] -- Up-to-date: /home/nithish/ur10e_ws/install/my_moveit_config/share/my_moveit_config/config/servo.yaml
[0.201s] -- Up-to-date: /home/nithish/ur10e_ws/install/my_moveit_config/share/my_moveit_config/config/pilz_planning_pipeline.yaml
[0.201s] -- Installing: /home/nithish/ur10e_ws/install/my_moveit_config/share/my_moveit_config/config/ur10e.urdf.xacro
[0.201s] -- Up-to-date: /home/nithish/ur10e_ws/install/my_moveit_config/share/my_moveit_config/config/moveit.rviz
[0.201s] -- Up-to-date: /home/nithish/ur10e_ws/install/my_moveit_config/share/my_moveit_config/config/joint_limits.yaml
[0.201s] -- Up-to-date: /home/nithish/ur10e_ws/install/my_moveit_config/share/my_moveit_config/config/ur10e.srdf
[0.201s] -- Up-to-date: /home/nithish/ur10e_ws/install/my_moveit_config/share/my_moveit_config/config/moveit_controllers.yaml
[0.201s] -- Up-to-date: /home/nithish/ur10e_ws/install/my_moveit_config/share/my_moveit_config/.setup_assistant
[0.218s] Invoked command in '/home/nithish/ur10e_ws/build/my_moveit_config' returned '0': CMAKE_PREFIX_PATH=${CMAKE_PREFIX_PATH}:/home/nithish/ur10e_ws/install/servo_control:/home/nithish/robotic_arm_ws/install/path_planner:/opt/ros/humble /usr/bin/cmake --install /home/nithish/ur10e_ws/build/my_moveit_config
