[0.010s] Invoking command in '/home/nithish/robotic_arm_ws/build/ur_simulation_gazebo': AMENT_PREFIX_PATH=/home/nithish/robotic_arm_ws/install/ur_description:${AMENT_PREFIX_PATH} CMAKE_PREFIX_PATH=/home/nithish/robotic_arm_ws/install/ur_description:/home/nithish/robotic_arm_ws/src/install/ur_simulation_gazebo:/home/nithish/robotic_arm_ws/src/install/ur_description:/opt/ros/humble /usr/bin/cmake /home/nithish/robotic_arm_ws/src/Universal_Robots_ROS2_Gazebo_Simulation/ur_simulation_gazebo -DCMAKE_INSTALL_PREFIX=/home/nithish/robotic_arm_ws/install/ur_simulation_gazebo
[0.095s] -- The C compiler identification is GNU 11.4.0
[0.167s] -- The CXX compiler identification is GNU 11.4.0
[0.177s] -- Detecting C compiler ABI info
[0.269s] -- Detecting C compiler ABI info - done
[0.281s] -- Check for working C compiler: /usr/bin/cc - skipped
[0.281s] -- Detecting C compile features
[0.282s] -- Detecting C compile features - done
[0.286s] -- Detecting CXX compiler ABI info
[0.400s] -- Detecting CXX compiler ABI info - done
[0.411s] -- Check for working CXX compiler: /usr/bin/c++ - skipped
[0.411s] -- Detecting CXX compile features
[0.412s] -- Detecting CXX compile features - done
[0.416s] -- Found ament_cmake: 1.3.12 (/opt/ros/humble/share/ament_cmake/cmake)
[0.616s] -- Found Python3: /usr/bin/python3 (found version "3.10.12") found components: Interpreter 
[0.730s] -- Found launch_testing_ament_cmake: 1.0.10 (/opt/ros/humble/share/launch_testing_ament_cmake/cmake)
[0.732s] -- Found python_cmake_module: 0.10.0 (/opt/ros/humble/share/python_cmake_module/cmake)
[0.758s] -- Found PythonInterp: /usr/bin/python3 (found suitable version "3.10.12", minimum required is "3.6") 
[0.775s] -- Found PythonLibs: /usr/lib/x86_64-linux-gnu/libpython3.10.so (found suitable version "3.10.12", minimum required is "3.5") 
[0.776s] -- Using PYTHON_EXECUTABLE: /usr/bin/python3
[0.776s] -- Using PYTHON_INCLUDE_DIRS: /usr/include/python3.10
[0.776s] -- Using PYTHON_LIBRARIES: /usr/lib/x86_64-linux-gnu/libpython3.10.so
[0.804s] -- Found PythonExtra: .so  
[0.807s] -- Found ament_cmake_pytest: 1.3.12 (/opt/ros/humble/share/ament_cmake_pytest/cmake)
[0.885s] -- Configuring done
[0.887s] -- Generating done
[0.889s] -- Build files have been written to: /home/nithish/robotic_arm_ws/build/ur_simulation_gazebo
[0.899s] Invoked command in '/home/nithish/robotic_arm_ws/build/ur_simulation_gazebo' returned '0': AMENT_PREFIX_PATH=/home/nithish/robotic_arm_ws/install/ur_description:${AMENT_PREFIX_PATH} CMAKE_PREFIX_PATH=/home/nithish/robotic_arm_ws/install/ur_description:/home/nithish/robotic_arm_ws/src/install/ur_simulation_gazebo:/home/nithish/robotic_arm_ws/src/install/ur_description:/opt/ros/humble /usr/bin/cmake /home/nithish/robotic_arm_ws/src/Universal_Robots_ROS2_Gazebo_Simulation/ur_simulation_gazebo -DCMAKE_INSTALL_PREFIX=/home/nithish/robotic_arm_ws/install/ur_simulation_gazebo
[0.901s] Invoking command in '/home/nithish/robotic_arm_ws/build/ur_simulation_gazebo': AMENT_PREFIX_PATH=/home/nithish/robotic_arm_ws/install/ur_description:${AMENT_PREFIX_PATH} CMAKE_PREFIX_PATH=/home/nithish/robotic_arm_ws/install/ur_description:/home/nithish/robotic_arm_ws/src/install/ur_simulation_gazebo:/home/nithish/robotic_arm_ws/src/install/ur_description:/opt/ros/humble /usr/bin/cmake --build /home/nithish/robotic_arm_ws/build/ur_simulation_gazebo -- -j12 -l12
[0.954s] Invoked command in '/home/nithish/robotic_arm_ws/build/ur_simulation_gazebo' returned '0': AMENT_PREFIX_PATH=/home/nithish/robotic_arm_ws/install/ur_description:${AMENT_PREFIX_PATH} CMAKE_PREFIX_PATH=/home/nithish/robotic_arm_ws/install/ur_description:/home/nithish/robotic_arm_ws/src/install/ur_simulation_gazebo:/home/nithish/robotic_arm_ws/src/install/ur_description:/opt/ros/humble /usr/bin/cmake --build /home/nithish/robotic_arm_ws/build/ur_simulation_gazebo -- -j12 -l12
[0.957s] Invoking command in '/home/nithish/robotic_arm_ws/build/ur_simulation_gazebo': AMENT_PREFIX_PATH=/home/nithish/robotic_arm_ws/install/ur_description:${AMENT_PREFIX_PATH} CMAKE_PREFIX_PATH=/home/nithish/robotic_arm_ws/install/ur_description:/home/nithish/robotic_arm_ws/src/install/ur_simulation_gazebo:/home/nithish/robotic_arm_ws/src/install/ur_description:/opt/ros/humble /usr/bin/cmake --install /home/nithish/robotic_arm_ws/build/ur_simulation_gazebo
[0.966s] -- Install configuration: ""
[0.967s] -- Installing: /home/nithish/robotic_arm_ws/install/ur_simulation_gazebo/share/ur_simulation_gazebo/config
[0.967s] -- Installing: /home/nithish/robotic_arm_ws/install/ur_simulation_gazebo/share/ur_simulation_gazebo/config/ur_controllers.yaml
[0.967s] -- Installing: /home/nithish/robotic_arm_ws/install/ur_simulation_gazebo/share/ur_simulation_gazebo/launch
[0.967s] -- Installing: /home/nithish/robotic_arm_ws/install/ur_simulation_gazebo/share/ur_simulation_gazebo/launch/ur_sim_moveit.launch.py
[0.967s] -- Installing: /home/nithish/robotic_arm_ws/install/ur_simulation_gazebo/share/ur_simulation_gazebo/launch/ur_sim_control.launch.py
[0.968s] -- Installing: /home/nithish/robotic_arm_ws/install/ur_simulation_gazebo/share/ament_index/resource_index/package_run_dependencies/ur_simulation_gazebo
[0.968s] -- Installing: /home/nithish/robotic_arm_ws/install/ur_simulation_gazebo/share/ament_index/resource_index/parent_prefix_path/ur_simulation_gazebo
[0.968s] -- Installing: /home/nithish/robotic_arm_ws/install/ur_simulation_gazebo/share/ur_simulation_gazebo/environment/ament_prefix_path.sh
[0.968s] -- Installing: /home/nithish/robotic_arm_ws/install/ur_simulation_gazebo/share/ur_simulation_gazebo/environment/ament_prefix_path.dsv
[0.968s] -- Installing: /home/nithish/robotic_arm_ws/install/ur_simulation_gazebo/share/ur_simulation_gazebo/environment/path.sh
[0.968s] -- Installing: /home/nithish/robotic_arm_ws/install/ur_simulation_gazebo/share/ur_simulation_gazebo/environment/path.dsv
[0.968s] -- Installing: /home/nithish/robotic_arm_ws/install/ur_simulation_gazebo/share/ur_simulation_gazebo/local_setup.bash
[0.968s] -- Installing: /home/nithish/robotic_arm_ws/install/ur_simulation_gazebo/share/ur_simulation_gazebo/local_setup.sh
[0.969s] -- Installing: /home/nithish/robotic_arm_ws/install/ur_simulation_gazebo/share/ur_simulation_gazebo/local_setup.zsh
[0.969s] -- Installing: /home/nithish/robotic_arm_ws/install/ur_simulation_gazebo/share/ur_simulation_gazebo/local_setup.dsv
[0.969s] -- Installing: /home/nithish/robotic_arm_ws/install/ur_simulation_gazebo/share/ur_simulation_gazebo/package.dsv
[0.969s] -- Installing: /home/nithish/robotic_arm_ws/install/ur_simulation_gazebo/share/ament_index/resource_index/packages/ur_simulation_gazebo
[0.969s] -- Installing: /home/nithish/robotic_arm_ws/install/ur_simulation_gazebo/share/ur_simulation_gazebo/cmake/ur_simulation_gazeboConfig.cmake
[0.969s] -- Installing: /home/nithish/robotic_arm_ws/install/ur_simulation_gazebo/share/ur_simulation_gazebo/cmake/ur_simulation_gazeboConfig-version.cmake
[0.969s] -- Installing: /home/nithish/robotic_arm_ws/install/ur_simulation_gazebo/share/ur_simulation_gazebo/package.xml
[0.972s] Invoked command in '/home/nithish/robotic_arm_ws/build/ur_simulation_gazebo' returned '0': AMENT_PREFIX_PATH=/home/nithish/robotic_arm_ws/install/ur_description:${AMENT_PREFIX_PATH} CMAKE_PREFIX_PATH=/home/nithish/robotic_arm_ws/install/ur_description:/home/nithish/robotic_arm_ws/src/install/ur_simulation_gazebo:/home/nithish/robotic_arm_ws/src/install/ur_description:/opt/ros/humble /usr/bin/cmake --install /home/nithish/robotic_arm_ws/build/ur_simulation_gazebo
