[0.019s] Invoking command in '/home/nithish/robotic_arm_ws/build/ur_simulation_gazebo': CMAKE_PREFIX_PATH=/home/nithish/robotic_arm_ws/install/ur_description:/home/nithish/robotic_arm_ws/install/ur_simulation_gazebo:/home/nithish/robotic_arm_ws/src/install/ur_simulation_gazebo:/home/nithish/robotic_arm_ws/src/install/ur_description:/opt/ros/humble /usr/bin/cmake --build /home/nithish/robotic_arm_ws/build/ur_simulation_gazebo -- -j12 -l12
[0.100s] Invoked command in '/home/nithish/robotic_arm_ws/build/ur_simulation_gazebo' returned '0': CMAKE_PREFIX_PATH=/home/nithish/robotic_arm_ws/install/ur_description:/home/nithish/robotic_arm_ws/install/ur_simulation_gazebo:/home/nithish/robotic_arm_ws/src/install/ur_simulation_gazebo:/home/nithish/robotic_arm_ws/src/install/ur_description:/opt/ros/humble /usr/bin/cmake --build /home/nithish/robotic_arm_ws/build/ur_simulation_gazebo -- -j12 -l12
[0.104s] Invoking command in '/home/nithish/robotic_arm_ws/build/ur_simulation_gazebo': CMAKE_PREFIX_PATH=/home/nithish/robotic_arm_ws/install/ur_description:/home/nithish/robotic_arm_ws/install/ur_simulation_gazebo:/home/nithish/robotic_arm_ws/src/install/ur_simulation_gazebo:/home/nithish/robotic_arm_ws/src/install/ur_description:/opt/ros/humble /usr/bin/cmake --install /home/nithish/robotic_arm_ws/build/ur_simulation_gazebo
[0.118s] -- Install configuration: ""
[0.118s] -- Up-to-date: /home/nithish/robotic_arm_ws/install/ur_simulation_gazebo/share/ur_simulation_gazebo/config
[0.119s] -- Up-to-date: /home/nithish/robotic_arm_ws/install/ur_simulation_gazebo/share/ur_simulation_gazebo/config/ur_controllers.yaml
[0.119s] -- Up-to-date: /home/nithish/robotic_arm_ws/install/ur_simulation_gazebo/share/ur_simulation_gazebo/launch
[0.119s] -- Up-to-date: /home/nithish/robotic_arm_ws/install/ur_simulation_gazebo/share/ur_simulation_gazebo/launch/ur_sim_moveit.launch.py
[0.120s] -- Up-to-date: /home/nithish/robotic_arm_ws/install/ur_simulation_gazebo/share/ur_simulation_gazebo/launch/ur_sim_control.launch.py
[0.120s] -- Up-to-date: /home/nithish/robotic_arm_ws/install/ur_simulation_gazebo/share/ament_index/resource_index/package_run_dependencies/ur_simulation_gazebo
[0.120s] -- Up-to-date: /home/nithish/robotic_arm_ws/install/ur_simulation_gazebo/share/ament_index/resource_index/parent_prefix_path/ur_simulation_gazebo
[0.120s] -- Up-to-date: /home/nithish/robotic_arm_ws/install/ur_simulation_gazebo/share/ur_simulation_gazebo/environment/ament_prefix_path.sh
[0.120s] -- Up-to-date: /home/nithish/robotic_arm_ws/install/ur_simulation_gazebo/share/ur_simulation_gazebo/environment/ament_prefix_path.dsv
[0.120s] -- Up-to-date: /home/nithish/robotic_arm_ws/install/ur_simulation_gazebo/share/ur_simulation_gazebo/environment/path.sh
[0.121s] -- Up-to-date: /home/nithish/robotic_arm_ws/install/ur_simulation_gazebo/share/ur_simulation_gazebo/environment/path.dsv
[0.121s] -- Up-to-date: /home/nithish/robotic_arm_ws/install/ur_simulation_gazebo/share/ur_simulation_gazebo/local_setup.bash
[0.121s] -- Up-to-date: /home/nithish/robotic_arm_ws/install/ur_simulation_gazebo/share/ur_simulation_gazebo/local_setup.sh
[0.121s] -- Up-to-date: /home/nithish/robotic_arm_ws/install/ur_simulation_gazebo/share/ur_simulation_gazebo/local_setup.zsh
[0.121s] -- Up-to-date: /home/nithish/robotic_arm_ws/install/ur_simulation_gazebo/share/ur_simulation_gazebo/local_setup.dsv
[0.121s] -- Installing: /home/nithish/robotic_arm_ws/install/ur_simulation_gazebo/share/ur_simulation_gazebo/package.dsv
[0.122s] -- Up-to-date: /home/nithish/robotic_arm_ws/install/ur_simulation_gazebo/share/ament_index/resource_index/packages/ur_simulation_gazebo
[0.122s] -- Up-to-date: /home/nithish/robotic_arm_ws/install/ur_simulation_gazebo/share/ur_simulation_gazebo/cmake/ur_simulation_gazeboConfig.cmake
[0.123s] -- Up-to-date: /home/nithish/robotic_arm_ws/install/ur_simulation_gazebo/share/ur_simulation_gazebo/cmake/ur_simulation_gazeboConfig-version.cmake
[0.123s] -- Up-to-date: /home/nithish/robotic_arm_ws/install/ur_simulation_gazebo/share/ur_simulation_gazebo/package.xml
[0.126s] Invoked command in '/home/nithish/robotic_arm_ws/build/ur_simulation_gazebo' returned '0': CMAKE_PREFIX_PATH=/home/nithish/robotic_arm_ws/install/ur_description:/home/nithish/robotic_arm_ws/install/ur_simulation_gazebo:/home/nithish/robotic_arm_ws/src/install/ur_simulation_gazebo:/home/nithish/robotic_arm_ws/src/install/ur_description:/opt/ros/humble /usr/bin/cmake --install /home/nithish/robotic_arm_ws/build/ur_simulation_gazebo
