[0.012s] Invoking command in '/home/nithish/ur10e_ws/build/ros2_nr_motion_control': CMAKE_PREFIX_PATH=/home/nithish/ur10e_ws/install/ur_simulation_gazebo:/home/nithish/ur10e_ws/install/ros2_nr_motion_control:/home/nithish/ur10e_ws/install/my_moveit_config:/home/nithish/rviz2_ws/install:/home/nithish/robotic_arm_ws/install/ur_simulation_gz:/home/nithish/robotic_arm_ws/install/my_moveit_config:/home/nithish/robotic_arm_ws/install/ur_description:/home/nithish/ur10e_ws/install/servo_control:/home/nithish/robotic_arm_ws/install/path_planner:/opt/ros/humble /usr/bin/cmake --build /home/nithish/ur10e_ws/build/ros2_nr_motion_control -- -j12 -l12
[0.093s] [ 12%] Built target joint_sine_publisher
[0.099s] [ 37%] Built target gtest
[0.099s] [ 37%] Built target gtest_main
[0.100s] [ 50%] Built target joint_angle_publisher
[0.105s] [ 62%] Built target helix_trajectory_publisher
[0.107s] [ 75%] Built target cartesian_space_trajectory_node
[0.108s] [ 87%] Built target joint_space_trajectory_node
[0.131s] [100%] Built target test_robot_arm_motion_planner
[0.145s] Invoked command in '/home/nithish/ur10e_ws/build/ros2_nr_motion_control' returned '0': CMAKE_PREFIX_PATH=/home/nithish/ur10e_ws/install/ur_simulation_gazebo:/home/nithish/ur10e_ws/install/ros2_nr_motion_control:/home/nithish/ur10e_ws/install/my_moveit_config:/home/nithish/rviz2_ws/install:/home/nithish/robotic_arm_ws/install/ur_simulation_gz:/home/nithish/robotic_arm_ws/install/my_moveit_config:/home/nithish/robotic_arm_ws/install/ur_description:/home/nithish/ur10e_ws/install/servo_control:/home/nithish/robotic_arm_ws/install/path_planner:/opt/ros/humble /usr/bin/cmake --build /home/nithish/ur10e_ws/build/ros2_nr_motion_control -- -j12 -l12
[0.147s] Invoking command in '/home/nithish/ur10e_ws/build/ros2_nr_motion_control': CMAKE_PREFIX_PATH=/home/nithish/ur10e_ws/install/ur_simulation_gazebo:/home/nithish/ur10e_ws/install/ros2_nr_motion_control:/home/nithish/ur10e_ws/install/my_moveit_config:/home/nithish/rviz2_ws/install:/home/nithish/robotic_arm_ws/install/ur_simulation_gz:/home/nithish/robotic_arm_ws/install/my_moveit_config:/home/nithish/robotic_arm_ws/install/ur_description:/home/nithish/ur10e_ws/install/servo_control:/home/nithish/robotic_arm_ws/install/path_planner:/opt/ros/humble /usr/bin/cmake --install /home/nithish/ur10e_ws/build/ros2_nr_motion_control
[0.156s] -- Install configuration: ""
[0.156s] -- Execute custom install script
[0.156s] -- Up-to-date symlink: /home/nithish/ur10e_ws/install/ros2_nr_motion_control/lib/ros2_nr_motion_control/joint_angle_publisher
[0.157s] -- Up-to-date symlink: /home/nithish/ur10e_ws/install/ros2_nr_motion_control/lib/ros2_nr_motion_control/joint_sine_publisher
[0.157s] -- Up-to-date symlink: /home/nithish/ur10e_ws/install/ros2_nr_motion_control/lib/ros2_nr_motion_control/joint_space_trajectory_node
[0.157s] -- Up-to-date symlink: /home/nithish/ur10e_ws/install/ros2_nr_motion_control/lib/ros2_nr_motion_control/cartesian_space_trajectory_node
[0.157s] -- Up-to-date symlink: /home/nithish/ur10e_ws/install/ros2_nr_motion_control/lib/ros2_nr_motion_control/helix_trajectory_publisher
[0.157s] -- Up-to-date symlink: /home/nithish/ur10e_ws/install/ros2_nr_motion_control/share/ros2_nr_motion_control/launch/cartesian_space_trajectory.launch.py
[0.157s] -- Up-to-date symlink: /home/nithish/ur10e_ws/install/ros2_nr_motion_control/share/ros2_nr_motion_control/launch/helix_control.launch.py
[0.158s] -- Up-to-date symlink: /home/nithish/ur10e_ws/install/ros2_nr_motion_control/share/ros2_nr_motion_control/launch/joint_space_trajectory.launch.py
[0.158s] -- Up-to-date symlink: /home/nithish/ur10e_ws/install/ros2_nr_motion_control/share/ros2_nr_motion_control/launch/servo_cylinder_cleaning.launch.py
[0.158s] -- Up-to-date symlink: /home/nithish/ur10e_ws/install/ros2_nr_motion_control/share/ros2_nr_motion_control/launch/sinusoidal_trajectory.launch.py
[0.158s] -- Up-to-date symlink: /home/nithish/ur10e_ws/install/ros2_nr_motion_control/share/ros2_nr_motion_control/include/robot_arm_motion_planner/robot_arm_motion_planner.hpp
[0.159s] -- Up-to-date symlink: /home/nithish/ur10e_ws/install/ros2_nr_motion_control/share/ros2_nr_motion_control/rviz/view_robot.rviz
[0.159s] -- Up-to-date symlink: /home/nithish/ur10e_ws/install/ros2_nr_motion_control/share/ros2_nr_motion_control/config/kinematics.yaml
[0.159s] -- Up-to-date symlink: /home/nithish/ur10e_ws/install/ros2_nr_motion_control/share/ros2_nr_motion_control/config/ur10e.srdf
[0.160s] -- Up-to-date symlink: /home/nithish/ur10e_ws/install/ros2_nr_motion_control/share/ros2_nr_motion_control/config/ur10e.urdf.xacro
[0.160s] -- Up-to-date symlink: /home/nithish/ur10e_ws/install/ros2_nr_motion_control/share/ros2_nr_motion_control/config/ur_mock_controllers.yaml
[0.160s] -- Up-to-date symlink: /home/nithish/ur10e_ws/install/ros2_nr_motion_control/share/ros2_nr_motion_control/config/ur_ros2_control.xacro
[0.160s] -- Up-to-date symlink: /home/nithish/ur10e_ws/install/ros2_nr_motion_control/share/ros2_nr_motion_control/config/ur_servo.yaml
[0.160s] -- Up-to-date symlink: /home/nithish/ur10e_ws/install/ros2_nr_motion_control/share/ament_index/resource_index/package_run_dependencies/ros2_nr_motion_control
[0.161s] -- Up-to-date symlink: /home/nithish/ur10e_ws/install/ros2_nr_motion_control/share/ament_index/resource_index/parent_prefix_path/ros2_nr_motion_control
[0.161s] -- Up-to-date symlink: /home/nithish/ur10e_ws/install/ros2_nr_motion_control/share/ros2_nr_motion_control/environment/ament_prefix_path.sh
[0.161s] -- Up-to-date symlink: /home/nithish/ur10e_ws/install/ros2_nr_motion_control/share/ros2_nr_motion_control/environment/ament_prefix_path.dsv
[0.161s] -- Up-to-date symlink: /home/nithish/ur10e_ws/install/ros2_nr_motion_control/share/ros2_nr_motion_control/environment/path.sh
[0.162s] -- Up-to-date symlink: /home/nithish/ur10e_ws/install/ros2_nr_motion_control/share/ros2_nr_motion_control/environment/path.dsv
[0.162s] -- Up-to-date symlink: /home/nithish/ur10e_ws/install/ros2_nr_motion_control/share/ros2_nr_motion_control/local_setup.bash
[0.162s] -- Up-to-date symlink: /home/nithish/ur10e_ws/install/ros2_nr_motion_control/share/ros2_nr_motion_control/local_setup.sh
[0.162s] -- Up-to-date symlink: /home/nithish/ur10e_ws/install/ros2_nr_motion_control/share/ros2_nr_motion_control/local_setup.zsh
[0.162s] -- Up-to-date symlink: /home/nithish/ur10e_ws/install/ros2_nr_motion_control/share/ros2_nr_motion_control/local_setup.dsv
[0.162s] -- Symlinking: /home/nithish/ur10e_ws/install/ros2_nr_motion_control/share/ros2_nr_motion_control/package.dsv
[0.172s] -- Up-to-date symlink: /home/nithish/ur10e_ws/install/ros2_nr_motion_control/share/ament_index/resource_index/packages/ros2_nr_motion_control
[0.172s] -- Up-to-date symlink: /home/nithish/ur10e_ws/install/ros2_nr_motion_control/share/ros2_nr_motion_control/cmake/ros2_nr_motion_controlConfig.cmake
[0.172s] -- Up-to-date symlink: /home/nithish/ur10e_ws/install/ros2_nr_motion_control/share/ros2_nr_motion_control/cmake/ros2_nr_motion_controlConfig-version.cmake
[0.172s] -- Up-to-date symlink: /home/nithish/ur10e_ws/install/ros2_nr_motion_control/share/ros2_nr_motion_control/package.xml
[0.176s] Invoked command in '/home/nithish/ur10e_ws/build/ros2_nr_motion_control' returned '0': CMAKE_PREFIX_PATH=/home/nithish/ur10e_ws/install/ur_simulation_gazebo:/home/nithish/ur10e_ws/install/ros2_nr_motion_control:/home/nithish/ur10e_ws/install/my_moveit_config:/home/nithish/rviz2_ws/install:/home/nithish/robotic_arm_ws/install/ur_simulation_gz:/home/nithish/robotic_arm_ws/install/my_moveit_config:/home/nithish/robotic_arm_ws/install/ur_description:/home/nithish/ur10e_ws/install/servo_control:/home/nithish/robotic_arm_ws/install/path_planner:/opt/ros/humble /usr/bin/cmake --install /home/nithish/ur10e_ws/build/ros2_nr_motion_control
