[0.050s] Invoking command in '/home/nithish/ur10e_ws/build/ur_simulation_gazebo': CMAKE_PREFIX_PATH=${CMAKE_PREFIX_PATH}:/home/nithish/ur10e_ws/install/servo_control:/home/nithish/ws_moveit2/install/moveit_configs_utils:/home/nithish/robotic_arm_ws/install/path_planner:/opt/ros/humble /usr/bin/cmake --build /home/nithish/ur10e_ws/build/ur_simulation_gazebo -- -j12 -l12
[0.420s] Invoked command in '/home/nithish/ur10e_ws/build/ur_simulation_gazebo' returned '0': CMAKE_PREFIX_PATH=${CMAKE_PREFIX_PATH}:/home/nithish/ur10e_ws/install/servo_control:/home/nithish/ws_moveit2/install/moveit_configs_utils:/home/nithish/robotic_arm_ws/install/path_planner:/opt/ros/humble /usr/bin/cmake --build /home/nithish/ur10e_ws/build/ur_simulation_gazebo -- -j12 -l12
[0.438s] Invoking command in '/home/nithish/ur10e_ws/build/ur_simulation_gazebo': CMAKE_PREFIX_PATH=${CMAKE_PREFIX_PATH}:/home/nithish/ur10e_ws/install/servo_control:/home/nithish/ws_moveit2/install/moveit_configs_utils:/home/nithish/robotic_arm_ws/install/path_planner:/opt/ros/humble /usr/bin/cmake --install /home/nithish/ur10e_ws/build/ur_simulation_gazebo
[0.458s] -- Install configuration: ""
[0.460s] -- Execute custom install script
[0.460s] -- Up-to-date symlink: /home/nithish/ur10e_ws/install/ur_simulation_gazebo/share/ur_simulation_gazebo/config/ur_controllers.yaml
[0.461s] -- Up-to-date symlink: /home/nithish/ur10e_ws/install/ur_simulation_gazebo/share/ur_simulation_gazebo/launch/ur_sim_control.launch.py
[0.462s] -- Up-to-date symlink: /home/nithish/ur10e_ws/install/ur_simulation_gazebo/share/ur_simulation_gazebo/launch/ur_sim_moveit.launch.py
[0.462s] -- Up-to-date symlink: /home/nithish/ur10e_ws/install/ur_simulation_gazebo/share/ament_index/resource_index/package_run_dependencies/ur_simulation_gazebo
[0.462s] -- Up-to-date symlink: /home/nithish/ur10e_ws/install/ur_simulation_gazebo/share/ament_index/resource_index/parent_prefix_path/ur_simulation_gazebo
[0.463s] -- Up-to-date symlink: /home/nithish/ur10e_ws/install/ur_simulation_gazebo/share/ur_simulation_gazebo/environment/ament_prefix_path.sh
[0.463s] -- Up-to-date symlink: /home/nithish/ur10e_ws/install/ur_simulation_gazebo/share/ur_simulation_gazebo/environment/ament_prefix_path.dsv
[0.463s] -- Up-to-date symlink: /home/nithish/ur10e_ws/install/ur_simulation_gazebo/share/ur_simulation_gazebo/environment/path.sh
[0.463s] -- Up-to-date symlink: /home/nithish/ur10e_ws/install/ur_simulation_gazebo/share/ur_simulation_gazebo/environment/path.dsv
[0.464s] -- Up-to-date symlink: /home/nithish/ur10e_ws/install/ur_simulation_gazebo/share/ur_simulation_gazebo/local_setup.bash
[0.464s] -- Up-to-date symlink: /home/nithish/ur10e_ws/install/ur_simulation_gazebo/share/ur_simulation_gazebo/local_setup.sh
[0.464s] -- Up-to-date symlink: /home/nithish/ur10e_ws/install/ur_simulation_gazebo/share/ur_simulation_gazebo/local_setup.zsh
[0.464s] -- Up-to-date symlink: /home/nithish/ur10e_ws/install/ur_simulation_gazebo/share/ur_simulation_gazebo/local_setup.dsv
[0.464s] -- Symlinking: /home/nithish/ur10e_ws/install/ur_simulation_gazebo/share/ur_simulation_gazebo/package.dsv
[0.476s] -- Up-to-date symlink: /home/nithish/ur10e_ws/install/ur_simulation_gazebo/share/ament_index/resource_index/packages/ur_simulation_gazebo
[0.476s] -- Up-to-date symlink: /home/nithish/ur10e_ws/install/ur_simulation_gazebo/share/ur_simulation_gazebo/cmake/ur_simulation_gazeboConfig.cmake
[0.477s] -- Up-to-date symlink: /home/nithish/ur10e_ws/install/ur_simulation_gazebo/share/ur_simulation_gazebo/cmake/ur_simulation_gazeboConfig-version.cmake
[0.477s] -- Up-to-date symlink: /home/nithish/ur10e_ws/install/ur_simulation_gazebo/share/ur_simulation_gazebo/package.xml
[0.482s] Invoked command in '/home/nithish/ur10e_ws/build/ur_simulation_gazebo' returned '0': CMAKE_PREFIX_PATH=${CMAKE_PREFIX_PATH}:/home/nithish/ur10e_ws/install/servo_control:/home/nithish/ws_moveit2/install/moveit_configs_utils:/home/nithish/robotic_arm_ws/install/path_planner:/opt/ros/humble /usr/bin/cmake --install /home/nithish/ur10e_ws/build/ur_simulation_gazebo
