[0.091s] DEBUG:colcon:Command line arguments: ['/usr/bin/colcon', 'build']
[0.091s] DEBUG:colcon:Parsed command line arguments: Namespace(log_base=None, log_level=None, verb_name='build', build_base='build', install_base='install', merge_install=False, symlink_install=False, test_result_base=None, continue_on_error=False, executor='parallel', parallel_workers=12, event_handlers=None, ignore_user_meta=False, metas=['./colcon.meta'], base_paths=['.'], packages_ignore=None, packages_ignore_regex=None, paths=None, packages_up_to=None, packages_up_to_regex=None, packages_above=None, packages_above_and_dependencies=None, packages_above_depth=None, packages_select_by_dep=None, packages_skip_by_dep=None, packages_skip_up_to=None, packages_select_build_failed=False, packages_skip_build_finished=False, packages_select_test_failures=False, packages_skip_test_passed=False, packages_select=None, packages_skip=None, packages_select_regex=None, packages_skip_regex=None, packages_start=None, packages_end=None, allow_overriding=[], cmake_args=None, cmake_target=None, cmake_target_skip_unavailable=False, cmake_clean_cache=False, cmake_clean_first=False, cmake_force_configure=False, ament_cmake_args=None, catkin_cmake_args=None, catkin_skip_building_tests=False, mixin_files=None, mixin=None, verb_parser=<colcon_mixin.mixin.mixin_argument.MixinArgumentDecorator object at 0x7f6e70ffd2d0>, verb_extension=<colcon_core.verb.build.BuildVerb object at 0x7f6e70ffce20>, main=<bound method BuildVerb.main of <colcon_core.verb.build.BuildVerb object at 0x7f6e70ffce20>>, mixin_verb=('build',))
[0.237s] Level 1:colcon.colcon_core.package_discovery:discover_packages(colcon_meta) check parameters
[0.238s] Level 1:colcon.colcon_core.package_discovery:discover_packages(recursive) check parameters
[0.238s] Level 1:colcon.colcon_core.package_discovery:discover_packages(ignore) check parameters
[0.238s] Level 1:colcon.colcon_core.package_discovery:discover_packages(path) check parameters
[0.238s] Level 1:colcon.colcon_core.package_discovery:discover_packages(colcon_meta) discover
[0.238s] Level 1:colcon.colcon_core.package_discovery:discover_packages(recursive) discover
[0.238s] INFO:colcon.colcon_core.package_discovery:Crawling recursively for packages in '/home/nithish/ur10e_ws'
[0.238s] Level 1:colcon.colcon_core.package_identification:_identify(.) by extensions ['ignore', 'ignore_ament_install']
[0.238s] Level 1:colcon.colcon_core.package_identification:_identify(.) by extension 'ignore'
[0.238s] Level 1:colcon.colcon_core.package_identification:_identify(.) by extension 'ignore_ament_install'
[0.238s] Level 1:colcon.colcon_core.package_identification:_identify(.) by extensions ['colcon_pkg']
[0.238s] Level 1:colcon.colcon_core.package_identification:_identify(.) by extension 'colcon_pkg'
[0.238s] Level 1:colcon.colcon_core.package_identification:_identify(.) by extensions ['colcon_meta']
[0.238s] Level 1:colcon.colcon_core.package_identification:_identify(.) by extension 'colcon_meta'
[0.238s] Level 1:colcon.colcon_core.package_identification:_identify(.) by extensions ['ros']
[0.238s] Level 1:colcon.colcon_core.package_identification:_identify(.) by extension 'ros'
[0.249s] Level 1:colcon.colcon_core.package_identification:_identify(.) by extensions ['cmake', 'python']
[0.249s] Level 1:colcon.colcon_core.package_identification:_identify(.) by extension 'cmake'
[0.249s] Level 1:colcon.colcon_core.package_identification:_identify(.) by extension 'python'
[0.249s] Level 1:colcon.colcon_core.package_identification:_identify(.) by extensions ['python_setup_py']
[0.249s] Level 1:colcon.colcon_core.package_identification:_identify(.) by extension 'python_setup_py'
[0.249s] Level 1:colcon.colcon_core.package_identification:_identify(build) by extensions ['ignore', 'ignore_ament_install']
[0.249s] Level 1:colcon.colcon_core.package_identification:_identify(build) by extension 'ignore'
[0.249s] Level 1:colcon.colcon_core.package_identification:_identify(build) ignored
[0.249s] Level 1:colcon.colcon_core.package_identification:_identify(install) by extensions ['ignore', 'ignore_ament_install']
[0.250s] Level 1:colcon.colcon_core.package_identification:_identify(install) by extension 'ignore'
[0.250s] Level 1:colcon.colcon_core.package_identification:_identify(install) ignored
[0.250s] Level 1:colcon.colcon_core.package_identification:_identify(log) by extensions ['ignore', 'ignore_ament_install']
[0.250s] Level 1:colcon.colcon_core.package_identification:_identify(log) by extension 'ignore'
[0.250s] Level 1:colcon.colcon_core.package_identification:_identify(log) ignored
[0.250s] Level 1:colcon.colcon_core.package_identification:_identify(src) by extensions ['ignore', 'ignore_ament_install']
[0.250s] Level 1:colcon.colcon_core.package_identification:_identify(src) by extension 'ignore'
[0.250s] Level 1:colcon.colcon_core.package_identification:_identify(src) by extension 'ignore_ament_install'
[0.250s] Level 1:colcon.colcon_core.package_identification:_identify(src) by extensions ['colcon_pkg']
[0.250s] Level 1:colcon.colcon_core.package_identification:_identify(src) by extension 'colcon_pkg'
[0.250s] Level 1:colcon.colcon_core.package_identification:_identify(src) by extensions ['colcon_meta']
[0.250s] Level 1:colcon.colcon_core.package_identification:_identify(src) by extension 'colcon_meta'
[0.250s] Level 1:colcon.colcon_core.package_identification:_identify(src) by extensions ['ros']
[0.250s] Level 1:colcon.colcon_core.package_identification:_identify(src) by extension 'ros'
[0.250s] Level 1:colcon.colcon_core.package_identification:_identify(src) by extensions ['cmake', 'python']
[0.250s] Level 1:colcon.colcon_core.package_identification:_identify(src) by extension 'cmake'
[0.250s] Level 1:colcon.colcon_core.package_identification:_identify(src) by extension 'python'
[0.250s] Level 1:colcon.colcon_core.package_identification:_identify(src) by extensions ['python_setup_py']
[0.250s] Level 1:colcon.colcon_core.package_identification:_identify(src) by extension 'python_setup_py'
[0.250s] Level 1:colcon.colcon_core.package_identification:_identify(src/Universal_Robots_ROS2_Gazebo_Simulation) by extensions ['ignore', 'ignore_ament_install']
[0.251s] Level 1:colcon.colcon_core.package_identification:_identify(src/Universal_Robots_ROS2_Gazebo_Simulation) by extension 'ignore'
[0.251s] Level 1:colcon.colcon_core.package_identification:_identify(src/Universal_Robots_ROS2_Gazebo_Simulation) by extension 'ignore_ament_install'
[0.251s] Level 1:colcon.colcon_core.package_identification:_identify(src/Universal_Robots_ROS2_Gazebo_Simulation) by extensions ['colcon_pkg']
[0.251s] Level 1:colcon.colcon_core.package_identification:_identify(src/Universal_Robots_ROS2_Gazebo_Simulation) by extension 'colcon_pkg'
[0.251s] Level 1:colcon.colcon_core.package_identification:_identify(src/Universal_Robots_ROS2_Gazebo_Simulation) by extensions ['colcon_meta']
[0.251s] Level 1:colcon.colcon_core.package_identification:_identify(src/Universal_Robots_ROS2_Gazebo_Simulation) by extension 'colcon_meta'
[0.251s] Level 1:colcon.colcon_core.package_identification:_identify(src/Universal_Robots_ROS2_Gazebo_Simulation) by extensions ['ros']
[0.251s] Level 1:colcon.colcon_core.package_identification:_identify(src/Universal_Robots_ROS2_Gazebo_Simulation) by extension 'ros'
[0.251s] Level 1:colcon.colcon_core.package_identification:_identify(src/Universal_Robots_ROS2_Gazebo_Simulation) by extensions ['cmake', 'python']
[0.251s] Level 1:colcon.colcon_core.package_identification:_identify(src/Universal_Robots_ROS2_Gazebo_Simulation) by extension 'cmake'
[0.251s] Level 1:colcon.colcon_core.package_identification:_identify(src/Universal_Robots_ROS2_Gazebo_Simulation) by extension 'python'
[0.251s] Level 1:colcon.colcon_core.package_identification:_identify(src/Universal_Robots_ROS2_Gazebo_Simulation) by extensions ['python_setup_py']
[0.251s] Level 1:colcon.colcon_core.package_identification:_identify(src/Universal_Robots_ROS2_Gazebo_Simulation) by extension 'python_setup_py'
[0.251s] Level 1:colcon.colcon_core.package_identification:_identify(src/Universal_Robots_ROS2_Gazebo_Simulation/ur_simulation_gazebo) by extensions ['ignore', 'ignore_ament_install']
[0.251s] Level 1:colcon.colcon_core.package_identification:_identify(src/Universal_Robots_ROS2_Gazebo_Simulation/ur_simulation_gazebo) by extension 'ignore'
[0.251s] Level 1:colcon.colcon_core.package_identification:_identify(src/Universal_Robots_ROS2_Gazebo_Simulation/ur_simulation_gazebo) by extension 'ignore_ament_install'
[0.251s] Level 1:colcon.colcon_core.package_identification:_identify(src/Universal_Robots_ROS2_Gazebo_Simulation/ur_simulation_gazebo) by extensions ['colcon_pkg']
[0.251s] Level 1:colcon.colcon_core.package_identification:_identify(src/Universal_Robots_ROS2_Gazebo_Simulation/ur_simulation_gazebo) by extension 'colcon_pkg'
[0.251s] Level 1:colcon.colcon_core.package_identification:_identify(src/Universal_Robots_ROS2_Gazebo_Simulation/ur_simulation_gazebo) by extensions ['colcon_meta']
[0.251s] Level 1:colcon.colcon_core.package_identification:_identify(src/Universal_Robots_ROS2_Gazebo_Simulation/ur_simulation_gazebo) by extension 'colcon_meta'
[0.251s] Level 1:colcon.colcon_core.package_identification:_identify(src/Universal_Robots_ROS2_Gazebo_Simulation/ur_simulation_gazebo) by extensions ['ros']
[0.251s] Level 1:colcon.colcon_core.package_identification:_identify(src/Universal_Robots_ROS2_Gazebo_Simulation/ur_simulation_gazebo) by extension 'ros'
[0.261s] DEBUG:colcon.colcon_core.package_identification:Package 'src/Universal_Robots_ROS2_Gazebo_Simulation/ur_simulation_gazebo' with type 'ros.ament_cmake' and name 'ur_simulation_gazebo'
[0.262s] Level 1:colcon.colcon_core.package_identification:_identify(src/my_moveit_config) by extensions ['ignore', 'ignore_ament_install']
[0.262s] Level 1:colcon.colcon_core.package_identification:_identify(src/my_moveit_config) by extension 'ignore'
[0.262s] Level 1:colcon.colcon_core.package_identification:_identify(src/my_moveit_config) by extension 'ignore_ament_install'
[0.262s] Level 1:colcon.colcon_core.package_identification:_identify(src/my_moveit_config) by extensions ['colcon_pkg']
[0.262s] Level 1:colcon.colcon_core.package_identification:_identify(src/my_moveit_config) by extension 'colcon_pkg'
[0.262s] Level 1:colcon.colcon_core.package_identification:_identify(src/my_moveit_config) by extensions ['colcon_meta']
[0.262s] Level 1:colcon.colcon_core.package_identification:_identify(src/my_moveit_config) by extension 'colcon_meta'
[0.262s] Level 1:colcon.colcon_core.package_identification:_identify(src/my_moveit_config) by extensions ['ros']
[0.262s] Level 1:colcon.colcon_core.package_identification:_identify(src/my_moveit_config) by extension 'ros'
[0.263s] DEBUG:colcon.colcon_core.package_identification:Package 'src/my_moveit_config' with type 'ros.ament_cmake' and name 'my_moveit_config'
[0.263s] Level 1:colcon.colcon_core.package_identification:_identify(src/ros2_nr_motion_control) by extensions ['ignore', 'ignore_ament_install']
[0.263s] Level 1:colcon.colcon_core.package_identification:_identify(src/ros2_nr_motion_control) by extension 'ignore'
[0.263s] Level 1:colcon.colcon_core.package_identification:_identify(src/ros2_nr_motion_control) by extension 'ignore_ament_install'
[0.263s] Level 1:colcon.colcon_core.package_identification:_identify(src/ros2_nr_motion_control) by extensions ['colcon_pkg']
[0.263s] Level 1:colcon.colcon_core.package_identification:_identify(src/ros2_nr_motion_control) by extension 'colcon_pkg'
[0.263s] Level 1:colcon.colcon_core.package_identification:_identify(src/ros2_nr_motion_control) by extensions ['colcon_meta']
[0.263s] Level 1:colcon.colcon_core.package_identification:_identify(src/ros2_nr_motion_control) by extension 'colcon_meta'
[0.263s] Level 1:colcon.colcon_core.package_identification:_identify(src/ros2_nr_motion_control) by extensions ['ros']
[0.263s] Level 1:colcon.colcon_core.package_identification:_identify(src/ros2_nr_motion_control) by extension 'ros'
[0.265s] DEBUG:colcon.colcon_core.package_identification:Package 'src/ros2_nr_motion_control' with type 'ros.ament_cmake' and name 'ros2_nr_motion_control'
[0.265s] Level 1:colcon.colcon_core.package_identification:_identify(src/servo_control) by extensions ['ignore', 'ignore_ament_install']
[0.265s] Level 1:colcon.colcon_core.package_identification:_identify(src/servo_control) by extension 'ignore'
[0.265s] Level 1:colcon.colcon_core.package_identification:_identify(src/servo_control) by extension 'ignore_ament_install'
[0.265s] Level 1:colcon.colcon_core.package_identification:_identify(src/servo_control) by extensions ['colcon_pkg']
[0.265s] Level 1:colcon.colcon_core.package_identification:_identify(src/servo_control) by extension 'colcon_pkg'
[0.265s] Level 1:colcon.colcon_core.package_identification:_identify(src/servo_control) by extensions ['colcon_meta']
[0.265s] Level 1:colcon.colcon_core.package_identification:_identify(src/servo_control) by extension 'colcon_meta'
[0.265s] Level 1:colcon.colcon_core.package_identification:_identify(src/servo_control) by extensions ['ros']
[0.265s] Level 1:colcon.colcon_core.package_identification:_identify(src/servo_control) by extension 'ros'
[0.265s] DEBUG:colcon.colcon_core.package_identification:Package 'src/servo_control' with type 'ros.ament_python' and name 'servo_control'
[0.265s] Level 1:colcon.colcon_core.package_discovery:discover_packages(recursive) using defaults
[0.265s] Level 1:colcon.colcon_core.package_discovery:discover_packages(ignore) discover
[0.265s] Level 1:colcon.colcon_core.package_discovery:discover_packages(ignore) using defaults
[0.265s] Level 1:colcon.colcon_core.package_discovery:discover_packages(path) discover
[0.265s] Level 1:colcon.colcon_core.package_discovery:discover_packages(path) using defaults
[0.284s] Level 1:colcon.colcon_core.package_discovery:discover_packages(prefix_path) check parameters
[0.284s] Level 1:colcon.colcon_core.package_discovery:discover_packages(prefix_path) discover
[0.286s] DEBUG:colcon.colcon_installed_package_information.package_discovery:Found 4 installed packages in /home/nithish/ur10e_ws/install
[0.287s] DEBUG:colcon.colcon_installed_package_information.package_discovery:Found 13 installed packages in /home/nithish/tesseract_ws/install
[0.288s] DEBUG:colcon.colcon_installed_package_information.package_discovery:Found 38 installed packages in /home/nithish/ws_moveit2/install
[0.288s] DEBUG:colcon.colcon_installed_package_information.package_discovery:Found 8 installed packages in /home/nithish/rviz2_ws/install
[0.289s] DEBUG:colcon.colcon_installed_package_information.package_discovery:Found 10 installed packages in /home/nithish/robotic_arm_ws/install
[0.290s] DEBUG:colcon.colcon_installed_package_information.package_discovery:Found 453 installed packages in /opt/ros/humble
[0.294s] Level 1:colcon.colcon_core.package_discovery:discover_packages(prefix_path) using defaults
[0.338s] Level 5:colcon.colcon_core.verb:set package 'my_moveit_config' build argument 'cmake_args' from command line to 'None'
[0.338s] Level 5:colcon.colcon_core.verb:set package 'my_moveit_config' build argument 'cmake_target' from command line to 'None'
[0.338s] Level 5:colcon.colcon_core.verb:set package 'my_moveit_config' build argument 'cmake_target_skip_unavailable' from command line to 'False'
[0.338s] Level 5:colcon.colcon_core.verb:set package 'my_moveit_config' build argument 'cmake_clean_cache' from command line to 'False'
[0.338s] Level 5:colcon.colcon_core.verb:set package 'my_moveit_config' build argument 'cmake_clean_first' from command line to 'False'
[0.338s] Level 5:colcon.colcon_core.verb:set package 'my_moveit_config' build argument 'cmake_force_configure' from command line to 'False'
[0.338s] Level 5:colcon.colcon_core.verb:set package 'my_moveit_config' build argument 'ament_cmake_args' from command line to 'None'
[0.338s] Level 5:colcon.colcon_core.verb:set package 'my_moveit_config' build argument 'catkin_cmake_args' from command line to 'None'
[0.338s] Level 5:colcon.colcon_core.verb:set package 'my_moveit_config' build argument 'catkin_skip_building_tests' from command line to 'False'
[0.338s] DEBUG:colcon.colcon_core.verb:Building package 'my_moveit_config' with the following arguments: {'ament_cmake_args': None, 'build_base': '/home/nithish/ur10e_ws/build/my_moveit_config', 'catkin_cmake_args': None, 'catkin_skip_building_tests': False, 'cmake_args': None, 'cmake_clean_cache': False, 'cmake_clean_first': False, 'cmake_force_configure': False, 'cmake_target': None, 'cmake_target_skip_unavailable': False, 'install_base': '/home/nithish/ur10e_ws/install/my_moveit_config', 'merge_install': False, 'path': '/home/nithish/ur10e_ws/src/my_moveit_config', 'symlink_install': False, 'test_result_base': None}
[0.339s] Level 5:colcon.colcon_core.verb:set package 'servo_control' build argument 'cmake_args' from command line to 'None'
[0.339s] Level 5:colcon.colcon_core.verb:set package 'servo_control' build argument 'cmake_target' from command line to 'None'
[0.339s] Level 5:colcon.colcon_core.verb:set package 'servo_control' build argument 'cmake_target_skip_unavailable' from command line to 'False'
[0.339s] Level 5:colcon.colcon_core.verb:set package 'servo_control' build argument 'cmake_clean_cache' from command line to 'False'
[0.339s] Level 5:colcon.colcon_core.verb:set package 'servo_control' build argument 'cmake_clean_first' from command line to 'False'
[0.339s] Level 5:colcon.colcon_core.verb:set package 'servo_control' build argument 'cmake_force_configure' from command line to 'False'
[0.339s] Level 5:colcon.colcon_core.verb:set package 'servo_control' build argument 'ament_cmake_args' from command line to 'None'
[0.339s] Level 5:colcon.colcon_core.verb:set package 'servo_control' build argument 'catkin_cmake_args' from command line to 'None'
[0.339s] Level 5:colcon.colcon_core.verb:set package 'servo_control' build argument 'catkin_skip_building_tests' from command line to 'False'
[0.339s] DEBUG:colcon.colcon_core.verb:Building package 'servo_control' with the following arguments: {'ament_cmake_args': None, 'build_base': '/home/nithish/ur10e_ws/build/servo_control', 'catkin_cmake_args': None, 'catkin_skip_building_tests': False, 'cmake_args': None, 'cmake_clean_cache': False, 'cmake_clean_first': False, 'cmake_force_configure': False, 'cmake_target': None, 'cmake_target_skip_unavailable': False, 'install_base': '/home/nithish/ur10e_ws/install/servo_control', 'merge_install': False, 'path': '/home/nithish/ur10e_ws/src/servo_control', 'symlink_install': False, 'test_result_base': None}
[0.339s] Level 5:colcon.colcon_core.verb:set package 'ur_simulation_gazebo' build argument 'cmake_args' from command line to 'None'
[0.339s] Level 5:colcon.colcon_core.verb:set package 'ur_simulation_gazebo' build argument 'cmake_target' from command line to 'None'
[0.339s] Level 5:colcon.colcon_core.verb:set package 'ur_simulation_gazebo' build argument 'cmake_target_skip_unavailable' from command line to 'False'
[0.339s] Level 5:colcon.colcon_core.verb:set package 'ur_simulation_gazebo' build argument 'cmake_clean_cache' from command line to 'False'
[0.339s] Level 5:colcon.colcon_core.verb:set package 'ur_simulation_gazebo' build argument 'cmake_clean_first' from command line to 'False'
[0.339s] Level 5:colcon.colcon_core.verb:set package 'ur_simulation_gazebo' build argument 'cmake_force_configure' from command line to 'False'
[0.340s] Level 5:colcon.colcon_core.verb:set package 'ur_simulation_gazebo' build argument 'ament_cmake_args' from command line to 'None'
[0.340s] Level 5:colcon.colcon_core.verb:set package 'ur_simulation_gazebo' build argument 'catkin_cmake_args' from command line to 'None'
[0.340s] Level 5:colcon.colcon_core.verb:set package 'ur_simulation_gazebo' build argument 'catkin_skip_building_tests' from command line to 'False'
[0.340s] DEBUG:colcon.colcon_core.verb:Building package 'ur_simulation_gazebo' with the following arguments: {'ament_cmake_args': None, 'build_base': '/home/nithish/ur10e_ws/build/ur_simulation_gazebo', 'catkin_cmake_args': None, 'catkin_skip_building_tests': False, 'cmake_args': None, 'cmake_clean_cache': False, 'cmake_clean_first': False, 'cmake_force_configure': False, 'cmake_target': None, 'cmake_target_skip_unavailable': False, 'install_base': '/home/nithish/ur10e_ws/install/ur_simulation_gazebo', 'merge_install': False, 'path': '/home/nithish/ur10e_ws/src/Universal_Robots_ROS2_Gazebo_Simulation/ur_simulation_gazebo', 'symlink_install': False, 'test_result_base': None}
[0.340s] Level 5:colcon.colcon_core.verb:set package 'ros2_nr_motion_control' build argument 'cmake_args' from command line to 'None'
[0.340s] Level 5:colcon.colcon_core.verb:set package 'ros2_nr_motion_control' build argument 'cmake_target' from command line to 'None'
[0.340s] Level 5:colcon.colcon_core.verb:set package 'ros2_nr_motion_control' build argument 'cmake_target_skip_unavailable' from command line to 'False'
[0.340s] Level 5:colcon.colcon_core.verb:set package 'ros2_nr_motion_control' build argument 'cmake_clean_cache' from command line to 'False'
[0.340s] Level 5:colcon.colcon_core.verb:set package 'ros2_nr_motion_control' build argument 'cmake_clean_first' from command line to 'False'
[0.340s] Level 5:colcon.colcon_core.verb:set package 'ros2_nr_motion_control' build argument 'cmake_force_configure' from command line to 'False'
[0.340s] Level 5:colcon.colcon_core.verb:set package 'ros2_nr_motion_control' build argument 'ament_cmake_args' from command line to 'None'
[0.340s] Level 5:colcon.colcon_core.verb:set package 'ros2_nr_motion_control' build argument 'catkin_cmake_args' from command line to 'None'
[0.340s] Level 5:colcon.colcon_core.verb:set package 'ros2_nr_motion_control' build argument 'catkin_skip_building_tests' from command line to 'False'
[0.340s] DEBUG:colcon.colcon_core.verb:Building package 'ros2_nr_motion_control' with the following arguments: {'ament_cmake_args': None, 'build_base': '/home/nithish/ur10e_ws/build/ros2_nr_motion_control', 'catkin_cmake_args': None, 'catkin_skip_building_tests': False, 'cmake_args': None, 'cmake_clean_cache': False, 'cmake_clean_first': False, 'cmake_force_configure': False, 'cmake_target': None, 'cmake_target_skip_unavailable': False, 'install_base': '/home/nithish/ur10e_ws/install/ros2_nr_motion_control', 'merge_install': False, 'path': '/home/nithish/ur10e_ws/src/ros2_nr_motion_control', 'symlink_install': False, 'test_result_base': None}
[0.340s] INFO:colcon.colcon_core.executor:Executing jobs using 'parallel' executor
[0.342s] DEBUG:colcon.colcon_parallel_executor.executor.parallel:run_until_complete
[0.342s] INFO:colcon.colcon_ros.task.ament_cmake.build:Building ROS package in '/home/nithish/ur10e_ws/src/Universal_Robots_ROS2_Gazebo_Simulation/ur_simulation_gazebo' with build type 'ament_cmake'
[0.342s] INFO:colcon.colcon_cmake.task.cmake.build:Building CMake package in '/home/nithish/ur10e_ws/src/Universal_Robots_ROS2_Gazebo_Simulation/ur_simulation_gazebo'
[0.346s] INFO:colcon.colcon_core.plugin_system:Skipping extension 'colcon_core.shell.bat': Not used on non-Windows systems
[0.346s] INFO:colcon.colcon_core.shell:Skip shell extension 'powershell' for command environment: Not usable outside of PowerShell
[0.346s] DEBUG:colcon.colcon_core.shell:Skip shell extension 'dsv' for command environment
[0.363s] INFO:colcon.colcon_ros.task.ament_cmake.build:Building ROS package in '/home/nithish/ur10e_ws/src/my_moveit_config' with build type 'ament_cmake'
[0.364s] INFO:colcon.colcon_cmake.task.cmake.build:Building CMake package in '/home/nithish/ur10e_ws/src/my_moveit_config'
[0.364s] INFO:colcon.colcon_core.shell:Skip shell extension 'powershell' for command environment: Not usable outside of PowerShell
[0.364s] DEBUG:colcon.colcon_core.shell:Skip shell extension 'dsv' for command environment
[0.372s] INFO:colcon.colcon_ros.task.ament_python.build:Building ROS package in '/home/nithish/ur10e_ws/src/servo_control' with build type 'ament_python'
[0.373s] Level 1:colcon.colcon_core.shell:create_environment_hook('servo_control', 'ament_prefix_path')
[0.373s] INFO:colcon.colcon_core.shell:Creating environment hook '/home/nithish/ur10e_ws/install/servo_control/share/servo_control/hook/ament_prefix_path.ps1'
[0.374s] INFO:colcon.colcon_core.shell:Creating environment descriptor '/home/nithish/ur10e_ws/install/servo_control/share/servo_control/hook/ament_prefix_path.dsv'
[0.374s] INFO:colcon.colcon_core.shell:Creating environment hook '/home/nithish/ur10e_ws/install/servo_control/share/servo_control/hook/ament_prefix_path.sh'
[0.376s] INFO:colcon.colcon_core.shell:Skip shell extension 'powershell' for command environment: Not usable outside of PowerShell
[0.376s] DEBUG:colcon.colcon_core.shell:Skip shell extension 'dsv' for command environment
[0.392s] DEBUG:colcon.colcon_core.event_handler.log_command:Invoking command in '/home/nithish/ur10e_ws/build/ur_simulation_gazebo': CMAKE_PREFIX_PATH=${CMAKE_PREFIX_PATH}:/home/nithish/ur10e_ws/install/servo_control:/home/nithish/ws_moveit2/install/moveit_configs_utils:/home/nithish/robotic_arm_ws/install/path_planner:/opt/ros/humble /usr/bin/cmake --build /home/nithish/ur10e_ws/build/ur_simulation_gazebo -- -j12 -l12
[0.399s] DEBUG:colcon.colcon_core.event_handler.log_command:Invoking command in '/home/nithish/ur10e_ws/build/my_moveit_config': CMAKE_PREFIX_PATH=${CMAKE_PREFIX_PATH}:/home/nithish/ur10e_ws/install/servo_control:/home/nithish/ws_moveit2/install/moveit_configs_utils:/home/nithish/robotic_arm_ws/install/path_planner:/opt/ros/humble /usr/bin/cmake --build /home/nithish/ur10e_ws/build/my_moveit_config -- -j12 -l12
[0.735s] INFO:colcon.colcon_core.task.python.build:Building Python package in '/home/nithish/ur10e_ws/src/servo_control'
[0.735s] INFO:colcon.colcon_core.shell:Skip shell extension 'powershell' for command environment: Not usable outside of PowerShell
[0.735s] DEBUG:colcon.colcon_core.shell:Skip shell extension 'dsv' for command environment
[0.746s] DEBUG:colcon.colcon_core.event_handler.log_command:Invoked command in '/home/nithish/ur10e_ws/build/ur_simulation_gazebo' returned '0': CMAKE_PREFIX_PATH=${CMAKE_PREFIX_PATH}:/home/nithish/ur10e_ws/install/servo_control:/home/nithish/ws_moveit2/install/moveit_configs_utils:/home/nithish/robotic_arm_ws/install/path_planner:/opt/ros/humble /usr/bin/cmake --build /home/nithish/ur10e_ws/build/ur_simulation_gazebo -- -j12 -l12
[0.767s] DEBUG:colcon.colcon_core.event_handler.log_command:Invoking command in '/home/nithish/ur10e_ws/build/ur_simulation_gazebo': CMAKE_PREFIX_PATH=${CMAKE_PREFIX_PATH}:/home/nithish/ur10e_ws/install/servo_control:/home/nithish/ws_moveit2/install/moveit_configs_utils:/home/nithish/robotic_arm_ws/install/path_planner:/opt/ros/humble /usr/bin/cmake --install /home/nithish/ur10e_ws/build/ur_simulation_gazebo
[0.769s] DEBUG:colcon.colcon_core.event_handler.log_command:Invoked command in '/home/nithish/ur10e_ws/build/my_moveit_config' returned '0': CMAKE_PREFIX_PATH=${CMAKE_PREFIX_PATH}:/home/nithish/ur10e_ws/install/servo_control:/home/nithish/ws_moveit2/install/moveit_configs_utils:/home/nithish/robotic_arm_ws/install/path_planner:/opt/ros/humble /usr/bin/cmake --build /home/nithish/ur10e_ws/build/my_moveit_config -- -j12 -l12
[0.773s] DEBUG:colcon.colcon_core.event_handler.log_command:Invoking command in '/home/nithish/ur10e_ws/build/my_moveit_config': CMAKE_PREFIX_PATH=${CMAKE_PREFIX_PATH}:/home/nithish/ur10e_ws/install/servo_control:/home/nithish/ws_moveit2/install/moveit_configs_utils:/home/nithish/robotic_arm_ws/install/path_planner:/opt/ros/humble /usr/bin/cmake --install /home/nithish/ur10e_ws/build/my_moveit_config
[0.817s] Level 1:colcon.colcon_core.environment:create_environment_scripts_only(ur_simulation_gazebo)
[0.818s] DEBUG:colcon.colcon_core.event_handler.log_command:Invoked command in '/home/nithish/ur10e_ws/build/ur_simulation_gazebo' returned '0': CMAKE_PREFIX_PATH=${CMAKE_PREFIX_PATH}:/home/nithish/ur10e_ws/install/servo_control:/home/nithish/ws_moveit2/install/moveit_configs_utils:/home/nithish/robotic_arm_ws/install/path_planner:/opt/ros/humble /usr/bin/cmake --install /home/nithish/ur10e_ws/build/ur_simulation_gazebo
[0.823s] Level 1:colcon.colcon_core.environment:checking '/home/nithish/ur10e_ws/install/ur_simulation_gazebo' for CMake module files
[0.824s] Level 1:colcon.colcon_core.environment:checking '/home/nithish/ur10e_ws/install/ur_simulation_gazebo' for CMake config files
[0.825s] Level 1:colcon.colcon_core.shell:create_environment_hook('ur_simulation_gazebo', 'cmake_prefix_path')
[0.826s] INFO:colcon.colcon_core.shell:Creating environment hook '/home/nithish/ur10e_ws/install/ur_simulation_gazebo/share/ur_simulation_gazebo/hook/cmake_prefix_path.ps1'
[0.827s] INFO:colcon.colcon_core.shell:Creating environment descriptor '/home/nithish/ur10e_ws/install/ur_simulation_gazebo/share/ur_simulation_gazebo/hook/cmake_prefix_path.dsv'
[0.828s] INFO:colcon.colcon_core.shell:Creating environment hook '/home/nithish/ur10e_ws/install/ur_simulation_gazebo/share/ur_simulation_gazebo/hook/cmake_prefix_path.sh'
[0.830s] Level 1:colcon.colcon_core.environment:checking '/home/nithish/ur10e_ws/install/ur_simulation_gazebo/bin'
[0.830s] Level 1:colcon.colcon_core.environment:checking '/home/nithish/ur10e_ws/install/ur_simulation_gazebo/lib/pkgconfig/ur_simulation_gazebo.pc'
[0.830s] Level 1:colcon.colcon_core.environment:checking '/home/nithish/ur10e_ws/install/ur_simulation_gazebo/lib/python3.10/site-packages'
[0.830s] Level 1:colcon.colcon_core.environment:checking '/home/nithish/ur10e_ws/install/ur_simulation_gazebo/bin'
[0.831s] INFO:colcon.colcon_core.shell:Creating package script '/home/nithish/ur10e_ws/install/ur_simulation_gazebo/share/ur_simulation_gazebo/package.ps1'
[0.833s] INFO:colcon.colcon_core.shell:Creating package descriptor '/home/nithish/ur10e_ws/install/ur_simulation_gazebo/share/ur_simulation_gazebo/package.dsv'
[0.834s] INFO:colcon.colcon_core.shell:Creating package script '/home/nithish/ur10e_ws/install/ur_simulation_gazebo/share/ur_simulation_gazebo/package.sh'
[0.836s] INFO:colcon.colcon_core.shell:Creating package script '/home/nithish/ur10e_ws/install/ur_simulation_gazebo/share/ur_simulation_gazebo/package.bash'
[0.837s] INFO:colcon.colcon_core.shell:Creating package script '/home/nithish/ur10e_ws/install/ur_simulation_gazebo/share/ur_simulation_gazebo/package.zsh'
[0.839s] Level 1:colcon.colcon_core.environment:create_file_with_runtime_dependencies(/home/nithish/ur10e_ws/install/ur_simulation_gazebo/share/colcon-core/packages/ur_simulation_gazebo)
[0.840s] Level 1:colcon.colcon_core.environment:create_environment_scripts_only(ur_simulation_gazebo)
[0.841s] Level 1:colcon.colcon_core.environment:checking '/home/nithish/ur10e_ws/install/ur_simulation_gazebo' for CMake module files
[0.842s] Level 1:colcon.colcon_core.environment:checking '/home/nithish/ur10e_ws/install/ur_simulation_gazebo' for CMake config files
[0.842s] Level 1:colcon.colcon_core.shell:create_environment_hook('ur_simulation_gazebo', 'cmake_prefix_path')
[0.843s] INFO:colcon.colcon_core.shell:Creating environment hook '/home/nithish/ur10e_ws/install/ur_simulation_gazebo/share/ur_simulation_gazebo/hook/cmake_prefix_path.ps1'
[0.844s] INFO:colcon.colcon_core.shell:Creating environment descriptor '/home/nithish/ur10e_ws/install/ur_simulation_gazebo/share/ur_simulation_gazebo/hook/cmake_prefix_path.dsv'
[0.844s] INFO:colcon.colcon_core.shell:Creating environment hook '/home/nithish/ur10e_ws/install/ur_simulation_gazebo/share/ur_simulation_gazebo/hook/cmake_prefix_path.sh'
[0.845s] Level 1:colcon.colcon_core.environment:checking '/home/nithish/ur10e_ws/install/ur_simulation_gazebo/bin'
[0.845s] Level 1:colcon.colcon_core.environment:checking '/home/nithish/ur10e_ws/install/ur_simulation_gazebo/lib/pkgconfig/ur_simulation_gazebo.pc'
[0.845s] Level 1:colcon.colcon_core.environment:checking '/home/nithish/ur10e_ws/install/ur_simulation_gazebo/lib/python3.10/site-packages'
[0.846s] Level 1:colcon.colcon_core.environment:checking '/home/nithish/ur10e_ws/install/ur_simulation_gazebo/bin'
[0.846s] INFO:colcon.colcon_core.shell:Creating package script '/home/nithish/ur10e_ws/install/ur_simulation_gazebo/share/ur_simulation_gazebo/package.ps1'
[0.847s] INFO:colcon.colcon_core.shell:Creating package descriptor '/home/nithish/ur10e_ws/install/ur_simulation_gazebo/share/ur_simulation_gazebo/package.dsv'
[0.848s] INFO:colcon.colcon_core.shell:Creating package script '/home/nithish/ur10e_ws/install/ur_simulation_gazebo/share/ur_simulation_gazebo/package.sh'
[0.848s] INFO:colcon.colcon_core.shell:Creating package script '/home/nithish/ur10e_ws/install/ur_simulation_gazebo/share/ur_simulation_gazebo/package.bash'
[0.848s] INFO:colcon.colcon_core.shell:Creating package script '/home/nithish/ur10e_ws/install/ur_simulation_gazebo/share/ur_simulation_gazebo/package.zsh'
[0.849s] Level 1:colcon.colcon_core.environment:create_file_with_runtime_dependencies(/home/nithish/ur10e_ws/install/ur_simulation_gazebo/share/colcon-core/packages/ur_simulation_gazebo)
[0.850s] INFO:colcon.colcon_ros.task.ament_cmake.build:Building ROS package in '/home/nithish/ur10e_ws/src/ros2_nr_motion_control' with build type 'ament_cmake'
[0.850s] INFO:colcon.colcon_cmake.task.cmake.build:Building CMake package in '/home/nithish/ur10e_ws/src/ros2_nr_motion_control'
[0.851s] INFO:colcon.colcon_core.shell:Skip shell extension 'powershell' for command environment: Not usable outside of PowerShell
[0.851s] DEBUG:colcon.colcon_core.shell:Skip shell extension 'dsv' for command environment
[0.864s] Level 1:colcon.colcon_core.environment:create_environment_scripts_only(my_moveit_config)
[0.864s] Level 1:colcon.colcon_core.environment:checking '/home/nithish/ur10e_ws/install/my_moveit_config' for CMake module files
[0.865s] DEBUG:colcon.colcon_core.event_handler.log_command:Invoked command in '/home/nithish/ur10e_ws/build/my_moveit_config' returned '0': CMAKE_PREFIX_PATH=${CMAKE_PREFIX_PATH}:/home/nithish/ur10e_ws/install/servo_control:/home/nithish/ws_moveit2/install/moveit_configs_utils:/home/nithish/robotic_arm_ws/install/path_planner:/opt/ros/humble /usr/bin/cmake --install /home/nithish/ur10e_ws/build/my_moveit_config
[0.866s] Level 1:colcon.colcon_core.environment:checking '/home/nithish/ur10e_ws/install/my_moveit_config' for CMake config files
[0.866s] Level 1:colcon.colcon_core.shell:create_environment_hook('my_moveit_config', 'cmake_prefix_path')
[0.867s] INFO:colcon.colcon_core.shell:Creating environment hook '/home/nithish/ur10e_ws/install/my_moveit_config/share/my_moveit_config/hook/cmake_prefix_path.ps1'
[0.868s] INFO:colcon.colcon_core.shell:Creating environment descriptor '/home/nithish/ur10e_ws/install/my_moveit_config/share/my_moveit_config/hook/cmake_prefix_path.dsv'
[0.868s] INFO:colcon.colcon_core.shell:Creating environment hook '/home/nithish/ur10e_ws/install/my_moveit_config/share/my_moveit_config/hook/cmake_prefix_path.sh'
[0.870s] Level 1:colcon.colcon_core.environment:checking '/home/nithish/ur10e_ws/install/my_moveit_config/bin'
[0.870s] Level 1:colcon.colcon_core.environment:checking '/home/nithish/ur10e_ws/install/my_moveit_config/lib/pkgconfig/my_moveit_config.pc'
[0.870s] Level 1:colcon.colcon_core.environment:checking '/home/nithish/ur10e_ws/install/my_moveit_config/lib/python3.10/site-packages'
[0.871s] Level 1:colcon.colcon_core.environment:checking '/home/nithish/ur10e_ws/install/my_moveit_config/bin'
[0.871s] INFO:colcon.colcon_core.shell:Creating package script '/home/nithish/ur10e_ws/install/my_moveit_config/share/my_moveit_config/package.ps1'
[0.872s] INFO:colcon.colcon_core.shell:Creating package descriptor '/home/nithish/ur10e_ws/install/my_moveit_config/share/my_moveit_config/package.dsv'
[0.872s] INFO:colcon.colcon_core.shell:Creating package script '/home/nithish/ur10e_ws/install/my_moveit_config/share/my_moveit_config/package.sh'
[0.872s] INFO:colcon.colcon_core.shell:Creating package script '/home/nithish/ur10e_ws/install/my_moveit_config/share/my_moveit_config/package.bash'
[0.873s] INFO:colcon.colcon_core.shell:Creating package script '/home/nithish/ur10e_ws/install/my_moveit_config/share/my_moveit_config/package.zsh'
[0.873s] Level 1:colcon.colcon_core.environment:create_file_with_runtime_dependencies(/home/nithish/ur10e_ws/install/my_moveit_config/share/colcon-core/packages/my_moveit_config)
[0.874s] Level 1:colcon.colcon_core.environment:create_environment_scripts_only(my_moveit_config)
[0.875s] Level 1:colcon.colcon_core.environment:checking '/home/nithish/ur10e_ws/install/my_moveit_config' for CMake module files
[0.876s] Level 1:colcon.colcon_core.environment:checking '/home/nithish/ur10e_ws/install/my_moveit_config' for CMake config files
[0.876s] Level 1:colcon.colcon_core.shell:create_environment_hook('my_moveit_config', 'cmake_prefix_path')
[0.876s] INFO:colcon.colcon_core.shell:Creating environment hook '/home/nithish/ur10e_ws/install/my_moveit_config/share/my_moveit_config/hook/cmake_prefix_path.ps1'
[0.877s] INFO:colcon.colcon_core.shell:Creating environment descriptor '/home/nithish/ur10e_ws/install/my_moveit_config/share/my_moveit_config/hook/cmake_prefix_path.dsv'
[0.879s] INFO:colcon.colcon_core.shell:Creating environment hook '/home/nithish/ur10e_ws/install/my_moveit_config/share/my_moveit_config/hook/cmake_prefix_path.sh'
[0.880s] Level 1:colcon.colcon_core.environment:checking '/home/nithish/ur10e_ws/install/my_moveit_config/bin'
[0.881s] Level 1:colcon.colcon_core.environment:checking '/home/nithish/ur10e_ws/install/my_moveit_config/lib/pkgconfig/my_moveit_config.pc'
[0.881s] Level 1:colcon.colcon_core.environment:checking '/home/nithish/ur10e_ws/install/my_moveit_config/lib/python3.10/site-packages'
[0.881s] Level 1:colcon.colcon_core.environment:checking '/home/nithish/ur10e_ws/install/my_moveit_config/bin'
[0.882s] INFO:colcon.colcon_core.shell:Creating package script '/home/nithish/ur10e_ws/install/my_moveit_config/share/my_moveit_config/package.ps1'
[0.883s] INFO:colcon.colcon_core.shell:Creating package descriptor '/home/nithish/ur10e_ws/install/my_moveit_config/share/my_moveit_config/package.dsv'
[0.884s] INFO:colcon.colcon_core.shell:Creating package script '/home/nithish/ur10e_ws/install/my_moveit_config/share/my_moveit_config/package.sh'
[0.884s] INFO:colcon.colcon_core.shell:Creating package script '/home/nithish/ur10e_ws/install/my_moveit_config/share/my_moveit_config/package.bash'
[0.885s] INFO:colcon.colcon_core.shell:Creating package script '/home/nithish/ur10e_ws/install/my_moveit_config/share/my_moveit_config/package.zsh'
[0.886s] Level 1:colcon.colcon_core.environment:create_file_with_runtime_dependencies(/home/nithish/ur10e_ws/install/my_moveit_config/share/colcon-core/packages/my_moveit_config)
[0.892s] DEBUG:colcon.colcon_core.event_handler.log_command:Invoking command in '/home/nithish/ur10e_ws/build/ros2_nr_motion_control': CMAKE_PREFIX_PATH=/home/nithish/ur10e_ws/install/ur_simulation_gazebo:/home/nithish/ur10e_ws/install/ros2_nr_motion_control:/home/nithish/ur10e_ws/install/my_moveit_config:/home/nithish/tesseract_ws/install/ur10e:/home/nithish/tesseract_ws/install/ur10e_sim:/home/nithish/tesseract_ws/install/ur10e_control:/home/nithish/tesseract_ws/install/ur10e_moveit_config:/home/nithish/tesseract_ws/install/ur10e_description:/home/nithish/tesseract_ws/install/moveit_task_constructor_visualization:/home/nithish/tesseract_ws/install/moveit_task_constructor_demo:/home/nithish/tesseract_ws/install/moveit_task_constructor_capabilities:/home/nithish/tesseract_ws/install/moveit_task_constructor_core:/home/nithish/tesseract_ws/install/rviz_marker_tools:/home/nithish/tesseract_ws/install/moveit_task_constructor_msgs:/home/nithish/tesseract_ws/install/ign_ros2_control:/home/nithish/ws_moveit2/install/pilz_industrial_motion_planner_testutils:/home/nithish/ws_moveit2/install/moveit_runtime:/home/nithish/ws_moveit2/install/moveit:/home/nithish/ws_moveit2/install/moveit_planners:/home/nithish/ws_moveit2/install/pilz_industrial_motion_planner:/home/nithish/ws_moveit2/install/moveit_ros_control_interface:/home/nithish/ws_moveit2/install/moveit_plugins:/home/nithish/ws_moveit2/install/moveit_simple_controller_manager:/home/nithish/ws_moveit2/install/moveit_setup_assistant:/home/nithish/ws_moveit2/install/moveit_setup_srdf_plugins:/home/nithish/ws_moveit2/install/moveit_setup_core_plugins:/home/nithish/ws_moveit2/install/moveit_setup_controllers:/home/nithish/ws_moveit2/install/moveit_setup_app_plugins:/home/nithish/ws_moveit2/install/moveit_setup_framework:/home/nithish/ws_moveit2/install/moveit_servo:/home/nithish/ws_moveit2/install/moveit_ros:/home/nithish/ws_moveit2/install/moveit_ros_visualization:/home/nithish/ws_moveit2/install/moveit_hybrid_planning:/home/nithish/ws_moveit2/install/moveit_ros_planning_interface:/home/nithish/ws_moveit2/install/moveit_ros_benchmarks:/home/nithish/ws_moveit2/install/moveit_ros_warehouse:/home/nithish/ws_moveit2/install/moveit_ros_robot_interaction:/home/nithish/ws_moveit2/install/moveit_ros_perception:/home/nithish/ws_moveit2/install/moveit_resources_prbt_pg70_support:/home/nithish/ws_moveit2/install/moveit_resources_prbt_moveit_config:/home/nithish/ws_moveit2/install/moveit_ros_move_group:/home/nithish/ws_moveit2/install/moveit_planners_ompl:/home/nithish/ws_moveit2/install/moveit_ros_planning:/home/nithish/ws_moveit2/install/moveit_ros_occupancy_map_monitor:/home/nithish/ws_moveit2/install/moveit_resources_prbt_support:/home/nithish/ws_moveit2/install/moveit_resources_prbt_ikfast_manipulator_plugin:/home/nithish/ws_moveit2/install/moveit_planners_chomp:/home/nithish/ws_moveit2/install/moveit_kinematics:/home/nithish/ws_moveit2/install/moveit_chomp_optimizer_adapter:/home/nithish/ws_moveit2/install/chomp_motion_planner:/home/nithish/ws_moveit2/install/moveit_core:/home/nithish/ws_moveit2/install/moveit_common:/home/nithish/rviz2_ws/install:/home/nithish/robotic_arm_ws/install/ur_simulation_gz:/home/nithish/robotic_arm_ws/install/ur:/home/nithish/robotic_arm_ws/install/ur_calibration:/home/nithish/robotic_arm_ws/install/ur_robot_driver:/home/nithish/robotic_arm_ws/install/ur_moveit_config:/home/nithish/robotic_arm_ws/install/ur_bringup:/home/nithish/robotic_arm_ws/install/ur_description:/home/nithish/robotic_arm_ws/install/ur_controllers:/home/nithish/robotic_arm_ws/install/ur_dashboard_msgs:/home/nithish/ur10e_ws/install/servo_control:/home/nithish/ws_moveit2/install/moveit_configs_utils:/home/nithish/robotic_arm_ws/install/path_planner:/opt/ros/humble /usr/bin/cmake --build /home/nithish/ur10e_ws/build/ros2_nr_motion_control -- -j12 -l12
[1.406s] DEBUG:colcon.colcon_core.event_handler.log_command:Invoking command in '/home/nithish/ur10e_ws/src/servo_control': PYTHONPATH=/home/nithish/ur10e_ws/build/servo_control/prefix_override:/usr/lib/python3/dist-packages/colcon_core/task/python/colcon_distutils_commands:/home/nithish/ur10e_ws/install/servo_control/lib/python3.10/site-packages:${PYTHONPATH} /usr/bin/python3 -W ignore:setup.py install is deprecated -W ignore:easy_install command is deprecated setup.py egg_info --egg-base ../../build/servo_control build --build-base /home/nithish/ur10e_ws/build/servo_control/build install --record /home/nithish/ur10e_ws/build/servo_control/install.log --single-version-externally-managed install_data
[1.808s] Level 1:colcon.colcon_core.environment:checking '/home/nithish/ur10e_ws/install/servo_control' for CMake module files
[1.809s] DEBUG:colcon.colcon_core.event_handler.log_command:Invoked command in '/home/nithish/ur10e_ws/src/servo_control' returned '0': PYTHONPATH=/home/nithish/ur10e_ws/build/servo_control/prefix_override:/usr/lib/python3/dist-packages/colcon_core/task/python/colcon_distutils_commands:/home/nithish/ur10e_ws/install/servo_control/lib/python3.10/site-packages:${PYTHONPATH} /usr/bin/python3 -W ignore:setup.py install is deprecated -W ignore:easy_install command is deprecated setup.py egg_info --egg-base ../../build/servo_control build --build-base /home/nithish/ur10e_ws/build/servo_control/build install --record /home/nithish/ur10e_ws/build/servo_control/install.log --single-version-externally-managed install_data
[1.809s] Level 1:colcon.colcon_core.environment:checking '/home/nithish/ur10e_ws/install/servo_control' for CMake config files
[1.810s] Level 1:colcon.colcon_core.environment:checking '/home/nithish/ur10e_ws/install/servo_control/lib'
[1.811s] Level 1:colcon.colcon_core.environment:checking '/home/nithish/ur10e_ws/install/servo_control/bin'
[1.811s] Level 1:colcon.colcon_core.environment:checking '/home/nithish/ur10e_ws/install/servo_control/lib/pkgconfig/servo_control.pc'
[1.811s] Level 1:colcon.colcon_core.environment:checking '/home/nithish/ur10e_ws/install/servo_control/lib/python3.10/site-packages'
[1.811s] Level 1:colcon.colcon_core.shell:create_environment_hook('servo_control', 'pythonpath')
[1.811s] INFO:colcon.colcon_core.shell:Creating environment hook '/home/nithish/ur10e_ws/install/servo_control/share/servo_control/hook/pythonpath.ps1'
[1.812s] INFO:colcon.colcon_core.shell:Creating environment descriptor '/home/nithish/ur10e_ws/install/servo_control/share/servo_control/hook/pythonpath.dsv'
[1.813s] INFO:colcon.colcon_core.shell:Creating environment hook '/home/nithish/ur10e_ws/install/servo_control/share/servo_control/hook/pythonpath.sh'
[1.814s] Level 1:colcon.colcon_core.environment:checking '/home/nithish/ur10e_ws/install/servo_control/bin'
[1.814s] Level 1:colcon.colcon_core.environment:create_environment_scripts_only(servo_control)
[1.815s] INFO:colcon.colcon_core.shell:Creating package script '/home/nithish/ur10e_ws/install/servo_control/share/servo_control/package.ps1'
[1.816s] INFO:colcon.colcon_core.shell:Creating package descriptor '/home/nithish/ur10e_ws/install/servo_control/share/servo_control/package.dsv'
[1.816s] INFO:colcon.colcon_core.shell:Creating package script '/home/nithish/ur10e_ws/install/servo_control/share/servo_control/package.sh'
[1.817s] INFO:colcon.colcon_core.shell:Creating package script '/home/nithish/ur10e_ws/install/servo_control/share/servo_control/package.bash'
[1.817s] INFO:colcon.colcon_core.shell:Creating package script '/home/nithish/ur10e_ws/install/servo_control/share/servo_control/package.zsh'
[1.818s] Level 1:colcon.colcon_core.environment:create_file_with_runtime_dependencies(/home/nithish/ur10e_ws/install/servo_control/share/colcon-core/packages/servo_control)
[10.611s] DEBUG:colcon.colcon_core.event_handler.log_command:Invoked command in '/home/nithish/ur10e_ws/build/ros2_nr_motion_control' returned '0': CMAKE_PREFIX_PATH=/home/nithish/ur10e_ws/install/ur_simulation_gazebo:/home/nithish/ur10e_ws/install/ros2_nr_motion_control:/home/nithish/ur10e_ws/install/my_moveit_config:/home/nithish/tesseract_ws/install/ur10e:/home/nithish/tesseract_ws/install/ur10e_sim:/home/nithish/tesseract_ws/install/ur10e_control:/home/nithish/tesseract_ws/install/ur10e_moveit_config:/home/nithish/tesseract_ws/install/ur10e_description:/home/nithish/tesseract_ws/install/moveit_task_constructor_visualization:/home/nithish/tesseract_ws/install/moveit_task_constructor_demo:/home/nithish/tesseract_ws/install/moveit_task_constructor_capabilities:/home/nithish/tesseract_ws/install/moveit_task_constructor_core:/home/nithish/tesseract_ws/install/rviz_marker_tools:/home/nithish/tesseract_ws/install/moveit_task_constructor_msgs:/home/nithish/tesseract_ws/install/ign_ros2_control:/home/nithish/ws_moveit2/install/pilz_industrial_motion_planner_testutils:/home/nithish/ws_moveit2/install/moveit_runtime:/home/nithish/ws_moveit2/install/moveit:/home/nithish/ws_moveit2/install/moveit_planners:/home/nithish/ws_moveit2/install/pilz_industrial_motion_planner:/home/nithish/ws_moveit2/install/moveit_ros_control_interface:/home/nithish/ws_moveit2/install/moveit_plugins:/home/nithish/ws_moveit2/install/moveit_simple_controller_manager:/home/nithish/ws_moveit2/install/moveit_setup_assistant:/home/nithish/ws_moveit2/install/moveit_setup_srdf_plugins:/home/nithish/ws_moveit2/install/moveit_setup_core_plugins:/home/nithish/ws_moveit2/install/moveit_setup_controllers:/home/nithish/ws_moveit2/install/moveit_setup_app_plugins:/home/nithish/ws_moveit2/install/moveit_setup_framework:/home/nithish/ws_moveit2/install/moveit_servo:/home/nithish/ws_moveit2/install/moveit_ros:/home/nithish/ws_moveit2/install/moveit_ros_visualization:/home/nithish/ws_moveit2/install/moveit_hybrid_planning:/home/nithish/ws_moveit2/install/moveit_ros_planning_interface:/home/nithish/ws_moveit2/install/moveit_ros_benchmarks:/home/nithish/ws_moveit2/install/moveit_ros_warehouse:/home/nithish/ws_moveit2/install/moveit_ros_robot_interaction:/home/nithish/ws_moveit2/install/moveit_ros_perception:/home/nithish/ws_moveit2/install/moveit_resources_prbt_pg70_support:/home/nithish/ws_moveit2/install/moveit_resources_prbt_moveit_config:/home/nithish/ws_moveit2/install/moveit_ros_move_group:/home/nithish/ws_moveit2/install/moveit_planners_ompl:/home/nithish/ws_moveit2/install/moveit_ros_planning:/home/nithish/ws_moveit2/install/moveit_ros_occupancy_map_monitor:/home/nithish/ws_moveit2/install/moveit_resources_prbt_support:/home/nithish/ws_moveit2/install/moveit_resources_prbt_ikfast_manipulator_plugin:/home/nithish/ws_moveit2/install/moveit_planners_chomp:/home/nithish/ws_moveit2/install/moveit_kinematics:/home/nithish/ws_moveit2/install/moveit_chomp_optimizer_adapter:/home/nithish/ws_moveit2/install/chomp_motion_planner:/home/nithish/ws_moveit2/install/moveit_core:/home/nithish/ws_moveit2/install/moveit_common:/home/nithish/rviz2_ws/install:/home/nithish/robotic_arm_ws/install/ur_simulation_gz:/home/nithish/robotic_arm_ws/install/ur:/home/nithish/robotic_arm_ws/install/ur_calibration:/home/nithish/robotic_arm_ws/install/ur_robot_driver:/home/nithish/robotic_arm_ws/install/ur_moveit_config:/home/nithish/robotic_arm_ws/install/ur_bringup:/home/nithish/robotic_arm_ws/install/ur_description:/home/nithish/robotic_arm_ws/install/ur_controllers:/home/nithish/robotic_arm_ws/install/ur_dashboard_msgs:/home/nithish/ur10e_ws/install/servo_control:/home/nithish/ws_moveit2/install/moveit_configs_utils:/home/nithish/robotic_arm_ws/install/path_planner:/opt/ros/humble /usr/bin/cmake --build /home/nithish/ur10e_ws/build/ros2_nr_motion_control -- -j12 -l12
[10.613s] DEBUG:colcon.colcon_core.event_handler.log_command:Invoking command in '/home/nithish/ur10e_ws/build/ros2_nr_motion_control': CMAKE_PREFIX_PATH=/home/nithish/ur10e_ws/install/ur_simulation_gazebo:/home/nithish/ur10e_ws/install/ros2_nr_motion_control:/home/nithish/ur10e_ws/install/my_moveit_config:/home/nithish/tesseract_ws/install/ur10e:/home/nithish/tesseract_ws/install/ur10e_sim:/home/nithish/tesseract_ws/install/ur10e_control:/home/nithish/tesseract_ws/install/ur10e_moveit_config:/home/nithish/tesseract_ws/install/ur10e_description:/home/nithish/tesseract_ws/install/moveit_task_constructor_visualization:/home/nithish/tesseract_ws/install/moveit_task_constructor_demo:/home/nithish/tesseract_ws/install/moveit_task_constructor_capabilities:/home/nithish/tesseract_ws/install/moveit_task_constructor_core:/home/nithish/tesseract_ws/install/rviz_marker_tools:/home/nithish/tesseract_ws/install/moveit_task_constructor_msgs:/home/nithish/tesseract_ws/install/ign_ros2_control:/home/nithish/ws_moveit2/install/pilz_industrial_motion_planner_testutils:/home/nithish/ws_moveit2/install/moveit_runtime:/home/nithish/ws_moveit2/install/moveit:/home/nithish/ws_moveit2/install/moveit_planners:/home/nithish/ws_moveit2/install/pilz_industrial_motion_planner:/home/nithish/ws_moveit2/install/moveit_ros_control_interface:/home/nithish/ws_moveit2/install/moveit_plugins:/home/nithish/ws_moveit2/install/moveit_simple_controller_manager:/home/nithish/ws_moveit2/install/moveit_setup_assistant:/home/nithish/ws_moveit2/install/moveit_setup_srdf_plugins:/home/nithish/ws_moveit2/install/moveit_setup_core_plugins:/home/nithish/ws_moveit2/install/moveit_setup_controllers:/home/nithish/ws_moveit2/install/moveit_setup_app_plugins:/home/nithish/ws_moveit2/install/moveit_setup_framework:/home/nithish/ws_moveit2/install/moveit_servo:/home/nithish/ws_moveit2/install/moveit_ros:/home/nithish/ws_moveit2/install/moveit_ros_visualization:/home/nithish/ws_moveit2/install/moveit_hybrid_planning:/home/nithish/ws_moveit2/install/moveit_ros_planning_interface:/home/nithish/ws_moveit2/install/moveit_ros_benchmarks:/home/nithish/ws_moveit2/install/moveit_ros_warehouse:/home/nithish/ws_moveit2/install/moveit_ros_robot_interaction:/home/nithish/ws_moveit2/install/moveit_ros_perception:/home/nithish/ws_moveit2/install/moveit_resources_prbt_pg70_support:/home/nithish/ws_moveit2/install/moveit_resources_prbt_moveit_config:/home/nithish/ws_moveit2/install/moveit_ros_move_group:/home/nithish/ws_moveit2/install/moveit_planners_ompl:/home/nithish/ws_moveit2/install/moveit_ros_planning:/home/nithish/ws_moveit2/install/moveit_ros_occupancy_map_monitor:/home/nithish/ws_moveit2/install/moveit_resources_prbt_support:/home/nithish/ws_moveit2/install/moveit_resources_prbt_ikfast_manipulator_plugin:/home/nithish/ws_moveit2/install/moveit_planners_chomp:/home/nithish/ws_moveit2/install/moveit_kinematics:/home/nithish/ws_moveit2/install/moveit_chomp_optimizer_adapter:/home/nithish/ws_moveit2/install/chomp_motion_planner:/home/nithish/ws_moveit2/install/moveit_core:/home/nithish/ws_moveit2/install/moveit_common:/home/nithish/rviz2_ws/install:/home/nithish/robotic_arm_ws/install/ur_simulation_gz:/home/nithish/robotic_arm_ws/install/ur:/home/nithish/robotic_arm_ws/install/ur_calibration:/home/nithish/robotic_arm_ws/install/ur_robot_driver:/home/nithish/robotic_arm_ws/install/ur_moveit_config:/home/nithish/robotic_arm_ws/install/ur_bringup:/home/nithish/robotic_arm_ws/install/ur_description:/home/nithish/robotic_arm_ws/install/ur_controllers:/home/nithish/robotic_arm_ws/install/ur_dashboard_msgs:/home/nithish/ur10e_ws/install/servo_control:/home/nithish/ws_moveit2/install/moveit_configs_utils:/home/nithish/robotic_arm_ws/install/path_planner:/opt/ros/humble /usr/bin/cmake --install /home/nithish/ur10e_ws/build/ros2_nr_motion_control
[10.645s] Level 1:colcon.colcon_core.environment:create_environment_scripts_only(ros2_nr_motion_control)
[10.645s] Level 1:colcon.colcon_core.environment:checking '/home/nithish/ur10e_ws/install/ros2_nr_motion_control' for CMake module files
[10.646s] DEBUG:colcon.colcon_core.event_handler.log_command:Invoked command in '/home/nithish/ur10e_ws/build/ros2_nr_motion_control' returned '0': CMAKE_PREFIX_PATH=/home/nithish/ur10e_ws/install/ur_simulation_gazebo:/home/nithish/ur10e_ws/install/ros2_nr_motion_control:/home/nithish/ur10e_ws/install/my_moveit_config:/home/nithish/tesseract_ws/install/ur10e:/home/nithish/tesseract_ws/install/ur10e_sim:/home/nithish/tesseract_ws/install/ur10e_control:/home/nithish/tesseract_ws/install/ur10e_moveit_config:/home/nithish/tesseract_ws/install/ur10e_description:/home/nithish/tesseract_ws/install/moveit_task_constructor_visualization:/home/nithish/tesseract_ws/install/moveit_task_constructor_demo:/home/nithish/tesseract_ws/install/moveit_task_constructor_capabilities:/home/nithish/tesseract_ws/install/moveit_task_constructor_core:/home/nithish/tesseract_ws/install/rviz_marker_tools:/home/nithish/tesseract_ws/install/moveit_task_constructor_msgs:/home/nithish/tesseract_ws/install/ign_ros2_control:/home/nithish/ws_moveit2/install/pilz_industrial_motion_planner_testutils:/home/nithish/ws_moveit2/install/moveit_runtime:/home/nithish/ws_moveit2/install/moveit:/home/nithish/ws_moveit2/install/moveit_planners:/home/nithish/ws_moveit2/install/pilz_industrial_motion_planner:/home/nithish/ws_moveit2/install/moveit_ros_control_interface:/home/nithish/ws_moveit2/install/moveit_plugins:/home/nithish/ws_moveit2/install/moveit_simple_controller_manager:/home/nithish/ws_moveit2/install/moveit_setup_assistant:/home/nithish/ws_moveit2/install/moveit_setup_srdf_plugins:/home/nithish/ws_moveit2/install/moveit_setup_core_plugins:/home/nithish/ws_moveit2/install/moveit_setup_controllers:/home/nithish/ws_moveit2/install/moveit_setup_app_plugins:/home/nithish/ws_moveit2/install/moveit_setup_framework:/home/nithish/ws_moveit2/install/moveit_servo:/home/nithish/ws_moveit2/install/moveit_ros:/home/nithish/ws_moveit2/install/moveit_ros_visualization:/home/nithish/ws_moveit2/install/moveit_hybrid_planning:/home/nithish/ws_moveit2/install/moveit_ros_planning_interface:/home/nithish/ws_moveit2/install/moveit_ros_benchmarks:/home/nithish/ws_moveit2/install/moveit_ros_warehouse:/home/nithish/ws_moveit2/install/moveit_ros_robot_interaction:/home/nithish/ws_moveit2/install/moveit_ros_perception:/home/nithish/ws_moveit2/install/moveit_resources_prbt_pg70_support:/home/nithish/ws_moveit2/install/moveit_resources_prbt_moveit_config:/home/nithish/ws_moveit2/install/moveit_ros_move_group:/home/nithish/ws_moveit2/install/moveit_planners_ompl:/home/nithish/ws_moveit2/install/moveit_ros_planning:/home/nithish/ws_moveit2/install/moveit_ros_occupancy_map_monitor:/home/nithish/ws_moveit2/install/moveit_resources_prbt_support:/home/nithish/ws_moveit2/install/moveit_resources_prbt_ikfast_manipulator_plugin:/home/nithish/ws_moveit2/install/moveit_planners_chomp:/home/nithish/ws_moveit2/install/moveit_kinematics:/home/nithish/ws_moveit2/install/moveit_chomp_optimizer_adapter:/home/nithish/ws_moveit2/install/chomp_motion_planner:/home/nithish/ws_moveit2/install/moveit_core:/home/nithish/ws_moveit2/install/moveit_common:/home/nithish/rviz2_ws/install:/home/nithish/robotic_arm_ws/install/ur_simulation_gz:/home/nithish/robotic_arm_ws/install/ur:/home/nithish/robotic_arm_ws/install/ur_calibration:/home/nithish/robotic_arm_ws/install/ur_robot_driver:/home/nithish/robotic_arm_ws/install/ur_moveit_config:/home/nithish/robotic_arm_ws/install/ur_bringup:/home/nithish/robotic_arm_ws/install/ur_description:/home/nithish/robotic_arm_ws/install/ur_controllers:/home/nithish/robotic_arm_ws/install/ur_dashboard_msgs:/home/nithish/ur10e_ws/install/servo_control:/home/nithish/ws_moveit2/install/moveit_configs_utils:/home/nithish/robotic_arm_ws/install/path_planner:/opt/ros/humble /usr/bin/cmake --install /home/nithish/ur10e_ws/build/ros2_nr_motion_control
[10.647s] Level 1:colcon.colcon_core.environment:checking '/home/nithish/ur10e_ws/install/ros2_nr_motion_control' for CMake config files
[10.648s] Level 1:colcon.colcon_core.shell:create_environment_hook('ros2_nr_motion_control', 'cmake_prefix_path')
[10.648s] INFO:colcon.colcon_core.shell:Creating environment hook '/home/nithish/ur10e_ws/install/ros2_nr_motion_control/share/ros2_nr_motion_control/hook/cmake_prefix_path.ps1'
[10.650s] INFO:colcon.colcon_core.shell:Creating environment descriptor '/home/nithish/ur10e_ws/install/ros2_nr_motion_control/share/ros2_nr_motion_control/hook/cmake_prefix_path.dsv'
[10.650s] INFO:colcon.colcon_core.shell:Creating environment hook '/home/nithish/ur10e_ws/install/ros2_nr_motion_control/share/ros2_nr_motion_control/hook/cmake_prefix_path.sh'
[10.651s] Level 1:colcon.colcon_core.environment:checking '/home/nithish/ur10e_ws/install/ros2_nr_motion_control/lib'
[10.651s] Level 1:colcon.colcon_core.environment:checking '/home/nithish/ur10e_ws/install/ros2_nr_motion_control/bin'
[10.651s] Level 1:colcon.colcon_core.environment:checking '/home/nithish/ur10e_ws/install/ros2_nr_motion_control/lib/pkgconfig/ros2_nr_motion_control.pc'
[10.652s] Level 1:colcon.colcon_core.environment:checking '/home/nithish/ur10e_ws/install/ros2_nr_motion_control/lib/python3.10/site-packages'
[10.652s] Level 1:colcon.colcon_core.environment:checking '/home/nithish/ur10e_ws/install/ros2_nr_motion_control/bin'
[10.652s] INFO:colcon.colcon_core.shell:Creating package script '/home/nithish/ur10e_ws/install/ros2_nr_motion_control/share/ros2_nr_motion_control/package.ps1'
[10.653s] INFO:colcon.colcon_core.shell:Creating package descriptor '/home/nithish/ur10e_ws/install/ros2_nr_motion_control/share/ros2_nr_motion_control/package.dsv'
[10.654s] INFO:colcon.colcon_core.shell:Creating package script '/home/nithish/ur10e_ws/install/ros2_nr_motion_control/share/ros2_nr_motion_control/package.sh'
[10.655s] INFO:colcon.colcon_core.shell:Creating package script '/home/nithish/ur10e_ws/install/ros2_nr_motion_control/share/ros2_nr_motion_control/package.bash'
[10.655s] INFO:colcon.colcon_core.shell:Creating package script '/home/nithish/ur10e_ws/install/ros2_nr_motion_control/share/ros2_nr_motion_control/package.zsh'
[10.656s] Level 1:colcon.colcon_core.environment:create_file_with_runtime_dependencies(/home/nithish/ur10e_ws/install/ros2_nr_motion_control/share/colcon-core/packages/ros2_nr_motion_control)
[10.657s] Level 1:colcon.colcon_core.environment:create_environment_scripts_only(ros2_nr_motion_control)
[10.657s] Level 1:colcon.colcon_core.environment:checking '/home/nithish/ur10e_ws/install/ros2_nr_motion_control' for CMake module files
[10.658s] Level 1:colcon.colcon_core.environment:checking '/home/nithish/ur10e_ws/install/ros2_nr_motion_control' for CMake config files
[10.658s] Level 1:colcon.colcon_core.shell:create_environment_hook('ros2_nr_motion_control', 'cmake_prefix_path')
[10.659s] INFO:colcon.colcon_core.shell:Creating environment hook '/home/nithish/ur10e_ws/install/ros2_nr_motion_control/share/ros2_nr_motion_control/hook/cmake_prefix_path.ps1'
[10.659s] INFO:colcon.colcon_core.shell:Creating environment descriptor '/home/nithish/ur10e_ws/install/ros2_nr_motion_control/share/ros2_nr_motion_control/hook/cmake_prefix_path.dsv'
[10.659s] INFO:colcon.colcon_core.shell:Creating environment hook '/home/nithish/ur10e_ws/install/ros2_nr_motion_control/share/ros2_nr_motion_control/hook/cmake_prefix_path.sh'
[10.660s] Level 1:colcon.colcon_core.environment:checking '/home/nithish/ur10e_ws/install/ros2_nr_motion_control/lib'
[10.660s] Level 1:colcon.colcon_core.environment:checking '/home/nithish/ur10e_ws/install/ros2_nr_motion_control/bin'
[10.660s] Level 1:colcon.colcon_core.environment:checking '/home/nithish/ur10e_ws/install/ros2_nr_motion_control/lib/pkgconfig/ros2_nr_motion_control.pc'
[10.661s] Level 1:colcon.colcon_core.environment:checking '/home/nithish/ur10e_ws/install/ros2_nr_motion_control/lib/python3.10/site-packages'
[10.661s] Level 1:colcon.colcon_core.environment:checking '/home/nithish/ur10e_ws/install/ros2_nr_motion_control/bin'
[10.661s] INFO:colcon.colcon_core.shell:Creating package script '/home/nithish/ur10e_ws/install/ros2_nr_motion_control/share/ros2_nr_motion_control/package.ps1'
[10.662s] INFO:colcon.colcon_core.shell:Creating package descriptor '/home/nithish/ur10e_ws/install/ros2_nr_motion_control/share/ros2_nr_motion_control/package.dsv'
[10.662s] INFO:colcon.colcon_core.shell:Creating package script '/home/nithish/ur10e_ws/install/ros2_nr_motion_control/share/ros2_nr_motion_control/package.sh'
[10.663s] INFO:colcon.colcon_core.shell:Creating package script '/home/nithish/ur10e_ws/install/ros2_nr_motion_control/share/ros2_nr_motion_control/package.bash'
[10.664s] INFO:colcon.colcon_core.shell:Creating package script '/home/nithish/ur10e_ws/install/ros2_nr_motion_control/share/ros2_nr_motion_control/package.zsh'
[10.665s] Level 1:colcon.colcon_core.environment:create_file_with_runtime_dependencies(/home/nithish/ur10e_ws/install/ros2_nr_motion_control/share/colcon-core/packages/ros2_nr_motion_control)
[10.666s] DEBUG:colcon.colcon_parallel_executor.executor.parallel:closing loop
[10.666s] DEBUG:colcon.colcon_parallel_executor.executor.parallel:loop closed
[10.667s] DEBUG:colcon.colcon_parallel_executor.executor.parallel:run_until_complete finished with '0'
[10.667s] DEBUG:colcon.colcon_core.event_reactor:joining thread
[10.673s] INFO:colcon.colcon_core.plugin_system:Skipping extension 'colcon_notification.desktop_notification.terminal_notifier': Not used on non-Darwin systems
[10.673s] INFO:colcon.colcon_core.plugin_system:Skipping extension 'colcon_notification.desktop_notification.win32': Not used on non-Windows systems
[10.673s] INFO:colcon.colcon_notification.desktop_notification:Sending desktop notification using 'notify2'
[10.684s] DEBUG:colcon.colcon_core.event_reactor:joined thread
[10.685s] INFO:colcon.colcon_core.shell:Creating prefix script '/home/nithish/ur10e_ws/install/local_setup.ps1'
[10.686s] INFO:colcon.colcon_core.shell:Creating prefix util module '/home/nithish/ur10e_ws/install/_local_setup_util_ps1.py'
[10.689s] INFO:colcon.colcon_core.shell:Creating prefix chain script '/home/nithish/ur10e_ws/install/setup.ps1'
[10.693s] INFO:colcon.colcon_core.shell:Creating prefix script '/home/nithish/ur10e_ws/install/local_setup.sh'
[10.694s] INFO:colcon.colcon_core.shell:Creating prefix util module '/home/nithish/ur10e_ws/install/_local_setup_util_sh.py'
[10.694s] INFO:colcon.colcon_core.shell:Creating prefix chain script '/home/nithish/ur10e_ws/install/setup.sh'
[10.698s] INFO:colcon.colcon_core.shell:Creating prefix script '/home/nithish/ur10e_ws/install/local_setup.bash'
[10.699s] INFO:colcon.colcon_core.shell:Creating prefix chain script '/home/nithish/ur10e_ws/install/setup.bash'
[10.702s] INFO:colcon.colcon_core.shell:Creating prefix script '/home/nithish/ur10e_ws/install/local_setup.zsh'
[10.703s] INFO:colcon.colcon_core.shell:Creating prefix chain script '/home/nithish/ur10e_ws/install/setup.zsh'
