[0.013s] Invoking command in '/home/nithish/ur10e_ws/build/my_moveit_config': CMAKE_PREFIX_PATH=${CMAKE_PREFIX_PATH}:/home/nithish/ur10e_ws/install/servo_control:/home/nithish/robotic_arm_ws/install/path_planner:/opt/ros/humble /usr/bin/cmake /home/nithish/ur10e_ws/src/my_moveit_config -DAMENT_CMAKE_SYMLINK_INSTALL=1 -DCMAKE_INSTALL_PREFIX=/home/nithish/ur10e_ws/install/my_moveit_config
[0.025s] -- Found ament_cmake: 1.3.12 (/opt/ros/humble/share/ament_cmake/cmake)
[0.120s] -- Override CMake install command with custom implementation using symlinks instead of copying resources
[0.202s] -- Configuring done
[0.205s] -- Generating done
[0.206s] -- Build files have been written to: /home/nithish/ur10e_ws/build/my_moveit_config
[0.209s] Invoked command in '/home/nithish/ur10e_ws/build/my_moveit_config' returned '0': CMAKE_PREFIX_PATH=${CMAKE_PREFIX_PATH}:/home/nithish/ur10e_ws/install/servo_control:/home/nithish/robotic_arm_ws/install/path_planner:/opt/ros/humble /usr/bin/cmake /home/nithish/ur10e_ws/src/my_moveit_config -DAMENT_CMAKE_SYMLINK_INSTALL=1 -DCMAKE_INSTALL_PREFIX=/home/nithish/ur10e_ws/install/my_moveit_config
[0.211s] Invoking command in '/home/nithish/ur10e_ws/build/my_moveit_config': CMAKE_PREFIX_PATH=${CMAKE_PREFIX_PATH}:/home/nithish/ur10e_ws/install/servo_control:/home/nithish/robotic_arm_ws/install/path_planner:/opt/ros/humble /usr/bin/cmake --build /home/nithish/ur10e_ws/build/my_moveit_config -- -j12 -l12
[0.252s] Invoked command in '/home/nithish/ur10e_ws/build/my_moveit_config' returned '0': CMAKE_PREFIX_PATH=${CMAKE_PREFIX_PATH}:/home/nithish/ur10e_ws/install/servo_control:/home/nithish/robotic_arm_ws/install/path_planner:/opt/ros/humble /usr/bin/cmake --build /home/nithish/ur10e_ws/build/my_moveit_config -- -j12 -l12
[0.261s] Invoking command in '/home/nithish/ur10e_ws/build/my_moveit_config': CMAKE_PREFIX_PATH=${CMAKE_PREFIX_PATH}:/home/nithish/ur10e_ws/install/servo_control:/home/nithish/robotic_arm_ws/install/path_planner:/opt/ros/humble /usr/bin/cmake --install /home/nithish/ur10e_ws/build/my_moveit_config
[0.269s] -- Install configuration: ""
[0.269s] -- Execute custom install script
[0.270s] -- Symlinking: /home/nithish/ur10e_ws/install/my_moveit_config/share/ament_index/resource_index/package_run_dependencies/my_moveit_config
[0.276s] -- Symlinking: /home/nithish/ur10e_ws/install/my_moveit_config/share/ament_index/resource_index/parent_prefix_path/my_moveit_config
[0.282s] -- Symlinking: /home/nithish/ur10e_ws/install/my_moveit_config/share/my_moveit_config/environment/ament_prefix_path.sh
[0.289s] -- Symlinking: /home/nithish/ur10e_ws/install/my_moveit_config/share/my_moveit_config/environment/ament_prefix_path.dsv
[0.297s] -- Symlinking: /home/nithish/ur10e_ws/install/my_moveit_config/share/my_moveit_config/environment/path.sh
[0.305s] -- Symlinking: /home/nithish/ur10e_ws/install/my_moveit_config/share/my_moveit_config/environment/path.dsv
[0.313s] -- Symlinking: /home/nithish/ur10e_ws/install/my_moveit_config/share/my_moveit_config/local_setup.bash
[0.321s] -- Symlinking: /home/nithish/ur10e_ws/install/my_moveit_config/share/my_moveit_config/local_setup.sh
[0.328s] -- Symlinking: /home/nithish/ur10e_ws/install/my_moveit_config/share/my_moveit_config/local_setup.zsh
[0.337s] -- Symlinking: /home/nithish/ur10e_ws/install/my_moveit_config/share/my_moveit_config/local_setup.dsv
[0.344s] -- Symlinking: /home/nithish/ur10e_ws/install/my_moveit_config/share/my_moveit_config/package.dsv
[0.351s] -- Symlinking: /home/nithish/ur10e_ws/install/my_moveit_config/share/ament_index/resource_index/packages/my_moveit_config
[0.360s] -- Symlinking: /home/nithish/ur10e_ws/install/my_moveit_config/share/my_moveit_config/cmake/my_moveit_configConfig.cmake
[0.369s] -- Symlinking: /home/nithish/ur10e_ws/install/my_moveit_config/share/my_moveit_config/cmake/my_moveit_configConfig-version.cmake
[0.377s] -- Symlinking: /home/nithish/ur10e_ws/install/my_moveit_config/share/my_moveit_config/package.xml
[0.387s] -- Symlinking: /home/nithish/ur10e_ws/install/my_moveit_config/share/my_moveit_config/launch/demo.launch.py
[0.395s] -- Symlinking: /home/nithish/ur10e_ws/install/my_moveit_config/share/my_moveit_config/launch/move_group.launch.py
[0.404s] -- Symlinking: /home/nithish/ur10e_ws/install/my_moveit_config/share/my_moveit_config/launch/moveit_rviz.launch.py
[0.413s] -- Symlinking: /home/nithish/ur10e_ws/install/my_moveit_config/share/my_moveit_config/launch/pliz_launcher.launch.py
[0.418s] -- Symlinking: /home/nithish/ur10e_ws/install/my_moveit_config/share/my_moveit_config/launch/rsp.launch.py
[0.426s] -- Symlinking: /home/nithish/ur10e_ws/install/my_moveit_config/share/my_moveit_config/launch/servo.launch.py
[0.434s] -- Symlinking: /home/nithish/ur10e_ws/install/my_moveit_config/share/my_moveit_config/launch/setup_assistant.launch.py
[0.446s] -- Symlinking: /home/nithish/ur10e_ws/install/my_moveit_config/share/my_moveit_config/launch/spawn_controllers.launch.py
[0.452s] -- Symlinking: /home/nithish/ur10e_ws/install/my_moveit_config/share/my_moveit_config/launch/static_virtual_joint_tfs.launch.py
[0.458s] -- Symlinking: /home/nithish/ur10e_ws/install/my_moveit_config/share/my_moveit_config/launch/warehouse_db.launch.py
[0.467s] -- Symlinking: /home/nithish/ur10e_ws/install/my_moveit_config/share/my_moveit_config/config/initial_positions.yaml
[0.477s] -- Symlinking: /home/nithish/ur10e_ws/install/my_moveit_config/share/my_moveit_config/config/joint_limits.yaml
[0.485s] -- Symlinking: /home/nithish/ur10e_ws/install/my_moveit_config/share/my_moveit_config/config/kinematics.yaml
[0.495s] -- Symlinking: /home/nithish/ur10e_ws/install/my_moveit_config/share/my_moveit_config/config/moveit.rviz
[0.504s] -- Symlinking: /home/nithish/ur10e_ws/install/my_moveit_config/share/my_moveit_config/config/moveit_controllers.yaml
[0.514s] -- Symlinking: /home/nithish/ur10e_ws/install/my_moveit_config/share/my_moveit_config/config/pilz_cartesian_limits.yaml
[0.522s] -- Symlinking: /home/nithish/ur10e_ws/install/my_moveit_config/share/my_moveit_config/config/pilz_planning_pipeline.yaml
[0.528s] -- Symlinking: /home/nithish/ur10e_ws/install/my_moveit_config/share/my_moveit_config/config/ros2_controllers.yaml
[0.536s] -- Symlinking: /home/nithish/ur10e_ws/install/my_moveit_config/share/my_moveit_config/config/servo.yaml
[0.546s] -- Symlinking: /home/nithish/ur10e_ws/install/my_moveit_config/share/my_moveit_config/config/ur10e.ros2_control.xacro
[0.555s] -- Symlinking: /home/nithish/ur10e_ws/install/my_moveit_config/share/my_moveit_config/config/ur10e.srdf
[0.564s] -- Symlinking: /home/nithish/ur10e_ws/install/my_moveit_config/share/my_moveit_config/config/ur10e.urdf.xacro
[0.573s] -- Symlinking: /home/nithish/ur10e_ws/install/my_moveit_config/share/my_moveit_config/.setup_assistant
[0.582s] Invoked command in '/home/nithish/ur10e_ws/build/my_moveit_config' returned '0': CMAKE_PREFIX_PATH=${CMAKE_PREFIX_PATH}:/home/nithish/ur10e_ws/install/servo_control:/home/nithish/robotic_arm_ws/install/path_planner:/opt/ros/humble /usr/bin/cmake --install /home/nithish/ur10e_ws/build/my_moveit_config
