[1.157s] Invoking command in '/home/nithish/ur10e_ws/build/servo_control': PYTHONPATH=/home/nithish/ur10e_ws/build/servo_control/prefix_override:/usr/lib/python3/dist-packages/colcon_core/task/python/colcon_distutils_commands:/home/nithish/ur10e_ws/install/servo_control/lib/python3.10/site-packages:${PYTHONPATH} /usr/bin/python3 -W ignore:setup.py install is deprecated -W ignore:easy_install command is deprecated setup.py develop --uninstall --editable --build-directory /home/nithish/ur10e_ws/build/servo_control/build
[1.507s] running develop
[1.846s] Removing /home/nithish/ur10e_ws/install/servo_control/lib/python3.10/site-packages/servo-control.egg-link (link to .)
[1.913s] Invoked command in '/home/nithish/ur10e_ws/build/servo_control' returned '0': PYTHONPATH=/home/nithish/ur10e_ws/build/servo_control/prefix_override:/usr/lib/python3/dist-packages/colcon_core/task/python/colcon_distutils_commands:/home/nithish/ur10e_ws/install/servo_control/lib/python3.10/site-packages:${PYTHONPATH} /usr/bin/python3 -W ignore:setup.py install is deprecated -W ignore:easy_install command is deprecated setup.py develop --uninstall --editable --build-directory /home/nithish/ur10e_ws/build/servo_control/build
[1.917s] Invoking command in '/home/nithish/ur10e_ws/src/servo_control': PYTHONPATH=/home/nithish/ur10e_ws/build/servo_control/prefix_override:/usr/lib/python3/dist-packages/colcon_core/task/python/colcon_distutils_commands:/home/nithish/ur10e_ws/install/servo_control/lib/python3.10/site-packages:${PYTHONPATH} /usr/bin/python3 -W ignore:setup.py install is deprecated -W ignore:easy_install command is deprecated setup.py egg_info --egg-base ../../build/servo_control build --build-base /home/nithish/ur10e_ws/build/servo_control/build install --record /home/nithish/ur10e_ws/build/servo_control/install.log --single-version-externally-managed install_data --force
[2.547s] running egg_info
[2.548s] writing ../../build/servo_control/servo_control.egg-info/PKG-INFO
[2.549s] writing dependency_links to ../../build/servo_control/servo_control.egg-info/dependency_links.txt
[2.549s] writing entry points to ../../build/servo_control/servo_control.egg-info/entry_points.txt
[2.550s] writing requirements to ../../build/servo_control/servo_control.egg-info/requires.txt
[2.550s] writing top-level names to ../../build/servo_control/servo_control.egg-info/top_level.txt
[2.556s] reading manifest file '../../build/servo_control/servo_control.egg-info/SOURCES.txt'
[2.558s] writing manifest file '../../build/servo_control/servo_control.egg-info/SOURCES.txt'
[2.558s] running build
[2.558s] running build_py
[2.559s] running install
[2.559s] running install_lib
[2.561s] copying /home/nithish/ur10e_ws/build/servo_control/build/lib/servo_control/__init__.py -> /home/nithish/ur10e_ws/install/servo_control/lib/python3.10/site-packages/servo_control
[2.561s] copying /home/nithish/ur10e_ws/build/servo_control/build/lib/servo_control/cylinder_cleaning_servo.py -> /home/nithish/ur10e_ws/install/servo_control/lib/python3.10/site-packages/servo_control
[2.562s] byte-compiling /home/nithish/ur10e_ws/install/servo_control/lib/python3.10/site-packages/servo_control/__init__.py to __init__.cpython-310.pyc
[2.563s] byte-compiling /home/nithish/ur10e_ws/install/servo_control/lib/python3.10/site-packages/servo_control/cylinder_cleaning_servo.py to cylinder_cleaning_servo.cpython-310.pyc
[2.564s] running install_data
[2.564s] copying resource/servo_control -> /home/nithish/ur10e_ws/install/servo_control/share/ament_index/resource_index/packages
[2.565s] copying package.xml -> /home/nithish/ur10e_ws/install/servo_control/share/servo_control
[2.565s] running install_egg_info
[2.571s] Copying ../../build/servo_control/servo_control.egg-info to /home/nithish/ur10e_ws/install/servo_control/lib/python3.10/site-packages/servo_control-0.0.0-py3.10.egg-info
[2.574s] running install_scripts
[2.629s] Installing cylinder_cleaning_servo script to /home/nithish/ur10e_ws/install/servo_control/lib/servo_control
[2.630s] writing list of installed files to '/home/nithish/ur10e_ws/build/servo_control/install.log'
[2.710s] Invoked command in '/home/nithish/ur10e_ws/src/servo_control' returned '0': PYTHONPATH=/home/nithish/ur10e_ws/build/servo_control/prefix_override:/usr/lib/python3/dist-packages/colcon_core/task/python/colcon_distutils_commands:/home/nithish/ur10e_ws/install/servo_control/lib/python3.10/site-packages:${PYTHONPATH} /usr/bin/python3 -W ignore:setup.py install is deprecated -W ignore:easy_install command is deprecated setup.py egg_info --egg-base ../../build/servo_control build --build-base /home/nithish/ur10e_ws/build/servo_control/build install --record /home/nithish/ur10e_ws/build/servo_control/install.log --single-version-externally-managed install_data --force
