[0.086s] DEBUG:colcon:Command line arguments: ['/usr/bin/colcon', 'build']
[0.087s] DEBUG:colcon:Parsed command line arguments: Namespace(log_base=None, log_level=None, verb_name='build', build_base='build', install_base='install', merge_install=False, symlink_install=False, test_result_base=None, continue_on_error=False, executor='parallel', parallel_workers=12, event_handlers=None, ignore_user_meta=False, metas=['./colcon.meta'], base_paths=['.'], packages_ignore=None, packages_ignore_regex=None, paths=None, packages_up_to=None, packages_up_to_regex=None, packages_above=None, packages_above_and_dependencies=None, packages_above_depth=None, packages_select_by_dep=None, packages_skip_by_dep=None, packages_skip_up_to=None, packages_select_build_failed=False, packages_skip_build_finished=False, packages_select_test_failures=False, packages_skip_test_passed=False, packages_select=None, packages_skip=None, packages_select_regex=None, packages_skip_regex=None, packages_start=None, packages_end=None, allow_overriding=[], cmake_args=None, cmake_target=None, cmake_target_skip_unavailable=False, cmake_clean_cache=False, cmake_clean_first=False, cmake_force_configure=False, ament_cmake_args=None, catkin_cmake_args=None, catkin_skip_building_tests=False, mixin_files=None, mixin=None, verb_parser=<colcon_mixin.mixin.mixin_argument.MixinArgumentDecorator object at 0x76d893655690>, verb_extension=<colcon_core.verb.build.BuildVerb object at 0x76d8936551e0>, main=<bound method BuildVerb.main of <colcon_core.verb.build.BuildVerb object at 0x76d8936551e0>>, mixin_verb=('build',))
[0.215s] Level 1:colcon.colcon_core.package_discovery:discover_packages(colcon_meta) check parameters
[0.215s] Level 1:colcon.colcon_core.package_discovery:discover_packages(recursive) check parameters
[0.215s] Level 1:colcon.colcon_core.package_discovery:discover_packages(ignore) check parameters
[0.215s] Level 1:colcon.colcon_core.package_discovery:discover_packages(path) check parameters
[0.215s] Level 1:colcon.colcon_core.package_discovery:discover_packages(colcon_meta) discover
[0.215s] Level 1:colcon.colcon_core.package_discovery:discover_packages(recursive) discover
[0.215s] INFO:colcon.colcon_core.package_discovery:Crawling recursively for packages in '/home/nithish/ur10e_ws'
[0.215s] Level 1:colcon.colcon_core.package_identification:_identify(.) by extensions ['ignore', 'ignore_ament_install']
[0.215s] Level 1:colcon.colcon_core.package_identification:_identify(.) by extension 'ignore'
[0.215s] Level 1:colcon.colcon_core.package_identification:_identify(.) by extension 'ignore_ament_install'
[0.215s] Level 1:colcon.colcon_core.package_identification:_identify(.) by extensions ['colcon_pkg']
[0.215s] Level 1:colcon.colcon_core.package_identification:_identify(.) by extension 'colcon_pkg'
[0.215s] Level 1:colcon.colcon_core.package_identification:_identify(.) by extensions ['colcon_meta']
[0.215s] Level 1:colcon.colcon_core.package_identification:_identify(.) by extension 'colcon_meta'
[0.215s] Level 1:colcon.colcon_core.package_identification:_identify(.) by extensions ['ros']
[0.215s] Level 1:colcon.colcon_core.package_identification:_identify(.) by extension 'ros'
[0.231s] Level 1:colcon.colcon_core.package_identification:_identify(.) by extensions ['cmake', 'python']
[0.231s] Level 1:colcon.colcon_core.package_identification:_identify(.) by extension 'cmake'
[0.231s] Level 1:colcon.colcon_core.package_identification:_identify(.) by extension 'python'
[0.231s] Level 1:colcon.colcon_core.package_identification:_identify(.) by extensions ['python_setup_py']
[0.231s] Level 1:colcon.colcon_core.package_identification:_identify(.) by extension 'python_setup_py'
[0.231s] Level 1:colcon.colcon_core.package_identification:_identify(build) by extensions ['ignore', 'ignore_ament_install']
[0.231s] Level 1:colcon.colcon_core.package_identification:_identify(build) by extension 'ignore'
[0.231s] Level 1:colcon.colcon_core.package_identification:_identify(build) ignored
[0.231s] Level 1:colcon.colcon_core.package_identification:_identify(install) by extensions ['ignore', 'ignore_ament_install']
[0.231s] Level 1:colcon.colcon_core.package_identification:_identify(install) by extension 'ignore'
[0.232s] Level 1:colcon.colcon_core.package_identification:_identify(install) ignored
[0.232s] Level 1:colcon.colcon_core.package_identification:_identify(log) by extensions ['ignore', 'ignore_ament_install']
[0.232s] Level 1:colcon.colcon_core.package_identification:_identify(log) by extension 'ignore'
[0.232s] Level 1:colcon.colcon_core.package_identification:_identify(log) ignored
[0.232s] Level 1:colcon.colcon_core.package_identification:_identify(src) by extensions ['ignore', 'ignore_ament_install']
[0.232s] Level 1:colcon.colcon_core.package_identification:_identify(src) by extension 'ignore'
[0.232s] Level 1:colcon.colcon_core.package_identification:_identify(src) by extension 'ignore_ament_install'
[0.232s] Level 1:colcon.colcon_core.package_identification:_identify(src) by extensions ['colcon_pkg']
[0.232s] Level 1:colcon.colcon_core.package_identification:_identify(src) by extension 'colcon_pkg'
[0.232s] Level 1:colcon.colcon_core.package_identification:_identify(src) by extensions ['colcon_meta']
[0.232s] Level 1:colcon.colcon_core.package_identification:_identify(src) by extension 'colcon_meta'
[0.232s] Level 1:colcon.colcon_core.package_identification:_identify(src) by extensions ['ros']
[0.232s] Level 1:colcon.colcon_core.package_identification:_identify(src) by extension 'ros'
[0.232s] Level 1:colcon.colcon_core.package_identification:_identify(src) by extensions ['cmake', 'python']
[0.232s] Level 1:colcon.colcon_core.package_identification:_identify(src) by extension 'cmake'
[0.232s] Level 1:colcon.colcon_core.package_identification:_identify(src) by extension 'python'
[0.232s] Level 1:colcon.colcon_core.package_identification:_identify(src) by extensions ['python_setup_py']
[0.233s] Level 1:colcon.colcon_core.package_identification:_identify(src) by extension 'python_setup_py'
[0.233s] Level 1:colcon.colcon_core.package_identification:_identify(src/Universal_Robots_ROS2_Description) by extensions ['ignore', 'ignore_ament_install']
[0.233s] Level 1:colcon.colcon_core.package_identification:_identify(src/Universal_Robots_ROS2_Description) by extension 'ignore'
[0.233s] Level 1:colcon.colcon_core.package_identification:_identify(src/Universal_Robots_ROS2_Description) by extension 'ignore_ament_install'
[0.233s] Level 1:colcon.colcon_core.package_identification:_identify(src/Universal_Robots_ROS2_Description) by extensions ['colcon_pkg']
[0.233s] Level 1:colcon.colcon_core.package_identification:_identify(src/Universal_Robots_ROS2_Description) by extension 'colcon_pkg'
[0.233s] Level 1:colcon.colcon_core.package_identification:_identify(src/Universal_Robots_ROS2_Description) by extensions ['colcon_meta']
[0.233s] Level 1:colcon.colcon_core.package_identification:_identify(src/Universal_Robots_ROS2_Description) by extension 'colcon_meta'
[0.233s] Level 1:colcon.colcon_core.package_identification:_identify(src/Universal_Robots_ROS2_Description) by extensions ['ros']
[0.233s] Level 1:colcon.colcon_core.package_identification:_identify(src/Universal_Robots_ROS2_Description) by extension 'ros'
[0.235s] DEBUG:colcon.colcon_core.package_identification:Package 'src/Universal_Robots_ROS2_Description' with type 'ros.ament_cmake' and name 'ur_description'
[0.235s] Level 1:colcon.colcon_core.package_identification:_identify(src/Universal_Robots_ROS2_Gazebo_Simulation) by extensions ['ignore', 'ignore_ament_install']
[0.236s] Level 1:colcon.colcon_core.package_identification:_identify(src/Universal_Robots_ROS2_Gazebo_Simulation) by extension 'ignore'
[0.236s] Level 1:colcon.colcon_core.package_identification:_identify(src/Universal_Robots_ROS2_Gazebo_Simulation) by extension 'ignore_ament_install'
[0.236s] Level 1:colcon.colcon_core.package_identification:_identify(src/Universal_Robots_ROS2_Gazebo_Simulation) by extensions ['colcon_pkg']
[0.236s] Level 1:colcon.colcon_core.package_identification:_identify(src/Universal_Robots_ROS2_Gazebo_Simulation) by extension 'colcon_pkg'
[0.236s] Level 1:colcon.colcon_core.package_identification:_identify(src/Universal_Robots_ROS2_Gazebo_Simulation) by extensions ['colcon_meta']
[0.236s] Level 1:colcon.colcon_core.package_identification:_identify(src/Universal_Robots_ROS2_Gazebo_Simulation) by extension 'colcon_meta'
[0.236s] Level 1:colcon.colcon_core.package_identification:_identify(src/Universal_Robots_ROS2_Gazebo_Simulation) by extensions ['ros']
[0.236s] Level 1:colcon.colcon_core.package_identification:_identify(src/Universal_Robots_ROS2_Gazebo_Simulation) by extension 'ros'
[0.236s] Level 1:colcon.colcon_core.package_identification:_identify(src/Universal_Robots_ROS2_Gazebo_Simulation) by extensions ['cmake', 'python']
[0.236s] Level 1:colcon.colcon_core.package_identification:_identify(src/Universal_Robots_ROS2_Gazebo_Simulation) by extension 'cmake'
[0.236s] Level 1:colcon.colcon_core.package_identification:_identify(src/Universal_Robots_ROS2_Gazebo_Simulation) by extension 'python'
[0.236s] Level 1:colcon.colcon_core.package_identification:_identify(src/Universal_Robots_ROS2_Gazebo_Simulation) by extensions ['python_setup_py']
[0.236s] Level 1:colcon.colcon_core.package_identification:_identify(src/Universal_Robots_ROS2_Gazebo_Simulation) by extension 'python_setup_py'
[0.236s] Level 1:colcon.colcon_core.package_identification:_identify(src/Universal_Robots_ROS2_Gazebo_Simulation/ur_simulation_gazebo) by extensions ['ignore', 'ignore_ament_install']
[0.236s] Level 1:colcon.colcon_core.package_identification:_identify(src/Universal_Robots_ROS2_Gazebo_Simulation/ur_simulation_gazebo) by extension 'ignore'
[0.236s] Level 1:colcon.colcon_core.package_identification:_identify(src/Universal_Robots_ROS2_Gazebo_Simulation/ur_simulation_gazebo) by extension 'ignore_ament_install'
[0.236s] Level 1:colcon.colcon_core.package_identification:_identify(src/Universal_Robots_ROS2_Gazebo_Simulation/ur_simulation_gazebo) by extensions ['colcon_pkg']
[0.236s] Level 1:colcon.colcon_core.package_identification:_identify(src/Universal_Robots_ROS2_Gazebo_Simulation/ur_simulation_gazebo) by extension 'colcon_pkg'
[0.236s] Level 1:colcon.colcon_core.package_identification:_identify(src/Universal_Robots_ROS2_Gazebo_Simulation/ur_simulation_gazebo) by extensions ['colcon_meta']
[0.236s] Level 1:colcon.colcon_core.package_identification:_identify(src/Universal_Robots_ROS2_Gazebo_Simulation/ur_simulation_gazebo) by extension 'colcon_meta'
[0.236s] Level 1:colcon.colcon_core.package_identification:_identify(src/Universal_Robots_ROS2_Gazebo_Simulation/ur_simulation_gazebo) by extensions ['ros']
[0.236s] Level 1:colcon.colcon_core.package_identification:_identify(src/Universal_Robots_ROS2_Gazebo_Simulation/ur_simulation_gazebo) by extension 'ros'
[0.237s] DEBUG:colcon.colcon_core.package_identification:Package 'src/Universal_Robots_ROS2_Gazebo_Simulation/ur_simulation_gazebo' with type 'ros.ament_cmake' and name 'ur_simulation_gazebo'
[0.237s] Level 1:colcon.colcon_core.package_identification:_identify(src/my_moveit_config) by extensions ['ignore', 'ignore_ament_install']
[0.237s] Level 1:colcon.colcon_core.package_identification:_identify(src/my_moveit_config) by extension 'ignore'
[0.237s] Level 1:colcon.colcon_core.package_identification:_identify(src/my_moveit_config) by extension 'ignore_ament_install'
[0.237s] Level 1:colcon.colcon_core.package_identification:_identify(src/my_moveit_config) by extensions ['colcon_pkg']
[0.237s] Level 1:colcon.colcon_core.package_identification:_identify(src/my_moveit_config) by extension 'colcon_pkg'
[0.237s] Level 1:colcon.colcon_core.package_identification:_identify(src/my_moveit_config) by extensions ['colcon_meta']
[0.237s] Level 1:colcon.colcon_core.package_identification:_identify(src/my_moveit_config) by extension 'colcon_meta'
[0.237s] Level 1:colcon.colcon_core.package_identification:_identify(src/my_moveit_config) by extensions ['ros']
[0.237s] Level 1:colcon.colcon_core.package_identification:_identify(src/my_moveit_config) by extension 'ros'
[0.237s] DEBUG:colcon.colcon_core.package_identification:Package 'src/my_moveit_config' with type 'ros.ament_cmake' and name 'my_moveit_config'
[0.238s] Level 1:colcon.colcon_core.package_identification:_identify(src/ros2_nr_motion_control) by extensions ['ignore', 'ignore_ament_install']
[0.238s] Level 1:colcon.colcon_core.package_identification:_identify(src/ros2_nr_motion_control) by extension 'ignore'
[0.238s] Level 1:colcon.colcon_core.package_identification:_identify(src/ros2_nr_motion_control) by extension 'ignore_ament_install'
[0.238s] Level 1:colcon.colcon_core.package_identification:_identify(src/ros2_nr_motion_control) by extensions ['colcon_pkg']
[0.238s] Level 1:colcon.colcon_core.package_identification:_identify(src/ros2_nr_motion_control) by extension 'colcon_pkg'
[0.238s] Level 1:colcon.colcon_core.package_identification:_identify(src/ros2_nr_motion_control) by extensions ['colcon_meta']
[0.238s] Level 1:colcon.colcon_core.package_identification:_identify(src/ros2_nr_motion_control) by extension 'colcon_meta'
[0.238s] Level 1:colcon.colcon_core.package_identification:_identify(src/ros2_nr_motion_control) by extensions ['ros']
[0.238s] Level 1:colcon.colcon_core.package_identification:_identify(src/ros2_nr_motion_control) by extension 'ros'
[0.239s] DEBUG:colcon.colcon_core.package_identification:Package 'src/ros2_nr_motion_control' with type 'ros.ament_cmake' and name 'ros2_nr_motion_control'
[0.239s] Level 1:colcon.colcon_core.package_identification:_identify(src/wrench_bridge) by extensions ['ignore', 'ignore_ament_install']
[0.239s] Level 1:colcon.colcon_core.package_identification:_identify(src/wrench_bridge) by extension 'ignore'
[0.239s] Level 1:colcon.colcon_core.package_identification:_identify(src/wrench_bridge) by extension 'ignore_ament_install'
[0.239s] Level 1:colcon.colcon_core.package_identification:_identify(src/wrench_bridge) by extensions ['colcon_pkg']
[0.239s] Level 1:colcon.colcon_core.package_identification:_identify(src/wrench_bridge) by extension 'colcon_pkg'
[0.239s] Level 1:colcon.colcon_core.package_identification:_identify(src/wrench_bridge) by extensions ['colcon_meta']
[0.239s] Level 1:colcon.colcon_core.package_identification:_identify(src/wrench_bridge) by extension 'colcon_meta'
[0.239s] Level 1:colcon.colcon_core.package_identification:_identify(src/wrench_bridge) by extensions ['ros']
[0.239s] Level 1:colcon.colcon_core.package_identification:_identify(src/wrench_bridge) by extension 'ros'
[0.239s] DEBUG:colcon.colcon_core.package_identification:Package 'src/wrench_bridge' with type 'ros.ament_python' and name 'wrench_bridge'
[0.239s] Level 1:colcon.colcon_core.package_discovery:discover_packages(recursive) using defaults
[0.239s] Level 1:colcon.colcon_core.package_discovery:discover_packages(ignore) discover
[0.239s] Level 1:colcon.colcon_core.package_discovery:discover_packages(ignore) using defaults
[0.239s] Level 1:colcon.colcon_core.package_discovery:discover_packages(path) discover
[0.239s] Level 1:colcon.colcon_core.package_discovery:discover_packages(path) using defaults
[0.255s] Level 1:colcon.colcon_core.package_discovery:discover_packages(prefix_path) check parameters
[0.255s] Level 1:colcon.colcon_core.package_discovery:discover_packages(prefix_path) discover
[0.257s] DEBUG:colcon.colcon_installed_package_information.package_discovery:Found 5 installed packages in /home/nithish/slam_hexapod_5th_jan/install
[0.258s] DEBUG:colcon.colcon_installed_package_information.package_discovery:Found 38 installed packages in /home/nithish/ws_moveit2/install
[0.258s] DEBUG:colcon.colcon_installed_package_information.package_discovery:Found 8 installed packages in /home/nithish/rviz2_ws/install
[0.259s] DEBUG:colcon.colcon_installed_package_information.package_discovery:Found 10 installed packages in /home/nithish/robotic_arm_ws/install
[0.260s] DEBUG:colcon.colcon_installed_package_information.package_discovery:Found 530 installed packages in /opt/ros/humble
[0.263s] Level 1:colcon.colcon_core.package_discovery:discover_packages(prefix_path) using defaults
[0.305s] WARNING:colcon.colcon_core.package_selection:Some selected packages are already built in one or more underlay workspaces:
	'ur_description' is in: /home/nithish/robotic_arm_ws/install/ur_description, /opt/ros/humble
If a package in a merged underlay workspace is overridden and it installs headers, then all packages in the overlay must sort their include directories by workspace order. Failure to do so may result in build failures or undefined behavior at run time.
If the overridden package is used by another package in any underlay, then the overriding package in the overlay must be API and ABI compatible or undefined behavior at run time may occur.

If you understand the risks and want to override a package anyways, add the following to the command line:
	--allow-overriding ur_description

This may be promoted to an error in a future release of colcon-override-check.
[0.306s] Level 5:colcon.colcon_core.verb:set package 'ur_description' build argument 'cmake_args' from command line to 'None'
[0.306s] Level 5:colcon.colcon_core.verb:set package 'ur_description' build argument 'cmake_target' from command line to 'None'
[0.306s] Level 5:colcon.colcon_core.verb:set package 'ur_description' build argument 'cmake_target_skip_unavailable' from command line to 'False'
[0.306s] Level 5:colcon.colcon_core.verb:set package 'ur_description' build argument 'cmake_clean_cache' from command line to 'False'
[0.306s] Level 5:colcon.colcon_core.verb:set package 'ur_description' build argument 'cmake_clean_first' from command line to 'False'
[0.306s] Level 5:colcon.colcon_core.verb:set package 'ur_description' build argument 'cmake_force_configure' from command line to 'False'
[0.306s] Level 5:colcon.colcon_core.verb:set package 'ur_description' build argument 'ament_cmake_args' from command line to 'None'
[0.306s] Level 5:colcon.colcon_core.verb:set package 'ur_description' build argument 'catkin_cmake_args' from command line to 'None'
[0.306s] Level 5:colcon.colcon_core.verb:set package 'ur_description' build argument 'catkin_skip_building_tests' from command line to 'False'
[0.306s] DEBUG:colcon.colcon_core.verb:Building package 'ur_description' with the following arguments: {'ament_cmake_args': None, 'build_base': '/home/nithish/ur10e_ws/build/ur_description', 'catkin_cmake_args': None, 'catkin_skip_building_tests': False, 'cmake_args': None, 'cmake_clean_cache': False, 'cmake_clean_first': False, 'cmake_force_configure': False, 'cmake_target': None, 'cmake_target_skip_unavailable': False, 'install_base': '/home/nithish/ur10e_ws/install/ur_description', 'merge_install': False, 'path': '/home/nithish/ur10e_ws/src/Universal_Robots_ROS2_Description', 'symlink_install': False, 'test_result_base': None}
[0.306s] Level 5:colcon.colcon_core.verb:set package 'wrench_bridge' build argument 'cmake_args' from command line to 'None'
[0.306s] Level 5:colcon.colcon_core.verb:set package 'wrench_bridge' build argument 'cmake_target' from command line to 'None'
[0.306s] Level 5:colcon.colcon_core.verb:set package 'wrench_bridge' build argument 'cmake_target_skip_unavailable' from command line to 'False'
[0.306s] Level 5:colcon.colcon_core.verb:set package 'wrench_bridge' build argument 'cmake_clean_cache' from command line to 'False'
[0.306s] Level 5:colcon.colcon_core.verb:set package 'wrench_bridge' build argument 'cmake_clean_first' from command line to 'False'
[0.306s] Level 5:colcon.colcon_core.verb:set package 'wrench_bridge' build argument 'cmake_force_configure' from command line to 'False'
[0.306s] Level 5:colcon.colcon_core.verb:set package 'wrench_bridge' build argument 'ament_cmake_args' from command line to 'None'
[0.306s] Level 5:colcon.colcon_core.verb:set package 'wrench_bridge' build argument 'catkin_cmake_args' from command line to 'None'
[0.306s] Level 5:colcon.colcon_core.verb:set package 'wrench_bridge' build argument 'catkin_skip_building_tests' from command line to 'False'
[0.306s] DEBUG:colcon.colcon_core.verb:Building package 'wrench_bridge' with the following arguments: {'ament_cmake_args': None, 'build_base': '/home/nithish/ur10e_ws/build/wrench_bridge', 'catkin_cmake_args': None, 'catkin_skip_building_tests': False, 'cmake_args': None, 'cmake_clean_cache': False, 'cmake_clean_first': False, 'cmake_force_configure': False, 'cmake_target': None, 'cmake_target_skip_unavailable': False, 'install_base': '/home/nithish/ur10e_ws/install/wrench_bridge', 'merge_install': False, 'path': '/home/nithish/ur10e_ws/src/wrench_bridge', 'symlink_install': False, 'test_result_base': None}
[0.307s] Level 5:colcon.colcon_core.verb:set package 'my_moveit_config' build argument 'cmake_args' from command line to 'None'
[0.307s] Level 5:colcon.colcon_core.verb:set package 'my_moveit_config' build argument 'cmake_target' from command line to 'None'
[0.307s] Level 5:colcon.colcon_core.verb:set package 'my_moveit_config' build argument 'cmake_target_skip_unavailable' from command line to 'False'
[0.307s] Level 5:colcon.colcon_core.verb:set package 'my_moveit_config' build argument 'cmake_clean_cache' from command line to 'False'
[0.307s] Level 5:colcon.colcon_core.verb:set package 'my_moveit_config' build argument 'cmake_clean_first' from command line to 'False'
[0.307s] Level 5:colcon.colcon_core.verb:set package 'my_moveit_config' build argument 'cmake_force_configure' from command line to 'False'
[0.307s] Level 5:colcon.colcon_core.verb:set package 'my_moveit_config' build argument 'ament_cmake_args' from command line to 'None'
[0.307s] Level 5:colcon.colcon_core.verb:set package 'my_moveit_config' build argument 'catkin_cmake_args' from command line to 'None'
[0.307s] Level 5:colcon.colcon_core.verb:set package 'my_moveit_config' build argument 'catkin_skip_building_tests' from command line to 'False'
[0.307s] DEBUG:colcon.colcon_core.verb:Building package 'my_moveit_config' with the following arguments: {'ament_cmake_args': None, 'build_base': '/home/nithish/ur10e_ws/build/my_moveit_config', 'catkin_cmake_args': None, 'catkin_skip_building_tests': False, 'cmake_args': None, 'cmake_clean_cache': False, 'cmake_clean_first': False, 'cmake_force_configure': False, 'cmake_target': None, 'cmake_target_skip_unavailable': False, 'install_base': '/home/nithish/ur10e_ws/install/my_moveit_config', 'merge_install': False, 'path': '/home/nithish/ur10e_ws/src/my_moveit_config', 'symlink_install': False, 'test_result_base': None}
[0.307s] Level 5:colcon.colcon_core.verb:set package 'ur_simulation_gazebo' build argument 'cmake_args' from command line to 'None'
[0.307s] Level 5:colcon.colcon_core.verb:set package 'ur_simulation_gazebo' build argument 'cmake_target' from command line to 'None'
[0.307s] Level 5:colcon.colcon_core.verb:set package 'ur_simulation_gazebo' build argument 'cmake_target_skip_unavailable' from command line to 'False'
[0.307s] Level 5:colcon.colcon_core.verb:set package 'ur_simulation_gazebo' build argument 'cmake_clean_cache' from command line to 'False'
[0.307s] Level 5:colcon.colcon_core.verb:set package 'ur_simulation_gazebo' build argument 'cmake_clean_first' from command line to 'False'
[0.307s] Level 5:colcon.colcon_core.verb:set package 'ur_simulation_gazebo' build argument 'cmake_force_configure' from command line to 'False'
[0.307s] Level 5:colcon.colcon_core.verb:set package 'ur_simulation_gazebo' build argument 'ament_cmake_args' from command line to 'None'
[0.307s] Level 5:colcon.colcon_core.verb:set package 'ur_simulation_gazebo' build argument 'catkin_cmake_args' from command line to 'None'
[0.307s] Level 5:colcon.colcon_core.verb:set package 'ur_simulation_gazebo' build argument 'catkin_skip_building_tests' from command line to 'False'
[0.307s] DEBUG:colcon.colcon_core.verb:Building package 'ur_simulation_gazebo' with the following arguments: {'ament_cmake_args': None, 'build_base': '/home/nithish/ur10e_ws/build/ur_simulation_gazebo', 'catkin_cmake_args': None, 'catkin_skip_building_tests': False, 'cmake_args': None, 'cmake_clean_cache': False, 'cmake_clean_first': False, 'cmake_force_configure': False, 'cmake_target': None, 'cmake_target_skip_unavailable': False, 'install_base': '/home/nithish/ur10e_ws/install/ur_simulation_gazebo', 'merge_install': False, 'path': '/home/nithish/ur10e_ws/src/Universal_Robots_ROS2_Gazebo_Simulation/ur_simulation_gazebo', 'symlink_install': False, 'test_result_base': None}
[0.307s] Level 5:colcon.colcon_core.verb:set package 'ros2_nr_motion_control' build argument 'cmake_args' from command line to 'None'
[0.307s] Level 5:colcon.colcon_core.verb:set package 'ros2_nr_motion_control' build argument 'cmake_target' from command line to 'None'
[0.307s] Level 5:colcon.colcon_core.verb:set package 'ros2_nr_motion_control' build argument 'cmake_target_skip_unavailable' from command line to 'False'
[0.307s] Level 5:colcon.colcon_core.verb:set package 'ros2_nr_motion_control' build argument 'cmake_clean_cache' from command line to 'False'
[0.307s] Level 5:colcon.colcon_core.verb:set package 'ros2_nr_motion_control' build argument 'cmake_clean_first' from command line to 'False'
[0.307s] Level 5:colcon.colcon_core.verb:set package 'ros2_nr_motion_control' build argument 'cmake_force_configure' from command line to 'False'
[0.307s] Level 5:colcon.colcon_core.verb:set package 'ros2_nr_motion_control' build argument 'ament_cmake_args' from command line to 'None'
[0.307s] Level 5:colcon.colcon_core.verb:set package 'ros2_nr_motion_control' build argument 'catkin_cmake_args' from command line to 'None'
[0.307s] Level 5:colcon.colcon_core.verb:set package 'ros2_nr_motion_control' build argument 'catkin_skip_building_tests' from command line to 'False'
[0.307s] DEBUG:colcon.colcon_core.verb:Building package 'ros2_nr_motion_control' with the following arguments: {'ament_cmake_args': None, 'build_base': '/home/nithish/ur10e_ws/build/ros2_nr_motion_control', 'catkin_cmake_args': None, 'catkin_skip_building_tests': False, 'cmake_args': None, 'cmake_clean_cache': False, 'cmake_clean_first': False, 'cmake_force_configure': False, 'cmake_target': None, 'cmake_target_skip_unavailable': False, 'install_base': '/home/nithish/ur10e_ws/install/ros2_nr_motion_control', 'merge_install': False, 'path': '/home/nithish/ur10e_ws/src/ros2_nr_motion_control', 'symlink_install': False, 'test_result_base': None}
[0.307s] INFO:colcon.colcon_core.executor:Executing jobs using 'parallel' executor
[0.308s] DEBUG:colcon.colcon_parallel_executor.executor.parallel:run_until_complete
[0.309s] INFO:colcon.colcon_ros.task.ament_cmake.build:Building ROS package in '/home/nithish/ur10e_ws/src/Universal_Robots_ROS2_Description' with build type 'ament_cmake'
[0.309s] INFO:colcon.colcon_cmake.task.cmake.build:Building CMake package in '/home/nithish/ur10e_ws/src/Universal_Robots_ROS2_Description'
[0.311s] INFO:colcon.colcon_core.plugin_system:Skipping extension 'colcon_core.shell.bat': Not used on non-Windows systems
[0.312s] INFO:colcon.colcon_core.shell:Skip shell extension 'powershell' for command environment: Not usable outside of PowerShell
[0.312s] DEBUG:colcon.colcon_core.shell:Skip shell extension 'dsv' for command environment
[0.319s] INFO:colcon.colcon_ros.task.ament_python.build:Building ROS package in '/home/nithish/ur10e_ws/src/wrench_bridge' with build type 'ament_python'
[0.319s] Level 1:colcon.colcon_core.shell:create_environment_hook('wrench_bridge', 'ament_prefix_path')
[0.319s] INFO:colcon.colcon_core.shell:Creating environment hook '/home/nithish/ur10e_ws/install/wrench_bridge/share/wrench_bridge/hook/ament_prefix_path.ps1'
[0.320s] INFO:colcon.colcon_core.shell:Creating environment descriptor '/home/nithish/ur10e_ws/install/wrench_bridge/share/wrench_bridge/hook/ament_prefix_path.dsv'
[0.320s] INFO:colcon.colcon_core.shell:Creating environment hook '/home/nithish/ur10e_ws/install/wrench_bridge/share/wrench_bridge/hook/ament_prefix_path.sh'
[0.321s] INFO:colcon.colcon_core.shell:Skip shell extension 'powershell' for command environment: Not usable outside of PowerShell
[0.321s] DEBUG:colcon.colcon_core.shell:Skip shell extension 'dsv' for command environment
[0.332s] DEBUG:colcon.colcon_core.event_handler.log_command:Invoking command in '/home/nithish/ur10e_ws/build/ur_description': CMAKE_PREFIX_PATH=${CMAKE_PREFIX_PATH}:/home/nithish/slam_hexapod_5th_jan/install/realsense_imu_fusion:/home/nithish/slam_hexapod_5th_jan/install/hexapod_mapping:/home/nithish/slam_hexapod_5th_jan/install/hexapod_controller:/home/nithish/slam_hexapod_5th_jan/install/depth_to_laserscan:/home/nithish/ws_moveit2/install/moveit_configs_utils:/home/nithish/robotic_arm_ws/install/path_planner:/opt/ros/humble /usr/bin/cmake --build /home/nithish/ur10e_ws/build/ur_description -- -j12 -l12
[0.558s] INFO:colcon.colcon_core.task.python.build:Building Python package in '/home/nithish/ur10e_ws/src/wrench_bridge'
[0.559s] INFO:colcon.colcon_core.shell:Skip shell extension 'powershell' for command environment: Not usable outside of PowerShell
[0.559s] DEBUG:colcon.colcon_core.shell:Skip shell extension 'dsv' for command environment
[0.572s] DEBUG:colcon.colcon_core.event_handler.log_command:Invoked command in '/home/nithish/ur10e_ws/build/ur_description' returned '0': CMAKE_PREFIX_PATH=${CMAKE_PREFIX_PATH}:/home/nithish/slam_hexapod_5th_jan/install/realsense_imu_fusion:/home/nithish/slam_hexapod_5th_jan/install/hexapod_mapping:/home/nithish/slam_hexapod_5th_jan/install/hexapod_controller:/home/nithish/slam_hexapod_5th_jan/install/depth_to_laserscan:/home/nithish/ws_moveit2/install/moveit_configs_utils:/home/nithish/robotic_arm_ws/install/path_planner:/opt/ros/humble /usr/bin/cmake --build /home/nithish/ur10e_ws/build/ur_description -- -j12 -l12
[0.589s] DEBUG:colcon.colcon_core.event_handler.log_command:Invoking command in '/home/nithish/ur10e_ws/build/ur_description': CMAKE_PREFIX_PATH=${CMAKE_PREFIX_PATH}:/home/nithish/slam_hexapod_5th_jan/install/realsense_imu_fusion:/home/nithish/slam_hexapod_5th_jan/install/hexapod_mapping:/home/nithish/slam_hexapod_5th_jan/install/hexapod_controller:/home/nithish/slam_hexapod_5th_jan/install/depth_to_laserscan:/home/nithish/ws_moveit2/install/moveit_configs_utils:/home/nithish/robotic_arm_ws/install/path_planner:/opt/ros/humble /usr/bin/cmake --install /home/nithish/ur10e_ws/build/ur_description
[0.610s] Level 1:colcon.colcon_core.environment:create_environment_scripts_only(ur_description)
[0.638s] DEBUG:colcon.colcon_core.event_handler.log_command:Invoked command in '/home/nithish/ur10e_ws/build/ur_description' returned '0': CMAKE_PREFIX_PATH=${CMAKE_PREFIX_PATH}:/home/nithish/slam_hexapod_5th_jan/install/realsense_imu_fusion:/home/nithish/slam_hexapod_5th_jan/install/hexapod_mapping:/home/nithish/slam_hexapod_5th_jan/install/hexapod_controller:/home/nithish/slam_hexapod_5th_jan/install/depth_to_laserscan:/home/nithish/ws_moveit2/install/moveit_configs_utils:/home/nithish/robotic_arm_ws/install/path_planner:/opt/ros/humble /usr/bin/cmake --install /home/nithish/ur10e_ws/build/ur_description
[0.639s] Level 1:colcon.colcon_core.environment:checking '/home/nithish/ur10e_ws/install/ur_description' for CMake module files
[0.640s] Level 1:colcon.colcon_core.environment:checking '/home/nithish/ur10e_ws/install/ur_description' for CMake config files
[0.642s] Level 1:colcon.colcon_core.shell:create_environment_hook('ur_description', 'cmake_prefix_path')
[0.642s] INFO:colcon.colcon_core.shell:Creating environment hook '/home/nithish/ur10e_ws/install/ur_description/share/ur_description/hook/cmake_prefix_path.ps1'
[0.643s] INFO:colcon.colcon_core.shell:Creating environment descriptor '/home/nithish/ur10e_ws/install/ur_description/share/ur_description/hook/cmake_prefix_path.dsv'
[0.643s] INFO:colcon.colcon_core.shell:Creating environment hook '/home/nithish/ur10e_ws/install/ur_description/share/ur_description/hook/cmake_prefix_path.sh'
[0.644s] Level 1:colcon.colcon_core.environment:checking '/home/nithish/ur10e_ws/install/ur_description/bin'
[0.645s] Level 1:colcon.colcon_core.environment:checking '/home/nithish/ur10e_ws/install/ur_description/lib/pkgconfig/ur_description.pc'
[0.645s] Level 1:colcon.colcon_core.environment:checking '/home/nithish/ur10e_ws/install/ur_description/lib/python3.10/site-packages'
[0.645s] Level 1:colcon.colcon_core.environment:checking '/home/nithish/ur10e_ws/install/ur_description/bin'
[0.646s] INFO:colcon.colcon_core.shell:Creating package script '/home/nithish/ur10e_ws/install/ur_description/share/ur_description/package.ps1'
[0.647s] INFO:colcon.colcon_core.shell:Creating package descriptor '/home/nithish/ur10e_ws/install/ur_description/share/ur_description/package.dsv'
[0.647s] INFO:colcon.colcon_core.shell:Creating package script '/home/nithish/ur10e_ws/install/ur_description/share/ur_description/package.sh'
[0.649s] INFO:colcon.colcon_core.shell:Creating package script '/home/nithish/ur10e_ws/install/ur_description/share/ur_description/package.bash'
[0.650s] INFO:colcon.colcon_core.shell:Creating package script '/home/nithish/ur10e_ws/install/ur_description/share/ur_description/package.zsh'
[0.650s] Level 1:colcon.colcon_core.environment:create_file_with_runtime_dependencies(/home/nithish/ur10e_ws/install/ur_description/share/colcon-core/packages/ur_description)
[0.651s] Level 1:colcon.colcon_core.environment:create_environment_scripts_only(ur_description)
[0.651s] Level 1:colcon.colcon_core.environment:checking '/home/nithish/ur10e_ws/install/ur_description' for CMake module files
[0.651s] Level 1:colcon.colcon_core.environment:checking '/home/nithish/ur10e_ws/install/ur_description' for CMake config files
[0.652s] Level 1:colcon.colcon_core.shell:create_environment_hook('ur_description', 'cmake_prefix_path')
[0.652s] INFO:colcon.colcon_core.shell:Creating environment hook '/home/nithish/ur10e_ws/install/ur_description/share/ur_description/hook/cmake_prefix_path.ps1'
[0.652s] INFO:colcon.colcon_core.shell:Creating environment descriptor '/home/nithish/ur10e_ws/install/ur_description/share/ur_description/hook/cmake_prefix_path.dsv'
[0.653s] INFO:colcon.colcon_core.shell:Creating environment hook '/home/nithish/ur10e_ws/install/ur_description/share/ur_description/hook/cmake_prefix_path.sh'
[0.653s] Level 1:colcon.colcon_core.environment:checking '/home/nithish/ur10e_ws/install/ur_description/bin'
[0.653s] Level 1:colcon.colcon_core.environment:checking '/home/nithish/ur10e_ws/install/ur_description/lib/pkgconfig/ur_description.pc'
[0.653s] Level 1:colcon.colcon_core.environment:checking '/home/nithish/ur10e_ws/install/ur_description/lib/python3.10/site-packages'
[0.653s] Level 1:colcon.colcon_core.environment:checking '/home/nithish/ur10e_ws/install/ur_description/bin'
[0.654s] INFO:colcon.colcon_core.shell:Creating package script '/home/nithish/ur10e_ws/install/ur_description/share/ur_description/package.ps1'
[0.654s] INFO:colcon.colcon_core.shell:Creating package descriptor '/home/nithish/ur10e_ws/install/ur_description/share/ur_description/package.dsv'
[0.654s] INFO:colcon.colcon_core.shell:Creating package script '/home/nithish/ur10e_ws/install/ur_description/share/ur_description/package.sh'
[0.654s] INFO:colcon.colcon_core.shell:Creating package script '/home/nithish/ur10e_ws/install/ur_description/share/ur_description/package.bash'
[0.655s] INFO:colcon.colcon_core.shell:Creating package script '/home/nithish/ur10e_ws/install/ur_description/share/ur_description/package.zsh'
[0.655s] Level 1:colcon.colcon_core.environment:create_file_with_runtime_dependencies(/home/nithish/ur10e_ws/install/ur_description/share/colcon-core/packages/ur_description)
[0.655s] INFO:colcon.colcon_ros.task.ament_cmake.build:Building ROS package in '/home/nithish/ur10e_ws/src/Universal_Robots_ROS2_Gazebo_Simulation/ur_simulation_gazebo' with build type 'ament_cmake'
[0.655s] INFO:colcon.colcon_cmake.task.cmake.build:Building CMake package in '/home/nithish/ur10e_ws/src/Universal_Robots_ROS2_Gazebo_Simulation/ur_simulation_gazebo'
[0.656s] INFO:colcon.colcon_core.shell:Skip shell extension 'powershell' for command environment: Not usable outside of PowerShell
[0.656s] DEBUG:colcon.colcon_core.shell:Skip shell extension 'dsv' for command environment
[0.664s] INFO:colcon.colcon_ros.task.ament_cmake.build:Building ROS package in '/home/nithish/ur10e_ws/src/my_moveit_config' with build type 'ament_cmake'
[0.664s] INFO:colcon.colcon_cmake.task.cmake.build:Building CMake package in '/home/nithish/ur10e_ws/src/my_moveit_config'
[0.665s] INFO:colcon.colcon_core.shell:Skip shell extension 'powershell' for command environment: Not usable outside of PowerShell
[0.665s] DEBUG:colcon.colcon_core.shell:Skip shell extension 'dsv' for command environment
[0.687s] DEBUG:colcon.colcon_core.event_handler.log_command:Invoking command in '/home/nithish/ur10e_ws/build/ur_simulation_gazebo': AMENT_PREFIX_PATH=/home/nithish/ur10e_ws/install/ur_description:${AMENT_PREFIX_PATH} CMAKE_PREFIX_PATH=/home/nithish/ur10e_ws/install/ur_description:/home/nithish/slam_hexapod_5th_jan/install/hexapod_description:/home/nithish/ws_moveit2/install/pilz_industrial_motion_planner_testutils:/home/nithish/ws_moveit2/install/moveit_runtime:/home/nithish/ws_moveit2/install/moveit:/home/nithish/ws_moveit2/install/moveit_planners:/home/nithish/ws_moveit2/install/pilz_industrial_motion_planner:/home/nithish/ws_moveit2/install/moveit_ros_control_interface:/home/nithish/ws_moveit2/install/moveit_plugins:/home/nithish/ws_moveit2/install/moveit_simple_controller_manager:/home/nithish/ws_moveit2/install/moveit_setup_assistant:/home/nithish/ws_moveit2/install/moveit_setup_srdf_plugins:/home/nithish/ws_moveit2/install/moveit_setup_core_plugins:/home/nithish/ws_moveit2/install/moveit_setup_controllers:/home/nithish/ws_moveit2/install/moveit_setup_app_plugins:/home/nithish/ws_moveit2/install/moveit_setup_framework:/home/nithish/ws_moveit2/install/moveit_servo:/home/nithish/ws_moveit2/install/moveit_ros:/home/nithish/ws_moveit2/install/moveit_ros_visualization:/home/nithish/ws_moveit2/install/moveit_hybrid_planning:/home/nithish/ws_moveit2/install/moveit_ros_planning_interface:/home/nithish/ws_moveit2/install/moveit_ros_benchmarks:/home/nithish/ws_moveit2/install/moveit_ros_warehouse:/home/nithish/ws_moveit2/install/moveit_ros_robot_interaction:/home/nithish/ws_moveit2/install/moveit_ros_perception:/home/nithish/ws_moveit2/install/moveit_resources_prbt_pg70_support:/home/nithish/ws_moveit2/install/moveit_resources_prbt_moveit_config:/home/nithish/ws_moveit2/install/moveit_ros_move_group:/home/nithish/ws_moveit2/install/moveit_planners_ompl:/home/nithish/ws_moveit2/install/moveit_ros_planning:/home/nithish/ws_moveit2/install/moveit_ros_occupancy_map_monitor:/home/nithish/ws_moveit2/install/moveit_resources_prbt_support:/home/nithish/ws_moveit2/install/moveit_resources_prbt_ikfast_manipulator_plugin:/home/nithish/ws_moveit2/install/moveit_planners_chomp:/home/nithish/ws_moveit2/install/moveit_kinematics:/home/nithish/ws_moveit2/install/moveit_chomp_optimizer_adapter:/home/nithish/ws_moveit2/install/chomp_motion_planner:/home/nithish/ws_moveit2/install/moveit_core:/home/nithish/ws_moveit2/install/moveit_common:/home/nithish/rviz2_ws/install:/home/nithish/robotic_arm_ws/install/ur_simulation_gz:/home/nithish/robotic_arm_ws/install/ur:/home/nithish/robotic_arm_ws/install/ur_calibration:/home/nithish/robotic_arm_ws/install/ur_robot_driver:/home/nithish/robotic_arm_ws/install/ur_moveit_config:/home/nithish/robotic_arm_ws/install/ur_bringup:/home/nithish/robotic_arm_ws/install/ur_description:/home/nithish/robotic_arm_ws/install/ur_controllers:/home/nithish/robotic_arm_ws/install/ur_dashboard_msgs:/home/nithish/slam_hexapod_5th_jan/install/realsense_imu_fusion:/home/nithish/slam_hexapod_5th_jan/install/hexapod_mapping:/home/nithish/slam_hexapod_5th_jan/install/hexapod_controller:/home/nithish/slam_hexapod_5th_jan/install/depth_to_laserscan:/home/nithish/ws_moveit2/install/moveit_configs_utils:/home/nithish/robotic_arm_ws/install/path_planner:/opt/ros/humble /usr/bin/cmake --build /home/nithish/ur10e_ws/build/ur_simulation_gazebo -- -j12 -l12
[0.692s] DEBUG:colcon.colcon_core.event_handler.log_command:Invoking command in '/home/nithish/ur10e_ws/build/my_moveit_config': AMENT_PREFIX_PATH=/home/nithish/ur10e_ws/install/ur_description:${AMENT_PREFIX_PATH} CMAKE_PREFIX_PATH=/home/nithish/ur10e_ws/install/ur_description:/home/nithish/slam_hexapod_5th_jan/install/hexapod_description:/home/nithish/ws_moveit2/install/pilz_industrial_motion_planner_testutils:/home/nithish/ws_moveit2/install/moveit_runtime:/home/nithish/ws_moveit2/install/moveit:/home/nithish/ws_moveit2/install/moveit_planners:/home/nithish/ws_moveit2/install/pilz_industrial_motion_planner:/home/nithish/ws_moveit2/install/moveit_ros_control_interface:/home/nithish/ws_moveit2/install/moveit_plugins:/home/nithish/ws_moveit2/install/moveit_simple_controller_manager:/home/nithish/ws_moveit2/install/moveit_setup_assistant:/home/nithish/ws_moveit2/install/moveit_setup_srdf_plugins:/home/nithish/ws_moveit2/install/moveit_setup_core_plugins:/home/nithish/ws_moveit2/install/moveit_setup_controllers:/home/nithish/ws_moveit2/install/moveit_setup_app_plugins:/home/nithish/ws_moveit2/install/moveit_setup_framework:/home/nithish/ws_moveit2/install/moveit_servo:/home/nithish/ws_moveit2/install/moveit_ros:/home/nithish/ws_moveit2/install/moveit_ros_visualization:/home/nithish/ws_moveit2/install/moveit_hybrid_planning:/home/nithish/ws_moveit2/install/moveit_ros_planning_interface:/home/nithish/ws_moveit2/install/moveit_ros_benchmarks:/home/nithish/ws_moveit2/install/moveit_ros_warehouse:/home/nithish/ws_moveit2/install/moveit_ros_robot_interaction:/home/nithish/ws_moveit2/install/moveit_ros_perception:/home/nithish/ws_moveit2/install/moveit_resources_prbt_pg70_support:/home/nithish/ws_moveit2/install/moveit_resources_prbt_moveit_config:/home/nithish/ws_moveit2/install/moveit_ros_move_group:/home/nithish/ws_moveit2/install/moveit_planners_ompl:/home/nithish/ws_moveit2/install/moveit_ros_planning:/home/nithish/ws_moveit2/install/moveit_ros_occupancy_map_monitor:/home/nithish/ws_moveit2/install/moveit_resources_prbt_support:/home/nithish/ws_moveit2/install/moveit_resources_prbt_ikfast_manipulator_plugin:/home/nithish/ws_moveit2/install/moveit_planners_chomp:/home/nithish/ws_moveit2/install/moveit_kinematics:/home/nithish/ws_moveit2/install/moveit_chomp_optimizer_adapter:/home/nithish/ws_moveit2/install/chomp_motion_planner:/home/nithish/ws_moveit2/install/moveit_core:/home/nithish/ws_moveit2/install/moveit_common:/home/nithish/rviz2_ws/install:/home/nithish/robotic_arm_ws/install/ur_simulation_gz:/home/nithish/robotic_arm_ws/install/ur:/home/nithish/robotic_arm_ws/install/ur_calibration:/home/nithish/robotic_arm_ws/install/ur_robot_driver:/home/nithish/robotic_arm_ws/install/ur_moveit_config:/home/nithish/robotic_arm_ws/install/ur_bringup:/home/nithish/robotic_arm_ws/install/ur_description:/home/nithish/robotic_arm_ws/install/ur_controllers:/home/nithish/robotic_arm_ws/install/ur_dashboard_msgs:/home/nithish/slam_hexapod_5th_jan/install/realsense_imu_fusion:/home/nithish/slam_hexapod_5th_jan/install/hexapod_mapping:/home/nithish/slam_hexapod_5th_jan/install/hexapod_controller:/home/nithish/slam_hexapod_5th_jan/install/depth_to_laserscan:/home/nithish/ws_moveit2/install/moveit_configs_utils:/home/nithish/robotic_arm_ws/install/path_planner:/opt/ros/humble /usr/bin/cmake --build /home/nithish/ur10e_ws/build/my_moveit_config -- -j12 -l12
[0.757s] DEBUG:colcon.colcon_core.event_handler.log_command:Invoked command in '/home/nithish/ur10e_ws/build/ur_simulation_gazebo' returned '0': AMENT_PREFIX_PATH=/home/nithish/ur10e_ws/install/ur_description:${AMENT_PREFIX_PATH} CMAKE_PREFIX_PATH=/home/nithish/ur10e_ws/install/ur_description:/home/nithish/slam_hexapod_5th_jan/install/hexapod_description:/home/nithish/ws_moveit2/install/pilz_industrial_motion_planner_testutils:/home/nithish/ws_moveit2/install/moveit_runtime:/home/nithish/ws_moveit2/install/moveit:/home/nithish/ws_moveit2/install/moveit_planners:/home/nithish/ws_moveit2/install/pilz_industrial_motion_planner:/home/nithish/ws_moveit2/install/moveit_ros_control_interface:/home/nithish/ws_moveit2/install/moveit_plugins:/home/nithish/ws_moveit2/install/moveit_simple_controller_manager:/home/nithish/ws_moveit2/install/moveit_setup_assistant:/home/nithish/ws_moveit2/install/moveit_setup_srdf_plugins:/home/nithish/ws_moveit2/install/moveit_setup_core_plugins:/home/nithish/ws_moveit2/install/moveit_setup_controllers:/home/nithish/ws_moveit2/install/moveit_setup_app_plugins:/home/nithish/ws_moveit2/install/moveit_setup_framework:/home/nithish/ws_moveit2/install/moveit_servo:/home/nithish/ws_moveit2/install/moveit_ros:/home/nithish/ws_moveit2/install/moveit_ros_visualization:/home/nithish/ws_moveit2/install/moveit_hybrid_planning:/home/nithish/ws_moveit2/install/moveit_ros_planning_interface:/home/nithish/ws_moveit2/install/moveit_ros_benchmarks:/home/nithish/ws_moveit2/install/moveit_ros_warehouse:/home/nithish/ws_moveit2/install/moveit_ros_robot_interaction:/home/nithish/ws_moveit2/install/moveit_ros_perception:/home/nithish/ws_moveit2/install/moveit_resources_prbt_pg70_support:/home/nithish/ws_moveit2/install/moveit_resources_prbt_moveit_config:/home/nithish/ws_moveit2/install/moveit_ros_move_group:/home/nithish/ws_moveit2/install/moveit_planners_ompl:/home/nithish/ws_moveit2/install/moveit_ros_planning:/home/nithish/ws_moveit2/install/moveit_ros_occupancy_map_monitor:/home/nithish/ws_moveit2/install/moveit_resources_prbt_support:/home/nithish/ws_moveit2/install/moveit_resources_prbt_ikfast_manipulator_plugin:/home/nithish/ws_moveit2/install/moveit_planners_chomp:/home/nithish/ws_moveit2/install/moveit_kinematics:/home/nithish/ws_moveit2/install/moveit_chomp_optimizer_adapter:/home/nithish/ws_moveit2/install/chomp_motion_planner:/home/nithish/ws_moveit2/install/moveit_core:/home/nithish/ws_moveit2/install/moveit_common:/home/nithish/rviz2_ws/install:/home/nithish/robotic_arm_ws/install/ur_simulation_gz:/home/nithish/robotic_arm_ws/install/ur:/home/nithish/robotic_arm_ws/install/ur_calibration:/home/nithish/robotic_arm_ws/install/ur_robot_driver:/home/nithish/robotic_arm_ws/install/ur_moveit_config:/home/nithish/robotic_arm_ws/install/ur_bringup:/home/nithish/robotic_arm_ws/install/ur_description:/home/nithish/robotic_arm_ws/install/ur_controllers:/home/nithish/robotic_arm_ws/install/ur_dashboard_msgs:/home/nithish/slam_hexapod_5th_jan/install/realsense_imu_fusion:/home/nithish/slam_hexapod_5th_jan/install/hexapod_mapping:/home/nithish/slam_hexapod_5th_jan/install/hexapod_controller:/home/nithish/slam_hexapod_5th_jan/install/depth_to_laserscan:/home/nithish/ws_moveit2/install/moveit_configs_utils:/home/nithish/robotic_arm_ws/install/path_planner:/opt/ros/humble /usr/bin/cmake --build /home/nithish/ur10e_ws/build/ur_simulation_gazebo -- -j12 -l12
[0.760s] DEBUG:colcon.colcon_core.event_handler.log_command:Invoking command in '/home/nithish/ur10e_ws/build/ur_simulation_gazebo': AMENT_PREFIX_PATH=/home/nithish/ur10e_ws/install/ur_description:${AMENT_PREFIX_PATH} CMAKE_PREFIX_PATH=/home/nithish/ur10e_ws/install/ur_description:/home/nithish/slam_hexapod_5th_jan/install/hexapod_description:/home/nithish/ws_moveit2/install/pilz_industrial_motion_planner_testutils:/home/nithish/ws_moveit2/install/moveit_runtime:/home/nithish/ws_moveit2/install/moveit:/home/nithish/ws_moveit2/install/moveit_planners:/home/nithish/ws_moveit2/install/pilz_industrial_motion_planner:/home/nithish/ws_moveit2/install/moveit_ros_control_interface:/home/nithish/ws_moveit2/install/moveit_plugins:/home/nithish/ws_moveit2/install/moveit_simple_controller_manager:/home/nithish/ws_moveit2/install/moveit_setup_assistant:/home/nithish/ws_moveit2/install/moveit_setup_srdf_plugins:/home/nithish/ws_moveit2/install/moveit_setup_core_plugins:/home/nithish/ws_moveit2/install/moveit_setup_controllers:/home/nithish/ws_moveit2/install/moveit_setup_app_plugins:/home/nithish/ws_moveit2/install/moveit_setup_framework:/home/nithish/ws_moveit2/install/moveit_servo:/home/nithish/ws_moveit2/install/moveit_ros:/home/nithish/ws_moveit2/install/moveit_ros_visualization:/home/nithish/ws_moveit2/install/moveit_hybrid_planning:/home/nithish/ws_moveit2/install/moveit_ros_planning_interface:/home/nithish/ws_moveit2/install/moveit_ros_benchmarks:/home/nithish/ws_moveit2/install/moveit_ros_warehouse:/home/nithish/ws_moveit2/install/moveit_ros_robot_interaction:/home/nithish/ws_moveit2/install/moveit_ros_perception:/home/nithish/ws_moveit2/install/moveit_resources_prbt_pg70_support:/home/nithish/ws_moveit2/install/moveit_resources_prbt_moveit_config:/home/nithish/ws_moveit2/install/moveit_ros_move_group:/home/nithish/ws_moveit2/install/moveit_planners_ompl:/home/nithish/ws_moveit2/install/moveit_ros_planning:/home/nithish/ws_moveit2/install/moveit_ros_occupancy_map_monitor:/home/nithish/ws_moveit2/install/moveit_resources_prbt_support:/home/nithish/ws_moveit2/install/moveit_resources_prbt_ikfast_manipulator_plugin:/home/nithish/ws_moveit2/install/moveit_planners_chomp:/home/nithish/ws_moveit2/install/moveit_kinematics:/home/nithish/ws_moveit2/install/moveit_chomp_optimizer_adapter:/home/nithish/ws_moveit2/install/chomp_motion_planner:/home/nithish/ws_moveit2/install/moveit_core:/home/nithish/ws_moveit2/install/moveit_common:/home/nithish/rviz2_ws/install:/home/nithish/robotic_arm_ws/install/ur_simulation_gz:/home/nithish/robotic_arm_ws/install/ur:/home/nithish/robotic_arm_ws/install/ur_calibration:/home/nithish/robotic_arm_ws/install/ur_robot_driver:/home/nithish/robotic_arm_ws/install/ur_moveit_config:/home/nithish/robotic_arm_ws/install/ur_bringup:/home/nithish/robotic_arm_ws/install/ur_description:/home/nithish/robotic_arm_ws/install/ur_controllers:/home/nithish/robotic_arm_ws/install/ur_dashboard_msgs:/home/nithish/slam_hexapod_5th_jan/install/realsense_imu_fusion:/home/nithish/slam_hexapod_5th_jan/install/hexapod_mapping:/home/nithish/slam_hexapod_5th_jan/install/hexapod_controller:/home/nithish/slam_hexapod_5th_jan/install/depth_to_laserscan:/home/nithish/ws_moveit2/install/moveit_configs_utils:/home/nithish/robotic_arm_ws/install/path_planner:/opt/ros/humble /usr/bin/cmake --install /home/nithish/ur10e_ws/build/ur_simulation_gazebo
[0.769s] DEBUG:colcon.colcon_core.event_handler.log_command:Invoked command in '/home/nithish/ur10e_ws/build/my_moveit_config' returned '0': AMENT_PREFIX_PATH=/home/nithish/ur10e_ws/install/ur_description:${AMENT_PREFIX_PATH} CMAKE_PREFIX_PATH=/home/nithish/ur10e_ws/install/ur_description:/home/nithish/slam_hexapod_5th_jan/install/hexapod_description:/home/nithish/ws_moveit2/install/pilz_industrial_motion_planner_testutils:/home/nithish/ws_moveit2/install/moveit_runtime:/home/nithish/ws_moveit2/install/moveit:/home/nithish/ws_moveit2/install/moveit_planners:/home/nithish/ws_moveit2/install/pilz_industrial_motion_planner:/home/nithish/ws_moveit2/install/moveit_ros_control_interface:/home/nithish/ws_moveit2/install/moveit_plugins:/home/nithish/ws_moveit2/install/moveit_simple_controller_manager:/home/nithish/ws_moveit2/install/moveit_setup_assistant:/home/nithish/ws_moveit2/install/moveit_setup_srdf_plugins:/home/nithish/ws_moveit2/install/moveit_setup_core_plugins:/home/nithish/ws_moveit2/install/moveit_setup_controllers:/home/nithish/ws_moveit2/install/moveit_setup_app_plugins:/home/nithish/ws_moveit2/install/moveit_setup_framework:/home/nithish/ws_moveit2/install/moveit_servo:/home/nithish/ws_moveit2/install/moveit_ros:/home/nithish/ws_moveit2/install/moveit_ros_visualization:/home/nithish/ws_moveit2/install/moveit_hybrid_planning:/home/nithish/ws_moveit2/install/moveit_ros_planning_interface:/home/nithish/ws_moveit2/install/moveit_ros_benchmarks:/home/nithish/ws_moveit2/install/moveit_ros_warehouse:/home/nithish/ws_moveit2/install/moveit_ros_robot_interaction:/home/nithish/ws_moveit2/install/moveit_ros_perception:/home/nithish/ws_moveit2/install/moveit_resources_prbt_pg70_support:/home/nithish/ws_moveit2/install/moveit_resources_prbt_moveit_config:/home/nithish/ws_moveit2/install/moveit_ros_move_group:/home/nithish/ws_moveit2/install/moveit_planners_ompl:/home/nithish/ws_moveit2/install/moveit_ros_planning:/home/nithish/ws_moveit2/install/moveit_ros_occupancy_map_monitor:/home/nithish/ws_moveit2/install/moveit_resources_prbt_support:/home/nithish/ws_moveit2/install/moveit_resources_prbt_ikfast_manipulator_plugin:/home/nithish/ws_moveit2/install/moveit_planners_chomp:/home/nithish/ws_moveit2/install/moveit_kinematics:/home/nithish/ws_moveit2/install/moveit_chomp_optimizer_adapter:/home/nithish/ws_moveit2/install/chomp_motion_planner:/home/nithish/ws_moveit2/install/moveit_core:/home/nithish/ws_moveit2/install/moveit_common:/home/nithish/rviz2_ws/install:/home/nithish/robotic_arm_ws/install/ur_simulation_gz:/home/nithish/robotic_arm_ws/install/ur:/home/nithish/robotic_arm_ws/install/ur_calibration:/home/nithish/robotic_arm_ws/install/ur_robot_driver:/home/nithish/robotic_arm_ws/install/ur_moveit_config:/home/nithish/robotic_arm_ws/install/ur_bringup:/home/nithish/robotic_arm_ws/install/ur_description:/home/nithish/robotic_arm_ws/install/ur_controllers:/home/nithish/robotic_arm_ws/install/ur_dashboard_msgs:/home/nithish/slam_hexapod_5th_jan/install/realsense_imu_fusion:/home/nithish/slam_hexapod_5th_jan/install/hexapod_mapping:/home/nithish/slam_hexapod_5th_jan/install/hexapod_controller:/home/nithish/slam_hexapod_5th_jan/install/depth_to_laserscan:/home/nithish/ws_moveit2/install/moveit_configs_utils:/home/nithish/robotic_arm_ws/install/path_planner:/opt/ros/humble /usr/bin/cmake --build /home/nithish/ur10e_ws/build/my_moveit_config -- -j12 -l12
[0.771s] DEBUG:colcon.colcon_core.event_handler.log_command:Invoking command in '/home/nithish/ur10e_ws/build/my_moveit_config': AMENT_PREFIX_PATH=/home/nithish/ur10e_ws/install/ur_description:${AMENT_PREFIX_PATH} CMAKE_PREFIX_PATH=/home/nithish/ur10e_ws/install/ur_description:/home/nithish/slam_hexapod_5th_jan/install/hexapod_description:/home/nithish/ws_moveit2/install/pilz_industrial_motion_planner_testutils:/home/nithish/ws_moveit2/install/moveit_runtime:/home/nithish/ws_moveit2/install/moveit:/home/nithish/ws_moveit2/install/moveit_planners:/home/nithish/ws_moveit2/install/pilz_industrial_motion_planner:/home/nithish/ws_moveit2/install/moveit_ros_control_interface:/home/nithish/ws_moveit2/install/moveit_plugins:/home/nithish/ws_moveit2/install/moveit_simple_controller_manager:/home/nithish/ws_moveit2/install/moveit_setup_assistant:/home/nithish/ws_moveit2/install/moveit_setup_srdf_plugins:/home/nithish/ws_moveit2/install/moveit_setup_core_plugins:/home/nithish/ws_moveit2/install/moveit_setup_controllers:/home/nithish/ws_moveit2/install/moveit_setup_app_plugins:/home/nithish/ws_moveit2/install/moveit_setup_framework:/home/nithish/ws_moveit2/install/moveit_servo:/home/nithish/ws_moveit2/install/moveit_ros:/home/nithish/ws_moveit2/install/moveit_ros_visualization:/home/nithish/ws_moveit2/install/moveit_hybrid_planning:/home/nithish/ws_moveit2/install/moveit_ros_planning_interface:/home/nithish/ws_moveit2/install/moveit_ros_benchmarks:/home/nithish/ws_moveit2/install/moveit_ros_warehouse:/home/nithish/ws_moveit2/install/moveit_ros_robot_interaction:/home/nithish/ws_moveit2/install/moveit_ros_perception:/home/nithish/ws_moveit2/install/moveit_resources_prbt_pg70_support:/home/nithish/ws_moveit2/install/moveit_resources_prbt_moveit_config:/home/nithish/ws_moveit2/install/moveit_ros_move_group:/home/nithish/ws_moveit2/install/moveit_planners_ompl:/home/nithish/ws_moveit2/install/moveit_ros_planning:/home/nithish/ws_moveit2/install/moveit_ros_occupancy_map_monitor:/home/nithish/ws_moveit2/install/moveit_resources_prbt_support:/home/nithish/ws_moveit2/install/moveit_resources_prbt_ikfast_manipulator_plugin:/home/nithish/ws_moveit2/install/moveit_planners_chomp:/home/nithish/ws_moveit2/install/moveit_kinematics:/home/nithish/ws_moveit2/install/moveit_chomp_optimizer_adapter:/home/nithish/ws_moveit2/install/chomp_motion_planner:/home/nithish/ws_moveit2/install/moveit_core:/home/nithish/ws_moveit2/install/moveit_common:/home/nithish/rviz2_ws/install:/home/nithish/robotic_arm_ws/install/ur_simulation_gz:/home/nithish/robotic_arm_ws/install/ur:/home/nithish/robotic_arm_ws/install/ur_calibration:/home/nithish/robotic_arm_ws/install/ur_robot_driver:/home/nithish/robotic_arm_ws/install/ur_moveit_config:/home/nithish/robotic_arm_ws/install/ur_bringup:/home/nithish/robotic_arm_ws/install/ur_description:/home/nithish/robotic_arm_ws/install/ur_controllers:/home/nithish/robotic_arm_ws/install/ur_dashboard_msgs:/home/nithish/slam_hexapod_5th_jan/install/realsense_imu_fusion:/home/nithish/slam_hexapod_5th_jan/install/hexapod_mapping:/home/nithish/slam_hexapod_5th_jan/install/hexapod_controller:/home/nithish/slam_hexapod_5th_jan/install/depth_to_laserscan:/home/nithish/ws_moveit2/install/moveit_configs_utils:/home/nithish/robotic_arm_ws/install/path_planner:/opt/ros/humble /usr/bin/cmake --install /home/nithish/ur10e_ws/build/my_moveit_config
[0.779s] Level 1:colcon.colcon_core.environment:create_environment_scripts_only(ur_simulation_gazebo)
[0.780s] Level 1:colcon.colcon_core.environment:checking '/home/nithish/ur10e_ws/install/ur_simulation_gazebo' for CMake module files
[0.781s] DEBUG:colcon.colcon_core.event_handler.log_command:Invoked command in '/home/nithish/ur10e_ws/build/ur_simulation_gazebo' returned '0': AMENT_PREFIX_PATH=/home/nithish/ur10e_ws/install/ur_description:${AMENT_PREFIX_PATH} CMAKE_PREFIX_PATH=/home/nithish/ur10e_ws/install/ur_description:/home/nithish/slam_hexapod_5th_jan/install/hexapod_description:/home/nithish/ws_moveit2/install/pilz_industrial_motion_planner_testutils:/home/nithish/ws_moveit2/install/moveit_runtime:/home/nithish/ws_moveit2/install/moveit:/home/nithish/ws_moveit2/install/moveit_planners:/home/nithish/ws_moveit2/install/pilz_industrial_motion_planner:/home/nithish/ws_moveit2/install/moveit_ros_control_interface:/home/nithish/ws_moveit2/install/moveit_plugins:/home/nithish/ws_moveit2/install/moveit_simple_controller_manager:/home/nithish/ws_moveit2/install/moveit_setup_assistant:/home/nithish/ws_moveit2/install/moveit_setup_srdf_plugins:/home/nithish/ws_moveit2/install/moveit_setup_core_plugins:/home/nithish/ws_moveit2/install/moveit_setup_controllers:/home/nithish/ws_moveit2/install/moveit_setup_app_plugins:/home/nithish/ws_moveit2/install/moveit_setup_framework:/home/nithish/ws_moveit2/install/moveit_servo:/home/nithish/ws_moveit2/install/moveit_ros:/home/nithish/ws_moveit2/install/moveit_ros_visualization:/home/nithish/ws_moveit2/install/moveit_hybrid_planning:/home/nithish/ws_moveit2/install/moveit_ros_planning_interface:/home/nithish/ws_moveit2/install/moveit_ros_benchmarks:/home/nithish/ws_moveit2/install/moveit_ros_warehouse:/home/nithish/ws_moveit2/install/moveit_ros_robot_interaction:/home/nithish/ws_moveit2/install/moveit_ros_perception:/home/nithish/ws_moveit2/install/moveit_resources_prbt_pg70_support:/home/nithish/ws_moveit2/install/moveit_resources_prbt_moveit_config:/home/nithish/ws_moveit2/install/moveit_ros_move_group:/home/nithish/ws_moveit2/install/moveit_planners_ompl:/home/nithish/ws_moveit2/install/moveit_ros_planning:/home/nithish/ws_moveit2/install/moveit_ros_occupancy_map_monitor:/home/nithish/ws_moveit2/install/moveit_resources_prbt_support:/home/nithish/ws_moveit2/install/moveit_resources_prbt_ikfast_manipulator_plugin:/home/nithish/ws_moveit2/install/moveit_planners_chomp:/home/nithish/ws_moveit2/install/moveit_kinematics:/home/nithish/ws_moveit2/install/moveit_chomp_optimizer_adapter:/home/nithish/ws_moveit2/install/chomp_motion_planner:/home/nithish/ws_moveit2/install/moveit_core:/home/nithish/ws_moveit2/install/moveit_common:/home/nithish/rviz2_ws/install:/home/nithish/robotic_arm_ws/install/ur_simulation_gz:/home/nithish/robotic_arm_ws/install/ur:/home/nithish/robotic_arm_ws/install/ur_calibration:/home/nithish/robotic_arm_ws/install/ur_robot_driver:/home/nithish/robotic_arm_ws/install/ur_moveit_config:/home/nithish/robotic_arm_ws/install/ur_bringup:/home/nithish/robotic_arm_ws/install/ur_description:/home/nithish/robotic_arm_ws/install/ur_controllers:/home/nithish/robotic_arm_ws/install/ur_dashboard_msgs:/home/nithish/slam_hexapod_5th_jan/install/realsense_imu_fusion:/home/nithish/slam_hexapod_5th_jan/install/hexapod_mapping:/home/nithish/slam_hexapod_5th_jan/install/hexapod_controller:/home/nithish/slam_hexapod_5th_jan/install/depth_to_laserscan:/home/nithish/ws_moveit2/install/moveit_configs_utils:/home/nithish/robotic_arm_ws/install/path_planner:/opt/ros/humble /usr/bin/cmake --install /home/nithish/ur10e_ws/build/ur_simulation_gazebo
[0.781s] Level 1:colcon.colcon_core.environment:checking '/home/nithish/ur10e_ws/install/ur_simulation_gazebo' for CMake config files
[0.782s] Level 1:colcon.colcon_core.shell:create_environment_hook('ur_simulation_gazebo', 'cmake_prefix_path')
[0.782s] INFO:colcon.colcon_core.shell:Creating environment hook '/home/nithish/ur10e_ws/install/ur_simulation_gazebo/share/ur_simulation_gazebo/hook/cmake_prefix_path.ps1'
[0.784s] INFO:colcon.colcon_core.shell:Creating environment descriptor '/home/nithish/ur10e_ws/install/ur_simulation_gazebo/share/ur_simulation_gazebo/hook/cmake_prefix_path.dsv'
[0.784s] INFO:colcon.colcon_core.shell:Creating environment hook '/home/nithish/ur10e_ws/install/ur_simulation_gazebo/share/ur_simulation_gazebo/hook/cmake_prefix_path.sh'
[0.785s] Level 1:colcon.colcon_core.environment:checking '/home/nithish/ur10e_ws/install/ur_simulation_gazebo/bin'
[0.786s] Level 1:colcon.colcon_core.environment:checking '/home/nithish/ur10e_ws/install/ur_simulation_gazebo/lib/pkgconfig/ur_simulation_gazebo.pc'
[0.786s] Level 1:colcon.colcon_core.environment:checking '/home/nithish/ur10e_ws/install/ur_simulation_gazebo/lib/python3.10/site-packages'
[0.787s] Level 1:colcon.colcon_core.environment:checking '/home/nithish/ur10e_ws/install/ur_simulation_gazebo/bin'
[0.788s] INFO:colcon.colcon_core.shell:Creating package script '/home/nithish/ur10e_ws/install/ur_simulation_gazebo/share/ur_simulation_gazebo/package.ps1'
[0.792s] INFO:colcon.colcon_core.shell:Creating package descriptor '/home/nithish/ur10e_ws/install/ur_simulation_gazebo/share/ur_simulation_gazebo/package.dsv'
[0.794s] INFO:colcon.colcon_core.shell:Creating package script '/home/nithish/ur10e_ws/install/ur_simulation_gazebo/share/ur_simulation_gazebo/package.sh'
[0.795s] INFO:colcon.colcon_core.shell:Creating package script '/home/nithish/ur10e_ws/install/ur_simulation_gazebo/share/ur_simulation_gazebo/package.bash'
[0.796s] INFO:colcon.colcon_core.shell:Creating package script '/home/nithish/ur10e_ws/install/ur_simulation_gazebo/share/ur_simulation_gazebo/package.zsh'
[0.796s] Level 1:colcon.colcon_core.environment:create_file_with_runtime_dependencies(/home/nithish/ur10e_ws/install/ur_simulation_gazebo/share/colcon-core/packages/ur_simulation_gazebo)
[0.797s] Level 1:colcon.colcon_core.environment:create_environment_scripts_only(ur_simulation_gazebo)
[0.798s] Level 1:colcon.colcon_core.environment:checking '/home/nithish/ur10e_ws/install/ur_simulation_gazebo' for CMake module files
[0.798s] Level 1:colcon.colcon_core.environment:checking '/home/nithish/ur10e_ws/install/ur_simulation_gazebo' for CMake config files
[0.799s] Level 1:colcon.colcon_core.shell:create_environment_hook('ur_simulation_gazebo', 'cmake_prefix_path')
[0.799s] INFO:colcon.colcon_core.shell:Creating environment hook '/home/nithish/ur10e_ws/install/ur_simulation_gazebo/share/ur_simulation_gazebo/hook/cmake_prefix_path.ps1'
[0.800s] INFO:colcon.colcon_core.shell:Creating environment descriptor '/home/nithish/ur10e_ws/install/ur_simulation_gazebo/share/ur_simulation_gazebo/hook/cmake_prefix_path.dsv'
[0.800s] INFO:colcon.colcon_core.shell:Creating environment hook '/home/nithish/ur10e_ws/install/ur_simulation_gazebo/share/ur_simulation_gazebo/hook/cmake_prefix_path.sh'
[0.801s] Level 1:colcon.colcon_core.environment:checking '/home/nithish/ur10e_ws/install/ur_simulation_gazebo/bin'
[0.801s] Level 1:colcon.colcon_core.environment:checking '/home/nithish/ur10e_ws/install/ur_simulation_gazebo/lib/pkgconfig/ur_simulation_gazebo.pc'
[0.802s] Level 1:colcon.colcon_core.environment:checking '/home/nithish/ur10e_ws/install/ur_simulation_gazebo/lib/python3.10/site-packages'
[0.802s] Level 1:colcon.colcon_core.environment:checking '/home/nithish/ur10e_ws/install/ur_simulation_gazebo/bin'
[0.802s] INFO:colcon.colcon_core.shell:Creating package script '/home/nithish/ur10e_ws/install/ur_simulation_gazebo/share/ur_simulation_gazebo/package.ps1'
[0.803s] INFO:colcon.colcon_core.shell:Creating package descriptor '/home/nithish/ur10e_ws/install/ur_simulation_gazebo/share/ur_simulation_gazebo/package.dsv'
[0.803s] INFO:colcon.colcon_core.shell:Creating package script '/home/nithish/ur10e_ws/install/ur_simulation_gazebo/share/ur_simulation_gazebo/package.sh'
[0.803s] INFO:colcon.colcon_core.shell:Creating package script '/home/nithish/ur10e_ws/install/ur_simulation_gazebo/share/ur_simulation_gazebo/package.bash'
[0.804s] INFO:colcon.colcon_core.shell:Creating package script '/home/nithish/ur10e_ws/install/ur_simulation_gazebo/share/ur_simulation_gazebo/package.zsh'
[0.804s] Level 1:colcon.colcon_core.environment:create_file_with_runtime_dependencies(/home/nithish/ur10e_ws/install/ur_simulation_gazebo/share/colcon-core/packages/ur_simulation_gazebo)
[0.804s] INFO:colcon.colcon_ros.task.ament_cmake.build:Building ROS package in '/home/nithish/ur10e_ws/src/ros2_nr_motion_control' with build type 'ament_cmake'
[0.805s] INFO:colcon.colcon_cmake.task.cmake.build:Building CMake package in '/home/nithish/ur10e_ws/src/ros2_nr_motion_control'
[0.805s] INFO:colcon.colcon_core.shell:Skip shell extension 'powershell' for command environment: Not usable outside of PowerShell
[0.805s] DEBUG:colcon.colcon_core.shell:Skip shell extension 'dsv' for command environment
[0.815s] Level 1:colcon.colcon_core.environment:create_environment_scripts_only(my_moveit_config)
[0.815s] Level 1:colcon.colcon_core.environment:checking '/home/nithish/ur10e_ws/install/my_moveit_config' for CMake module files
[0.816s] DEBUG:colcon.colcon_core.event_handler.log_command:Invoked command in '/home/nithish/ur10e_ws/build/my_moveit_config' returned '0': AMENT_PREFIX_PATH=/home/nithish/ur10e_ws/install/ur_description:${AMENT_PREFIX_PATH} CMAKE_PREFIX_PATH=/home/nithish/ur10e_ws/install/ur_description:/home/nithish/slam_hexapod_5th_jan/install/hexapod_description:/home/nithish/ws_moveit2/install/pilz_industrial_motion_planner_testutils:/home/nithish/ws_moveit2/install/moveit_runtime:/home/nithish/ws_moveit2/install/moveit:/home/nithish/ws_moveit2/install/moveit_planners:/home/nithish/ws_moveit2/install/pilz_industrial_motion_planner:/home/nithish/ws_moveit2/install/moveit_ros_control_interface:/home/nithish/ws_moveit2/install/moveit_plugins:/home/nithish/ws_moveit2/install/moveit_simple_controller_manager:/home/nithish/ws_moveit2/install/moveit_setup_assistant:/home/nithish/ws_moveit2/install/moveit_setup_srdf_plugins:/home/nithish/ws_moveit2/install/moveit_setup_core_plugins:/home/nithish/ws_moveit2/install/moveit_setup_controllers:/home/nithish/ws_moveit2/install/moveit_setup_app_plugins:/home/nithish/ws_moveit2/install/moveit_setup_framework:/home/nithish/ws_moveit2/install/moveit_servo:/home/nithish/ws_moveit2/install/moveit_ros:/home/nithish/ws_moveit2/install/moveit_ros_visualization:/home/nithish/ws_moveit2/install/moveit_hybrid_planning:/home/nithish/ws_moveit2/install/moveit_ros_planning_interface:/home/nithish/ws_moveit2/install/moveit_ros_benchmarks:/home/nithish/ws_moveit2/install/moveit_ros_warehouse:/home/nithish/ws_moveit2/install/moveit_ros_robot_interaction:/home/nithish/ws_moveit2/install/moveit_ros_perception:/home/nithish/ws_moveit2/install/moveit_resources_prbt_pg70_support:/home/nithish/ws_moveit2/install/moveit_resources_prbt_moveit_config:/home/nithish/ws_moveit2/install/moveit_ros_move_group:/home/nithish/ws_moveit2/install/moveit_planners_ompl:/home/nithish/ws_moveit2/install/moveit_ros_planning:/home/nithish/ws_moveit2/install/moveit_ros_occupancy_map_monitor:/home/nithish/ws_moveit2/install/moveit_resources_prbt_support:/home/nithish/ws_moveit2/install/moveit_resources_prbt_ikfast_manipulator_plugin:/home/nithish/ws_moveit2/install/moveit_planners_chomp:/home/nithish/ws_moveit2/install/moveit_kinematics:/home/nithish/ws_moveit2/install/moveit_chomp_optimizer_adapter:/home/nithish/ws_moveit2/install/chomp_motion_planner:/home/nithish/ws_moveit2/install/moveit_core:/home/nithish/ws_moveit2/install/moveit_common:/home/nithish/rviz2_ws/install:/home/nithish/robotic_arm_ws/install/ur_simulation_gz:/home/nithish/robotic_arm_ws/install/ur:/home/nithish/robotic_arm_ws/install/ur_calibration:/home/nithish/robotic_arm_ws/install/ur_robot_driver:/home/nithish/robotic_arm_ws/install/ur_moveit_config:/home/nithish/robotic_arm_ws/install/ur_bringup:/home/nithish/robotic_arm_ws/install/ur_description:/home/nithish/robotic_arm_ws/install/ur_controllers:/home/nithish/robotic_arm_ws/install/ur_dashboard_msgs:/home/nithish/slam_hexapod_5th_jan/install/realsense_imu_fusion:/home/nithish/slam_hexapod_5th_jan/install/hexapod_mapping:/home/nithish/slam_hexapod_5th_jan/install/hexapod_controller:/home/nithish/slam_hexapod_5th_jan/install/depth_to_laserscan:/home/nithish/ws_moveit2/install/moveit_configs_utils:/home/nithish/robotic_arm_ws/install/path_planner:/opt/ros/humble /usr/bin/cmake --install /home/nithish/ur10e_ws/build/my_moveit_config
[0.816s] Level 1:colcon.colcon_core.environment:checking '/home/nithish/ur10e_ws/install/my_moveit_config' for CMake config files
[0.817s] Level 1:colcon.colcon_core.shell:create_environment_hook('my_moveit_config', 'cmake_prefix_path')
[0.817s] INFO:colcon.colcon_core.shell:Creating environment hook '/home/nithish/ur10e_ws/install/my_moveit_config/share/my_moveit_config/hook/cmake_prefix_path.ps1'
[0.818s] INFO:colcon.colcon_core.shell:Creating environment descriptor '/home/nithish/ur10e_ws/install/my_moveit_config/share/my_moveit_config/hook/cmake_prefix_path.dsv'
[0.818s] INFO:colcon.colcon_core.shell:Creating environment hook '/home/nithish/ur10e_ws/install/my_moveit_config/share/my_moveit_config/hook/cmake_prefix_path.sh'
[0.819s] Level 1:colcon.colcon_core.environment:checking '/home/nithish/ur10e_ws/install/my_moveit_config/bin'
[0.820s] Level 1:colcon.colcon_core.environment:checking '/home/nithish/ur10e_ws/install/my_moveit_config/lib/pkgconfig/my_moveit_config.pc'
[0.820s] Level 1:colcon.colcon_core.environment:checking '/home/nithish/ur10e_ws/install/my_moveit_config/lib/python3.10/site-packages'
[0.821s] Level 1:colcon.colcon_core.environment:checking '/home/nithish/ur10e_ws/install/my_moveit_config/bin'
[0.821s] INFO:colcon.colcon_core.shell:Creating package script '/home/nithish/ur10e_ws/install/my_moveit_config/share/my_moveit_config/package.ps1'
[0.822s] INFO:colcon.colcon_core.shell:Creating package descriptor '/home/nithish/ur10e_ws/install/my_moveit_config/share/my_moveit_config/package.dsv'
[0.823s] INFO:colcon.colcon_core.shell:Creating package script '/home/nithish/ur10e_ws/install/my_moveit_config/share/my_moveit_config/package.sh'
[0.824s] INFO:colcon.colcon_core.shell:Creating package script '/home/nithish/ur10e_ws/install/my_moveit_config/share/my_moveit_config/package.bash'
[0.824s] INFO:colcon.colcon_core.shell:Creating package script '/home/nithish/ur10e_ws/install/my_moveit_config/share/my_moveit_config/package.zsh'
[0.825s] Level 1:colcon.colcon_core.environment:create_file_with_runtime_dependencies(/home/nithish/ur10e_ws/install/my_moveit_config/share/colcon-core/packages/my_moveit_config)
[0.826s] Level 1:colcon.colcon_core.environment:create_environment_scripts_only(my_moveit_config)
[0.826s] Level 1:colcon.colcon_core.environment:checking '/home/nithish/ur10e_ws/install/my_moveit_config' for CMake module files
[0.827s] Level 1:colcon.colcon_core.environment:checking '/home/nithish/ur10e_ws/install/my_moveit_config' for CMake config files
[0.827s] Level 1:colcon.colcon_core.shell:create_environment_hook('my_moveit_config', 'cmake_prefix_path')
[0.828s] INFO:colcon.colcon_core.shell:Creating environment hook '/home/nithish/ur10e_ws/install/my_moveit_config/share/my_moveit_config/hook/cmake_prefix_path.ps1'
[0.829s] INFO:colcon.colcon_core.shell:Creating environment descriptor '/home/nithish/ur10e_ws/install/my_moveit_config/share/my_moveit_config/hook/cmake_prefix_path.dsv'
[0.830s] INFO:colcon.colcon_core.shell:Creating environment hook '/home/nithish/ur10e_ws/install/my_moveit_config/share/my_moveit_config/hook/cmake_prefix_path.sh'
[0.831s] Level 1:colcon.colcon_core.environment:checking '/home/nithish/ur10e_ws/install/my_moveit_config/bin'
[0.831s] Level 1:colcon.colcon_core.environment:checking '/home/nithish/ur10e_ws/install/my_moveit_config/lib/pkgconfig/my_moveit_config.pc'
[0.831s] Level 1:colcon.colcon_core.environment:checking '/home/nithish/ur10e_ws/install/my_moveit_config/lib/python3.10/site-packages'
[0.831s] Level 1:colcon.colcon_core.environment:checking '/home/nithish/ur10e_ws/install/my_moveit_config/bin'
[0.831s] INFO:colcon.colcon_core.shell:Creating package script '/home/nithish/ur10e_ws/install/my_moveit_config/share/my_moveit_config/package.ps1'
[0.832s] INFO:colcon.colcon_core.shell:Creating package descriptor '/home/nithish/ur10e_ws/install/my_moveit_config/share/my_moveit_config/package.dsv'
[0.832s] INFO:colcon.colcon_core.shell:Creating package script '/home/nithish/ur10e_ws/install/my_moveit_config/share/my_moveit_config/package.sh'
[0.833s] INFO:colcon.colcon_core.shell:Creating package script '/home/nithish/ur10e_ws/install/my_moveit_config/share/my_moveit_config/package.bash'
[0.833s] INFO:colcon.colcon_core.shell:Creating package script '/home/nithish/ur10e_ws/install/my_moveit_config/share/my_moveit_config/package.zsh'
[0.833s] Level 1:colcon.colcon_core.environment:create_file_with_runtime_dependencies(/home/nithish/ur10e_ws/install/my_moveit_config/share/colcon-core/packages/my_moveit_config)
[0.838s] DEBUG:colcon.colcon_core.event_handler.log_command:Invoking command in '/home/nithish/ur10e_ws/build/ros2_nr_motion_control': AMENT_PREFIX_PATH=/home/nithish/ur10e_ws/install/ur_simulation_gazebo:/home/nithish/ur10e_ws/install/ur_description:${AMENT_PREFIX_PATH} CMAKE_PREFIX_PATH=/home/nithish/ur10e_ws/install/ur_simulation_gazebo:/home/nithish/ur10e_ws/install/ur_description:/home/nithish/slam_hexapod_5th_jan/install/hexapod_description:/home/nithish/ws_moveit2/install/pilz_industrial_motion_planner_testutils:/home/nithish/ws_moveit2/install/moveit_runtime:/home/nithish/ws_moveit2/install/moveit:/home/nithish/ws_moveit2/install/moveit_planners:/home/nithish/ws_moveit2/install/pilz_industrial_motion_planner:/home/nithish/ws_moveit2/install/moveit_ros_control_interface:/home/nithish/ws_moveit2/install/moveit_plugins:/home/nithish/ws_moveit2/install/moveit_simple_controller_manager:/home/nithish/ws_moveit2/install/moveit_setup_assistant:/home/nithish/ws_moveit2/install/moveit_setup_srdf_plugins:/home/nithish/ws_moveit2/install/moveit_setup_core_plugins:/home/nithish/ws_moveit2/install/moveit_setup_controllers:/home/nithish/ws_moveit2/install/moveit_setup_app_plugins:/home/nithish/ws_moveit2/install/moveit_setup_framework:/home/nithish/ws_moveit2/install/moveit_servo:/home/nithish/ws_moveit2/install/moveit_ros:/home/nithish/ws_moveit2/install/moveit_ros_visualization:/home/nithish/ws_moveit2/install/moveit_hybrid_planning:/home/nithish/ws_moveit2/install/moveit_ros_planning_interface:/home/nithish/ws_moveit2/install/moveit_ros_benchmarks:/home/nithish/ws_moveit2/install/moveit_ros_warehouse:/home/nithish/ws_moveit2/install/moveit_ros_robot_interaction:/home/nithish/ws_moveit2/install/moveit_ros_perception:/home/nithish/ws_moveit2/install/moveit_resources_prbt_pg70_support:/home/nithish/ws_moveit2/install/moveit_resources_prbt_moveit_config:/home/nithish/ws_moveit2/install/moveit_ros_move_group:/home/nithish/ws_moveit2/install/moveit_planners_ompl:/home/nithish/ws_moveit2/install/moveit_ros_planning:/home/nithish/ws_moveit2/install/moveit_ros_occupancy_map_monitor:/home/nithish/ws_moveit2/install/moveit_resources_prbt_support:/home/nithish/ws_moveit2/install/moveit_resources_prbt_ikfast_manipulator_plugin:/home/nithish/ws_moveit2/install/moveit_planners_chomp:/home/nithish/ws_moveit2/install/moveit_kinematics:/home/nithish/ws_moveit2/install/moveit_chomp_optimizer_adapter:/home/nithish/ws_moveit2/install/chomp_motion_planner:/home/nithish/ws_moveit2/install/moveit_core:/home/nithish/ws_moveit2/install/moveit_common:/home/nithish/rviz2_ws/install:/home/nithish/robotic_arm_ws/install/ur_simulation_gz:/home/nithish/robotic_arm_ws/install/ur:/home/nithish/robotic_arm_ws/install/ur_calibration:/home/nithish/robotic_arm_ws/install/ur_robot_driver:/home/nithish/robotic_arm_ws/install/ur_moveit_config:/home/nithish/robotic_arm_ws/install/ur_bringup:/home/nithish/robotic_arm_ws/install/ur_description:/home/nithish/robotic_arm_ws/install/ur_controllers:/home/nithish/robotic_arm_ws/install/ur_dashboard_msgs:/home/nithish/slam_hexapod_5th_jan/install/realsense_imu_fusion:/home/nithish/slam_hexapod_5th_jan/install/hexapod_mapping:/home/nithish/slam_hexapod_5th_jan/install/hexapod_controller:/home/nithish/slam_hexapod_5th_jan/install/depth_to_laserscan:/home/nithish/ws_moveit2/install/moveit_configs_utils:/home/nithish/robotic_arm_ws/install/path_planner:/opt/ros/humble /usr/bin/cmake --build /home/nithish/ur10e_ws/build/ros2_nr_motion_control -- -j12 -l12
[1.077s] DEBUG:colcon.colcon_core.event_handler.log_command:Invoking command in '/home/nithish/ur10e_ws/src/wrench_bridge': PYTHONPATH=/home/nithish/ur10e_ws/build/wrench_bridge/prefix_override:/usr/lib/python3/dist-packages/colcon_core/task/python/colcon_distutils_commands:/home/nithish/ur10e_ws/install/wrench_bridge/lib/python3.10/site-packages:${PYTHONPATH} /usr/bin/python3 -W ignore:setup.py install is deprecated -W ignore:easy_install command is deprecated setup.py egg_info --egg-base ../../build/wrench_bridge build --build-base /home/nithish/ur10e_ws/build/wrench_bridge/build install --record /home/nithish/ur10e_ws/build/wrench_bridge/install.log --single-version-externally-managed install_data
[1.400s] Level 1:colcon.colcon_core.environment:checking '/home/nithish/ur10e_ws/install/wrench_bridge' for CMake module files
[1.401s] DEBUG:colcon.colcon_core.event_handler.log_command:Invoked command in '/home/nithish/ur10e_ws/src/wrench_bridge' returned '0': PYTHONPATH=/home/nithish/ur10e_ws/build/wrench_bridge/prefix_override:/usr/lib/python3/dist-packages/colcon_core/task/python/colcon_distutils_commands:/home/nithish/ur10e_ws/install/wrench_bridge/lib/python3.10/site-packages:${PYTHONPATH} /usr/bin/python3 -W ignore:setup.py install is deprecated -W ignore:easy_install command is deprecated setup.py egg_info --egg-base ../../build/wrench_bridge build --build-base /home/nithish/ur10e_ws/build/wrench_bridge/build install --record /home/nithish/ur10e_ws/build/wrench_bridge/install.log --single-version-externally-managed install_data
[1.401s] Level 1:colcon.colcon_core.environment:checking '/home/nithish/ur10e_ws/install/wrench_bridge' for CMake config files
[1.401s] Level 1:colcon.colcon_core.environment:checking '/home/nithish/ur10e_ws/install/wrench_bridge/lib'
[1.401s] Level 1:colcon.colcon_core.environment:checking '/home/nithish/ur10e_ws/install/wrench_bridge/bin'
[1.402s] Level 1:colcon.colcon_core.environment:checking '/home/nithish/ur10e_ws/install/wrench_bridge/lib/pkgconfig/wrench_bridge.pc'
[1.402s] Level 1:colcon.colcon_core.environment:checking '/home/nithish/ur10e_ws/install/wrench_bridge/lib/python3.10/site-packages'
[1.402s] Level 1:colcon.colcon_core.shell:create_environment_hook('wrench_bridge', 'pythonpath')
[1.402s] INFO:colcon.colcon_core.shell:Creating environment hook '/home/nithish/ur10e_ws/install/wrench_bridge/share/wrench_bridge/hook/pythonpath.ps1'
[1.402s] INFO:colcon.colcon_core.shell:Creating environment descriptor '/home/nithish/ur10e_ws/install/wrench_bridge/share/wrench_bridge/hook/pythonpath.dsv'
[1.403s] INFO:colcon.colcon_core.shell:Creating environment hook '/home/nithish/ur10e_ws/install/wrench_bridge/share/wrench_bridge/hook/pythonpath.sh'
[1.403s] Level 1:colcon.colcon_core.environment:checking '/home/nithish/ur10e_ws/install/wrench_bridge/bin'
[1.403s] Level 1:colcon.colcon_core.environment:create_environment_scripts_only(wrench_bridge)
[1.403s] INFO:colcon.colcon_core.shell:Creating package script '/home/nithish/ur10e_ws/install/wrench_bridge/share/wrench_bridge/package.ps1'
[1.404s] INFO:colcon.colcon_core.shell:Creating package descriptor '/home/nithish/ur10e_ws/install/wrench_bridge/share/wrench_bridge/package.dsv'
[1.404s] INFO:colcon.colcon_core.shell:Creating package script '/home/nithish/ur10e_ws/install/wrench_bridge/share/wrench_bridge/package.sh'
[1.405s] INFO:colcon.colcon_core.shell:Creating package script '/home/nithish/ur10e_ws/install/wrench_bridge/share/wrench_bridge/package.bash'
[1.405s] INFO:colcon.colcon_core.shell:Creating package script '/home/nithish/ur10e_ws/install/wrench_bridge/share/wrench_bridge/package.zsh'
[1.405s] Level 1:colcon.colcon_core.environment:create_file_with_runtime_dependencies(/home/nithish/ur10e_ws/install/wrench_bridge/share/colcon-core/packages/wrench_bridge)
[9.425s] DEBUG:colcon.colcon_core.event_handler.log_command:Invoked command in '/home/nithish/ur10e_ws/build/ros2_nr_motion_control' returned '0': AMENT_PREFIX_PATH=/home/nithish/ur10e_ws/install/ur_simulation_gazebo:/home/nithish/ur10e_ws/install/ur_description:${AMENT_PREFIX_PATH} CMAKE_PREFIX_PATH=/home/nithish/ur10e_ws/install/ur_simulation_gazebo:/home/nithish/ur10e_ws/install/ur_description:/home/nithish/slam_hexapod_5th_jan/install/hexapod_description:/home/nithish/ws_moveit2/install/pilz_industrial_motion_planner_testutils:/home/nithish/ws_moveit2/install/moveit_runtime:/home/nithish/ws_moveit2/install/moveit:/home/nithish/ws_moveit2/install/moveit_planners:/home/nithish/ws_moveit2/install/pilz_industrial_motion_planner:/home/nithish/ws_moveit2/install/moveit_ros_control_interface:/home/nithish/ws_moveit2/install/moveit_plugins:/home/nithish/ws_moveit2/install/moveit_simple_controller_manager:/home/nithish/ws_moveit2/install/moveit_setup_assistant:/home/nithish/ws_moveit2/install/moveit_setup_srdf_plugins:/home/nithish/ws_moveit2/install/moveit_setup_core_plugins:/home/nithish/ws_moveit2/install/moveit_setup_controllers:/home/nithish/ws_moveit2/install/moveit_setup_app_plugins:/home/nithish/ws_moveit2/install/moveit_setup_framework:/home/nithish/ws_moveit2/install/moveit_servo:/home/nithish/ws_moveit2/install/moveit_ros:/home/nithish/ws_moveit2/install/moveit_ros_visualization:/home/nithish/ws_moveit2/install/moveit_hybrid_planning:/home/nithish/ws_moveit2/install/moveit_ros_planning_interface:/home/nithish/ws_moveit2/install/moveit_ros_benchmarks:/home/nithish/ws_moveit2/install/moveit_ros_warehouse:/home/nithish/ws_moveit2/install/moveit_ros_robot_interaction:/home/nithish/ws_moveit2/install/moveit_ros_perception:/home/nithish/ws_moveit2/install/moveit_resources_prbt_pg70_support:/home/nithish/ws_moveit2/install/moveit_resources_prbt_moveit_config:/home/nithish/ws_moveit2/install/moveit_ros_move_group:/home/nithish/ws_moveit2/install/moveit_planners_ompl:/home/nithish/ws_moveit2/install/moveit_ros_planning:/home/nithish/ws_moveit2/install/moveit_ros_occupancy_map_monitor:/home/nithish/ws_moveit2/install/moveit_resources_prbt_support:/home/nithish/ws_moveit2/install/moveit_resources_prbt_ikfast_manipulator_plugin:/home/nithish/ws_moveit2/install/moveit_planners_chomp:/home/nithish/ws_moveit2/install/moveit_kinematics:/home/nithish/ws_moveit2/install/moveit_chomp_optimizer_adapter:/home/nithish/ws_moveit2/install/chomp_motion_planner:/home/nithish/ws_moveit2/install/moveit_core:/home/nithish/ws_moveit2/install/moveit_common:/home/nithish/rviz2_ws/install:/home/nithish/robotic_arm_ws/install/ur_simulation_gz:/home/nithish/robotic_arm_ws/install/ur:/home/nithish/robotic_arm_ws/install/ur_calibration:/home/nithish/robotic_arm_ws/install/ur_robot_driver:/home/nithish/robotic_arm_ws/install/ur_moveit_config:/home/nithish/robotic_arm_ws/install/ur_bringup:/home/nithish/robotic_arm_ws/install/ur_description:/home/nithish/robotic_arm_ws/install/ur_controllers:/home/nithish/robotic_arm_ws/install/ur_dashboard_msgs:/home/nithish/slam_hexapod_5th_jan/install/realsense_imu_fusion:/home/nithish/slam_hexapod_5th_jan/install/hexapod_mapping:/home/nithish/slam_hexapod_5th_jan/install/hexapod_controller:/home/nithish/slam_hexapod_5th_jan/install/depth_to_laserscan:/home/nithish/ws_moveit2/install/moveit_configs_utils:/home/nithish/robotic_arm_ws/install/path_planner:/opt/ros/humble /usr/bin/cmake --build /home/nithish/ur10e_ws/build/ros2_nr_motion_control -- -j12 -l12
[9.428s] DEBUG:colcon.colcon_core.event_handler.log_command:Invoking command in '/home/nithish/ur10e_ws/build/ros2_nr_motion_control': AMENT_PREFIX_PATH=/home/nithish/ur10e_ws/install/ur_simulation_gazebo:/home/nithish/ur10e_ws/install/ur_description:${AMENT_PREFIX_PATH} CMAKE_PREFIX_PATH=/home/nithish/ur10e_ws/install/ur_simulation_gazebo:/home/nithish/ur10e_ws/install/ur_description:/home/nithish/slam_hexapod_5th_jan/install/hexapod_description:/home/nithish/ws_moveit2/install/pilz_industrial_motion_planner_testutils:/home/nithish/ws_moveit2/install/moveit_runtime:/home/nithish/ws_moveit2/install/moveit:/home/nithish/ws_moveit2/install/moveit_planners:/home/nithish/ws_moveit2/install/pilz_industrial_motion_planner:/home/nithish/ws_moveit2/install/moveit_ros_control_interface:/home/nithish/ws_moveit2/install/moveit_plugins:/home/nithish/ws_moveit2/install/moveit_simple_controller_manager:/home/nithish/ws_moveit2/install/moveit_setup_assistant:/home/nithish/ws_moveit2/install/moveit_setup_srdf_plugins:/home/nithish/ws_moveit2/install/moveit_setup_core_plugins:/home/nithish/ws_moveit2/install/moveit_setup_controllers:/home/nithish/ws_moveit2/install/moveit_setup_app_plugins:/home/nithish/ws_moveit2/install/moveit_setup_framework:/home/nithish/ws_moveit2/install/moveit_servo:/home/nithish/ws_moveit2/install/moveit_ros:/home/nithish/ws_moveit2/install/moveit_ros_visualization:/home/nithish/ws_moveit2/install/moveit_hybrid_planning:/home/nithish/ws_moveit2/install/moveit_ros_planning_interface:/home/nithish/ws_moveit2/install/moveit_ros_benchmarks:/home/nithish/ws_moveit2/install/moveit_ros_warehouse:/home/nithish/ws_moveit2/install/moveit_ros_robot_interaction:/home/nithish/ws_moveit2/install/moveit_ros_perception:/home/nithish/ws_moveit2/install/moveit_resources_prbt_pg70_support:/home/nithish/ws_moveit2/install/moveit_resources_prbt_moveit_config:/home/nithish/ws_moveit2/install/moveit_ros_move_group:/home/nithish/ws_moveit2/install/moveit_planners_ompl:/home/nithish/ws_moveit2/install/moveit_ros_planning:/home/nithish/ws_moveit2/install/moveit_ros_occupancy_map_monitor:/home/nithish/ws_moveit2/install/moveit_resources_prbt_support:/home/nithish/ws_moveit2/install/moveit_resources_prbt_ikfast_manipulator_plugin:/home/nithish/ws_moveit2/install/moveit_planners_chomp:/home/nithish/ws_moveit2/install/moveit_kinematics:/home/nithish/ws_moveit2/install/moveit_chomp_optimizer_adapter:/home/nithish/ws_moveit2/install/chomp_motion_planner:/home/nithish/ws_moveit2/install/moveit_core:/home/nithish/ws_moveit2/install/moveit_common:/home/nithish/rviz2_ws/install:/home/nithish/robotic_arm_ws/install/ur_simulation_gz:/home/nithish/robotic_arm_ws/install/ur:/home/nithish/robotic_arm_ws/install/ur_calibration:/home/nithish/robotic_arm_ws/install/ur_robot_driver:/home/nithish/robotic_arm_ws/install/ur_moveit_config:/home/nithish/robotic_arm_ws/install/ur_bringup:/home/nithish/robotic_arm_ws/install/ur_description:/home/nithish/robotic_arm_ws/install/ur_controllers:/home/nithish/robotic_arm_ws/install/ur_dashboard_msgs:/home/nithish/slam_hexapod_5th_jan/install/realsense_imu_fusion:/home/nithish/slam_hexapod_5th_jan/install/hexapod_mapping:/home/nithish/slam_hexapod_5th_jan/install/hexapod_controller:/home/nithish/slam_hexapod_5th_jan/install/depth_to_laserscan:/home/nithish/ws_moveit2/install/moveit_configs_utils:/home/nithish/robotic_arm_ws/install/path_planner:/opt/ros/humble /usr/bin/cmake --install /home/nithish/ur10e_ws/build/ros2_nr_motion_control
[9.462s] Level 1:colcon.colcon_core.environment:create_environment_scripts_only(ros2_nr_motion_control)
[9.463s] Level 1:colcon.colcon_core.environment:checking '/home/nithish/ur10e_ws/install/ros2_nr_motion_control' for CMake module files
[9.464s] DEBUG:colcon.colcon_core.event_handler.log_command:Invoked command in '/home/nithish/ur10e_ws/build/ros2_nr_motion_control' returned '0': AMENT_PREFIX_PATH=/home/nithish/ur10e_ws/install/ur_simulation_gazebo:/home/nithish/ur10e_ws/install/ur_description:${AMENT_PREFIX_PATH} CMAKE_PREFIX_PATH=/home/nithish/ur10e_ws/install/ur_simulation_gazebo:/home/nithish/ur10e_ws/install/ur_description:/home/nithish/slam_hexapod_5th_jan/install/hexapod_description:/home/nithish/ws_moveit2/install/pilz_industrial_motion_planner_testutils:/home/nithish/ws_moveit2/install/moveit_runtime:/home/nithish/ws_moveit2/install/moveit:/home/nithish/ws_moveit2/install/moveit_planners:/home/nithish/ws_moveit2/install/pilz_industrial_motion_planner:/home/nithish/ws_moveit2/install/moveit_ros_control_interface:/home/nithish/ws_moveit2/install/moveit_plugins:/home/nithish/ws_moveit2/install/moveit_simple_controller_manager:/home/nithish/ws_moveit2/install/moveit_setup_assistant:/home/nithish/ws_moveit2/install/moveit_setup_srdf_plugins:/home/nithish/ws_moveit2/install/moveit_setup_core_plugins:/home/nithish/ws_moveit2/install/moveit_setup_controllers:/home/nithish/ws_moveit2/install/moveit_setup_app_plugins:/home/nithish/ws_moveit2/install/moveit_setup_framework:/home/nithish/ws_moveit2/install/moveit_servo:/home/nithish/ws_moveit2/install/moveit_ros:/home/nithish/ws_moveit2/install/moveit_ros_visualization:/home/nithish/ws_moveit2/install/moveit_hybrid_planning:/home/nithish/ws_moveit2/install/moveit_ros_planning_interface:/home/nithish/ws_moveit2/install/moveit_ros_benchmarks:/home/nithish/ws_moveit2/install/moveit_ros_warehouse:/home/nithish/ws_moveit2/install/moveit_ros_robot_interaction:/home/nithish/ws_moveit2/install/moveit_ros_perception:/home/nithish/ws_moveit2/install/moveit_resources_prbt_pg70_support:/home/nithish/ws_moveit2/install/moveit_resources_prbt_moveit_config:/home/nithish/ws_moveit2/install/moveit_ros_move_group:/home/nithish/ws_moveit2/install/moveit_planners_ompl:/home/nithish/ws_moveit2/install/moveit_ros_planning:/home/nithish/ws_moveit2/install/moveit_ros_occupancy_map_monitor:/home/nithish/ws_moveit2/install/moveit_resources_prbt_support:/home/nithish/ws_moveit2/install/moveit_resources_prbt_ikfast_manipulator_plugin:/home/nithish/ws_moveit2/install/moveit_planners_chomp:/home/nithish/ws_moveit2/install/moveit_kinematics:/home/nithish/ws_moveit2/install/moveit_chomp_optimizer_adapter:/home/nithish/ws_moveit2/install/chomp_motion_planner:/home/nithish/ws_moveit2/install/moveit_core:/home/nithish/ws_moveit2/install/moveit_common:/home/nithish/rviz2_ws/install:/home/nithish/robotic_arm_ws/install/ur_simulation_gz:/home/nithish/robotic_arm_ws/install/ur:/home/nithish/robotic_arm_ws/install/ur_calibration:/home/nithish/robotic_arm_ws/install/ur_robot_driver:/home/nithish/robotic_arm_ws/install/ur_moveit_config:/home/nithish/robotic_arm_ws/install/ur_bringup:/home/nithish/robotic_arm_ws/install/ur_description:/home/nithish/robotic_arm_ws/install/ur_controllers:/home/nithish/robotic_arm_ws/install/ur_dashboard_msgs:/home/nithish/slam_hexapod_5th_jan/install/realsense_imu_fusion:/home/nithish/slam_hexapod_5th_jan/install/hexapod_mapping:/home/nithish/slam_hexapod_5th_jan/install/hexapod_controller:/home/nithish/slam_hexapod_5th_jan/install/depth_to_laserscan:/home/nithish/ws_moveit2/install/moveit_configs_utils:/home/nithish/robotic_arm_ws/install/path_planner:/opt/ros/humble /usr/bin/cmake --install /home/nithish/ur10e_ws/build/ros2_nr_motion_control
[9.464s] Level 1:colcon.colcon_core.environment:checking '/home/nithish/ur10e_ws/install/ros2_nr_motion_control' for CMake config files
[9.465s] Level 1:colcon.colcon_core.shell:create_environment_hook('ros2_nr_motion_control', 'cmake_prefix_path')
[9.465s] INFO:colcon.colcon_core.shell:Creating environment hook '/home/nithish/ur10e_ws/install/ros2_nr_motion_control/share/ros2_nr_motion_control/hook/cmake_prefix_path.ps1'
[9.466s] INFO:colcon.colcon_core.shell:Creating environment descriptor '/home/nithish/ur10e_ws/install/ros2_nr_motion_control/share/ros2_nr_motion_control/hook/cmake_prefix_path.dsv'
[9.466s] INFO:colcon.colcon_core.shell:Creating environment hook '/home/nithish/ur10e_ws/install/ros2_nr_motion_control/share/ros2_nr_motion_control/hook/cmake_prefix_path.sh'
[9.467s] Level 1:colcon.colcon_core.environment:checking '/home/nithish/ur10e_ws/install/ros2_nr_motion_control/lib'
[9.467s] Level 1:colcon.colcon_core.environment:checking '/home/nithish/ur10e_ws/install/ros2_nr_motion_control/bin'
[9.467s] Level 1:colcon.colcon_core.environment:checking '/home/nithish/ur10e_ws/install/ros2_nr_motion_control/lib/pkgconfig/ros2_nr_motion_control.pc'
[9.467s] Level 1:colcon.colcon_core.environment:checking '/home/nithish/ur10e_ws/install/ros2_nr_motion_control/lib/python3.10/site-packages'
[9.468s] Level 1:colcon.colcon_core.environment:checking '/home/nithish/ur10e_ws/install/ros2_nr_motion_control/bin'
[9.468s] INFO:colcon.colcon_core.shell:Creating package script '/home/nithish/ur10e_ws/install/ros2_nr_motion_control/share/ros2_nr_motion_control/package.ps1'
[9.469s] INFO:colcon.colcon_core.shell:Creating package descriptor '/home/nithish/ur10e_ws/install/ros2_nr_motion_control/share/ros2_nr_motion_control/package.dsv'
[9.470s] INFO:colcon.colcon_core.shell:Creating package script '/home/nithish/ur10e_ws/install/ros2_nr_motion_control/share/ros2_nr_motion_control/package.sh'
[9.470s] INFO:colcon.colcon_core.shell:Creating package script '/home/nithish/ur10e_ws/install/ros2_nr_motion_control/share/ros2_nr_motion_control/package.bash'
[9.470s] INFO:colcon.colcon_core.shell:Creating package script '/home/nithish/ur10e_ws/install/ros2_nr_motion_control/share/ros2_nr_motion_control/package.zsh'
[9.471s] Level 1:colcon.colcon_core.environment:create_file_with_runtime_dependencies(/home/nithish/ur10e_ws/install/ros2_nr_motion_control/share/colcon-core/packages/ros2_nr_motion_control)
[9.471s] Level 1:colcon.colcon_core.environment:create_environment_scripts_only(ros2_nr_motion_control)
[9.471s] Level 1:colcon.colcon_core.environment:checking '/home/nithish/ur10e_ws/install/ros2_nr_motion_control' for CMake module files
[9.471s] Level 1:colcon.colcon_core.environment:checking '/home/nithish/ur10e_ws/install/ros2_nr_motion_control' for CMake config files
[9.472s] Level 1:colcon.colcon_core.shell:create_environment_hook('ros2_nr_motion_control', 'cmake_prefix_path')
[9.472s] INFO:colcon.colcon_core.shell:Creating environment hook '/home/nithish/ur10e_ws/install/ros2_nr_motion_control/share/ros2_nr_motion_control/hook/cmake_prefix_path.ps1'
[9.472s] INFO:colcon.colcon_core.shell:Creating environment descriptor '/home/nithish/ur10e_ws/install/ros2_nr_motion_control/share/ros2_nr_motion_control/hook/cmake_prefix_path.dsv'
[9.473s] INFO:colcon.colcon_core.shell:Creating environment hook '/home/nithish/ur10e_ws/install/ros2_nr_motion_control/share/ros2_nr_motion_control/hook/cmake_prefix_path.sh'
[9.473s] Level 1:colcon.colcon_core.environment:checking '/home/nithish/ur10e_ws/install/ros2_nr_motion_control/lib'
[9.473s] Level 1:colcon.colcon_core.environment:checking '/home/nithish/ur10e_ws/install/ros2_nr_motion_control/bin'
[9.474s] Level 1:colcon.colcon_core.environment:checking '/home/nithish/ur10e_ws/install/ros2_nr_motion_control/lib/pkgconfig/ros2_nr_motion_control.pc'
[9.474s] Level 1:colcon.colcon_core.environment:checking '/home/nithish/ur10e_ws/install/ros2_nr_motion_control/lib/python3.10/site-packages'
[9.474s] Level 1:colcon.colcon_core.environment:checking '/home/nithish/ur10e_ws/install/ros2_nr_motion_control/bin'
[9.474s] INFO:colcon.colcon_core.shell:Creating package script '/home/nithish/ur10e_ws/install/ros2_nr_motion_control/share/ros2_nr_motion_control/package.ps1'
[9.474s] INFO:colcon.colcon_core.shell:Creating package descriptor '/home/nithish/ur10e_ws/install/ros2_nr_motion_control/share/ros2_nr_motion_control/package.dsv'
[9.475s] INFO:colcon.colcon_core.shell:Creating package script '/home/nithish/ur10e_ws/install/ros2_nr_motion_control/share/ros2_nr_motion_control/package.sh'
[9.475s] INFO:colcon.colcon_core.shell:Creating package script '/home/nithish/ur10e_ws/install/ros2_nr_motion_control/share/ros2_nr_motion_control/package.bash'
[9.475s] INFO:colcon.colcon_core.shell:Creating package script '/home/nithish/ur10e_ws/install/ros2_nr_motion_control/share/ros2_nr_motion_control/package.zsh'
[9.475s] Level 1:colcon.colcon_core.environment:create_file_with_runtime_dependencies(/home/nithish/ur10e_ws/install/ros2_nr_motion_control/share/colcon-core/packages/ros2_nr_motion_control)
[9.476s] DEBUG:colcon.colcon_parallel_executor.executor.parallel:closing loop
[9.476s] DEBUG:colcon.colcon_parallel_executor.executor.parallel:loop closed
[9.476s] DEBUG:colcon.colcon_parallel_executor.executor.parallel:run_until_complete finished with '0'
[9.476s] DEBUG:colcon.colcon_core.event_reactor:joining thread
[9.486s] INFO:colcon.colcon_core.plugin_system:Skipping extension 'colcon_notification.desktop_notification.terminal_notifier': Not used on non-Darwin systems
[9.486s] INFO:colcon.colcon_core.plugin_system:Skipping extension 'colcon_notification.desktop_notification.win32': Not used on non-Windows systems
[9.486s] INFO:colcon.colcon_notification.desktop_notification:Sending desktop notification using 'notify2'
[9.500s] DEBUG:colcon.colcon_core.event_reactor:joined thread
[9.500s] INFO:colcon.colcon_core.shell:Creating prefix script '/home/nithish/ur10e_ws/install/local_setup.ps1'
[9.502s] INFO:colcon.colcon_core.shell:Creating prefix util module '/home/nithish/ur10e_ws/install/_local_setup_util_ps1.py'
[9.504s] INFO:colcon.colcon_core.shell:Creating prefix chain script '/home/nithish/ur10e_ws/install/setup.ps1'
[9.508s] INFO:colcon.colcon_core.shell:Creating prefix script '/home/nithish/ur10e_ws/install/local_setup.sh'
[9.508s] INFO:colcon.colcon_core.shell:Creating prefix util module '/home/nithish/ur10e_ws/install/_local_setup_util_sh.py'
[9.509s] INFO:colcon.colcon_core.shell:Creating prefix chain script '/home/nithish/ur10e_ws/install/setup.sh'
[9.512s] INFO:colcon.colcon_core.shell:Creating prefix script '/home/nithish/ur10e_ws/install/local_setup.bash'
[9.512s] INFO:colcon.colcon_core.shell:Creating prefix chain script '/home/nithish/ur10e_ws/install/setup.bash'
[9.514s] INFO:colcon.colcon_core.shell:Creating prefix script '/home/nithish/ur10e_ws/install/local_setup.zsh'
[9.514s] INFO:colcon.colcon_core.shell:Creating prefix chain script '/home/nithish/ur10e_ws/install/setup.zsh'
