[0.439s] Invoking command in '/home/nithish/ur10e_ws/build/servo_control': PYTHONPATH=/home/nithish/ur10e_ws/build/servo_control/prefix_override:/usr/lib/python3/dist-packages/colcon_core/task/python/colcon_distutils_commands:/home/nithish/ur10e_ws/install/servo_control/lib/python3.10/site-packages:${PYTHONPATH} /usr/bin/python3 -W ignore:setup.py install is deprecated -W ignore:easy_install command is deprecated setup.py develop --uninstall --editable --build-directory /home/nithish/ur10e_ws/build/servo_control/build
[0.606s] running develop
[0.723s] Removing /home/nithish/ur10e_ws/install/servo_control/lib/python3.10/site-packages/servo-control.egg-link (link to .)
[0.747s] Invoked command in '/home/nithish/ur10e_ws/build/servo_control' returned '0': PYTHONPATH=/home/nithish/ur10e_ws/build/servo_control/prefix_override:/usr/lib/python3/dist-packages/colcon_core/task/python/colcon_distutils_commands:/home/nithish/ur10e_ws/install/servo_control/lib/python3.10/site-packages:${PYTHONPATH} /usr/bin/python3 -W ignore:setup.py install is deprecated -W ignore:easy_install command is deprecated setup.py develop --uninstall --editable --build-directory /home/nithish/ur10e_ws/build/servo_control/build
[0.747s] Invoking command in '/home/nithish/ur10e_ws/src/servo_control': PYTHONPATH=/home/nithish/ur10e_ws/build/servo_control/prefix_override:/usr/lib/python3/dist-packages/colcon_core/task/python/colcon_distutils_commands:/home/nithish/ur10e_ws/install/servo_control/lib/python3.10/site-packages:${PYTHONPATH} /usr/bin/python3 -W ignore:setup.py install is deprecated -W ignore:easy_install command is deprecated setup.py egg_info --egg-base ../../build/servo_control build --build-base /home/nithish/ur10e_ws/build/servo_control/build install --record /home/nithish/ur10e_ws/build/servo_control/install.log --single-version-externally-managed install_data --force
[0.928s] running egg_info
[0.929s] writing ../../build/servo_control/servo_control.egg-info/PKG-INFO
[0.929s] writing dependency_links to ../../build/servo_control/servo_control.egg-info/dependency_links.txt
[0.929s] writing entry points to ../../build/servo_control/servo_control.egg-info/entry_points.txt
[0.929s] writing requirements to ../../build/servo_control/servo_control.egg-info/requires.txt
[0.929s] writing top-level names to ../../build/servo_control/servo_control.egg-info/top_level.txt
[0.930s] reading manifest file '../../build/servo_control/servo_control.egg-info/SOURCES.txt'
[0.931s] writing manifest file '../../build/servo_control/servo_control.egg-info/SOURCES.txt'
[0.931s] running build
[0.931s] running build_py
[0.931s] running install
[0.931s] running install_lib
[0.932s] copying /home/nithish/ur10e_ws/build/servo_control/build/lib/servo_control/__init__.py -> /home/nithish/ur10e_ws/install/servo_control/lib/python3.10/site-packages/servo_control
[0.932s] copying /home/nithish/ur10e_ws/build/servo_control/build/lib/servo_control/cylinder_cleaning_servo.py -> /home/nithish/ur10e_ws/install/servo_control/lib/python3.10/site-packages/servo_control
[0.932s] byte-compiling /home/nithish/ur10e_ws/install/servo_control/lib/python3.10/site-packages/servo_control/__init__.py to __init__.cpython-310.pyc
[0.933s] byte-compiling /home/nithish/ur10e_ws/install/servo_control/lib/python3.10/site-packages/servo_control/cylinder_cleaning_servo.py to cylinder_cleaning_servo.cpython-310.pyc
[0.934s] running install_data
[0.934s] copying resource/servo_control -> /home/nithish/ur10e_ws/install/servo_control/share/ament_index/resource_index/packages
[0.934s] copying package.xml -> /home/nithish/ur10e_ws/install/servo_control/share/servo_control
[0.934s] running install_egg_info
[0.935s] Copying ../../build/servo_control/servo_control.egg-info to /home/nithish/ur10e_ws/install/servo_control/lib/python3.10/site-packages/servo_control-0.0.0-py3.10.egg-info
[0.935s] running install_scripts
[0.951s] Installing cylinder_cleaning_servo script to /home/nithish/ur10e_ws/install/servo_control/lib/servo_control
[0.951s] writing list of installed files to '/home/nithish/ur10e_ws/build/servo_control/install.log'
[0.973s] Invoked command in '/home/nithish/ur10e_ws/src/servo_control' returned '0': PYTHONPATH=/home/nithish/ur10e_ws/build/servo_control/prefix_override:/usr/lib/python3/dist-packages/colcon_core/task/python/colcon_distutils_commands:/home/nithish/ur10e_ws/install/servo_control/lib/python3.10/site-packages:${PYTHONPATH} /usr/bin/python3 -W ignore:setup.py install is deprecated -W ignore:easy_install command is deprecated setup.py egg_info --egg-base ../../build/servo_control build --build-base /home/nithish/ur10e_ws/build/servo_control/build install --record /home/nithish/ur10e_ws/build/servo_control/install.log --single-version-externally-managed install_data --force
