[2.445s] Invoking command in '/home/nithish/ur10e_ws/src/wrench_bridge': PYTHONPATH=/home/nithish/ur10e_ws/build/wrench_bridge/prefix_override:/usr/lib/python3/dist-packages/colcon_core/task/python/colcon_distutils_commands:/home/nithish/ur10e_ws/install/wrench_bridge/lib/python3.10/site-packages:${PYTHONPATH} /usr/bin/python3 -W ignore:setup.py install is deprecated -W ignore:easy_install command is deprecated setup.py egg_info --egg-base ../../build/wrench_bridge build --build-base /home/nithish/ur10e_ws/build/wrench_bridge/build install --record /home/nithish/ur10e_ws/build/wrench_bridge/install.log --single-version-externally-managed install_data
[3.218s] running egg_info
[3.219s] writing ../../build/wrench_bridge/wrench_bridge.egg-info/PKG-INFO
[3.220s] writing dependency_links to ../../build/wrench_bridge/wrench_bridge.egg-info/dependency_links.txt
[3.220s] writing entry points to ../../build/wrench_bridge/wrench_bridge.egg-info/entry_points.txt
[3.221s] writing requirements to ../../build/wrench_bridge/wrench_bridge.egg-info/requires.txt
[3.221s] writing top-level names to ../../build/wrench_bridge/wrench_bridge.egg-info/top_level.txt
[3.225s] reading manifest file '../../build/wrench_bridge/wrench_bridge.egg-info/SOURCES.txt'
[3.228s] writing manifest file '../../build/wrench_bridge/wrench_bridge.egg-info/SOURCES.txt'
[3.229s] running build
[3.229s] running build_py
[3.229s] running install
[3.230s] running install_lib
[3.235s] running install_data
[3.236s] running install_egg_info
[3.244s] removing '/home/nithish/ur10e_ws/install/wrench_bridge/lib/python3.10/site-packages/wrench_bridge-0.0.0-py3.10.egg-info' (and everything under it)
[3.244s] Copying ../../build/wrench_bridge/wrench_bridge.egg-info to /home/nithish/ur10e_ws/install/wrench_bridge/lib/python3.10/site-packages/wrench_bridge-0.0.0-py3.10.egg-info
[3.245s] running install_scripts
[3.322s] Installing wrench_bridge_node script to /home/nithish/ur10e_ws/install/wrench_bridge/lib/wrench_bridge
[3.323s] writing list of installed files to '/home/nithish/ur10e_ws/build/wrench_bridge/install.log'
[3.395s] Invoked command in '/home/nithish/ur10e_ws/src/wrench_bridge' returned '0': PYTHONPATH=/home/nithish/ur10e_ws/build/wrench_bridge/prefix_override:/usr/lib/python3/dist-packages/colcon_core/task/python/colcon_distutils_commands:/home/nithish/ur10e_ws/install/wrench_bridge/lib/python3.10/site-packages:${PYTHONPATH} /usr/bin/python3 -W ignore:setup.py install is deprecated -W ignore:easy_install command is deprecated setup.py egg_info --egg-base ../../build/wrench_bridge build --build-base /home/nithish/ur10e_ws/build/wrench_bridge/build install --record /home/nithish/ur10e_ws/build/wrench_bridge/install.log --single-version-externally-managed install_data
