[1.032s] Invoking command in '/home/nithish/ur10e_ws/src/servo_control': PYTHONPATH=/home/nithish/ur10e_ws/build/servo_control/prefix_override:/usr/lib/python3/dist-packages/colcon_core/task/python/colcon_distutils_commands:/home/nithish/ur10e_ws/install/servo_control/lib/python3.10/site-packages:${PYTHONPATH} /usr/bin/python3 -W ignore:setup.py install is deprecated -W ignore:easy_install command is deprecated setup.py egg_info --egg-base ../../build/servo_control build --build-base /home/nithish/ur10e_ws/build/servo_control/build install --record /home/nithish/ur10e_ws/build/servo_control/install.log --single-version-externally-managed install_data
[1.370s] running egg_info
[1.371s] writing ../../build/servo_control/servo_control.egg-info/PKG-INFO
[1.371s] writing dependency_links to ../../build/servo_control/servo_control.egg-info/dependency_links.txt
[1.371s] writing entry points to ../../build/servo_control/servo_control.egg-info/entry_points.txt
[1.371s] writing requirements to ../../build/servo_control/servo_control.egg-info/requires.txt
[1.372s] writing top-level names to ../../build/servo_control/servo_control.egg-info/top_level.txt
[1.374s] reading manifest file '../../build/servo_control/servo_control.egg-info/SOURCES.txt'
[1.375s] writing manifest file '../../build/servo_control/servo_control.egg-info/SOURCES.txt'
[1.375s] running build
[1.375s] running build_py
[1.376s] running install
[1.376s] running install_lib
[1.377s] running install_data
[1.377s] running install_egg_info
[1.379s] removing '/home/nithish/ur10e_ws/install/servo_control/lib/python3.10/site-packages/servo_control-0.0.0-py3.10.egg-info' (and everything under it)
[1.379s] Copying ../../build/servo_control/servo_control.egg-info to /home/nithish/ur10e_ws/install/servo_control/lib/python3.10/site-packages/servo_control-0.0.0-py3.10.egg-info
[1.380s] running install_scripts
[1.404s] Installing cylinder_cleaning_servo script to /home/nithish/ur10e_ws/install/servo_control/lib/servo_control
[1.404s] writing list of installed files to '/home/nithish/ur10e_ws/build/servo_control/install.log'
[1.435s] Invoked command in '/home/nithish/ur10e_ws/src/servo_control' returned '0': PYTHONPATH=/home/nithish/ur10e_ws/build/servo_control/prefix_override:/usr/lib/python3/dist-packages/colcon_core/task/python/colcon_distutils_commands:/home/nithish/ur10e_ws/install/servo_control/lib/python3.10/site-packages:${PYTHONPATH} /usr/bin/python3 -W ignore:setup.py install is deprecated -W ignore:easy_install command is deprecated setup.py egg_info --egg-base ../../build/servo_control build --build-base /home/nithish/ur10e_ws/build/servo_control/build install --record /home/nithish/ur10e_ws/build/servo_control/install.log --single-version-externally-managed install_data
