[0.270s] DEBUG:colcon:Command line arguments: ['/usr/bin/colcon', 'build']
[0.271s] DEBUG:colcon:Parsed command line arguments: Namespace(log_base=None, log_level=None, verb_name='build', build_base='build', install_base='install', merge_install=False, symlink_install=False, test_result_base=None, continue_on_error=False, executor='parallel', parallel_workers=12, event_handlers=None, ignore_user_meta=False, metas=['./colcon.meta'], base_paths=['.'], packages_ignore=None, packages_ignore_regex=None, paths=None, packages_up_to=None, packages_up_to_regex=None, packages_above=None, packages_above_and_dependencies=None, packages_above_depth=None, packages_select_by_dep=None, packages_skip_by_dep=None, packages_skip_up_to=None, packages_select_build_failed=False, packages_skip_build_finished=False, packages_select_test_failures=False, packages_skip_test_passed=False, packages_select=None, packages_skip=None, packages_select_regex=None, packages_skip_regex=None, packages_start=None, packages_end=None, allow_overriding=[], cmake_args=None, cmake_target=None, cmake_target_skip_unavailable=False, cmake_clean_cache=False, cmake_clean_first=False, cmake_force_configure=False, ament_cmake_args=None, catkin_cmake_args=None, catkin_skip_building_tests=False, mixin_files=None, mixin=None, verb_parser=<colcon_mixin.mixin.mixin_argument.MixinArgumentDecorator object at 0x7b6e40789450>, verb_extension=<colcon_core.verb.build.BuildVerb object at 0x7b6e40788fa0>, main=<bound method BuildVerb.main of <colcon_core.verb.build.BuildVerb object at 0x7b6e40788fa0>>, mixin_verb=('build',))
[0.655s] Level 1:colcon.colcon_core.package_discovery:discover_packages(colcon_meta) check parameters
[0.656s] Level 1:colcon.colcon_core.package_discovery:discover_packages(recursive) check parameters
[0.656s] Level 1:colcon.colcon_core.package_discovery:discover_packages(ignore) check parameters
[0.656s] Level 1:colcon.colcon_core.package_discovery:discover_packages(path) check parameters
[0.656s] Level 1:colcon.colcon_core.package_discovery:discover_packages(colcon_meta) discover
[0.656s] Level 1:colcon.colcon_core.package_discovery:discover_packages(recursive) discover
[0.656s] INFO:colcon.colcon_core.package_discovery:Crawling recursively for packages in '/home/nithish/ur10e_ws'
[0.656s] Level 1:colcon.colcon_core.package_identification:_identify(.) by extensions ['ignore', 'ignore_ament_install']
[0.656s] Level 1:colcon.colcon_core.package_identification:_identify(.) by extension 'ignore'
[0.657s] Level 1:colcon.colcon_core.package_identification:_identify(.) by extension 'ignore_ament_install'
[0.657s] Level 1:colcon.colcon_core.package_identification:_identify(.) by extensions ['colcon_pkg']
[0.657s] Level 1:colcon.colcon_core.package_identification:_identify(.) by extension 'colcon_pkg'
[0.657s] Level 1:colcon.colcon_core.package_identification:_identify(.) by extensions ['colcon_meta']
[0.657s] Level 1:colcon.colcon_core.package_identification:_identify(.) by extension 'colcon_meta'
[0.657s] Level 1:colcon.colcon_core.package_identification:_identify(.) by extensions ['ros']
[0.657s] Level 1:colcon.colcon_core.package_identification:_identify(.) by extension 'ros'
[0.702s] Level 1:colcon.colcon_core.package_identification:_identify(.) by extensions ['cmake', 'python']
[0.702s] Level 1:colcon.colcon_core.package_identification:_identify(.) by extension 'cmake'
[0.702s] Level 1:colcon.colcon_core.package_identification:_identify(.) by extension 'python'
[0.702s] Level 1:colcon.colcon_core.package_identification:_identify(.) by extensions ['python_setup_py']
[0.702s] Level 1:colcon.colcon_core.package_identification:_identify(.) by extension 'python_setup_py'
[0.702s] Level 1:colcon.colcon_core.package_identification:_identify(build) by extensions ['ignore', 'ignore_ament_install']
[0.703s] Level 1:colcon.colcon_core.package_identification:_identify(build) by extension 'ignore'
[0.703s] Level 1:colcon.colcon_core.package_identification:_identify(build) ignored
[0.703s] Level 1:colcon.colcon_core.package_identification:_identify(install) by extensions ['ignore', 'ignore_ament_install']
[0.703s] Level 1:colcon.colcon_core.package_identification:_identify(install) by extension 'ignore'
[0.703s] Level 1:colcon.colcon_core.package_identification:_identify(install) ignored
[0.703s] Level 1:colcon.colcon_core.package_identification:_identify(log) by extensions ['ignore', 'ignore_ament_install']
[0.704s] Level 1:colcon.colcon_core.package_identification:_identify(log) by extension 'ignore'
[0.704s] Level 1:colcon.colcon_core.package_identification:_identify(log) ignored
[0.704s] Level 1:colcon.colcon_core.package_identification:_identify(src) by extensions ['ignore', 'ignore_ament_install']
[0.704s] Level 1:colcon.colcon_core.package_identification:_identify(src) by extension 'ignore'
[0.704s] Level 1:colcon.colcon_core.package_identification:_identify(src) by extension 'ignore_ament_install'
[0.704s] Level 1:colcon.colcon_core.package_identification:_identify(src) by extensions ['colcon_pkg']
[0.704s] Level 1:colcon.colcon_core.package_identification:_identify(src) by extension 'colcon_pkg'
[0.704s] Level 1:colcon.colcon_core.package_identification:_identify(src) by extensions ['colcon_meta']
[0.704s] Level 1:colcon.colcon_core.package_identification:_identify(src) by extension 'colcon_meta'
[0.704s] Level 1:colcon.colcon_core.package_identification:_identify(src) by extensions ['ros']
[0.704s] Level 1:colcon.colcon_core.package_identification:_identify(src) by extension 'ros'
[0.705s] Level 1:colcon.colcon_core.package_identification:_identify(src) by extensions ['cmake', 'python']
[0.705s] Level 1:colcon.colcon_core.package_identification:_identify(src) by extension 'cmake'
[0.705s] Level 1:colcon.colcon_core.package_identification:_identify(src) by extension 'python'
[0.705s] Level 1:colcon.colcon_core.package_identification:_identify(src) by extensions ['python_setup_py']
[0.705s] Level 1:colcon.colcon_core.package_identification:_identify(src) by extension 'python_setup_py'
[0.705s] Level 1:colcon.colcon_core.package_identification:_identify(src/Universal_Robots_ROS2_Description) by extensions ['ignore', 'ignore_ament_install']
[0.705s] Level 1:colcon.colcon_core.package_identification:_identify(src/Universal_Robots_ROS2_Description) by extension 'ignore'
[0.705s] Level 1:colcon.colcon_core.package_identification:_identify(src/Universal_Robots_ROS2_Description) by extension 'ignore_ament_install'
[0.705s] Level 1:colcon.colcon_core.package_identification:_identify(src/Universal_Robots_ROS2_Description) by extensions ['colcon_pkg']
[0.705s] Level 1:colcon.colcon_core.package_identification:_identify(src/Universal_Robots_ROS2_Description) by extension 'colcon_pkg'
[0.706s] Level 1:colcon.colcon_core.package_identification:_identify(src/Universal_Robots_ROS2_Description) by extensions ['colcon_meta']
[0.706s] Level 1:colcon.colcon_core.package_identification:_identify(src/Universal_Robots_ROS2_Description) by extension 'colcon_meta'
[0.706s] Level 1:colcon.colcon_core.package_identification:_identify(src/Universal_Robots_ROS2_Description) by extensions ['ros']
[0.706s] Level 1:colcon.colcon_core.package_identification:_identify(src/Universal_Robots_ROS2_Description) by extension 'ros'
[0.712s] DEBUG:colcon.colcon_core.package_identification:Package 'src/Universal_Robots_ROS2_Description' with type 'ros.ament_cmake' and name 'ur_description'
[0.712s] Level 1:colcon.colcon_core.package_identification:_identify(src/Universal_Robots_ROS2_Gazebo_Simulation) by extensions ['ignore', 'ignore_ament_install']
[0.712s] Level 1:colcon.colcon_core.package_identification:_identify(src/Universal_Robots_ROS2_Gazebo_Simulation) by extension 'ignore'
[0.712s] Level 1:colcon.colcon_core.package_identification:_identify(src/Universal_Robots_ROS2_Gazebo_Simulation) by extension 'ignore_ament_install'
[0.712s] Level 1:colcon.colcon_core.package_identification:_identify(src/Universal_Robots_ROS2_Gazebo_Simulation) by extensions ['colcon_pkg']
[0.713s] Level 1:colcon.colcon_core.package_identification:_identify(src/Universal_Robots_ROS2_Gazebo_Simulation) by extension 'colcon_pkg'
[0.713s] Level 1:colcon.colcon_core.package_identification:_identify(src/Universal_Robots_ROS2_Gazebo_Simulation) by extensions ['colcon_meta']
[0.713s] Level 1:colcon.colcon_core.package_identification:_identify(src/Universal_Robots_ROS2_Gazebo_Simulation) by extension 'colcon_meta'
[0.713s] Level 1:colcon.colcon_core.package_identification:_identify(src/Universal_Robots_ROS2_Gazebo_Simulation) by extensions ['ros']
[0.713s] Level 1:colcon.colcon_core.package_identification:_identify(src/Universal_Robots_ROS2_Gazebo_Simulation) by extension 'ros'
[0.713s] Level 1:colcon.colcon_core.package_identification:_identify(src/Universal_Robots_ROS2_Gazebo_Simulation) by extensions ['cmake', 'python']
[0.713s] Level 1:colcon.colcon_core.package_identification:_identify(src/Universal_Robots_ROS2_Gazebo_Simulation) by extension 'cmake'
[0.713s] Level 1:colcon.colcon_core.package_identification:_identify(src/Universal_Robots_ROS2_Gazebo_Simulation) by extension 'python'
[0.713s] Level 1:colcon.colcon_core.package_identification:_identify(src/Universal_Robots_ROS2_Gazebo_Simulation) by extensions ['python_setup_py']
[0.713s] Level 1:colcon.colcon_core.package_identification:_identify(src/Universal_Robots_ROS2_Gazebo_Simulation) by extension 'python_setup_py'
[0.713s] Level 1:colcon.colcon_core.package_identification:_identify(src/Universal_Robots_ROS2_Gazebo_Simulation/ur_simulation_gazebo) by extensions ['ignore', 'ignore_ament_install']
[0.713s] Level 1:colcon.colcon_core.package_identification:_identify(src/Universal_Robots_ROS2_Gazebo_Simulation/ur_simulation_gazebo) by extension 'ignore'
[0.714s] Level 1:colcon.colcon_core.package_identification:_identify(src/Universal_Robots_ROS2_Gazebo_Simulation/ur_simulation_gazebo) by extension 'ignore_ament_install'
[0.714s] Level 1:colcon.colcon_core.package_identification:_identify(src/Universal_Robots_ROS2_Gazebo_Simulation/ur_simulation_gazebo) by extensions ['colcon_pkg']
[0.714s] Level 1:colcon.colcon_core.package_identification:_identify(src/Universal_Robots_ROS2_Gazebo_Simulation/ur_simulation_gazebo) by extension 'colcon_pkg'
[0.714s] Level 1:colcon.colcon_core.package_identification:_identify(src/Universal_Robots_ROS2_Gazebo_Simulation/ur_simulation_gazebo) by extensions ['colcon_meta']
[0.714s] Level 1:colcon.colcon_core.package_identification:_identify(src/Universal_Robots_ROS2_Gazebo_Simulation/ur_simulation_gazebo) by extension 'colcon_meta'
[0.714s] Level 1:colcon.colcon_core.package_identification:_identify(src/Universal_Robots_ROS2_Gazebo_Simulation/ur_simulation_gazebo) by extensions ['ros']
[0.714s] Level 1:colcon.colcon_core.package_identification:_identify(src/Universal_Robots_ROS2_Gazebo_Simulation/ur_simulation_gazebo) by extension 'ros'
[0.715s] DEBUG:colcon.colcon_core.package_identification:Package 'src/Universal_Robots_ROS2_Gazebo_Simulation/ur_simulation_gazebo' with type 'ros.ament_cmake' and name 'ur_simulation_gazebo'
[0.716s] Level 1:colcon.colcon_core.package_identification:_identify(src/my_moveit_config) by extensions ['ignore', 'ignore_ament_install']
[0.716s] Level 1:colcon.colcon_core.package_identification:_identify(src/my_moveit_config) by extension 'ignore'
[0.716s] Level 1:colcon.colcon_core.package_identification:_identify(src/my_moveit_config) by extension 'ignore_ament_install'
[0.716s] Level 1:colcon.colcon_core.package_identification:_identify(src/my_moveit_config) by extensions ['colcon_pkg']
[0.716s] Level 1:colcon.colcon_core.package_identification:_identify(src/my_moveit_config) by extension 'colcon_pkg'
[0.716s] Level 1:colcon.colcon_core.package_identification:_identify(src/my_moveit_config) by extensions ['colcon_meta']
[0.716s] Level 1:colcon.colcon_core.package_identification:_identify(src/my_moveit_config) by extension 'colcon_meta'
[0.716s] Level 1:colcon.colcon_core.package_identification:_identify(src/my_moveit_config) by extensions ['ros']
[0.716s] Level 1:colcon.colcon_core.package_identification:_identify(src/my_moveit_config) by extension 'ros'
[0.718s] DEBUG:colcon.colcon_core.package_identification:Package 'src/my_moveit_config' with type 'ros.ament_cmake' and name 'my_moveit_config'
[0.718s] Level 1:colcon.colcon_core.package_identification:_identify(src/ros2_nr_motion_control) by extensions ['ignore', 'ignore_ament_install']
[0.718s] Level 1:colcon.colcon_core.package_identification:_identify(src/ros2_nr_motion_control) by extension 'ignore'
[0.719s] Level 1:colcon.colcon_core.package_identification:_identify(src/ros2_nr_motion_control) by extension 'ignore_ament_install'
[0.719s] Level 1:colcon.colcon_core.package_identification:_identify(src/ros2_nr_motion_control) by extensions ['colcon_pkg']
[0.719s] Level 1:colcon.colcon_core.package_identification:_identify(src/ros2_nr_motion_control) by extension 'colcon_pkg'
[0.719s] Level 1:colcon.colcon_core.package_identification:_identify(src/ros2_nr_motion_control) by extensions ['colcon_meta']
[0.719s] Level 1:colcon.colcon_core.package_identification:_identify(src/ros2_nr_motion_control) by extension 'colcon_meta'
[0.719s] Level 1:colcon.colcon_core.package_identification:_identify(src/ros2_nr_motion_control) by extensions ['ros']
[0.719s] Level 1:colcon.colcon_core.package_identification:_identify(src/ros2_nr_motion_control) by extension 'ros'
[0.723s] DEBUG:colcon.colcon_core.package_identification:Package 'src/ros2_nr_motion_control' with type 'ros.ament_cmake' and name 'ros2_nr_motion_control'
[0.723s] Level 1:colcon.colcon_core.package_identification:_identify(src/wrench_bridge) by extensions ['ignore', 'ignore_ament_install']
[0.723s] Level 1:colcon.colcon_core.package_identification:_identify(src/wrench_bridge) by extension 'ignore'
[0.723s] Level 1:colcon.colcon_core.package_identification:_identify(src/wrench_bridge) by extension 'ignore_ament_install'
[0.723s] Level 1:colcon.colcon_core.package_identification:_identify(src/wrench_bridge) by extensions ['colcon_pkg']
[0.724s] Level 1:colcon.colcon_core.package_identification:_identify(src/wrench_bridge) by extension 'colcon_pkg'
[0.724s] Level 1:colcon.colcon_core.package_identification:_identify(src/wrench_bridge) by extensions ['colcon_meta']
[0.724s] Level 1:colcon.colcon_core.package_identification:_identify(src/wrench_bridge) by extension 'colcon_meta'
[0.724s] Level 1:colcon.colcon_core.package_identification:_identify(src/wrench_bridge) by extensions ['ros']
[0.724s] Level 1:colcon.colcon_core.package_identification:_identify(src/wrench_bridge) by extension 'ros'
[0.725s] DEBUG:colcon.colcon_core.package_identification:Package 'src/wrench_bridge' with type 'ros.ament_python' and name 'wrench_bridge'
[0.725s] Level 1:colcon.colcon_core.package_discovery:discover_packages(recursive) using defaults
[0.725s] Level 1:colcon.colcon_core.package_discovery:discover_packages(ignore) discover
[0.725s] Level 1:colcon.colcon_core.package_discovery:discover_packages(ignore) using defaults
[0.725s] Level 1:colcon.colcon_core.package_discovery:discover_packages(path) discover
[0.725s] Level 1:colcon.colcon_core.package_discovery:discover_packages(path) using defaults
[0.780s] Level 1:colcon.colcon_core.package_discovery:discover_packages(prefix_path) check parameters
[0.780s] Level 1:colcon.colcon_core.package_discovery:discover_packages(prefix_path) discover
[0.788s] DEBUG:colcon.colcon_installed_package_information.package_discovery:Found 12 installed packages in /home/nithish/ur10e_ws/install
[0.791s] DEBUG:colcon.colcon_installed_package_information.package_discovery:Found 38 installed packages in /home/nithish/ws_moveit2/install
[0.793s] DEBUG:colcon.colcon_installed_package_information.package_discovery:Found 8 installed packages in /home/nithish/rviz2_ws/install
[0.794s] DEBUG:colcon.colcon_installed_package_information.package_discovery:Found 10 installed packages in /home/nithish/robotic_arm_ws/install
[0.799s] DEBUG:colcon.colcon_installed_package_information.package_discovery:Found 531 installed packages in /opt/ros/humble
[0.810s] Level 1:colcon.colcon_core.package_discovery:discover_packages(prefix_path) using defaults
[0.926s] WARNING:colcon.colcon_core.package_selection:Some selected packages are already built in one or more underlay workspaces:
	'ur_description' is in: /home/nithish/ur10e_ws/install/ur_description, /home/nithish/robotic_arm_ws/install/ur_description, /opt/ros/humble
If a package in a merged underlay workspace is overridden and it installs headers, then all packages in the overlay must sort their include directories by workspace order. Failure to do so may result in build failures or undefined behavior at run time.
If the overridden package is used by another package in any underlay, then the overriding package in the overlay must be API and ABI compatible or undefined behavior at run time may occur.

If you understand the risks and want to override a package anyways, add the following to the command line:
	--allow-overriding ur_description

This may be promoted to an error in a future release of colcon-override-check.
[0.928s] Level 5:colcon.colcon_core.verb:set package 'ur_description' build argument 'cmake_args' from command line to 'None'
[0.929s] Level 5:colcon.colcon_core.verb:set package 'ur_description' build argument 'cmake_target' from command line to 'None'
[0.929s] Level 5:colcon.colcon_core.verb:set package 'ur_description' build argument 'cmake_target_skip_unavailable' from command line to 'False'
[0.929s] Level 5:colcon.colcon_core.verb:set package 'ur_description' build argument 'cmake_clean_cache' from command line to 'False'
[0.929s] Level 5:colcon.colcon_core.verb:set package 'ur_description' build argument 'cmake_clean_first' from command line to 'False'
[0.929s] Level 5:colcon.colcon_core.verb:set package 'ur_description' build argument 'cmake_force_configure' from command line to 'False'
[0.929s] Level 5:colcon.colcon_core.verb:set package 'ur_description' build argument 'ament_cmake_args' from command line to 'None'
[0.929s] Level 5:colcon.colcon_core.verb:set package 'ur_description' build argument 'catkin_cmake_args' from command line to 'None'
[0.929s] Level 5:colcon.colcon_core.verb:set package 'ur_description' build argument 'catkin_skip_building_tests' from command line to 'False'
[0.929s] DEBUG:colcon.colcon_core.verb:Building package 'ur_description' with the following arguments: {'ament_cmake_args': None, 'build_base': '/home/nithish/ur10e_ws/build/ur_description', 'catkin_cmake_args': None, 'catkin_skip_building_tests': False, 'cmake_args': None, 'cmake_clean_cache': False, 'cmake_clean_first': False, 'cmake_force_configure': False, 'cmake_target': None, 'cmake_target_skip_unavailable': False, 'install_base': '/home/nithish/ur10e_ws/install/ur_description', 'merge_install': False, 'path': '/home/nithish/ur10e_ws/src/Universal_Robots_ROS2_Description', 'symlink_install': False, 'test_result_base': None}
[0.929s] Level 5:colcon.colcon_core.verb:set package 'wrench_bridge' build argument 'cmake_args' from command line to 'None'
[0.929s] Level 5:colcon.colcon_core.verb:set package 'wrench_bridge' build argument 'cmake_target' from command line to 'None'
[0.929s] Level 5:colcon.colcon_core.verb:set package 'wrench_bridge' build argument 'cmake_target_skip_unavailable' from command line to 'False'
[0.929s] Level 5:colcon.colcon_core.verb:set package 'wrench_bridge' build argument 'cmake_clean_cache' from command line to 'False'
[0.929s] Level 5:colcon.colcon_core.verb:set package 'wrench_bridge' build argument 'cmake_clean_first' from command line to 'False'
[0.930s] Level 5:colcon.colcon_core.verb:set package 'wrench_bridge' build argument 'cmake_force_configure' from command line to 'False'
[0.930s] Level 5:colcon.colcon_core.verb:set package 'wrench_bridge' build argument 'ament_cmake_args' from command line to 'None'
[0.930s] Level 5:colcon.colcon_core.verb:set package 'wrench_bridge' build argument 'catkin_cmake_args' from command line to 'None'
[0.930s] Level 5:colcon.colcon_core.verb:set package 'wrench_bridge' build argument 'catkin_skip_building_tests' from command line to 'False'
[0.930s] DEBUG:colcon.colcon_core.verb:Building package 'wrench_bridge' with the following arguments: {'ament_cmake_args': None, 'build_base': '/home/nithish/ur10e_ws/build/wrench_bridge', 'catkin_cmake_args': None, 'catkin_skip_building_tests': False, 'cmake_args': None, 'cmake_clean_cache': False, 'cmake_clean_first': False, 'cmake_force_configure': False, 'cmake_target': None, 'cmake_target_skip_unavailable': False, 'install_base': '/home/nithish/ur10e_ws/install/wrench_bridge', 'merge_install': False, 'path': '/home/nithish/ur10e_ws/src/wrench_bridge', 'symlink_install': False, 'test_result_base': None}
[0.930s] Level 5:colcon.colcon_core.verb:set package 'my_moveit_config' build argument 'cmake_args' from command line to 'None'
[0.930s] Level 5:colcon.colcon_core.verb:set package 'my_moveit_config' build argument 'cmake_target' from command line to 'None'
[0.930s] Level 5:colcon.colcon_core.verb:set package 'my_moveit_config' build argument 'cmake_target_skip_unavailable' from command line to 'False'
[0.930s] Level 5:colcon.colcon_core.verb:set package 'my_moveit_config' build argument 'cmake_clean_cache' from command line to 'False'
[0.930s] Level 5:colcon.colcon_core.verb:set package 'my_moveit_config' build argument 'cmake_clean_first' from command line to 'False'
[0.930s] Level 5:colcon.colcon_core.verb:set package 'my_moveit_config' build argument 'cmake_force_configure' from command line to 'False'
[0.930s] Level 5:colcon.colcon_core.verb:set package 'my_moveit_config' build argument 'ament_cmake_args' from command line to 'None'
[0.930s] Level 5:colcon.colcon_core.verb:set package 'my_moveit_config' build argument 'catkin_cmake_args' from command line to 'None'
[0.930s] Level 5:colcon.colcon_core.verb:set package 'my_moveit_config' build argument 'catkin_skip_building_tests' from command line to 'False'
[0.930s] DEBUG:colcon.colcon_core.verb:Building package 'my_moveit_config' with the following arguments: {'ament_cmake_args': None, 'build_base': '/home/nithish/ur10e_ws/build/my_moveit_config', 'catkin_cmake_args': None, 'catkin_skip_building_tests': False, 'cmake_args': None, 'cmake_clean_cache': False, 'cmake_clean_first': False, 'cmake_force_configure': False, 'cmake_target': None, 'cmake_target_skip_unavailable': False, 'install_base': '/home/nithish/ur10e_ws/install/my_moveit_config', 'merge_install': False, 'path': '/home/nithish/ur10e_ws/src/my_moveit_config', 'symlink_install': False, 'test_result_base': None}
[0.931s] Level 5:colcon.colcon_core.verb:set package 'ur_simulation_gazebo' build argument 'cmake_args' from command line to 'None'
[0.931s] Level 5:colcon.colcon_core.verb:set package 'ur_simulation_gazebo' build argument 'cmake_target' from command line to 'None'
[0.931s] Level 5:colcon.colcon_core.verb:set package 'ur_simulation_gazebo' build argument 'cmake_target_skip_unavailable' from command line to 'False'
[0.931s] Level 5:colcon.colcon_core.verb:set package 'ur_simulation_gazebo' build argument 'cmake_clean_cache' from command line to 'False'
[0.931s] Level 5:colcon.colcon_core.verb:set package 'ur_simulation_gazebo' build argument 'cmake_clean_first' from command line to 'False'
[0.931s] Level 5:colcon.colcon_core.verb:set package 'ur_simulation_gazebo' build argument 'cmake_force_configure' from command line to 'False'
[0.931s] Level 5:colcon.colcon_core.verb:set package 'ur_simulation_gazebo' build argument 'ament_cmake_args' from command line to 'None'
[0.931s] Level 5:colcon.colcon_core.verb:set package 'ur_simulation_gazebo' build argument 'catkin_cmake_args' from command line to 'None'
[0.931s] Level 5:colcon.colcon_core.verb:set package 'ur_simulation_gazebo' build argument 'catkin_skip_building_tests' from command line to 'False'
[0.931s] DEBUG:colcon.colcon_core.verb:Building package 'ur_simulation_gazebo' with the following arguments: {'ament_cmake_args': None, 'build_base': '/home/nithish/ur10e_ws/build/ur_simulation_gazebo', 'catkin_cmake_args': None, 'catkin_skip_building_tests': False, 'cmake_args': None, 'cmake_clean_cache': False, 'cmake_clean_first': False, 'cmake_force_configure': False, 'cmake_target': None, 'cmake_target_skip_unavailable': False, 'install_base': '/home/nithish/ur10e_ws/install/ur_simulation_gazebo', 'merge_install': False, 'path': '/home/nithish/ur10e_ws/src/Universal_Robots_ROS2_Gazebo_Simulation/ur_simulation_gazebo', 'symlink_install': False, 'test_result_base': None}
[0.932s] Level 5:colcon.colcon_core.verb:set package 'ros2_nr_motion_control' build argument 'cmake_args' from command line to 'None'
[0.932s] Level 5:colcon.colcon_core.verb:set package 'ros2_nr_motion_control' build argument 'cmake_target' from command line to 'None'
[0.932s] Level 5:colcon.colcon_core.verb:set package 'ros2_nr_motion_control' build argument 'cmake_target_skip_unavailable' from command line to 'False'
[0.932s] Level 5:colcon.colcon_core.verb:set package 'ros2_nr_motion_control' build argument 'cmake_clean_cache' from command line to 'False'
[0.932s] Level 5:colcon.colcon_core.verb:set package 'ros2_nr_motion_control' build argument 'cmake_clean_first' from command line to 'False'
[0.932s] Level 5:colcon.colcon_core.verb:set package 'ros2_nr_motion_control' build argument 'cmake_force_configure' from command line to 'False'
[0.932s] Level 5:colcon.colcon_core.verb:set package 'ros2_nr_motion_control' build argument 'ament_cmake_args' from command line to 'None'
[0.932s] Level 5:colcon.colcon_core.verb:set package 'ros2_nr_motion_control' build argument 'catkin_cmake_args' from command line to 'None'
[0.932s] Level 5:colcon.colcon_core.verb:set package 'ros2_nr_motion_control' build argument 'catkin_skip_building_tests' from command line to 'False'
[0.932s] DEBUG:colcon.colcon_core.verb:Building package 'ros2_nr_motion_control' with the following arguments: {'ament_cmake_args': None, 'build_base': '/home/nithish/ur10e_ws/build/ros2_nr_motion_control', 'catkin_cmake_args': None, 'catkin_skip_building_tests': False, 'cmake_args': None, 'cmake_clean_cache': False, 'cmake_clean_first': False, 'cmake_force_configure': False, 'cmake_target': None, 'cmake_target_skip_unavailable': False, 'install_base': '/home/nithish/ur10e_ws/install/ros2_nr_motion_control', 'merge_install': False, 'path': '/home/nithish/ur10e_ws/src/ros2_nr_motion_control', 'symlink_install': False, 'test_result_base': None}
[0.932s] INFO:colcon.colcon_core.executor:Executing jobs using 'parallel' executor
[0.934s] DEBUG:colcon.colcon_parallel_executor.executor.parallel:run_until_complete
[0.934s] INFO:colcon.colcon_ros.task.ament_cmake.build:Building ROS package in '/home/nithish/ur10e_ws/src/Universal_Robots_ROS2_Description' with build type 'ament_cmake'
[0.934s] INFO:colcon.colcon_cmake.task.cmake.build:Building CMake package in '/home/nithish/ur10e_ws/src/Universal_Robots_ROS2_Description'
[0.938s] INFO:colcon.colcon_core.plugin_system:Skipping extension 'colcon_core.shell.bat': Not used on non-Windows systems
[0.938s] INFO:colcon.colcon_core.shell:Skip shell extension 'powershell' for command environment: Not usable outside of PowerShell
[0.938s] DEBUG:colcon.colcon_core.shell:Skip shell extension 'dsv' for command environment
[0.951s] INFO:colcon.colcon_ros.task.ament_python.build:Building ROS package in '/home/nithish/ur10e_ws/src/wrench_bridge' with build type 'ament_python'
[0.951s] Level 1:colcon.colcon_core.shell:create_environment_hook('wrench_bridge', 'ament_prefix_path')
[0.951s] INFO:colcon.colcon_core.shell:Creating environment hook '/home/nithish/ur10e_ws/install/wrench_bridge/share/wrench_bridge/hook/ament_prefix_path.ps1'
[0.953s] INFO:colcon.colcon_core.shell:Creating environment descriptor '/home/nithish/ur10e_ws/install/wrench_bridge/share/wrench_bridge/hook/ament_prefix_path.dsv'
[0.954s] INFO:colcon.colcon_core.shell:Creating environment hook '/home/nithish/ur10e_ws/install/wrench_bridge/share/wrench_bridge/hook/ament_prefix_path.sh'
[0.955s] INFO:colcon.colcon_core.shell:Skip shell extension 'powershell' for command environment: Not usable outside of PowerShell
[0.956s] DEBUG:colcon.colcon_core.shell:Skip shell extension 'dsv' for command environment
[0.984s] DEBUG:colcon.colcon_core.event_handler.log_command:Invoking command in '/home/nithish/ur10e_ws/build/ur_description': CMAKE_PREFIX_PATH=${CMAKE_PREFIX_PATH}:/home/nithish/ur10e_ws/install/wrench_bridge:/home/nithish/ws_moveit2/install/moveit_configs_utils:/home/nithish/robotic_arm_ws/install/path_planner:/opt/ros/humble /usr/bin/cmake --build /home/nithish/ur10e_ws/build/ur_description -- -j12 -l12
[1.610s] INFO:colcon.colcon_core.task.python.build:Building Python package in '/home/nithish/ur10e_ws/src/wrench_bridge'
[1.611s] INFO:colcon.colcon_core.shell:Skip shell extension 'powershell' for command environment: Not usable outside of PowerShell
[1.611s] DEBUG:colcon.colcon_core.shell:Skip shell extension 'dsv' for command environment
[1.638s] DEBUG:colcon.colcon_core.event_handler.log_command:Invoked command in '/home/nithish/ur10e_ws/build/ur_description' returned '0': CMAKE_PREFIX_PATH=${CMAKE_PREFIX_PATH}:/home/nithish/ur10e_ws/install/wrench_bridge:/home/nithish/ws_moveit2/install/moveit_configs_utils:/home/nithish/robotic_arm_ws/install/path_planner:/opt/ros/humble /usr/bin/cmake --build /home/nithish/ur10e_ws/build/ur_description -- -j12 -l12
[1.678s] DEBUG:colcon.colcon_core.event_handler.log_command:Invoking command in '/home/nithish/ur10e_ws/build/ur_description': CMAKE_PREFIX_PATH=${CMAKE_PREFIX_PATH}:/home/nithish/ur10e_ws/install/wrench_bridge:/home/nithish/ws_moveit2/install/moveit_configs_utils:/home/nithish/robotic_arm_ws/install/path_planner:/opt/ros/humble /usr/bin/cmake --install /home/nithish/ur10e_ws/build/ur_description
[1.726s] Level 1:colcon.colcon_core.environment:create_environment_scripts_only(ur_description)
[1.769s] Level 1:colcon.colcon_core.environment:checking '/home/nithish/ur10e_ws/install/ur_description' for CMake module files
[1.779s] Level 1:colcon.colcon_core.environment:checking '/home/nithish/ur10e_ws/install/ur_description' for CMake config files
[1.785s] DEBUG:colcon.colcon_core.event_handler.log_command:Invoked command in '/home/nithish/ur10e_ws/build/ur_description' returned '0': CMAKE_PREFIX_PATH=${CMAKE_PREFIX_PATH}:/home/nithish/ur10e_ws/install/wrench_bridge:/home/nithish/ws_moveit2/install/moveit_configs_utils:/home/nithish/robotic_arm_ws/install/path_planner:/opt/ros/humble /usr/bin/cmake --install /home/nithish/ur10e_ws/build/ur_description
[1.790s] Level 1:colcon.colcon_core.shell:create_environment_hook('ur_description', 'cmake_prefix_path')
[1.792s] INFO:colcon.colcon_core.shell:Creating environment hook '/home/nithish/ur10e_ws/install/ur_description/share/ur_description/hook/cmake_prefix_path.ps1'
[1.794s] INFO:colcon.colcon_core.shell:Creating environment descriptor '/home/nithish/ur10e_ws/install/ur_description/share/ur_description/hook/cmake_prefix_path.dsv'
[1.795s] INFO:colcon.colcon_core.shell:Creating environment hook '/home/nithish/ur10e_ws/install/ur_description/share/ur_description/hook/cmake_prefix_path.sh'
[1.798s] Level 1:colcon.colcon_core.environment:checking '/home/nithish/ur10e_ws/install/ur_description/bin'
[1.798s] Level 1:colcon.colcon_core.environment:checking '/home/nithish/ur10e_ws/install/ur_description/lib/pkgconfig/ur_description.pc'
[1.799s] Level 1:colcon.colcon_core.environment:checking '/home/nithish/ur10e_ws/install/ur_description/lib/python3.10/site-packages'
[1.800s] Level 1:colcon.colcon_core.environment:checking '/home/nithish/ur10e_ws/install/ur_description/bin'
[1.802s] INFO:colcon.colcon_core.shell:Creating package script '/home/nithish/ur10e_ws/install/ur_description/share/ur_description/package.ps1'
[1.805s] INFO:colcon.colcon_core.shell:Creating package descriptor '/home/nithish/ur10e_ws/install/ur_description/share/ur_description/package.dsv'
[1.808s] INFO:colcon.colcon_core.shell:Creating package script '/home/nithish/ur10e_ws/install/ur_description/share/ur_description/package.sh'
[1.811s] INFO:colcon.colcon_core.shell:Creating package script '/home/nithish/ur10e_ws/install/ur_description/share/ur_description/package.bash'
[1.814s] INFO:colcon.colcon_core.shell:Creating package script '/home/nithish/ur10e_ws/install/ur_description/share/ur_description/package.zsh'
[1.816s] Level 1:colcon.colcon_core.environment:create_file_with_runtime_dependencies(/home/nithish/ur10e_ws/install/ur_description/share/colcon-core/packages/ur_description)
[1.818s] Level 1:colcon.colcon_core.environment:create_environment_scripts_only(ur_description)
[1.819s] Level 1:colcon.colcon_core.environment:checking '/home/nithish/ur10e_ws/install/ur_description' for CMake module files
[1.820s] Level 1:colcon.colcon_core.environment:checking '/home/nithish/ur10e_ws/install/ur_description' for CMake config files
[1.823s] Level 1:colcon.colcon_core.shell:create_environment_hook('ur_description', 'cmake_prefix_path')
[1.823s] INFO:colcon.colcon_core.shell:Creating environment hook '/home/nithish/ur10e_ws/install/ur_description/share/ur_description/hook/cmake_prefix_path.ps1'
[1.825s] INFO:colcon.colcon_core.shell:Creating environment descriptor '/home/nithish/ur10e_ws/install/ur_description/share/ur_description/hook/cmake_prefix_path.dsv'
[1.826s] INFO:colcon.colcon_core.shell:Creating environment hook '/home/nithish/ur10e_ws/install/ur_description/share/ur_description/hook/cmake_prefix_path.sh'
[1.828s] Level 1:colcon.colcon_core.environment:checking '/home/nithish/ur10e_ws/install/ur_description/bin'
[1.829s] Level 1:colcon.colcon_core.environment:checking '/home/nithish/ur10e_ws/install/ur_description/lib/pkgconfig/ur_description.pc'
[1.829s] Level 1:colcon.colcon_core.environment:checking '/home/nithish/ur10e_ws/install/ur_description/lib/python3.10/site-packages'
[1.830s] Level 1:colcon.colcon_core.environment:checking '/home/nithish/ur10e_ws/install/ur_description/bin'
[1.831s] INFO:colcon.colcon_core.shell:Creating package script '/home/nithish/ur10e_ws/install/ur_description/share/ur_description/package.ps1'
[1.833s] INFO:colcon.colcon_core.shell:Creating package descriptor '/home/nithish/ur10e_ws/install/ur_description/share/ur_description/package.dsv'
[1.836s] INFO:colcon.colcon_core.shell:Creating package script '/home/nithish/ur10e_ws/install/ur_description/share/ur_description/package.sh'
[1.838s] INFO:colcon.colcon_core.shell:Creating package script '/home/nithish/ur10e_ws/install/ur_description/share/ur_description/package.bash'
[1.842s] INFO:colcon.colcon_core.shell:Creating package script '/home/nithish/ur10e_ws/install/ur_description/share/ur_description/package.zsh'
[1.845s] Level 1:colcon.colcon_core.environment:create_file_with_runtime_dependencies(/home/nithish/ur10e_ws/install/ur_description/share/colcon-core/packages/ur_description)
[1.847s] INFO:colcon.colcon_ros.task.ament_cmake.build:Building ROS package in '/home/nithish/ur10e_ws/src/Universal_Robots_ROS2_Gazebo_Simulation/ur_simulation_gazebo' with build type 'ament_cmake'
[1.848s] INFO:colcon.colcon_cmake.task.cmake.build:Building CMake package in '/home/nithish/ur10e_ws/src/Universal_Robots_ROS2_Gazebo_Simulation/ur_simulation_gazebo'
[1.850s] INFO:colcon.colcon_core.shell:Skip shell extension 'powershell' for command environment: Not usable outside of PowerShell
[1.851s] DEBUG:colcon.colcon_core.shell:Skip shell extension 'dsv' for command environment
[1.890s] INFO:colcon.colcon_ros.task.ament_cmake.build:Building ROS package in '/home/nithish/ur10e_ws/src/my_moveit_config' with build type 'ament_cmake'
[1.891s] INFO:colcon.colcon_cmake.task.cmake.build:Building CMake package in '/home/nithish/ur10e_ws/src/my_moveit_config'
[1.892s] INFO:colcon.colcon_core.shell:Skip shell extension 'powershell' for command environment: Not usable outside of PowerShell
[1.893s] DEBUG:colcon.colcon_core.shell:Skip shell extension 'dsv' for command environment
[1.928s] DEBUG:colcon.colcon_core.event_handler.log_command:Invoking command in '/home/nithish/ur10e_ws/build/ur_simulation_gazebo': CMAKE_PREFIX_PATH=/home/nithish/ur10e_ws/install/ur_description:/home/nithish/ur10e_ws/install/ros2_nr_motion_control:/home/nithish/ur10e_ws/install/ur_simulation_gazebo:/home/nithish/ur10e_ws/install/ur:/home/nithish/ur10e_ws/install/ur_calibration:/home/nithish/ur10e_ws/install/ur_robot_driver:/home/nithish/ur10e_ws/install/ur_moveit_config:/home/nithish/ur10e_ws/install/ur_bringup:/home/nithish/ur10e_ws/install/my_moveit_config:/home/nithish/ur10e_ws/install/ur_controllers:/home/nithish/ur10e_ws/install/ur_dashboard_msgs:/home/nithish/ws_moveit2/install/pilz_industrial_motion_planner_testutils:/home/nithish/ws_moveit2/install/moveit_runtime:/home/nithish/ws_moveit2/install/moveit:/home/nithish/ws_moveit2/install/moveit_planners:/home/nithish/ws_moveit2/install/pilz_industrial_motion_planner:/home/nithish/ws_moveit2/install/moveit_ros_control_interface:/home/nithish/ws_moveit2/install/moveit_plugins:/home/nithish/ws_moveit2/install/moveit_simple_controller_manager:/home/nithish/ws_moveit2/install/moveit_setup_assistant:/home/nithish/ws_moveit2/install/moveit_setup_srdf_plugins:/home/nithish/ws_moveit2/install/moveit_setup_core_plugins:/home/nithish/ws_moveit2/install/moveit_setup_controllers:/home/nithish/ws_moveit2/install/moveit_setup_app_plugins:/home/nithish/ws_moveit2/install/moveit_setup_framework:/home/nithish/ws_moveit2/install/moveit_servo:/home/nithish/ws_moveit2/install/moveit_ros:/home/nithish/ws_moveit2/install/moveit_ros_visualization:/home/nithish/ws_moveit2/install/moveit_hybrid_planning:/home/nithish/ws_moveit2/install/moveit_ros_planning_interface:/home/nithish/ws_moveit2/install/moveit_ros_benchmarks:/home/nithish/ws_moveit2/install/moveit_ros_warehouse:/home/nithish/ws_moveit2/install/moveit_ros_robot_interaction:/home/nithish/ws_moveit2/install/moveit_ros_perception:/home/nithish/ws_moveit2/install/moveit_resources_prbt_pg70_support:/home/nithish/ws_moveit2/install/moveit_resources_prbt_moveit_config:/home/nithish/ws_moveit2/install/moveit_ros_move_group:/home/nithish/ws_moveit2/install/moveit_planners_ompl:/home/nithish/ws_moveit2/install/moveit_ros_planning:/home/nithish/ws_moveit2/install/moveit_ros_occupancy_map_monitor:/home/nithish/ws_moveit2/install/moveit_resources_prbt_support:/home/nithish/ws_moveit2/install/moveit_resources_prbt_ikfast_manipulator_plugin:/home/nithish/ws_moveit2/install/moveit_planners_chomp:/home/nithish/ws_moveit2/install/moveit_kinematics:/home/nithish/ws_moveit2/install/moveit_chomp_optimizer_adapter:/home/nithish/ws_moveit2/install/chomp_motion_planner:/home/nithish/ws_moveit2/install/moveit_core:/home/nithish/ws_moveit2/install/moveit_common:/home/nithish/rviz2_ws/install:/home/nithish/robotic_arm_ws/install/ur_simulation_gz:/home/nithish/robotic_arm_ws/install/ur:/home/nithish/robotic_arm_ws/install/ur_calibration:/home/nithish/robotic_arm_ws/install/ur_robot_driver:/home/nithish/robotic_arm_ws/install/ur_moveit_config:/home/nithish/robotic_arm_ws/install/ur_bringup:/home/nithish/robotic_arm_ws/install/ur_description:/home/nithish/robotic_arm_ws/install/ur_controllers:/home/nithish/robotic_arm_ws/install/ur_dashboard_msgs:/home/nithish/ur10e_ws/install/wrench_bridge:/home/nithish/ws_moveit2/install/moveit_configs_utils:/home/nithish/robotic_arm_ws/install/path_planner:/opt/ros/humble /usr/bin/cmake --build /home/nithish/ur10e_ws/build/ur_simulation_gazebo -- -j12 -l12
[1.942s] DEBUG:colcon.colcon_core.event_handler.log_command:Invoking command in '/home/nithish/ur10e_ws/build/my_moveit_config': CMAKE_PREFIX_PATH=/home/nithish/ur10e_ws/install/ur_description:/home/nithish/ur10e_ws/install/ros2_nr_motion_control:/home/nithish/ur10e_ws/install/ur_simulation_gazebo:/home/nithish/ur10e_ws/install/ur:/home/nithish/ur10e_ws/install/ur_calibration:/home/nithish/ur10e_ws/install/ur_robot_driver:/home/nithish/ur10e_ws/install/ur_moveit_config:/home/nithish/ur10e_ws/install/ur_bringup:/home/nithish/ur10e_ws/install/my_moveit_config:/home/nithish/ur10e_ws/install/ur_controllers:/home/nithish/ur10e_ws/install/ur_dashboard_msgs:/home/nithish/ws_moveit2/install/pilz_industrial_motion_planner_testutils:/home/nithish/ws_moveit2/install/moveit_runtime:/home/nithish/ws_moveit2/install/moveit:/home/nithish/ws_moveit2/install/moveit_planners:/home/nithish/ws_moveit2/install/pilz_industrial_motion_planner:/home/nithish/ws_moveit2/install/moveit_ros_control_interface:/home/nithish/ws_moveit2/install/moveit_plugins:/home/nithish/ws_moveit2/install/moveit_simple_controller_manager:/home/nithish/ws_moveit2/install/moveit_setup_assistant:/home/nithish/ws_moveit2/install/moveit_setup_srdf_plugins:/home/nithish/ws_moveit2/install/moveit_setup_core_plugins:/home/nithish/ws_moveit2/install/moveit_setup_controllers:/home/nithish/ws_moveit2/install/moveit_setup_app_plugins:/home/nithish/ws_moveit2/install/moveit_setup_framework:/home/nithish/ws_moveit2/install/moveit_servo:/home/nithish/ws_moveit2/install/moveit_ros:/home/nithish/ws_moveit2/install/moveit_ros_visualization:/home/nithish/ws_moveit2/install/moveit_hybrid_planning:/home/nithish/ws_moveit2/install/moveit_ros_planning_interface:/home/nithish/ws_moveit2/install/moveit_ros_benchmarks:/home/nithish/ws_moveit2/install/moveit_ros_warehouse:/home/nithish/ws_moveit2/install/moveit_ros_robot_interaction:/home/nithish/ws_moveit2/install/moveit_ros_perception:/home/nithish/ws_moveit2/install/moveit_resources_prbt_pg70_support:/home/nithish/ws_moveit2/install/moveit_resources_prbt_moveit_config:/home/nithish/ws_moveit2/install/moveit_ros_move_group:/home/nithish/ws_moveit2/install/moveit_planners_ompl:/home/nithish/ws_moveit2/install/moveit_ros_planning:/home/nithish/ws_moveit2/install/moveit_ros_occupancy_map_monitor:/home/nithish/ws_moveit2/install/moveit_resources_prbt_support:/home/nithish/ws_moveit2/install/moveit_resources_prbt_ikfast_manipulator_plugin:/home/nithish/ws_moveit2/install/moveit_planners_chomp:/home/nithish/ws_moveit2/install/moveit_kinematics:/home/nithish/ws_moveit2/install/moveit_chomp_optimizer_adapter:/home/nithish/ws_moveit2/install/chomp_motion_planner:/home/nithish/ws_moveit2/install/moveit_core:/home/nithish/ws_moveit2/install/moveit_common:/home/nithish/rviz2_ws/install:/home/nithish/robotic_arm_ws/install/ur_simulation_gz:/home/nithish/robotic_arm_ws/install/ur:/home/nithish/robotic_arm_ws/install/ur_calibration:/home/nithish/robotic_arm_ws/install/ur_robot_driver:/home/nithish/robotic_arm_ws/install/ur_moveit_config:/home/nithish/robotic_arm_ws/install/ur_bringup:/home/nithish/robotic_arm_ws/install/ur_description:/home/nithish/robotic_arm_ws/install/ur_controllers:/home/nithish/robotic_arm_ws/install/ur_dashboard_msgs:/home/nithish/ur10e_ws/install/wrench_bridge:/home/nithish/ws_moveit2/install/moveit_configs_utils:/home/nithish/robotic_arm_ws/install/path_planner:/opt/ros/humble /usr/bin/cmake --build /home/nithish/ur10e_ws/build/my_moveit_config -- -j12 -l12
[2.083s] DEBUG:colcon.colcon_core.event_handler.log_command:Invoked command in '/home/nithish/ur10e_ws/build/ur_simulation_gazebo' returned '0': CMAKE_PREFIX_PATH=/home/nithish/ur10e_ws/install/ur_description:/home/nithish/ur10e_ws/install/ros2_nr_motion_control:/home/nithish/ur10e_ws/install/ur_simulation_gazebo:/home/nithish/ur10e_ws/install/ur:/home/nithish/ur10e_ws/install/ur_calibration:/home/nithish/ur10e_ws/install/ur_robot_driver:/home/nithish/ur10e_ws/install/ur_moveit_config:/home/nithish/ur10e_ws/install/ur_bringup:/home/nithish/ur10e_ws/install/my_moveit_config:/home/nithish/ur10e_ws/install/ur_controllers:/home/nithish/ur10e_ws/install/ur_dashboard_msgs:/home/nithish/ws_moveit2/install/pilz_industrial_motion_planner_testutils:/home/nithish/ws_moveit2/install/moveit_runtime:/home/nithish/ws_moveit2/install/moveit:/home/nithish/ws_moveit2/install/moveit_planners:/home/nithish/ws_moveit2/install/pilz_industrial_motion_planner:/home/nithish/ws_moveit2/install/moveit_ros_control_interface:/home/nithish/ws_moveit2/install/moveit_plugins:/home/nithish/ws_moveit2/install/moveit_simple_controller_manager:/home/nithish/ws_moveit2/install/moveit_setup_assistant:/home/nithish/ws_moveit2/install/moveit_setup_srdf_plugins:/home/nithish/ws_moveit2/install/moveit_setup_core_plugins:/home/nithish/ws_moveit2/install/moveit_setup_controllers:/home/nithish/ws_moveit2/install/moveit_setup_app_plugins:/home/nithish/ws_moveit2/install/moveit_setup_framework:/home/nithish/ws_moveit2/install/moveit_servo:/home/nithish/ws_moveit2/install/moveit_ros:/home/nithish/ws_moveit2/install/moveit_ros_visualization:/home/nithish/ws_moveit2/install/moveit_hybrid_planning:/home/nithish/ws_moveit2/install/moveit_ros_planning_interface:/home/nithish/ws_moveit2/install/moveit_ros_benchmarks:/home/nithish/ws_moveit2/install/moveit_ros_warehouse:/home/nithish/ws_moveit2/install/moveit_ros_robot_interaction:/home/nithish/ws_moveit2/install/moveit_ros_perception:/home/nithish/ws_moveit2/install/moveit_resources_prbt_pg70_support:/home/nithish/ws_moveit2/install/moveit_resources_prbt_moveit_config:/home/nithish/ws_moveit2/install/moveit_ros_move_group:/home/nithish/ws_moveit2/install/moveit_planners_ompl:/home/nithish/ws_moveit2/install/moveit_ros_planning:/home/nithish/ws_moveit2/install/moveit_ros_occupancy_map_monitor:/home/nithish/ws_moveit2/install/moveit_resources_prbt_support:/home/nithish/ws_moveit2/install/moveit_resources_prbt_ikfast_manipulator_plugin:/home/nithish/ws_moveit2/install/moveit_planners_chomp:/home/nithish/ws_moveit2/install/moveit_kinematics:/home/nithish/ws_moveit2/install/moveit_chomp_optimizer_adapter:/home/nithish/ws_moveit2/install/chomp_motion_planner:/home/nithish/ws_moveit2/install/moveit_core:/home/nithish/ws_moveit2/install/moveit_common:/home/nithish/rviz2_ws/install:/home/nithish/robotic_arm_ws/install/ur_simulation_gz:/home/nithish/robotic_arm_ws/install/ur:/home/nithish/robotic_arm_ws/install/ur_calibration:/home/nithish/robotic_arm_ws/install/ur_robot_driver:/home/nithish/robotic_arm_ws/install/ur_moveit_config:/home/nithish/robotic_arm_ws/install/ur_bringup:/home/nithish/robotic_arm_ws/install/ur_description:/home/nithish/robotic_arm_ws/install/ur_controllers:/home/nithish/robotic_arm_ws/install/ur_dashboard_msgs:/home/nithish/ur10e_ws/install/wrench_bridge:/home/nithish/ws_moveit2/install/moveit_configs_utils:/home/nithish/robotic_arm_ws/install/path_planner:/opt/ros/humble /usr/bin/cmake --build /home/nithish/ur10e_ws/build/ur_simulation_gazebo -- -j12 -l12
[2.091s] DEBUG:colcon.colcon_core.event_handler.log_command:Invoking command in '/home/nithish/ur10e_ws/build/ur_simulation_gazebo': CMAKE_PREFIX_PATH=/home/nithish/ur10e_ws/install/ur_description:/home/nithish/ur10e_ws/install/ros2_nr_motion_control:/home/nithish/ur10e_ws/install/ur_simulation_gazebo:/home/nithish/ur10e_ws/install/ur:/home/nithish/ur10e_ws/install/ur_calibration:/home/nithish/ur10e_ws/install/ur_robot_driver:/home/nithish/ur10e_ws/install/ur_moveit_config:/home/nithish/ur10e_ws/install/ur_bringup:/home/nithish/ur10e_ws/install/my_moveit_config:/home/nithish/ur10e_ws/install/ur_controllers:/home/nithish/ur10e_ws/install/ur_dashboard_msgs:/home/nithish/ws_moveit2/install/pilz_industrial_motion_planner_testutils:/home/nithish/ws_moveit2/install/moveit_runtime:/home/nithish/ws_moveit2/install/moveit:/home/nithish/ws_moveit2/install/moveit_planners:/home/nithish/ws_moveit2/install/pilz_industrial_motion_planner:/home/nithish/ws_moveit2/install/moveit_ros_control_interface:/home/nithish/ws_moveit2/install/moveit_plugins:/home/nithish/ws_moveit2/install/moveit_simple_controller_manager:/home/nithish/ws_moveit2/install/moveit_setup_assistant:/home/nithish/ws_moveit2/install/moveit_setup_srdf_plugins:/home/nithish/ws_moveit2/install/moveit_setup_core_plugins:/home/nithish/ws_moveit2/install/moveit_setup_controllers:/home/nithish/ws_moveit2/install/moveit_setup_app_plugins:/home/nithish/ws_moveit2/install/moveit_setup_framework:/home/nithish/ws_moveit2/install/moveit_servo:/home/nithish/ws_moveit2/install/moveit_ros:/home/nithish/ws_moveit2/install/moveit_ros_visualization:/home/nithish/ws_moveit2/install/moveit_hybrid_planning:/home/nithish/ws_moveit2/install/moveit_ros_planning_interface:/home/nithish/ws_moveit2/install/moveit_ros_benchmarks:/home/nithish/ws_moveit2/install/moveit_ros_warehouse:/home/nithish/ws_moveit2/install/moveit_ros_robot_interaction:/home/nithish/ws_moveit2/install/moveit_ros_perception:/home/nithish/ws_moveit2/install/moveit_resources_prbt_pg70_support:/home/nithish/ws_moveit2/install/moveit_resources_prbt_moveit_config:/home/nithish/ws_moveit2/install/moveit_ros_move_group:/home/nithish/ws_moveit2/install/moveit_planners_ompl:/home/nithish/ws_moveit2/install/moveit_ros_planning:/home/nithish/ws_moveit2/install/moveit_ros_occupancy_map_monitor:/home/nithish/ws_moveit2/install/moveit_resources_prbt_support:/home/nithish/ws_moveit2/install/moveit_resources_prbt_ikfast_manipulator_plugin:/home/nithish/ws_moveit2/install/moveit_planners_chomp:/home/nithish/ws_moveit2/install/moveit_kinematics:/home/nithish/ws_moveit2/install/moveit_chomp_optimizer_adapter:/home/nithish/ws_moveit2/install/chomp_motion_planner:/home/nithish/ws_moveit2/install/moveit_core:/home/nithish/ws_moveit2/install/moveit_common:/home/nithish/rviz2_ws/install:/home/nithish/robotic_arm_ws/install/ur_simulation_gz:/home/nithish/robotic_arm_ws/install/ur:/home/nithish/robotic_arm_ws/install/ur_calibration:/home/nithish/robotic_arm_ws/install/ur_robot_driver:/home/nithish/robotic_arm_ws/install/ur_moveit_config:/home/nithish/robotic_arm_ws/install/ur_bringup:/home/nithish/robotic_arm_ws/install/ur_description:/home/nithish/robotic_arm_ws/install/ur_controllers:/home/nithish/robotic_arm_ws/install/ur_dashboard_msgs:/home/nithish/ur10e_ws/install/wrench_bridge:/home/nithish/ws_moveit2/install/moveit_configs_utils:/home/nithish/robotic_arm_ws/install/path_planner:/opt/ros/humble /usr/bin/cmake --install /home/nithish/ur10e_ws/build/ur_simulation_gazebo
[2.116s] DEBUG:colcon.colcon_core.event_handler.log_command:Invoked command in '/home/nithish/ur10e_ws/build/my_moveit_config' returned '0': CMAKE_PREFIX_PATH=/home/nithish/ur10e_ws/install/ur_description:/home/nithish/ur10e_ws/install/ros2_nr_motion_control:/home/nithish/ur10e_ws/install/ur_simulation_gazebo:/home/nithish/ur10e_ws/install/ur:/home/nithish/ur10e_ws/install/ur_calibration:/home/nithish/ur10e_ws/install/ur_robot_driver:/home/nithish/ur10e_ws/install/ur_moveit_config:/home/nithish/ur10e_ws/install/ur_bringup:/home/nithish/ur10e_ws/install/my_moveit_config:/home/nithish/ur10e_ws/install/ur_controllers:/home/nithish/ur10e_ws/install/ur_dashboard_msgs:/home/nithish/ws_moveit2/install/pilz_industrial_motion_planner_testutils:/home/nithish/ws_moveit2/install/moveit_runtime:/home/nithish/ws_moveit2/install/moveit:/home/nithish/ws_moveit2/install/moveit_planners:/home/nithish/ws_moveit2/install/pilz_industrial_motion_planner:/home/nithish/ws_moveit2/install/moveit_ros_control_interface:/home/nithish/ws_moveit2/install/moveit_plugins:/home/nithish/ws_moveit2/install/moveit_simple_controller_manager:/home/nithish/ws_moveit2/install/moveit_setup_assistant:/home/nithish/ws_moveit2/install/moveit_setup_srdf_plugins:/home/nithish/ws_moveit2/install/moveit_setup_core_plugins:/home/nithish/ws_moveit2/install/moveit_setup_controllers:/home/nithish/ws_moveit2/install/moveit_setup_app_plugins:/home/nithish/ws_moveit2/install/moveit_setup_framework:/home/nithish/ws_moveit2/install/moveit_servo:/home/nithish/ws_moveit2/install/moveit_ros:/home/nithish/ws_moveit2/install/moveit_ros_visualization:/home/nithish/ws_moveit2/install/moveit_hybrid_planning:/home/nithish/ws_moveit2/install/moveit_ros_planning_interface:/home/nithish/ws_moveit2/install/moveit_ros_benchmarks:/home/nithish/ws_moveit2/install/moveit_ros_warehouse:/home/nithish/ws_moveit2/install/moveit_ros_robot_interaction:/home/nithish/ws_moveit2/install/moveit_ros_perception:/home/nithish/ws_moveit2/install/moveit_resources_prbt_pg70_support:/home/nithish/ws_moveit2/install/moveit_resources_prbt_moveit_config:/home/nithish/ws_moveit2/install/moveit_ros_move_group:/home/nithish/ws_moveit2/install/moveit_planners_ompl:/home/nithish/ws_moveit2/install/moveit_ros_planning:/home/nithish/ws_moveit2/install/moveit_ros_occupancy_map_monitor:/home/nithish/ws_moveit2/install/moveit_resources_prbt_support:/home/nithish/ws_moveit2/install/moveit_resources_prbt_ikfast_manipulator_plugin:/home/nithish/ws_moveit2/install/moveit_planners_chomp:/home/nithish/ws_moveit2/install/moveit_kinematics:/home/nithish/ws_moveit2/install/moveit_chomp_optimizer_adapter:/home/nithish/ws_moveit2/install/chomp_motion_planner:/home/nithish/ws_moveit2/install/moveit_core:/home/nithish/ws_moveit2/install/moveit_common:/home/nithish/rviz2_ws/install:/home/nithish/robotic_arm_ws/install/ur_simulation_gz:/home/nithish/robotic_arm_ws/install/ur:/home/nithish/robotic_arm_ws/install/ur_calibration:/home/nithish/robotic_arm_ws/install/ur_robot_driver:/home/nithish/robotic_arm_ws/install/ur_moveit_config:/home/nithish/robotic_arm_ws/install/ur_bringup:/home/nithish/robotic_arm_ws/install/ur_description:/home/nithish/robotic_arm_ws/install/ur_controllers:/home/nithish/robotic_arm_ws/install/ur_dashboard_msgs:/home/nithish/ur10e_ws/install/wrench_bridge:/home/nithish/ws_moveit2/install/moveit_configs_utils:/home/nithish/robotic_arm_ws/install/path_planner:/opt/ros/humble /usr/bin/cmake --build /home/nithish/ur10e_ws/build/my_moveit_config -- -j12 -l12
[2.124s] DEBUG:colcon.colcon_core.event_handler.log_command:Invoking command in '/home/nithish/ur10e_ws/build/my_moveit_config': CMAKE_PREFIX_PATH=/home/nithish/ur10e_ws/install/ur_description:/home/nithish/ur10e_ws/install/ros2_nr_motion_control:/home/nithish/ur10e_ws/install/ur_simulation_gazebo:/home/nithish/ur10e_ws/install/ur:/home/nithish/ur10e_ws/install/ur_calibration:/home/nithish/ur10e_ws/install/ur_robot_driver:/home/nithish/ur10e_ws/install/ur_moveit_config:/home/nithish/ur10e_ws/install/ur_bringup:/home/nithish/ur10e_ws/install/my_moveit_config:/home/nithish/ur10e_ws/install/ur_controllers:/home/nithish/ur10e_ws/install/ur_dashboard_msgs:/home/nithish/ws_moveit2/install/pilz_industrial_motion_planner_testutils:/home/nithish/ws_moveit2/install/moveit_runtime:/home/nithish/ws_moveit2/install/moveit:/home/nithish/ws_moveit2/install/moveit_planners:/home/nithish/ws_moveit2/install/pilz_industrial_motion_planner:/home/nithish/ws_moveit2/install/moveit_ros_control_interface:/home/nithish/ws_moveit2/install/moveit_plugins:/home/nithish/ws_moveit2/install/moveit_simple_controller_manager:/home/nithish/ws_moveit2/install/moveit_setup_assistant:/home/nithish/ws_moveit2/install/moveit_setup_srdf_plugins:/home/nithish/ws_moveit2/install/moveit_setup_core_plugins:/home/nithish/ws_moveit2/install/moveit_setup_controllers:/home/nithish/ws_moveit2/install/moveit_setup_app_plugins:/home/nithish/ws_moveit2/install/moveit_setup_framework:/home/nithish/ws_moveit2/install/moveit_servo:/home/nithish/ws_moveit2/install/moveit_ros:/home/nithish/ws_moveit2/install/moveit_ros_visualization:/home/nithish/ws_moveit2/install/moveit_hybrid_planning:/home/nithish/ws_moveit2/install/moveit_ros_planning_interface:/home/nithish/ws_moveit2/install/moveit_ros_benchmarks:/home/nithish/ws_moveit2/install/moveit_ros_warehouse:/home/nithish/ws_moveit2/install/moveit_ros_robot_interaction:/home/nithish/ws_moveit2/install/moveit_ros_perception:/home/nithish/ws_moveit2/install/moveit_resources_prbt_pg70_support:/home/nithish/ws_moveit2/install/moveit_resources_prbt_moveit_config:/home/nithish/ws_moveit2/install/moveit_ros_move_group:/home/nithish/ws_moveit2/install/moveit_planners_ompl:/home/nithish/ws_moveit2/install/moveit_ros_planning:/home/nithish/ws_moveit2/install/moveit_ros_occupancy_map_monitor:/home/nithish/ws_moveit2/install/moveit_resources_prbt_support:/home/nithish/ws_moveit2/install/moveit_resources_prbt_ikfast_manipulator_plugin:/home/nithish/ws_moveit2/install/moveit_planners_chomp:/home/nithish/ws_moveit2/install/moveit_kinematics:/home/nithish/ws_moveit2/install/moveit_chomp_optimizer_adapter:/home/nithish/ws_moveit2/install/chomp_motion_planner:/home/nithish/ws_moveit2/install/moveit_core:/home/nithish/ws_moveit2/install/moveit_common:/home/nithish/rviz2_ws/install:/home/nithish/robotic_arm_ws/install/ur_simulation_gz:/home/nithish/robotic_arm_ws/install/ur:/home/nithish/robotic_arm_ws/install/ur_calibration:/home/nithish/robotic_arm_ws/install/ur_robot_driver:/home/nithish/robotic_arm_ws/install/ur_moveit_config:/home/nithish/robotic_arm_ws/install/ur_bringup:/home/nithish/robotic_arm_ws/install/ur_description:/home/nithish/robotic_arm_ws/install/ur_controllers:/home/nithish/robotic_arm_ws/install/ur_dashboard_msgs:/home/nithish/ur10e_ws/install/wrench_bridge:/home/nithish/ws_moveit2/install/moveit_configs_utils:/home/nithish/robotic_arm_ws/install/path_planner:/opt/ros/humble /usr/bin/cmake --install /home/nithish/ur10e_ws/build/my_moveit_config
[2.138s] Level 1:colcon.colcon_core.environment:create_environment_scripts_only(ur_simulation_gazebo)
[2.140s] Level 1:colcon.colcon_core.environment:checking '/home/nithish/ur10e_ws/install/ur_simulation_gazebo' for CMake module files
[2.142s] DEBUG:colcon.colcon_core.event_handler.log_command:Invoked command in '/home/nithish/ur10e_ws/build/ur_simulation_gazebo' returned '0': CMAKE_PREFIX_PATH=/home/nithish/ur10e_ws/install/ur_description:/home/nithish/ur10e_ws/install/ros2_nr_motion_control:/home/nithish/ur10e_ws/install/ur_simulation_gazebo:/home/nithish/ur10e_ws/install/ur:/home/nithish/ur10e_ws/install/ur_calibration:/home/nithish/ur10e_ws/install/ur_robot_driver:/home/nithish/ur10e_ws/install/ur_moveit_config:/home/nithish/ur10e_ws/install/ur_bringup:/home/nithish/ur10e_ws/install/my_moveit_config:/home/nithish/ur10e_ws/install/ur_controllers:/home/nithish/ur10e_ws/install/ur_dashboard_msgs:/home/nithish/ws_moveit2/install/pilz_industrial_motion_planner_testutils:/home/nithish/ws_moveit2/install/moveit_runtime:/home/nithish/ws_moveit2/install/moveit:/home/nithish/ws_moveit2/install/moveit_planners:/home/nithish/ws_moveit2/install/pilz_industrial_motion_planner:/home/nithish/ws_moveit2/install/moveit_ros_control_interface:/home/nithish/ws_moveit2/install/moveit_plugins:/home/nithish/ws_moveit2/install/moveit_simple_controller_manager:/home/nithish/ws_moveit2/install/moveit_setup_assistant:/home/nithish/ws_moveit2/install/moveit_setup_srdf_plugins:/home/nithish/ws_moveit2/install/moveit_setup_core_plugins:/home/nithish/ws_moveit2/install/moveit_setup_controllers:/home/nithish/ws_moveit2/install/moveit_setup_app_plugins:/home/nithish/ws_moveit2/install/moveit_setup_framework:/home/nithish/ws_moveit2/install/moveit_servo:/home/nithish/ws_moveit2/install/moveit_ros:/home/nithish/ws_moveit2/install/moveit_ros_visualization:/home/nithish/ws_moveit2/install/moveit_hybrid_planning:/home/nithish/ws_moveit2/install/moveit_ros_planning_interface:/home/nithish/ws_moveit2/install/moveit_ros_benchmarks:/home/nithish/ws_moveit2/install/moveit_ros_warehouse:/home/nithish/ws_moveit2/install/moveit_ros_robot_interaction:/home/nithish/ws_moveit2/install/moveit_ros_perception:/home/nithish/ws_moveit2/install/moveit_resources_prbt_pg70_support:/home/nithish/ws_moveit2/install/moveit_resources_prbt_moveit_config:/home/nithish/ws_moveit2/install/moveit_ros_move_group:/home/nithish/ws_moveit2/install/moveit_planners_ompl:/home/nithish/ws_moveit2/install/moveit_ros_planning:/home/nithish/ws_moveit2/install/moveit_ros_occupancy_map_monitor:/home/nithish/ws_moveit2/install/moveit_resources_prbt_support:/home/nithish/ws_moveit2/install/moveit_resources_prbt_ikfast_manipulator_plugin:/home/nithish/ws_moveit2/install/moveit_planners_chomp:/home/nithish/ws_moveit2/install/moveit_kinematics:/home/nithish/ws_moveit2/install/moveit_chomp_optimizer_adapter:/home/nithish/ws_moveit2/install/chomp_motion_planner:/home/nithish/ws_moveit2/install/moveit_core:/home/nithish/ws_moveit2/install/moveit_common:/home/nithish/rviz2_ws/install:/home/nithish/robotic_arm_ws/install/ur_simulation_gz:/home/nithish/robotic_arm_ws/install/ur:/home/nithish/robotic_arm_ws/install/ur_calibration:/home/nithish/robotic_arm_ws/install/ur_robot_driver:/home/nithish/robotic_arm_ws/install/ur_moveit_config:/home/nithish/robotic_arm_ws/install/ur_bringup:/home/nithish/robotic_arm_ws/install/ur_description:/home/nithish/robotic_arm_ws/install/ur_controllers:/home/nithish/robotic_arm_ws/install/ur_dashboard_msgs:/home/nithish/ur10e_ws/install/wrench_bridge:/home/nithish/ws_moveit2/install/moveit_configs_utils:/home/nithish/robotic_arm_ws/install/path_planner:/opt/ros/humble /usr/bin/cmake --install /home/nithish/ur10e_ws/build/ur_simulation_gazebo
[2.143s] Level 1:colcon.colcon_core.environment:checking '/home/nithish/ur10e_ws/install/ur_simulation_gazebo' for CMake config files
[2.145s] Level 1:colcon.colcon_core.shell:create_environment_hook('ur_simulation_gazebo', 'cmake_prefix_path')
[2.147s] INFO:colcon.colcon_core.shell:Creating environment hook '/home/nithish/ur10e_ws/install/ur_simulation_gazebo/share/ur_simulation_gazebo/hook/cmake_prefix_path.ps1'
[2.150s] INFO:colcon.colcon_core.shell:Creating environment descriptor '/home/nithish/ur10e_ws/install/ur_simulation_gazebo/share/ur_simulation_gazebo/hook/cmake_prefix_path.dsv'
[2.151s] INFO:colcon.colcon_core.shell:Creating environment hook '/home/nithish/ur10e_ws/install/ur_simulation_gazebo/share/ur_simulation_gazebo/hook/cmake_prefix_path.sh'
[2.155s] Level 1:colcon.colcon_core.environment:checking '/home/nithish/ur10e_ws/install/ur_simulation_gazebo/bin'
[2.156s] Level 1:colcon.colcon_core.environment:checking '/home/nithish/ur10e_ws/install/ur_simulation_gazebo/lib/pkgconfig/ur_simulation_gazebo.pc'
[2.156s] Level 1:colcon.colcon_core.environment:checking '/home/nithish/ur10e_ws/install/ur_simulation_gazebo/lib/python3.10/site-packages'
[2.157s] Level 1:colcon.colcon_core.environment:checking '/home/nithish/ur10e_ws/install/ur_simulation_gazebo/bin'
[2.158s] INFO:colcon.colcon_core.shell:Creating package script '/home/nithish/ur10e_ws/install/ur_simulation_gazebo/share/ur_simulation_gazebo/package.ps1'
[2.162s] INFO:colcon.colcon_core.shell:Creating package descriptor '/home/nithish/ur10e_ws/install/ur_simulation_gazebo/share/ur_simulation_gazebo/package.dsv'
[2.165s] INFO:colcon.colcon_core.shell:Creating package script '/home/nithish/ur10e_ws/install/ur_simulation_gazebo/share/ur_simulation_gazebo/package.sh'
[2.172s] INFO:colcon.colcon_core.shell:Creating package script '/home/nithish/ur10e_ws/install/ur_simulation_gazebo/share/ur_simulation_gazebo/package.bash'
[2.181s] INFO:colcon.colcon_core.shell:Creating package script '/home/nithish/ur10e_ws/install/ur_simulation_gazebo/share/ur_simulation_gazebo/package.zsh'
[2.184s] Level 1:colcon.colcon_core.environment:create_file_with_runtime_dependencies(/home/nithish/ur10e_ws/install/ur_simulation_gazebo/share/colcon-core/packages/ur_simulation_gazebo)
[2.187s] Level 1:colcon.colcon_core.environment:create_environment_scripts_only(ur_simulation_gazebo)
[2.188s] Level 1:colcon.colcon_core.environment:checking '/home/nithish/ur10e_ws/install/ur_simulation_gazebo' for CMake module files
[2.190s] Level 1:colcon.colcon_core.environment:checking '/home/nithish/ur10e_ws/install/ur_simulation_gazebo' for CMake config files
[2.191s] Level 1:colcon.colcon_core.shell:create_environment_hook('ur_simulation_gazebo', 'cmake_prefix_path')
[2.192s] INFO:colcon.colcon_core.shell:Creating environment hook '/home/nithish/ur10e_ws/install/ur_simulation_gazebo/share/ur_simulation_gazebo/hook/cmake_prefix_path.ps1'
[2.193s] INFO:colcon.colcon_core.shell:Creating environment descriptor '/home/nithish/ur10e_ws/install/ur_simulation_gazebo/share/ur_simulation_gazebo/hook/cmake_prefix_path.dsv'
[2.196s] INFO:colcon.colcon_core.shell:Creating environment hook '/home/nithish/ur10e_ws/install/ur_simulation_gazebo/share/ur_simulation_gazebo/hook/cmake_prefix_path.sh'
[2.198s] Level 1:colcon.colcon_core.environment:checking '/home/nithish/ur10e_ws/install/ur_simulation_gazebo/bin'
[2.198s] Level 1:colcon.colcon_core.environment:checking '/home/nithish/ur10e_ws/install/ur_simulation_gazebo/lib/pkgconfig/ur_simulation_gazebo.pc'
[2.199s] Level 1:colcon.colcon_core.environment:checking '/home/nithish/ur10e_ws/install/ur_simulation_gazebo/lib/python3.10/site-packages'
[2.200s] Level 1:colcon.colcon_core.environment:checking '/home/nithish/ur10e_ws/install/ur_simulation_gazebo/bin'
[2.201s] INFO:colcon.colcon_core.shell:Creating package script '/home/nithish/ur10e_ws/install/ur_simulation_gazebo/share/ur_simulation_gazebo/package.ps1'
[2.204s] INFO:colcon.colcon_core.shell:Creating package descriptor '/home/nithish/ur10e_ws/install/ur_simulation_gazebo/share/ur_simulation_gazebo/package.dsv'
[2.205s] INFO:colcon.colcon_core.shell:Creating package script '/home/nithish/ur10e_ws/install/ur_simulation_gazebo/share/ur_simulation_gazebo/package.sh'
[2.206s] INFO:colcon.colcon_core.shell:Creating package script '/home/nithish/ur10e_ws/install/ur_simulation_gazebo/share/ur_simulation_gazebo/package.bash'
[2.208s] INFO:colcon.colcon_core.shell:Creating package script '/home/nithish/ur10e_ws/install/ur_simulation_gazebo/share/ur_simulation_gazebo/package.zsh'
[2.209s] Level 1:colcon.colcon_core.environment:create_file_with_runtime_dependencies(/home/nithish/ur10e_ws/install/ur_simulation_gazebo/share/colcon-core/packages/ur_simulation_gazebo)
[2.210s] INFO:colcon.colcon_ros.task.ament_cmake.build:Building ROS package in '/home/nithish/ur10e_ws/src/ros2_nr_motion_control' with build type 'ament_cmake'
[2.211s] INFO:colcon.colcon_cmake.task.cmake.build:Building CMake package in '/home/nithish/ur10e_ws/src/ros2_nr_motion_control'
[2.212s] INFO:colcon.colcon_core.shell:Skip shell extension 'powershell' for command environment: Not usable outside of PowerShell
[2.212s] DEBUG:colcon.colcon_core.shell:Skip shell extension 'dsv' for command environment
[2.255s] Level 1:colcon.colcon_core.environment:create_environment_scripts_only(my_moveit_config)
[2.257s] Level 1:colcon.colcon_core.environment:checking '/home/nithish/ur10e_ws/install/my_moveit_config' for CMake module files
[2.259s] DEBUG:colcon.colcon_core.event_handler.log_command:Invoked command in '/home/nithish/ur10e_ws/build/my_moveit_config' returned '0': CMAKE_PREFIX_PATH=/home/nithish/ur10e_ws/install/ur_description:/home/nithish/ur10e_ws/install/ros2_nr_motion_control:/home/nithish/ur10e_ws/install/ur_simulation_gazebo:/home/nithish/ur10e_ws/install/ur:/home/nithish/ur10e_ws/install/ur_calibration:/home/nithish/ur10e_ws/install/ur_robot_driver:/home/nithish/ur10e_ws/install/ur_moveit_config:/home/nithish/ur10e_ws/install/ur_bringup:/home/nithish/ur10e_ws/install/my_moveit_config:/home/nithish/ur10e_ws/install/ur_controllers:/home/nithish/ur10e_ws/install/ur_dashboard_msgs:/home/nithish/ws_moveit2/install/pilz_industrial_motion_planner_testutils:/home/nithish/ws_moveit2/install/moveit_runtime:/home/nithish/ws_moveit2/install/moveit:/home/nithish/ws_moveit2/install/moveit_planners:/home/nithish/ws_moveit2/install/pilz_industrial_motion_planner:/home/nithish/ws_moveit2/install/moveit_ros_control_interface:/home/nithish/ws_moveit2/install/moveit_plugins:/home/nithish/ws_moveit2/install/moveit_simple_controller_manager:/home/nithish/ws_moveit2/install/moveit_setup_assistant:/home/nithish/ws_moveit2/install/moveit_setup_srdf_plugins:/home/nithish/ws_moveit2/install/moveit_setup_core_plugins:/home/nithish/ws_moveit2/install/moveit_setup_controllers:/home/nithish/ws_moveit2/install/moveit_setup_app_plugins:/home/nithish/ws_moveit2/install/moveit_setup_framework:/home/nithish/ws_moveit2/install/moveit_servo:/home/nithish/ws_moveit2/install/moveit_ros:/home/nithish/ws_moveit2/install/moveit_ros_visualization:/home/nithish/ws_moveit2/install/moveit_hybrid_planning:/home/nithish/ws_moveit2/install/moveit_ros_planning_interface:/home/nithish/ws_moveit2/install/moveit_ros_benchmarks:/home/nithish/ws_moveit2/install/moveit_ros_warehouse:/home/nithish/ws_moveit2/install/moveit_ros_robot_interaction:/home/nithish/ws_moveit2/install/moveit_ros_perception:/home/nithish/ws_moveit2/install/moveit_resources_prbt_pg70_support:/home/nithish/ws_moveit2/install/moveit_resources_prbt_moveit_config:/home/nithish/ws_moveit2/install/moveit_ros_move_group:/home/nithish/ws_moveit2/install/moveit_planners_ompl:/home/nithish/ws_moveit2/install/moveit_ros_planning:/home/nithish/ws_moveit2/install/moveit_ros_occupancy_map_monitor:/home/nithish/ws_moveit2/install/moveit_resources_prbt_support:/home/nithish/ws_moveit2/install/moveit_resources_prbt_ikfast_manipulator_plugin:/home/nithish/ws_moveit2/install/moveit_planners_chomp:/home/nithish/ws_moveit2/install/moveit_kinematics:/home/nithish/ws_moveit2/install/moveit_chomp_optimizer_adapter:/home/nithish/ws_moveit2/install/chomp_motion_planner:/home/nithish/ws_moveit2/install/moveit_core:/home/nithish/ws_moveit2/install/moveit_common:/home/nithish/rviz2_ws/install:/home/nithish/robotic_arm_ws/install/ur_simulation_gz:/home/nithish/robotic_arm_ws/install/ur:/home/nithish/robotic_arm_ws/install/ur_calibration:/home/nithish/robotic_arm_ws/install/ur_robot_driver:/home/nithish/robotic_arm_ws/install/ur_moveit_config:/home/nithish/robotic_arm_ws/install/ur_bringup:/home/nithish/robotic_arm_ws/install/ur_description:/home/nithish/robotic_arm_ws/install/ur_controllers:/home/nithish/robotic_arm_ws/install/ur_dashboard_msgs:/home/nithish/ur10e_ws/install/wrench_bridge:/home/nithish/ws_moveit2/install/moveit_configs_utils:/home/nithish/robotic_arm_ws/install/path_planner:/opt/ros/humble /usr/bin/cmake --install /home/nithish/ur10e_ws/build/my_moveit_config
[2.261s] Level 1:colcon.colcon_core.environment:checking '/home/nithish/ur10e_ws/install/my_moveit_config' for CMake config files
[2.261s] Level 1:colcon.colcon_core.shell:create_environment_hook('my_moveit_config', 'cmake_prefix_path')
[2.263s] INFO:colcon.colcon_core.shell:Creating environment hook '/home/nithish/ur10e_ws/install/my_moveit_config/share/my_moveit_config/hook/cmake_prefix_path.ps1'
[2.265s] INFO:colcon.colcon_core.shell:Creating environment descriptor '/home/nithish/ur10e_ws/install/my_moveit_config/share/my_moveit_config/hook/cmake_prefix_path.dsv'
[2.267s] INFO:colcon.colcon_core.shell:Creating environment hook '/home/nithish/ur10e_ws/install/my_moveit_config/share/my_moveit_config/hook/cmake_prefix_path.sh'
[2.269s] Level 1:colcon.colcon_core.environment:checking '/home/nithish/ur10e_ws/install/my_moveit_config/bin'
[2.270s] Level 1:colcon.colcon_core.environment:checking '/home/nithish/ur10e_ws/install/my_moveit_config/lib/pkgconfig/my_moveit_config.pc'
[2.271s] Level 1:colcon.colcon_core.environment:checking '/home/nithish/ur10e_ws/install/my_moveit_config/lib/python3.10/site-packages'
[2.272s] Level 1:colcon.colcon_core.environment:checking '/home/nithish/ur10e_ws/install/my_moveit_config/bin'
[2.273s] INFO:colcon.colcon_core.shell:Creating package script '/home/nithish/ur10e_ws/install/my_moveit_config/share/my_moveit_config/package.ps1'
[2.276s] INFO:colcon.colcon_core.shell:Creating package descriptor '/home/nithish/ur10e_ws/install/my_moveit_config/share/my_moveit_config/package.dsv'
[2.277s] INFO:colcon.colcon_core.shell:Creating package script '/home/nithish/ur10e_ws/install/my_moveit_config/share/my_moveit_config/package.sh'
[2.278s] INFO:colcon.colcon_core.shell:Creating package script '/home/nithish/ur10e_ws/install/my_moveit_config/share/my_moveit_config/package.bash'
[2.279s] INFO:colcon.colcon_core.shell:Creating package script '/home/nithish/ur10e_ws/install/my_moveit_config/share/my_moveit_config/package.zsh'
[2.280s] Level 1:colcon.colcon_core.environment:create_file_with_runtime_dependencies(/home/nithish/ur10e_ws/install/my_moveit_config/share/colcon-core/packages/my_moveit_config)
[2.282s] Level 1:colcon.colcon_core.environment:create_environment_scripts_only(my_moveit_config)
[2.282s] Level 1:colcon.colcon_core.environment:checking '/home/nithish/ur10e_ws/install/my_moveit_config' for CMake module files
[2.283s] Level 1:colcon.colcon_core.environment:checking '/home/nithish/ur10e_ws/install/my_moveit_config' for CMake config files
[2.284s] Level 1:colcon.colcon_core.shell:create_environment_hook('my_moveit_config', 'cmake_prefix_path')
[2.284s] INFO:colcon.colcon_core.shell:Creating environment hook '/home/nithish/ur10e_ws/install/my_moveit_config/share/my_moveit_config/hook/cmake_prefix_path.ps1'
[2.286s] INFO:colcon.colcon_core.shell:Creating environment descriptor '/home/nithish/ur10e_ws/install/my_moveit_config/share/my_moveit_config/hook/cmake_prefix_path.dsv'
[2.287s] INFO:colcon.colcon_core.shell:Creating environment hook '/home/nithish/ur10e_ws/install/my_moveit_config/share/my_moveit_config/hook/cmake_prefix_path.sh'
[2.290s] Level 1:colcon.colcon_core.environment:checking '/home/nithish/ur10e_ws/install/my_moveit_config/bin'
[2.291s] Level 1:colcon.colcon_core.environment:checking '/home/nithish/ur10e_ws/install/my_moveit_config/lib/pkgconfig/my_moveit_config.pc'
[2.292s] Level 1:colcon.colcon_core.environment:checking '/home/nithish/ur10e_ws/install/my_moveit_config/lib/python3.10/site-packages'
[2.292s] Level 1:colcon.colcon_core.environment:checking '/home/nithish/ur10e_ws/install/my_moveit_config/bin'
[2.293s] INFO:colcon.colcon_core.shell:Creating package script '/home/nithish/ur10e_ws/install/my_moveit_config/share/my_moveit_config/package.ps1'
[2.295s] INFO:colcon.colcon_core.shell:Creating package descriptor '/home/nithish/ur10e_ws/install/my_moveit_config/share/my_moveit_config/package.dsv'
[2.297s] INFO:colcon.colcon_core.shell:Creating package script '/home/nithish/ur10e_ws/install/my_moveit_config/share/my_moveit_config/package.sh'
[2.298s] INFO:colcon.colcon_core.shell:Creating package script '/home/nithish/ur10e_ws/install/my_moveit_config/share/my_moveit_config/package.bash'
[2.299s] INFO:colcon.colcon_core.shell:Creating package script '/home/nithish/ur10e_ws/install/my_moveit_config/share/my_moveit_config/package.zsh'
[2.300s] Level 1:colcon.colcon_core.environment:create_file_with_runtime_dependencies(/home/nithish/ur10e_ws/install/my_moveit_config/share/colcon-core/packages/my_moveit_config)
[2.317s] DEBUG:colcon.colcon_core.event_handler.log_command:Invoking command in '/home/nithish/ur10e_ws/build/ros2_nr_motion_control': CMAKE_PREFIX_PATH=/home/nithish/ur10e_ws/install/ur_simulation_gazebo:/home/nithish/ur10e_ws/install/ur_description:/home/nithish/ur10e_ws/install/ros2_nr_motion_control:/home/nithish/ur10e_ws/install/ur:/home/nithish/ur10e_ws/install/ur_calibration:/home/nithish/ur10e_ws/install/ur_robot_driver:/home/nithish/ur10e_ws/install/ur_moveit_config:/home/nithish/ur10e_ws/install/ur_bringup:/home/nithish/ur10e_ws/install/my_moveit_config:/home/nithish/ur10e_ws/install/ur_controllers:/home/nithish/ur10e_ws/install/ur_dashboard_msgs:/home/nithish/ws_moveit2/install/pilz_industrial_motion_planner_testutils:/home/nithish/ws_moveit2/install/moveit_runtime:/home/nithish/ws_moveit2/install/moveit:/home/nithish/ws_moveit2/install/moveit_planners:/home/nithish/ws_moveit2/install/pilz_industrial_motion_planner:/home/nithish/ws_moveit2/install/moveit_ros_control_interface:/home/nithish/ws_moveit2/install/moveit_plugins:/home/nithish/ws_moveit2/install/moveit_simple_controller_manager:/home/nithish/ws_moveit2/install/moveit_setup_assistant:/home/nithish/ws_moveit2/install/moveit_setup_srdf_plugins:/home/nithish/ws_moveit2/install/moveit_setup_core_plugins:/home/nithish/ws_moveit2/install/moveit_setup_controllers:/home/nithish/ws_moveit2/install/moveit_setup_app_plugins:/home/nithish/ws_moveit2/install/moveit_setup_framework:/home/nithish/ws_moveit2/install/moveit_servo:/home/nithish/ws_moveit2/install/moveit_ros:/home/nithish/ws_moveit2/install/moveit_ros_visualization:/home/nithish/ws_moveit2/install/moveit_hybrid_planning:/home/nithish/ws_moveit2/install/moveit_ros_planning_interface:/home/nithish/ws_moveit2/install/moveit_ros_benchmarks:/home/nithish/ws_moveit2/install/moveit_ros_warehouse:/home/nithish/ws_moveit2/install/moveit_ros_robot_interaction:/home/nithish/ws_moveit2/install/moveit_ros_perception:/home/nithish/ws_moveit2/install/moveit_resources_prbt_pg70_support:/home/nithish/ws_moveit2/install/moveit_resources_prbt_moveit_config:/home/nithish/ws_moveit2/install/moveit_ros_move_group:/home/nithish/ws_moveit2/install/moveit_planners_ompl:/home/nithish/ws_moveit2/install/moveit_ros_planning:/home/nithish/ws_moveit2/install/moveit_ros_occupancy_map_monitor:/home/nithish/ws_moveit2/install/moveit_resources_prbt_support:/home/nithish/ws_moveit2/install/moveit_resources_prbt_ikfast_manipulator_plugin:/home/nithish/ws_moveit2/install/moveit_planners_chomp:/home/nithish/ws_moveit2/install/moveit_kinematics:/home/nithish/ws_moveit2/install/moveit_chomp_optimizer_adapter:/home/nithish/ws_moveit2/install/chomp_motion_planner:/home/nithish/ws_moveit2/install/moveit_core:/home/nithish/ws_moveit2/install/moveit_common:/home/nithish/rviz2_ws/install:/home/nithish/robotic_arm_ws/install/ur_simulation_gz:/home/nithish/robotic_arm_ws/install/ur:/home/nithish/robotic_arm_ws/install/ur_calibration:/home/nithish/robotic_arm_ws/install/ur_robot_driver:/home/nithish/robotic_arm_ws/install/ur_moveit_config:/home/nithish/robotic_arm_ws/install/ur_bringup:/home/nithish/robotic_arm_ws/install/ur_description:/home/nithish/robotic_arm_ws/install/ur_controllers:/home/nithish/robotic_arm_ws/install/ur_dashboard_msgs:/home/nithish/ur10e_ws/install/wrench_bridge:/home/nithish/ws_moveit2/install/moveit_configs_utils:/home/nithish/robotic_arm_ws/install/path_planner:/opt/ros/humble /usr/bin/cmake --build /home/nithish/ur10e_ws/build/ros2_nr_motion_control -- -j12 -l12
[3.070s] DEBUG:colcon.colcon_core.event_handler.log_command:Invoking command in '/home/nithish/ur10e_ws/src/wrench_bridge': PYTHONPATH=/home/nithish/ur10e_ws/build/wrench_bridge/prefix_override:/usr/lib/python3/dist-packages/colcon_core/task/python/colcon_distutils_commands:/home/nithish/ur10e_ws/install/wrench_bridge/lib/python3.10/site-packages:${PYTHONPATH} /usr/bin/python3 -W ignore:setup.py install is deprecated -W ignore:easy_install command is deprecated setup.py egg_info --egg-base ../../build/wrench_bridge build --build-base /home/nithish/ur10e_ws/build/wrench_bridge/build install --record /home/nithish/ur10e_ws/build/wrench_bridge/install.log --single-version-externally-managed install_data
[4.084s] Level 1:colcon.colcon_core.environment:checking '/home/nithish/ur10e_ws/install/wrench_bridge' for CMake module files
[4.085s] DEBUG:colcon.colcon_core.event_handler.log_command:Invoked command in '/home/nithish/ur10e_ws/src/wrench_bridge' returned '0': PYTHONPATH=/home/nithish/ur10e_ws/build/wrench_bridge/prefix_override:/usr/lib/python3/dist-packages/colcon_core/task/python/colcon_distutils_commands:/home/nithish/ur10e_ws/install/wrench_bridge/lib/python3.10/site-packages:${PYTHONPATH} /usr/bin/python3 -W ignore:setup.py install is deprecated -W ignore:easy_install command is deprecated setup.py egg_info --egg-base ../../build/wrench_bridge build --build-base /home/nithish/ur10e_ws/build/wrench_bridge/build install --record /home/nithish/ur10e_ws/build/wrench_bridge/install.log --single-version-externally-managed install_data
[4.087s] Level 1:colcon.colcon_core.environment:checking '/home/nithish/ur10e_ws/install/wrench_bridge' for CMake config files
[4.089s] Level 1:colcon.colcon_core.environment:checking '/home/nithish/ur10e_ws/install/wrench_bridge/lib'
[4.090s] Level 1:colcon.colcon_core.environment:checking '/home/nithish/ur10e_ws/install/wrench_bridge/bin'
[4.090s] Level 1:colcon.colcon_core.environment:checking '/home/nithish/ur10e_ws/install/wrench_bridge/lib/pkgconfig/wrench_bridge.pc'
[4.091s] Level 1:colcon.colcon_core.environment:checking '/home/nithish/ur10e_ws/install/wrench_bridge/lib/python3.10/site-packages'
[4.091s] Level 1:colcon.colcon_core.shell:create_environment_hook('wrench_bridge', 'pythonpath')
[4.092s] INFO:colcon.colcon_core.shell:Creating environment hook '/home/nithish/ur10e_ws/install/wrench_bridge/share/wrench_bridge/hook/pythonpath.ps1'
[4.094s] INFO:colcon.colcon_core.shell:Creating environment descriptor '/home/nithish/ur10e_ws/install/wrench_bridge/share/wrench_bridge/hook/pythonpath.dsv'
[4.096s] INFO:colcon.colcon_core.shell:Creating environment hook '/home/nithish/ur10e_ws/install/wrench_bridge/share/wrench_bridge/hook/pythonpath.sh'
[4.099s] Level 1:colcon.colcon_core.environment:checking '/home/nithish/ur10e_ws/install/wrench_bridge/bin'
[4.099s] Level 1:colcon.colcon_core.environment:create_environment_scripts_only(wrench_bridge)
[4.100s] INFO:colcon.colcon_core.shell:Creating package script '/home/nithish/ur10e_ws/install/wrench_bridge/share/wrench_bridge/package.ps1'
[4.102s] INFO:colcon.colcon_core.shell:Creating package descriptor '/home/nithish/ur10e_ws/install/wrench_bridge/share/wrench_bridge/package.dsv'
[4.104s] INFO:colcon.colcon_core.shell:Creating package script '/home/nithish/ur10e_ws/install/wrench_bridge/share/wrench_bridge/package.sh'
[4.106s] INFO:colcon.colcon_core.shell:Creating package script '/home/nithish/ur10e_ws/install/wrench_bridge/share/wrench_bridge/package.bash'
[4.107s] INFO:colcon.colcon_core.shell:Creating package script '/home/nithish/ur10e_ws/install/wrench_bridge/share/wrench_bridge/package.zsh'
[4.108s] Level 1:colcon.colcon_core.environment:create_file_with_runtime_dependencies(/home/nithish/ur10e_ws/install/wrench_bridge/share/colcon-core/packages/wrench_bridge)
[28.501s] DEBUG:colcon.colcon_core.event_handler.log_command:Invoked command in '/home/nithish/ur10e_ws/build/ros2_nr_motion_control' returned '0': CMAKE_PREFIX_PATH=/home/nithish/ur10e_ws/install/ur_simulation_gazebo:/home/nithish/ur10e_ws/install/ur_description:/home/nithish/ur10e_ws/install/ros2_nr_motion_control:/home/nithish/ur10e_ws/install/ur:/home/nithish/ur10e_ws/install/ur_calibration:/home/nithish/ur10e_ws/install/ur_robot_driver:/home/nithish/ur10e_ws/install/ur_moveit_config:/home/nithish/ur10e_ws/install/ur_bringup:/home/nithish/ur10e_ws/install/my_moveit_config:/home/nithish/ur10e_ws/install/ur_controllers:/home/nithish/ur10e_ws/install/ur_dashboard_msgs:/home/nithish/ws_moveit2/install/pilz_industrial_motion_planner_testutils:/home/nithish/ws_moveit2/install/moveit_runtime:/home/nithish/ws_moveit2/install/moveit:/home/nithish/ws_moveit2/install/moveit_planners:/home/nithish/ws_moveit2/install/pilz_industrial_motion_planner:/home/nithish/ws_moveit2/install/moveit_ros_control_interface:/home/nithish/ws_moveit2/install/moveit_plugins:/home/nithish/ws_moveit2/install/moveit_simple_controller_manager:/home/nithish/ws_moveit2/install/moveit_setup_assistant:/home/nithish/ws_moveit2/install/moveit_setup_srdf_plugins:/home/nithish/ws_moveit2/install/moveit_setup_core_plugins:/home/nithish/ws_moveit2/install/moveit_setup_controllers:/home/nithish/ws_moveit2/install/moveit_setup_app_plugins:/home/nithish/ws_moveit2/install/moveit_setup_framework:/home/nithish/ws_moveit2/install/moveit_servo:/home/nithish/ws_moveit2/install/moveit_ros:/home/nithish/ws_moveit2/install/moveit_ros_visualization:/home/nithish/ws_moveit2/install/moveit_hybrid_planning:/home/nithish/ws_moveit2/install/moveit_ros_planning_interface:/home/nithish/ws_moveit2/install/moveit_ros_benchmarks:/home/nithish/ws_moveit2/install/moveit_ros_warehouse:/home/nithish/ws_moveit2/install/moveit_ros_robot_interaction:/home/nithish/ws_moveit2/install/moveit_ros_perception:/home/nithish/ws_moveit2/install/moveit_resources_prbt_pg70_support:/home/nithish/ws_moveit2/install/moveit_resources_prbt_moveit_config:/home/nithish/ws_moveit2/install/moveit_ros_move_group:/home/nithish/ws_moveit2/install/moveit_planners_ompl:/home/nithish/ws_moveit2/install/moveit_ros_planning:/home/nithish/ws_moveit2/install/moveit_ros_occupancy_map_monitor:/home/nithish/ws_moveit2/install/moveit_resources_prbt_support:/home/nithish/ws_moveit2/install/moveit_resources_prbt_ikfast_manipulator_plugin:/home/nithish/ws_moveit2/install/moveit_planners_chomp:/home/nithish/ws_moveit2/install/moveit_kinematics:/home/nithish/ws_moveit2/install/moveit_chomp_optimizer_adapter:/home/nithish/ws_moveit2/install/chomp_motion_planner:/home/nithish/ws_moveit2/install/moveit_core:/home/nithish/ws_moveit2/install/moveit_common:/home/nithish/rviz2_ws/install:/home/nithish/robotic_arm_ws/install/ur_simulation_gz:/home/nithish/robotic_arm_ws/install/ur:/home/nithish/robotic_arm_ws/install/ur_calibration:/home/nithish/robotic_arm_ws/install/ur_robot_driver:/home/nithish/robotic_arm_ws/install/ur_moveit_config:/home/nithish/robotic_arm_ws/install/ur_bringup:/home/nithish/robotic_arm_ws/install/ur_description:/home/nithish/robotic_arm_ws/install/ur_controllers:/home/nithish/robotic_arm_ws/install/ur_dashboard_msgs:/home/nithish/ur10e_ws/install/wrench_bridge:/home/nithish/ws_moveit2/install/moveit_configs_utils:/home/nithish/robotic_arm_ws/install/path_planner:/opt/ros/humble /usr/bin/cmake --build /home/nithish/ur10e_ws/build/ros2_nr_motion_control -- -j12 -l12
[28.505s] DEBUG:colcon.colcon_core.event_handler.log_command:Invoking command in '/home/nithish/ur10e_ws/build/ros2_nr_motion_control': CMAKE_PREFIX_PATH=/home/nithish/ur10e_ws/install/ur_simulation_gazebo:/home/nithish/ur10e_ws/install/ur_description:/home/nithish/ur10e_ws/install/ros2_nr_motion_control:/home/nithish/ur10e_ws/install/ur:/home/nithish/ur10e_ws/install/ur_calibration:/home/nithish/ur10e_ws/install/ur_robot_driver:/home/nithish/ur10e_ws/install/ur_moveit_config:/home/nithish/ur10e_ws/install/ur_bringup:/home/nithish/ur10e_ws/install/my_moveit_config:/home/nithish/ur10e_ws/install/ur_controllers:/home/nithish/ur10e_ws/install/ur_dashboard_msgs:/home/nithish/ws_moveit2/install/pilz_industrial_motion_planner_testutils:/home/nithish/ws_moveit2/install/moveit_runtime:/home/nithish/ws_moveit2/install/moveit:/home/nithish/ws_moveit2/install/moveit_planners:/home/nithish/ws_moveit2/install/pilz_industrial_motion_planner:/home/nithish/ws_moveit2/install/moveit_ros_control_interface:/home/nithish/ws_moveit2/install/moveit_plugins:/home/nithish/ws_moveit2/install/moveit_simple_controller_manager:/home/nithish/ws_moveit2/install/moveit_setup_assistant:/home/nithish/ws_moveit2/install/moveit_setup_srdf_plugins:/home/nithish/ws_moveit2/install/moveit_setup_core_plugins:/home/nithish/ws_moveit2/install/moveit_setup_controllers:/home/nithish/ws_moveit2/install/moveit_setup_app_plugins:/home/nithish/ws_moveit2/install/moveit_setup_framework:/home/nithish/ws_moveit2/install/moveit_servo:/home/nithish/ws_moveit2/install/moveit_ros:/home/nithish/ws_moveit2/install/moveit_ros_visualization:/home/nithish/ws_moveit2/install/moveit_hybrid_planning:/home/nithish/ws_moveit2/install/moveit_ros_planning_interface:/home/nithish/ws_moveit2/install/moveit_ros_benchmarks:/home/nithish/ws_moveit2/install/moveit_ros_warehouse:/home/nithish/ws_moveit2/install/moveit_ros_robot_interaction:/home/nithish/ws_moveit2/install/moveit_ros_perception:/home/nithish/ws_moveit2/install/moveit_resources_prbt_pg70_support:/home/nithish/ws_moveit2/install/moveit_resources_prbt_moveit_config:/home/nithish/ws_moveit2/install/moveit_ros_move_group:/home/nithish/ws_moveit2/install/moveit_planners_ompl:/home/nithish/ws_moveit2/install/moveit_ros_planning:/home/nithish/ws_moveit2/install/moveit_ros_occupancy_map_monitor:/home/nithish/ws_moveit2/install/moveit_resources_prbt_support:/home/nithish/ws_moveit2/install/moveit_resources_prbt_ikfast_manipulator_plugin:/home/nithish/ws_moveit2/install/moveit_planners_chomp:/home/nithish/ws_moveit2/install/moveit_kinematics:/home/nithish/ws_moveit2/install/moveit_chomp_optimizer_adapter:/home/nithish/ws_moveit2/install/chomp_motion_planner:/home/nithish/ws_moveit2/install/moveit_core:/home/nithish/ws_moveit2/install/moveit_common:/home/nithish/rviz2_ws/install:/home/nithish/robotic_arm_ws/install/ur_simulation_gz:/home/nithish/robotic_arm_ws/install/ur:/home/nithish/robotic_arm_ws/install/ur_calibration:/home/nithish/robotic_arm_ws/install/ur_robot_driver:/home/nithish/robotic_arm_ws/install/ur_moveit_config:/home/nithish/robotic_arm_ws/install/ur_bringup:/home/nithish/robotic_arm_ws/install/ur_description:/home/nithish/robotic_arm_ws/install/ur_controllers:/home/nithish/robotic_arm_ws/install/ur_dashboard_msgs:/home/nithish/ur10e_ws/install/wrench_bridge:/home/nithish/ws_moveit2/install/moveit_configs_utils:/home/nithish/robotic_arm_ws/install/path_planner:/opt/ros/humble /usr/bin/cmake --install /home/nithish/ur10e_ws/build/ros2_nr_motion_control
[28.542s] Level 1:colcon.colcon_core.environment:create_environment_scripts_only(ros2_nr_motion_control)
[28.543s] Level 1:colcon.colcon_core.environment:checking '/home/nithish/ur10e_ws/install/ros2_nr_motion_control' for CMake module files
[28.544s] DEBUG:colcon.colcon_core.event_handler.log_command:Invoked command in '/home/nithish/ur10e_ws/build/ros2_nr_motion_control' returned '0': CMAKE_PREFIX_PATH=/home/nithish/ur10e_ws/install/ur_simulation_gazebo:/home/nithish/ur10e_ws/install/ur_description:/home/nithish/ur10e_ws/install/ros2_nr_motion_control:/home/nithish/ur10e_ws/install/ur:/home/nithish/ur10e_ws/install/ur_calibration:/home/nithish/ur10e_ws/install/ur_robot_driver:/home/nithish/ur10e_ws/install/ur_moveit_config:/home/nithish/ur10e_ws/install/ur_bringup:/home/nithish/ur10e_ws/install/my_moveit_config:/home/nithish/ur10e_ws/install/ur_controllers:/home/nithish/ur10e_ws/install/ur_dashboard_msgs:/home/nithish/ws_moveit2/install/pilz_industrial_motion_planner_testutils:/home/nithish/ws_moveit2/install/moveit_runtime:/home/nithish/ws_moveit2/install/moveit:/home/nithish/ws_moveit2/install/moveit_planners:/home/nithish/ws_moveit2/install/pilz_industrial_motion_planner:/home/nithish/ws_moveit2/install/moveit_ros_control_interface:/home/nithish/ws_moveit2/install/moveit_plugins:/home/nithish/ws_moveit2/install/moveit_simple_controller_manager:/home/nithish/ws_moveit2/install/moveit_setup_assistant:/home/nithish/ws_moveit2/install/moveit_setup_srdf_plugins:/home/nithish/ws_moveit2/install/moveit_setup_core_plugins:/home/nithish/ws_moveit2/install/moveit_setup_controllers:/home/nithish/ws_moveit2/install/moveit_setup_app_plugins:/home/nithish/ws_moveit2/install/moveit_setup_framework:/home/nithish/ws_moveit2/install/moveit_servo:/home/nithish/ws_moveit2/install/moveit_ros:/home/nithish/ws_moveit2/install/moveit_ros_visualization:/home/nithish/ws_moveit2/install/moveit_hybrid_planning:/home/nithish/ws_moveit2/install/moveit_ros_planning_interface:/home/nithish/ws_moveit2/install/moveit_ros_benchmarks:/home/nithish/ws_moveit2/install/moveit_ros_warehouse:/home/nithish/ws_moveit2/install/moveit_ros_robot_interaction:/home/nithish/ws_moveit2/install/moveit_ros_perception:/home/nithish/ws_moveit2/install/moveit_resources_prbt_pg70_support:/home/nithish/ws_moveit2/install/moveit_resources_prbt_moveit_config:/home/nithish/ws_moveit2/install/moveit_ros_move_group:/home/nithish/ws_moveit2/install/moveit_planners_ompl:/home/nithish/ws_moveit2/install/moveit_ros_planning:/home/nithish/ws_moveit2/install/moveit_ros_occupancy_map_monitor:/home/nithish/ws_moveit2/install/moveit_resources_prbt_support:/home/nithish/ws_moveit2/install/moveit_resources_prbt_ikfast_manipulator_plugin:/home/nithish/ws_moveit2/install/moveit_planners_chomp:/home/nithish/ws_moveit2/install/moveit_kinematics:/home/nithish/ws_moveit2/install/moveit_chomp_optimizer_adapter:/home/nithish/ws_moveit2/install/chomp_motion_planner:/home/nithish/ws_moveit2/install/moveit_core:/home/nithish/ws_moveit2/install/moveit_common:/home/nithish/rviz2_ws/install:/home/nithish/robotic_arm_ws/install/ur_simulation_gz:/home/nithish/robotic_arm_ws/install/ur:/home/nithish/robotic_arm_ws/install/ur_calibration:/home/nithish/robotic_arm_ws/install/ur_robot_driver:/home/nithish/robotic_arm_ws/install/ur_moveit_config:/home/nithish/robotic_arm_ws/install/ur_bringup:/home/nithish/robotic_arm_ws/install/ur_description:/home/nithish/robotic_arm_ws/install/ur_controllers:/home/nithish/robotic_arm_ws/install/ur_dashboard_msgs:/home/nithish/ur10e_ws/install/wrench_bridge:/home/nithish/ws_moveit2/install/moveit_configs_utils:/home/nithish/robotic_arm_ws/install/path_planner:/opt/ros/humble /usr/bin/cmake --install /home/nithish/ur10e_ws/build/ros2_nr_motion_control
[28.545s] Level 1:colcon.colcon_core.environment:checking '/home/nithish/ur10e_ws/install/ros2_nr_motion_control' for CMake config files
[28.546s] Level 1:colcon.colcon_core.shell:create_environment_hook('ros2_nr_motion_control', 'cmake_prefix_path')
[28.547s] INFO:colcon.colcon_core.shell:Creating environment hook '/home/nithish/ur10e_ws/install/ros2_nr_motion_control/share/ros2_nr_motion_control/hook/cmake_prefix_path.ps1'
[28.548s] INFO:colcon.colcon_core.shell:Creating environment descriptor '/home/nithish/ur10e_ws/install/ros2_nr_motion_control/share/ros2_nr_motion_control/hook/cmake_prefix_path.dsv'
[28.549s] INFO:colcon.colcon_core.shell:Creating environment hook '/home/nithish/ur10e_ws/install/ros2_nr_motion_control/share/ros2_nr_motion_control/hook/cmake_prefix_path.sh'
[28.550s] Level 1:colcon.colcon_core.environment:checking '/home/nithish/ur10e_ws/install/ros2_nr_motion_control/lib'
[28.550s] Level 1:colcon.colcon_core.environment:checking '/home/nithish/ur10e_ws/install/ros2_nr_motion_control/bin'
[28.550s] Level 1:colcon.colcon_core.environment:checking '/home/nithish/ur10e_ws/install/ros2_nr_motion_control/lib/pkgconfig/ros2_nr_motion_control.pc'
[28.551s] Level 1:colcon.colcon_core.environment:checking '/home/nithish/ur10e_ws/install/ros2_nr_motion_control/lib/python3.10/site-packages'
[28.551s] Level 1:colcon.colcon_core.environment:checking '/home/nithish/ur10e_ws/install/ros2_nr_motion_control/bin'
[28.551s] INFO:colcon.colcon_core.shell:Creating package script '/home/nithish/ur10e_ws/install/ros2_nr_motion_control/share/ros2_nr_motion_control/package.ps1'
[28.552s] INFO:colcon.colcon_core.shell:Creating package descriptor '/home/nithish/ur10e_ws/install/ros2_nr_motion_control/share/ros2_nr_motion_control/package.dsv'
[28.553s] INFO:colcon.colcon_core.shell:Creating package script '/home/nithish/ur10e_ws/install/ros2_nr_motion_control/share/ros2_nr_motion_control/package.sh'
[28.553s] INFO:colcon.colcon_core.shell:Creating package script '/home/nithish/ur10e_ws/install/ros2_nr_motion_control/share/ros2_nr_motion_control/package.bash'
[28.554s] INFO:colcon.colcon_core.shell:Creating package script '/home/nithish/ur10e_ws/install/ros2_nr_motion_control/share/ros2_nr_motion_control/package.zsh'
[28.554s] Level 1:colcon.colcon_core.environment:create_file_with_runtime_dependencies(/home/nithish/ur10e_ws/install/ros2_nr_motion_control/share/colcon-core/packages/ros2_nr_motion_control)
[28.555s] Level 1:colcon.colcon_core.environment:create_environment_scripts_only(ros2_nr_motion_control)
[28.556s] Level 1:colcon.colcon_core.environment:checking '/home/nithish/ur10e_ws/install/ros2_nr_motion_control' for CMake module files
[28.556s] Level 1:colcon.colcon_core.environment:checking '/home/nithish/ur10e_ws/install/ros2_nr_motion_control' for CMake config files
[28.557s] Level 1:colcon.colcon_core.shell:create_environment_hook('ros2_nr_motion_control', 'cmake_prefix_path')
[28.557s] INFO:colcon.colcon_core.shell:Creating environment hook '/home/nithish/ur10e_ws/install/ros2_nr_motion_control/share/ros2_nr_motion_control/hook/cmake_prefix_path.ps1'
[28.558s] INFO:colcon.colcon_core.shell:Creating environment descriptor '/home/nithish/ur10e_ws/install/ros2_nr_motion_control/share/ros2_nr_motion_control/hook/cmake_prefix_path.dsv'
[28.559s] INFO:colcon.colcon_core.shell:Creating environment hook '/home/nithish/ur10e_ws/install/ros2_nr_motion_control/share/ros2_nr_motion_control/hook/cmake_prefix_path.sh'
[28.560s] Level 1:colcon.colcon_core.environment:checking '/home/nithish/ur10e_ws/install/ros2_nr_motion_control/lib'
[28.560s] Level 1:colcon.colcon_core.environment:checking '/home/nithish/ur10e_ws/install/ros2_nr_motion_control/bin'
[28.560s] Level 1:colcon.colcon_core.environment:checking '/home/nithish/ur10e_ws/install/ros2_nr_motion_control/lib/pkgconfig/ros2_nr_motion_control.pc'
[28.561s] Level 1:colcon.colcon_core.environment:checking '/home/nithish/ur10e_ws/install/ros2_nr_motion_control/lib/python3.10/site-packages'
[28.561s] Level 1:colcon.colcon_core.environment:checking '/home/nithish/ur10e_ws/install/ros2_nr_motion_control/bin'
[28.562s] INFO:colcon.colcon_core.shell:Creating package script '/home/nithish/ur10e_ws/install/ros2_nr_motion_control/share/ros2_nr_motion_control/package.ps1'
[28.563s] INFO:colcon.colcon_core.shell:Creating package descriptor '/home/nithish/ur10e_ws/install/ros2_nr_motion_control/share/ros2_nr_motion_control/package.dsv'
[28.563s] INFO:colcon.colcon_core.shell:Creating package script '/home/nithish/ur10e_ws/install/ros2_nr_motion_control/share/ros2_nr_motion_control/package.sh'
[28.564s] INFO:colcon.colcon_core.shell:Creating package script '/home/nithish/ur10e_ws/install/ros2_nr_motion_control/share/ros2_nr_motion_control/package.bash'
[28.564s] INFO:colcon.colcon_core.shell:Creating package script '/home/nithish/ur10e_ws/install/ros2_nr_motion_control/share/ros2_nr_motion_control/package.zsh'
[28.565s] Level 1:colcon.colcon_core.environment:create_file_with_runtime_dependencies(/home/nithish/ur10e_ws/install/ros2_nr_motion_control/share/colcon-core/packages/ros2_nr_motion_control)
[28.565s] DEBUG:colcon.colcon_parallel_executor.executor.parallel:closing loop
[28.566s] DEBUG:colcon.colcon_parallel_executor.executor.parallel:loop closed
[28.566s] DEBUG:colcon.colcon_parallel_executor.executor.parallel:run_until_complete finished with '0'
[28.566s] DEBUG:colcon.colcon_core.event_reactor:joining thread
[28.574s] INFO:colcon.colcon_core.plugin_system:Skipping extension 'colcon_notification.desktop_notification.terminal_notifier': Not used on non-Darwin systems
[28.575s] INFO:colcon.colcon_core.plugin_system:Skipping extension 'colcon_notification.desktop_notification.win32': Not used on non-Windows systems
[28.575s] INFO:colcon.colcon_notification.desktop_notification:Sending desktop notification using 'notify2'
[28.595s] DEBUG:colcon.colcon_core.event_reactor:joined thread
[28.596s] INFO:colcon.colcon_core.shell:Creating prefix script '/home/nithish/ur10e_ws/install/local_setup.ps1'
[28.597s] INFO:colcon.colcon_core.shell:Creating prefix util module '/home/nithish/ur10e_ws/install/_local_setup_util_ps1.py'
[28.599s] INFO:colcon.colcon_core.shell:Creating prefix chain script '/home/nithish/ur10e_ws/install/setup.ps1'
[28.604s] INFO:colcon.colcon_core.shell:Creating prefix script '/home/nithish/ur10e_ws/install/local_setup.sh'
[28.605s] INFO:colcon.colcon_core.shell:Creating prefix util module '/home/nithish/ur10e_ws/install/_local_setup_util_sh.py'
[28.605s] INFO:colcon.colcon_core.shell:Creating prefix chain script '/home/nithish/ur10e_ws/install/setup.sh'
[28.611s] INFO:colcon.colcon_core.shell:Creating prefix script '/home/nithish/ur10e_ws/install/local_setup.bash'
[28.612s] INFO:colcon.colcon_core.shell:Creating prefix chain script '/home/nithish/ur10e_ws/install/setup.bash'
[28.618s] INFO:colcon.colcon_core.shell:Creating prefix script '/home/nithish/ur10e_ws/install/local_setup.zsh'
[28.619s] INFO:colcon.colcon_core.shell:Creating prefix chain script '/home/nithish/ur10e_ws/install/setup.zsh'
