[0.162s] Invoking command in '/home/nithish/ur10e_ws/build/ur_description': CMAKE_PREFIX_PATH=${CMAKE_PREFIX_PATH}:/home/nithish/ur10e_ws/install/wrench_bridge:/home/nithish/ws_moveit2/install/moveit_configs_utils:/home/nithish/robotic_arm_ws/install/path_planner:/opt/ros/humble /usr/bin/cmake --build /home/nithish/ur10e_ws/build/ur_description -- -j12 -l12
[1.315s] Invoked command in '/home/nithish/ur10e_ws/build/ur_description' returned '0': CMAKE_PREFIX_PATH=${CMAKE_PREFIX_PATH}:/home/nithish/ur10e_ws/install/wrench_bridge:/home/nithish/ws_moveit2/install/moveit_configs_utils:/home/nithish/robotic_arm_ws/install/path_planner:/opt/ros/humble /usr/bin/cmake --build /home/nithish/ur10e_ws/build/ur_description -- -j12 -l12
[1.374s] Invoking command in '/home/nithish/ur10e_ws/build/ur_description': CMAKE_PREFIX_PATH=${CMAKE_PREFIX_PATH}:/home/nithish/ur10e_ws/install/wrench_bridge:/home/nithish/ws_moveit2/install/moveit_configs_utils:/home/nithish/robotic_arm_ws/install/path_planner:/opt/ros/humble /usr/bin/cmake --install /home/nithish/ur10e_ws/build/ur_description
[1.409s] -- Install configuration: ""
[1.409s] -- Up-to-date: /home/nithish/ur10e_ws/install/ur_description/share/ur_description/config
[1.409s] -- Up-to-date: /home/nithish/ur10e_ws/install/ur_description/share/ur_description/config/ur8long
[1.410s] -- Up-to-date: /home/nithish/ur10e_ws/install/ur_description/share/ur_description/config/ur8long/visual_parameters.yaml
[1.410s] -- Up-to-date: /home/nithish/ur10e_ws/install/ur_description/share/ur_description/config/ur8long/physical_parameters.yaml
[1.410s] -- Up-to-date: /home/nithish/ur10e_ws/install/ur_description/share/ur_description/config/ur8long/joint_limits.yaml
[1.410s] -- Up-to-date: /home/nithish/ur10e_ws/install/ur_description/share/ur_description/config/ur8long/default_kinematics.yaml
[1.410s] -- Up-to-date: /home/nithish/ur10e_ws/install/ur_description/share/ur_description/config/initial_positions.yaml
[1.411s] -- Up-to-date: /home/nithish/ur10e_ws/install/ur_description/share/ur_description/config/ur7e
[1.411s] -- Up-to-date: /home/nithish/ur10e_ws/install/ur_description/share/ur_description/config/ur7e/visual_parameters.yaml
[1.411s] -- Up-to-date: /home/nithish/ur10e_ws/install/ur_description/share/ur_description/config/ur7e/physical_parameters.yaml
[1.411s] -- Up-to-date: /home/nithish/ur10e_ws/install/ur_description/share/ur_description/config/ur7e/joint_limits.yaml
[1.411s] -- Up-to-date: /home/nithish/ur10e_ws/install/ur_description/share/ur_description/config/ur7e/default_kinematics.yaml
[1.415s] -- Up-to-date: /home/nithish/ur10e_ws/install/ur_description/share/ur_description/config/ur5e
[1.415s] -- Up-to-date: /home/nithish/ur10e_ws/install/ur_description/share/ur_description/config/ur5e/visual_parameters.yaml
[1.416s] -- Up-to-date: /home/nithish/ur10e_ws/install/ur_description/share/ur_description/config/ur5e/physical_parameters.yaml
[1.416s] -- Up-to-date: /home/nithish/ur10e_ws/install/ur_description/share/ur_description/config/ur5e/joint_limits.yaml
[1.416s] -- Up-to-date: /home/nithish/ur10e_ws/install/ur_description/share/ur_description/config/ur5e/default_kinematics.yaml
[1.417s] -- Up-to-date: /home/nithish/ur10e_ws/install/ur_description/share/ur_description/config/ur3
[1.417s] -- Up-to-date: /home/nithish/ur10e_ws/install/ur_description/share/ur_description/config/ur3/visual_parameters.yaml
[1.417s] -- Up-to-date: /home/nithish/ur10e_ws/install/ur_description/share/ur_description/config/ur3/physical_parameters.yaml
[1.417s] -- Up-to-date: /home/nithish/ur10e_ws/install/ur_description/share/ur_description/config/ur3/joint_limits.yaml
[1.417s] -- Up-to-date: /home/nithish/ur10e_ws/install/ur_description/share/ur_description/config/ur3/default_kinematics.yaml
[1.417s] -- Up-to-date: /home/nithish/ur10e_ws/install/ur_description/share/ur_description/config/ur10
[1.418s] -- Up-to-date: /home/nithish/ur10e_ws/install/ur_description/share/ur_description/config/ur10/visual_parameters.yaml
[1.418s] -- Up-to-date: /home/nithish/ur10e_ws/install/ur_description/share/ur_description/config/ur10/physical_parameters.yaml
[1.418s] -- Up-to-date: /home/nithish/ur10e_ws/install/ur_description/share/ur_description/config/ur10/joint_limits.yaml
[1.422s] -- Up-to-date: /home/nithish/ur10e_ws/install/ur_description/share/ur_description/config/ur10/default_kinematics.yaml
[1.422s] -- Up-to-date: /home/nithish/ur10e_ws/install/ur_description/share/ur_description/config/ur5
[1.423s] -- Up-to-date: /home/nithish/ur10e_ws/install/ur_description/share/ur_description/config/ur5/visual_parameters.yaml
[1.423s] -- Up-to-date: /home/nithish/ur10e_ws/install/ur_description/share/ur_description/config/ur5/physical_parameters.yaml
[1.423s] -- Up-to-date: /home/nithish/ur10e_ws/install/ur_description/share/ur_description/config/ur5/joint_limits.yaml
[1.423s] -- Up-to-date: /home/nithish/ur10e_ws/install/ur_description/share/ur_description/config/ur5/default_kinematics.yaml
[1.423s] -- Up-to-date: /home/nithish/ur10e_ws/install/ur_description/share/ur_description/config/ur12e
[1.423s] -- Up-to-date: /home/nithish/ur10e_ws/install/ur_description/share/ur_description/config/ur12e/visual_parameters.yaml
[1.423s] -- Up-to-date: /home/nithish/ur10e_ws/install/ur_description/share/ur_description/config/ur12e/physical_parameters.yaml
[1.424s] -- Up-to-date: /home/nithish/ur10e_ws/install/ur_description/share/ur_description/config/ur12e/joint_limits.yaml
[1.424s] -- Up-to-date: /home/nithish/ur10e_ws/install/ur_description/share/ur_description/config/ur12e/default_kinematics.yaml
[1.424s] -- Up-to-date: /home/nithish/ur10e_ws/install/ur_description/share/ur_description/config/ur16e
[1.424s] -- Up-to-date: /home/nithish/ur10e_ws/install/ur_description/share/ur_description/config/ur16e/visual_parameters.yaml
[1.424s] -- Up-to-date: /home/nithish/ur10e_ws/install/ur_description/share/ur_description/config/ur16e/physical_parameters.yaml
[1.425s] -- Up-to-date: /home/nithish/ur10e_ws/install/ur_description/share/ur_description/config/ur16e/joint_limits.yaml
[1.425s] -- Up-to-date: /home/nithish/ur10e_ws/install/ur_description/share/ur_description/config/ur16e/default_kinematics.yaml
[1.425s] -- Up-to-date: /home/nithish/ur10e_ws/install/ur_description/share/ur_description/config/ur30
[1.429s] -- Up-to-date: /home/nithish/ur10e_ws/install/ur_description/share/ur_description/config/ur30/visual_parameters.yaml
[1.429s] -- Up-to-date: /home/nithish/ur10e_ws/install/ur_description/share/ur_description/config/ur30/physical_parameters.yaml
[1.429s] -- Up-to-date: /home/nithish/ur10e_ws/install/ur_description/share/ur_description/config/ur30/joint_limits.yaml
[1.430s] -- Up-to-date: /home/nithish/ur10e_ws/install/ur_description/share/ur_description/config/ur30/default_kinematics.yaml
[1.430s] -- Up-to-date: /home/nithish/ur10e_ws/install/ur_description/share/ur_description/config/ur10e
[1.430s] -- Up-to-date: /home/nithish/ur10e_ws/install/ur_description/share/ur_description/config/ur10e/visual_parameters.yaml
[1.430s] -- Up-to-date: /home/nithish/ur10e_ws/install/ur_description/share/ur_description/config/ur10e/physical_parameters.yaml
[1.430s] -- Up-to-date: /home/nithish/ur10e_ws/install/ur_description/share/ur_description/config/ur10e/joint_limits.yaml
[1.430s] -- Up-to-date: /home/nithish/ur10e_ws/install/ur_description/share/ur_description/config/ur10e/default_kinematics.yaml
[1.431s] -- Up-to-date: /home/nithish/ur10e_ws/install/ur_description/share/ur_description/config/ur20
[1.431s] -- Up-to-date: /home/nithish/ur10e_ws/install/ur_description/share/ur_description/config/ur20/visual_parameters.yaml
[1.431s] -- Up-to-date: /home/nithish/ur10e_ws/install/ur_description/share/ur_description/config/ur20/physical_parameters.yaml
[1.431s] -- Up-to-date: /home/nithish/ur10e_ws/install/ur_description/share/ur_description/config/ur20/joint_limits.yaml
[1.431s] -- Up-to-date: /home/nithish/ur10e_ws/install/ur_description/share/ur_description/config/ur20/default_kinematics.yaml
[1.431s] -- Up-to-date: /home/nithish/ur10e_ws/install/ur_description/share/ur_description/config/ur3e
[1.432s] -- Up-to-date: /home/nithish/ur10e_ws/install/ur_description/share/ur_description/config/ur3e/visual_parameters.yaml
[1.432s] -- Up-to-date: /home/nithish/ur10e_ws/install/ur_description/share/ur_description/config/ur3e/physical_parameters.yaml
[1.432s] -- Up-to-date: /home/nithish/ur10e_ws/install/ur_description/share/ur_description/config/ur3e/joint_limits.yaml
[1.437s] -- Up-to-date: /home/nithish/ur10e_ws/install/ur_description/share/ur_description/config/ur3e/default_kinematics.yaml
[1.437s] -- Up-to-date: /home/nithish/ur10e_ws/install/ur_description/share/ur_description/config/ur15
[1.437s] -- Up-to-date: /home/nithish/ur10e_ws/install/ur_description/share/ur_description/config/ur15/visual_parameters.yaml
[1.437s] -- Up-to-date: /home/nithish/ur10e_ws/install/ur_description/share/ur_description/config/ur15/physical_parameters.yaml
[1.438s] -- Up-to-date: /home/nithish/ur10e_ws/install/ur_description/share/ur_description/config/ur15/joint_limits.yaml
[1.438s] -- Up-to-date: /home/nithish/ur10e_ws/install/ur_description/share/ur_description/config/ur15/default_kinematics.yaml
[1.438s] -- Up-to-date: /home/nithish/ur10e_ws/install/ur_description/share/ur_description/launch
[1.438s] -- Up-to-date: /home/nithish/ur10e_ws/install/ur_description/share/ur_description/launch/view_ur.launch.py
[1.438s] -- Up-to-date: /home/nithish/ur10e_ws/install/ur_description/share/ur_description/meshes
[1.438s] -- Up-to-date: /home/nithish/ur10e_ws/install/ur_description/share/ur_description/meshes/ur8long
[1.439s] -- Up-to-date: /home/nithish/ur10e_ws/install/ur_description/share/ur_description/meshes/ur8long/collision
[1.439s] -- Up-to-date: /home/nithish/ur10e_ws/install/ur_description/share/ur_description/meshes/ur8long/collision/forearm.stl
[1.439s] -- Up-to-date: /home/nithish/ur10e_ws/install/ur_description/share/ur_description/meshes/ur8long/collision/upperarm.stl
[1.442s] -- Up-to-date: /home/nithish/ur10e_ws/install/ur_description/share/ur_description/meshes/ur8long/LICENSE.txt
[1.443s] -- Up-to-date: /home/nithish/ur10e_ws/install/ur_description/share/ur_description/meshes/ur8long/visual
[1.443s] -- Up-to-date: /home/nithish/ur10e_ws/install/ur_description/share/ur_description/meshes/ur8long/visual/upperarm.dae
[1.444s] -- Up-to-date: /home/nithish/ur10e_ws/install/ur_description/share/ur_description/meshes/ur8long/visual/forearm.dae
[1.444s] -- Up-to-date: /home/nithish/ur10e_ws/install/ur_description/share/ur_description/meshes/ur8long/visual/UR8Long_DIFF_8bit_2K.jpg
[1.444s] -- Up-to-date: /home/nithish/ur10e_ws/install/ur_description/share/ur_description/meshes/ur5e
[1.444s] -- Up-to-date: /home/nithish/ur10e_ws/install/ur_description/share/ur_description/meshes/ur5e/collision
[1.444s] -- Up-to-date: /home/nithish/ur10e_ws/install/ur_description/share/ur_description/meshes/ur5e/collision/shoulder.stl
[1.445s] -- Up-to-date: /home/nithish/ur10e_ws/install/ur_description/share/ur_description/meshes/ur5e/collision/wrist3.stl
[1.445s] -- Up-to-date: /home/nithish/ur10e_ws/install/ur_description/share/ur_description/meshes/ur5e/collision/forearm.stl
[1.445s] -- Up-to-date: /home/nithish/ur10e_ws/install/ur_description/share/ur_description/meshes/ur5e/collision/wrist2.stl
[1.445s] -- Up-to-date: /home/nithish/ur10e_ws/install/ur_description/share/ur_description/meshes/ur5e/collision/upperarm.stl
[1.445s] -- Up-to-date: /home/nithish/ur10e_ws/install/ur_description/share/ur_description/meshes/ur5e/collision/wrist1.stl
[1.445s] -- Up-to-date: /home/nithish/ur10e_ws/install/ur_description/share/ur_description/meshes/ur5e/collision/base.stl
[1.446s] -- Up-to-date: /home/nithish/ur10e_ws/install/ur_description/share/ur_description/meshes/ur5e/visual
[1.446s] -- Up-to-date: /home/nithish/ur10e_ws/install/ur_description/share/ur_description/meshes/ur5e/visual/upperarm.dae
[1.446s] -- Up-to-date: /home/nithish/ur10e_ws/install/ur_description/share/ur_description/meshes/ur5e/visual/wrist1.dae
[1.449s] -- Up-to-date: /home/nithish/ur10e_ws/install/ur_description/share/ur_description/meshes/ur5e/visual/forearm.dae
[1.449s] -- Up-to-date: /home/nithish/ur10e_ws/install/ur_description/share/ur_description/meshes/ur5e/visual/shoulder.dae
[1.449s] -- Up-to-date: /home/nithish/ur10e_ws/install/ur_description/share/ur_description/meshes/ur5e/visual/wrist3.dae
[1.449s] -- Up-to-date: /home/nithish/ur10e_ws/install/ur_description/share/ur_description/meshes/ur5e/visual/wrist2.dae
[1.450s] -- Up-to-date: /home/nithish/ur10e_ws/install/ur_description/share/ur_description/meshes/ur5e/visual/base.dae
[1.450s] -- Up-to-date: /home/nithish/ur10e_ws/install/ur_description/share/ur_description/meshes/ur3
[1.450s] -- Up-to-date: /home/nithish/ur10e_ws/install/ur_description/share/ur_description/meshes/ur3/collision
[1.450s] -- Up-to-date: /home/nithish/ur10e_ws/install/ur_description/share/ur_description/meshes/ur3/collision/shoulder.stl
[1.450s] -- Up-to-date: /home/nithish/ur10e_ws/install/ur_description/share/ur_description/meshes/ur3/collision/wrist3.stl
[1.450s] -- Up-to-date: /home/nithish/ur10e_ws/install/ur_description/share/ur_description/meshes/ur3/collision/forearm.stl
[1.451s] -- Up-to-date: /home/nithish/ur10e_ws/install/ur_description/share/ur_description/meshes/ur3/collision/wrist2.stl
[1.451s] -- Up-to-date: /home/nithish/ur10e_ws/install/ur_description/share/ur_description/meshes/ur3/collision/upperarm.stl
[1.451s] -- Up-to-date: /home/nithish/ur10e_ws/install/ur_description/share/ur_description/meshes/ur3/collision/wrist1.stl
[1.451s] -- Up-to-date: /home/nithish/ur10e_ws/install/ur_description/share/ur_description/meshes/ur3/collision/base.stl
[1.451s] -- Up-to-date: /home/nithish/ur10e_ws/install/ur_description/share/ur_description/meshes/ur3/visual
[1.451s] -- Up-to-date: /home/nithish/ur10e_ws/install/ur_description/share/ur_description/meshes/ur3/visual/upperarm.dae
[1.452s] -- Up-to-date: /home/nithish/ur10e_ws/install/ur_description/share/ur_description/meshes/ur3/visual/wrist1.dae
[1.452s] -- Up-to-date: /home/nithish/ur10e_ws/install/ur_description/share/ur_description/meshes/ur3/visual/forearm.dae
[1.452s] -- Up-to-date: /home/nithish/ur10e_ws/install/ur_description/share/ur_description/meshes/ur3/visual/shoulder.dae
[1.460s] -- Up-to-date: /home/nithish/ur10e_ws/install/ur_description/share/ur_description/meshes/ur3/visual/wrist3.dae
[1.461s] -- Up-to-date: /home/nithish/ur10e_ws/install/ur_description/share/ur_description/meshes/ur3/visual/wrist2.dae
[1.461s] -- Up-to-date: /home/nithish/ur10e_ws/install/ur_description/share/ur_description/meshes/ur3/visual/base.dae
[1.461s] -- Up-to-date: /home/nithish/ur10e_ws/install/ur_description/share/ur_description/meshes/ur10
[1.461s] -- Up-to-date: /home/nithish/ur10e_ws/install/ur_description/share/ur_description/meshes/ur10/collision
[1.461s] -- Up-to-date: /home/nithish/ur10e_ws/install/ur_description/share/ur_description/meshes/ur10/collision/shoulder.stl
[1.462s] -- Up-to-date: /home/nithish/ur10e_ws/install/ur_description/share/ur_description/meshes/ur10/collision/wrist3.stl
[1.462s] -- Up-to-date: /home/nithish/ur10e_ws/install/ur_description/share/ur_description/meshes/ur10/collision/forearm.stl
[1.462s] -- Up-to-date: /home/nithish/ur10e_ws/install/ur_description/share/ur_description/meshes/ur10/collision/wrist2.stl
[1.462s] -- Up-to-date: /home/nithish/ur10e_ws/install/ur_description/share/ur_description/meshes/ur10/collision/upperarm.stl
[1.462s] -- Up-to-date: /home/nithish/ur10e_ws/install/ur_description/share/ur_description/meshes/ur10/collision/wrist1.stl
[1.463s] -- Up-to-date: /home/nithish/ur10e_ws/install/ur_description/share/ur_description/meshes/ur10/collision/base.stl
[1.463s] -- Up-to-date: /home/nithish/ur10e_ws/install/ur_description/share/ur_description/meshes/ur10/visual
[1.463s] -- Up-to-date: /home/nithish/ur10e_ws/install/ur_description/share/ur_description/meshes/ur10/visual/upperarm.dae
[1.463s] -- Up-to-date: /home/nithish/ur10e_ws/install/ur_description/share/ur_description/meshes/ur10/visual/wrist1.dae
[1.463s] -- Up-to-date: /home/nithish/ur10e_ws/install/ur_description/share/ur_description/meshes/ur10/visual/forearm.dae
[1.463s] -- Up-to-date: /home/nithish/ur10e_ws/install/ur_description/share/ur_description/meshes/ur10/visual/shoulder.dae
[1.464s] -- Up-to-date: /home/nithish/ur10e_ws/install/ur_description/share/ur_description/meshes/ur10/visual/wrist3.dae
[1.464s] -- Up-to-date: /home/nithish/ur10e_ws/install/ur_description/share/ur_description/meshes/ur10/visual/wrist2.dae
[1.464s] -- Up-to-date: /home/nithish/ur10e_ws/install/ur_description/share/ur_description/meshes/ur10/visual/base.dae
[1.467s] -- Up-to-date: /home/nithish/ur10e_ws/install/ur_description/share/ur_description/meshes/ur5
[1.467s] -- Up-to-date: /home/nithish/ur10e_ws/install/ur_description/share/ur_description/meshes/ur5/collision
[1.468s] -- Up-to-date: /home/nithish/ur10e_ws/install/ur_description/share/ur_description/meshes/ur5/collision/shoulder.stl
[1.468s] -- Up-to-date: /home/nithish/ur10e_ws/install/ur_description/share/ur_description/meshes/ur5/collision/wrist3.stl
[1.468s] -- Up-to-date: /home/nithish/ur10e_ws/install/ur_description/share/ur_description/meshes/ur5/collision/forearm.stl
[1.468s] -- Up-to-date: /home/nithish/ur10e_ws/install/ur_description/share/ur_description/meshes/ur5/collision/wrist2.stl
[1.468s] -- Up-to-date: /home/nithish/ur10e_ws/install/ur_description/share/ur_description/meshes/ur5/collision/upperarm.stl
[1.468s] -- Up-to-date: /home/nithish/ur10e_ws/install/ur_description/share/ur_description/meshes/ur5/collision/wrist1.stl
[1.468s] -- Up-to-date: /home/nithish/ur10e_ws/install/ur_description/share/ur_description/meshes/ur5/collision/base.stl
[1.469s] -- Up-to-date: /home/nithish/ur10e_ws/install/ur_description/share/ur_description/meshes/ur5/visual
[1.469s] -- Up-to-date: /home/nithish/ur10e_ws/install/ur_description/share/ur_description/meshes/ur5/visual/upperarm.dae
[1.469s] -- Up-to-date: /home/nithish/ur10e_ws/install/ur_description/share/ur_description/meshes/ur5/visual/wrist1.dae
[1.469s] -- Up-to-date: /home/nithish/ur10e_ws/install/ur_description/share/ur_description/meshes/ur5/visual/forearm.dae
[1.469s] -- Up-to-date: /home/nithish/ur10e_ws/install/ur_description/share/ur_description/meshes/ur5/visual/shoulder.dae
[1.469s] -- Up-to-date: /home/nithish/ur10e_ws/install/ur_description/share/ur_description/meshes/ur5/visual/wrist3.dae
[1.469s] -- Up-to-date: /home/nithish/ur10e_ws/install/ur_description/share/ur_description/meshes/ur5/visual/wrist2.dae
[1.470s] -- Up-to-date: /home/nithish/ur10e_ws/install/ur_description/share/ur_description/meshes/ur5/visual/base.dae
[1.470s] -- Up-to-date: /home/nithish/ur10e_ws/install/ur_description/share/ur_description/meshes/ur16e
[1.470s] -- Up-to-date: /home/nithish/ur10e_ws/install/ur_description/share/ur_description/meshes/ur16e/collision
[1.470s] -- Up-to-date: /home/nithish/ur10e_ws/install/ur_description/share/ur_description/meshes/ur16e/collision/forearm.stl
[1.470s] -- Up-to-date: /home/nithish/ur10e_ws/install/ur_description/share/ur_description/meshes/ur16e/collision/upperarm.stl
[1.470s] -- Up-to-date: /home/nithish/ur10e_ws/install/ur_description/share/ur_description/meshes/ur16e/visual
[1.470s] -- Up-to-date: /home/nithish/ur10e_ws/install/ur_description/share/ur_description/meshes/ur16e/visual/upperarm.dae
[1.471s] -- Up-to-date: /home/nithish/ur10e_ws/install/ur_description/share/ur_description/meshes/ur16e/visual/forearm.dae
[1.471s] -- Up-to-date: /home/nithish/ur10e_ws/install/ur_description/share/ur_description/meshes/ur30
[1.471s] -- Up-to-date: /home/nithish/ur10e_ws/install/ur_description/share/ur_description/meshes/ur30/collision
[1.475s] -- Up-to-date: /home/nithish/ur10e_ws/install/ur_description/share/ur_description/meshes/ur30/collision/forearm.stl
[1.476s] -- Up-to-date: /home/nithish/ur10e_ws/install/ur_description/share/ur_description/meshes/ur30/collision/upperarm.stl
[1.476s] -- Up-to-date: /home/nithish/ur10e_ws/install/ur_description/share/ur_description/meshes/ur30/LICENSE.txt
[1.476s] -- Up-to-date: /home/nithish/ur10e_ws/install/ur_description/share/ur_description/meshes/ur30/visual
[1.476s] -- Up-to-date: /home/nithish/ur10e_ws/install/ur_description/share/ur_description/meshes/ur30/visual/upperarm.dae
[1.476s] -- Up-to-date: /home/nithish/ur10e_ws/install/ur_description/share/ur_description/meshes/ur30/visual/UR30_DIFF_8bit_2K.png
[1.476s] -- Up-to-date: /home/nithish/ur10e_ws/install/ur_description/share/ur_description/meshes/ur30/visual/forearm.dae
[1.477s] -- Up-to-date: /home/nithish/ur10e_ws/install/ur_description/share/ur_description/meshes/ur10e
[1.477s] -- Up-to-date: /home/nithish/ur10e_ws/install/ur_description/share/ur_description/meshes/ur10e/collision
[1.477s] -- Up-to-date: /home/nithish/ur10e_ws/install/ur_description/share/ur_description/meshes/ur10e/collision/shoulder.stl
[1.477s] -- Up-to-date: /home/nithish/ur10e_ws/install/ur_description/share/ur_description/meshes/ur10e/collision/wrist3.stl
[1.477s] -- Up-to-date: /home/nithish/ur10e_ws/install/ur_description/share/ur_description/meshes/ur10e/collision/forearm.stl
[1.477s] -- Up-to-date: /home/nithish/ur10e_ws/install/ur_description/share/ur_description/meshes/ur10e/collision/bowl.stl
[1.477s] -- Up-to-date: /home/nithish/ur10e_ws/install/ur_description/share/ur_description/meshes/ur10e/collision/wrist2.stl
[1.477s] -- Up-to-date: /home/nithish/ur10e_ws/install/ur_description/share/ur_description/meshes/ur10e/collision/upperarm.stl
[1.478s] -- Up-to-date: /home/nithish/ur10e_ws/install/ur_description/share/ur_description/meshes/ur10e/collision/wrist1.stl
[1.478s] -- Up-to-date: /home/nithish/ur10e_ws/install/ur_description/share/ur_description/meshes/ur10e/collision/base.stl
[1.478s] -- Up-to-date: /home/nithish/ur10e_ws/install/ur_description/share/ur_description/meshes/ur10e/visual
[1.478s] -- Up-to-date: /home/nithish/ur10e_ws/install/ur_description/share/ur_description/meshes/ur10e/visual/upperarm.dae
[1.478s] -- Up-to-date: /home/nithish/ur10e_ws/install/ur_description/share/ur_description/meshes/ur10e/visual/wrist1.dae
[1.478s] -- Up-to-date: /home/nithish/ur10e_ws/install/ur_description/share/ur_description/meshes/ur10e/visual/forearm.dae
[1.478s] -- Up-to-date: /home/nithish/ur10e_ws/install/ur_description/share/ur_description/meshes/ur10e/visual/shoulder.dae
[1.479s] -- Up-to-date: /home/nithish/ur10e_ws/install/ur_description/share/ur_description/meshes/ur10e/visual/wrist3.dae
[1.479s] -- Up-to-date: /home/nithish/ur10e_ws/install/ur_description/share/ur_description/meshes/ur10e/visual/wrist2.dae
[1.479s] -- Up-to-date: /home/nithish/ur10e_ws/install/ur_description/share/ur_description/meshes/ur10e/visual/base.dae
[1.480s] -- Up-to-date: /home/nithish/ur10e_ws/install/ur_description/share/ur_description/meshes/ur20
[1.481s] -- Up-to-date: /home/nithish/ur10e_ws/install/ur_description/share/ur_description/meshes/ur20/collision
[1.481s] -- Up-to-date: /home/nithish/ur10e_ws/install/ur_description/share/ur_description/meshes/ur20/collision/shoulder.stl
[1.481s] -- Up-to-date: /home/nithish/ur10e_ws/install/ur_description/share/ur_description/meshes/ur20/collision/wrist3.stl
[1.481s] -- Up-to-date: /home/nithish/ur10e_ws/install/ur_description/share/ur_description/meshes/ur20/collision/forearm.stl
[1.483s] -- Up-to-date: /home/nithish/ur10e_ws/install/ur_description/share/ur_description/meshes/ur20/collision/wrist2.stl
[1.483s] -- Up-to-date: /home/nithish/ur10e_ws/install/ur_description/share/ur_description/meshes/ur20/collision/upperarm.stl
[1.484s] -- Up-to-date: /home/nithish/ur10e_ws/install/ur_description/share/ur_description/meshes/ur20/collision/wrist1.stl
[1.484s] -- Up-to-date: /home/nithish/ur10e_ws/install/ur_description/share/ur_description/meshes/ur20/collision/base.stl
[1.484s] -- Up-to-date: /home/nithish/ur10e_ws/install/ur_description/share/ur_description/meshes/ur20/LICENSE.txt
[1.484s] -- Up-to-date: /home/nithish/ur10e_ws/install/ur_description/share/ur_description/meshes/ur20/visual
[1.484s] -- Up-to-date: /home/nithish/ur10e_ws/install/ur_description/share/ur_description/meshes/ur20/visual/upperarm.dae
[1.484s] -- Up-to-date: /home/nithish/ur10e_ws/install/ur_description/share/ur_description/meshes/ur20/visual/wrist1.dae
[1.485s] -- Up-to-date: /home/nithish/ur10e_ws/install/ur_description/share/ur_description/meshes/ur20/visual/forearm.dae
[1.485s] -- Up-to-date: /home/nithish/ur10e_ws/install/ur_description/share/ur_description/meshes/ur20/visual/shoulder.dae
[1.485s] -- Up-to-date: /home/nithish/ur10e_ws/install/ur_description/share/ur_description/meshes/ur20/visual/wrist3.dae
[1.488s] -- Up-to-date: /home/nithish/ur10e_ws/install/ur_description/share/ur_description/meshes/ur20/visual/wrist2.dae
[1.489s] -- Up-to-date: /home/nithish/ur10e_ws/install/ur_description/share/ur_description/meshes/ur20/visual/base.dae
[1.489s] -- Up-to-date: /home/nithish/ur10e_ws/install/ur_description/share/ur_description/meshes/ur20/visual/UR20_DIFF_8bit_2K.png
[1.489s] -- Up-to-date: /home/nithish/ur10e_ws/install/ur_description/share/ur_description/meshes/ur3e
[1.489s] -- Up-to-date: /home/nithish/ur10e_ws/install/ur_description/share/ur_description/meshes/ur3e/collision
[1.490s] -- Up-to-date: /home/nithish/ur10e_ws/install/ur_description/share/ur_description/meshes/ur3e/collision/shoulder.stl
[1.490s] -- Up-to-date: /home/nithish/ur10e_ws/install/ur_description/share/ur_description/meshes/ur3e/collision/wrist3.stl
[1.490s] -- Up-to-date: /home/nithish/ur10e_ws/install/ur_description/share/ur_description/meshes/ur3e/collision/forearm.stl
[1.490s] -- Up-to-date: /home/nithish/ur10e_ws/install/ur_description/share/ur_description/meshes/ur3e/collision/wrist2.stl
[1.491s] -- Up-to-date: /home/nithish/ur10e_ws/install/ur_description/share/ur_description/meshes/ur3e/collision/upperarm.stl
[1.491s] -- Up-to-date: /home/nithish/ur10e_ws/install/ur_description/share/ur_description/meshes/ur3e/collision/wrist1.stl
[1.491s] -- Up-to-date: /home/nithish/ur10e_ws/install/ur_description/share/ur_description/meshes/ur3e/collision/base.stl
[1.491s] -- Up-to-date: /home/nithish/ur10e_ws/install/ur_description/share/ur_description/meshes/ur3e/visual
[1.491s] -- Up-to-date: /home/nithish/ur10e_ws/install/ur_description/share/ur_description/meshes/ur3e/visual/upperarm.dae
[1.492s] -- Up-to-date: /home/nithish/ur10e_ws/install/ur_description/share/ur_description/meshes/ur3e/visual/wrist1.dae
[1.492s] -- Up-to-date: /home/nithish/ur10e_ws/install/ur_description/share/ur_description/meshes/ur3e/visual/forearm.dae
[1.492s] -- Up-to-date: /home/nithish/ur10e_ws/install/ur_description/share/ur_description/meshes/ur3e/visual/shoulder.dae
[1.503s] -- Up-to-date: /home/nithish/ur10e_ws/install/ur_description/share/ur_description/meshes/ur3e/visual/wrist3.dae
[1.503s] -- Up-to-date: /home/nithish/ur10e_ws/install/ur_description/share/ur_description/meshes/ur3e/visual/wrist2.dae
[1.503s] -- Up-to-date: /home/nithish/ur10e_ws/install/ur_description/share/ur_description/meshes/ur3e/visual/base.dae
[1.503s] -- Up-to-date: /home/nithish/ur10e_ws/install/ur_description/share/ur_description/meshes/ur15
[1.504s] -- Up-to-date: /home/nithish/ur10e_ws/install/ur_description/share/ur_description/meshes/ur15/collision
[1.504s] -- Up-to-date: /home/nithish/ur10e_ws/install/ur_description/share/ur_description/meshes/ur15/collision/shoulder.stl
[1.504s] -- Up-to-date: /home/nithish/ur10e_ws/install/ur_description/share/ur_description/meshes/ur15/collision/wrist3.stl
[1.504s] -- Up-to-date: /home/nithish/ur10e_ws/install/ur_description/share/ur_description/meshes/ur15/collision/forearm.stl
[1.504s] -- Up-to-date: /home/nithish/ur10e_ws/install/ur_description/share/ur_description/meshes/ur15/collision/wrist2.stl
[1.504s] -- Up-to-date: /home/nithish/ur10e_ws/install/ur_description/share/ur_description/meshes/ur15/collision/upperarm.stl
[1.505s] -- Up-to-date: /home/nithish/ur10e_ws/install/ur_description/share/ur_description/meshes/ur15/collision/wrist1.stl
[1.505s] -- Up-to-date: /home/nithish/ur10e_ws/install/ur_description/share/ur_description/meshes/ur15/collision/base.stl
[1.505s] -- Up-to-date: /home/nithish/ur10e_ws/install/ur_description/share/ur_description/meshes/ur15/LICENSE.txt
[1.505s] -- Up-to-date: /home/nithish/ur10e_ws/install/ur_description/share/ur_description/meshes/ur15/visual
[1.505s] -- Up-to-date: /home/nithish/ur10e_ws/install/ur_description/share/ur_description/meshes/ur15/visual/upperarm.dae
[1.505s] -- Up-to-date: /home/nithish/ur10e_ws/install/ur_description/share/ur_description/meshes/ur15/visual/UR15_DIFF_8bit_2K.jpg
[1.505s] -- Up-to-date: /home/nithish/ur10e_ws/install/ur_description/share/ur_description/meshes/ur15/visual/wrist1.dae
[1.506s] -- Up-to-date: /home/nithish/ur10e_ws/install/ur_description/share/ur_description/meshes/ur15/visual/forearm.dae
[1.506s] -- Up-to-date: /home/nithish/ur10e_ws/install/ur_description/share/ur_description/meshes/ur15/visual/shoulder.dae
[1.506s] -- Up-to-date: /home/nithish/ur10e_ws/install/ur_description/share/ur_description/meshes/ur15/visual/wrist3.dae
[1.509s] -- Up-to-date: /home/nithish/ur10e_ws/install/ur_description/share/ur_description/meshes/ur15/visual/wrist2.dae
[1.509s] -- Up-to-date: /home/nithish/ur10e_ws/install/ur_description/share/ur_description/meshes/ur15/visual/base.dae
[1.510s] -- Up-to-date: /home/nithish/ur10e_ws/install/ur_description/share/ur_description/rviz
[1.510s] -- Up-to-date: /home/nithish/ur10e_ws/install/ur_description/share/ur_description/rviz/view_robot.rviz
[1.510s] -- Up-to-date: /home/nithish/ur10e_ws/install/ur_description/share/ur_description/urdf
[1.510s] -- Up-to-date: /home/nithish/ur10e_ws/install/ur_description/share/ur_description/urdf/ur.ros2_control.xacro
[1.510s] -- Up-to-date: /home/nithish/ur10e_ws/install/ur_description/share/ur_description/urdf/ur.urdf.xacro
[1.511s] -- Up-to-date: /home/nithish/ur10e_ws/install/ur_description/share/ur_description/urdf/ur_macro.xacro
[1.511s] -- Up-to-date: /home/nithish/ur10e_ws/install/ur_description/share/ur_description/urdf/inc
[1.511s] -- Up-to-date: /home/nithish/ur10e_ws/install/ur_description/share/ur_description/urdf/inc/ur_transmissions.xacro
[1.511s] -- Up-to-date: /home/nithish/ur10e_ws/install/ur_description/share/ur_description/urdf/inc/ur_common.xacro
[1.511s] -- Up-to-date: /home/nithish/ur10e_ws/install/ur_description/share/ur_description/test
[1.512s] -- Up-to-date: /home/nithish/ur10e_ws/install/ur_description/share/ur_description/test/test_view_ur_launch.py
[1.512s] -- Up-to-date: /home/nithish/ur10e_ws/install/ur_description/share/ur_description/test/test_ur_urdf_xacro.py
[1.512s] -- Up-to-date: /home/nithish/ur10e_ws/install/ur_description/share/ament_index/resource_index/package_run_dependencies/ur_description
[1.512s] -- Up-to-date: /home/nithish/ur10e_ws/install/ur_description/share/ament_index/resource_index/parent_prefix_path/ur_description
[1.512s] -- Up-to-date: /home/nithish/ur10e_ws/install/ur_description/share/ur_description/environment/ament_prefix_path.sh
[1.513s] -- Up-to-date: /home/nithish/ur10e_ws/install/ur_description/share/ur_description/environment/ament_prefix_path.dsv
[1.513s] -- Up-to-date: /home/nithish/ur10e_ws/install/ur_description/share/ur_description/environment/path.sh
[1.516s] -- Up-to-date: /home/nithish/ur10e_ws/install/ur_description/share/ur_description/environment/path.dsv
[1.518s] -- Up-to-date: /home/nithish/ur10e_ws/install/ur_description/share/ur_description/local_setup.bash
[1.518s] -- Up-to-date: /home/nithish/ur10e_ws/install/ur_description/share/ur_description/local_setup.sh
[1.519s] -- Up-to-date: /home/nithish/ur10e_ws/install/ur_description/share/ur_description/local_setup.zsh
[1.519s] -- Up-to-date: /home/nithish/ur10e_ws/install/ur_description/share/ur_description/local_setup.dsv
[1.519s] -- Installing: /home/nithish/ur10e_ws/install/ur_description/share/ur_description/package.dsv
[1.519s] -- Up-to-date: /home/nithish/ur10e_ws/install/ur_description/share/ament_index/resource_index/packages/ur_description
[1.519s] -- Up-to-date: /home/nithish/ur10e_ws/install/ur_description/share/ur_description/cmake/ur_descriptionConfig.cmake
[1.519s] -- Up-to-date: /home/nithish/ur10e_ws/install/ur_description/share/ur_description/cmake/ur_descriptionConfig-version.cmake
[1.519s] -- Up-to-date: /home/nithish/ur10e_ws/install/ur_description/share/ur_description/package.xml
[1.520s] Invoked command in '/home/nithish/ur10e_ws/build/ur_description' returned '0': CMAKE_PREFIX_PATH=${CMAKE_PREFIX_PATH}:/home/nithish/ur10e_ws/install/wrench_bridge:/home/nithish/ws_moveit2/install/moveit_configs_utils:/home/nithish/robotic_arm_ws/install/path_planner:/opt/ros/humble /usr/bin/cmake --install /home/nithish/ur10e_ws/build/ur_description
