running egg_info
creating ../../build/servo_control/servo_control.egg-info
writing ../../build/servo_control/servo_control.egg-info/PKG-INFO
writing dependency_links to ../../build/servo_control/servo_control.egg-info/dependency_links.txt
writing entry points to ../../build/servo_control/servo_control.egg-info/entry_points.txt
writing requirements to ../../build/servo_control/servo_control.egg-info/requires.txt
writing top-level names to ../../build/servo_control/servo_control.egg-info/top_level.txt
writing manifest file '../../build/servo_control/servo_control.egg-info/SOURCES.txt'
reading manifest file '../../build/servo_control/servo_control.egg-info/SOURCES.txt'
writing manifest file '../../build/servo_control/servo_control.egg-info/SOURCES.txt'
running build
running build_py
creating /home/nithish/ur10e_ws/build/servo_control/build
creating /home/nithish/ur10e_ws/build/servo_control/build/lib
creating /home/nithish/ur10e_ws/build/servo_control/build/lib/servo_control
copying servo_control/__init__.py -> /home/nithish/ur10e_ws/build/servo_control/build/lib/servo_control
running install
running install_lib
creating /home/nithish/ur10e_ws/install/servo_control/lib/python3.10/site-packages/servo_control
copying /home/nithish/ur10e_ws/build/servo_control/build/lib/servo_control/__init__.py -> /home/nithish/ur10e_ws/install/servo_control/lib/python3.10/site-packages/servo_control
byte-compiling /home/nithish/ur10e_ws/install/servo_control/lib/python3.10/site-packages/servo_control/__init__.py to __init__.cpython-310.pyc
running install_data
creating /home/nithish/ur10e_ws/install/servo_control/share/ament_index
creating /home/nithish/ur10e_ws/install/servo_control/share/ament_index/resource_index
creating /home/nithish/ur10e_ws/install/servo_control/share/ament_index/resource_index/packages
copying resource/servo_control -> /home/nithish/ur10e_ws/install/servo_control/share/ament_index/resource_index/packages
copying package.xml -> /home/nithish/ur10e_ws/install/servo_control/share/servo_control
running install_egg_info
Copying ../../build/servo_control/servo_control.egg-info to /home/nithish/ur10e_ws/install/servo_control/lib/python3.10/site-packages/servo_control-0.0.0-py3.10.egg-info
running install_scripts
writing list of installed files to '/home/nithish/ur10e_ws/build/servo_control/install.log'
