[0.019s] Invoking command in '/home/nithish/ur10e_ws/build/ur_robot_driver': AMENT_PREFIX_PATH=/home/nithish/ur10e_ws/install/ur_controllers:/home/nithish/ur10e_ws/install/ur_description:/home/nithish/ur10e_ws/install/ur_dashboard_msgs:${AMENT_PREFIX_PATH} CMAKE_PREFIX_PATH=/home/nithish/ur10e_ws/install/ur_controllers:/home/nithish/ur10e_ws/install/ur_description:/home/nithish/ur10e_ws/install/ur_dashboard_msgs:/home/nithish/ws_moveit2/install/pilz_industrial_motion_planner_testutils:/home/nithish/ws_moveit2/install/moveit_runtime:/home/nithish/ws_moveit2/install/moveit:/home/nithish/ws_moveit2/install/moveit_planners:/home/nithish/ws_moveit2/install/pilz_industrial_motion_planner:/home/nithish/ws_moveit2/install/moveit_ros_control_interface:/home/nithish/ws_moveit2/install/moveit_plugins:/home/nithish/ws_moveit2/install/moveit_simple_controller_manager:/home/nithish/ws_moveit2/install/moveit_setup_assistant:/home/nithish/ws_moveit2/install/moveit_setup_srdf_plugins:/home/nithish/ws_moveit2/install/moveit_setup_core_plugins:/home/nithish/ws_moveit2/install/moveit_setup_controllers:/home/nithish/ws_moveit2/install/moveit_setup_app_plugins:/home/nithish/ws_moveit2/install/moveit_setup_framework:/home/nithish/ws_moveit2/install/moveit_servo:/home/nithish/ws_moveit2/install/moveit_ros:/home/nithish/ws_moveit2/install/moveit_ros_visualization:/home/nithish/ws_moveit2/install/moveit_hybrid_planning:/home/nithish/ws_moveit2/install/moveit_ros_planning_interface:/home/nithish/ws_moveit2/install/moveit_ros_benchmarks:/home/nithish/ws_moveit2/install/moveit_ros_warehouse:/home/nithish/ws_moveit2/install/moveit_ros_robot_interaction:/home/nithish/ws_moveit2/install/moveit_ros_perception:/home/nithish/ws_moveit2/install/moveit_resources_prbt_pg70_support:/home/nithish/ws_moveit2/install/moveit_resources_prbt_moveit_config:/home/nithish/ws_moveit2/install/moveit_ros_move_group:/home/nithish/ws_moveit2/install/moveit_planners_ompl:/home/nithish/ws_moveit2/install/moveit_ros_planning:/home/nithish/ws_moveit2/install/moveit_ros_occupancy_map_monitor:/home/nithish/ws_moveit2/install/moveit_resources_prbt_support:/home/nithish/ws_moveit2/install/moveit_resources_prbt_ikfast_manipulator_plugin:/home/nithish/ws_moveit2/install/moveit_planners_chomp:/home/nithish/ws_moveit2/install/moveit_kinematics:/home/nithish/ws_moveit2/install/moveit_chomp_optimizer_adapter:/home/nithish/ws_moveit2/install/chomp_motion_planner:/home/nithish/ws_moveit2/install/moveit_core:/home/nithish/ws_moveit2/install/moveit_common:/home/nithish/rviz2_ws/install:/home/nithish/robotic_arm_ws/install/ur_simulation_gz:/home/nithish/robotic_arm_ws/install/ur:/home/nithish/robotic_arm_ws/install/ur_calibration:/home/nithish/robotic_arm_ws/install/ur_robot_driver:/home/nithish/robotic_arm_ws/install/ur_moveit_config:/home/nithish/robotic_arm_ws/install/ur_bringup:/home/nithish/robotic_arm_ws/install/ur_description:/home/nithish/robotic_arm_ws/install/ur_controllers:/home/nithish/robotic_arm_ws/install/ur_dashboard_msgs:/home/nithish/ws_moveit2/install/moveit_configs_utils:/home/nithish/robotic_arm_ws/install/path_planner:/opt/ros/humble LD_LIBRARY_PATH=/home/nithish/ur10e_ws/install/ur_controllers/lib:/home/nithish/ur10e_ws/install/ur_dashboard_msgs/lib:${LD_LIBRARY_PATH} PYTHONPATH=/home/nithish/ur10e_ws/install/ur_dashboard_msgs/local/lib/python3.10/dist-packages:${PYTHONPATH} /usr/bin/cmake --build /home/nithish/ur10e_ws/build/ur_robot_driver -- -j12 -l12
[0.112s] [ 20%] Built target urscript_interface
[0.112s] [ 25%] Built target controller_stopper_node
[0.117s] [ 45%] Built target ur_ros2_control_node
[0.117s] [ 55%] Built target dashboard_client
[0.120s] [ 70%] Built target ament_cmake_python_copy_ur_robot_driver
[0.120s] [ 95%] Built target robot_state_helper
[0.121s] [100%] Built target ur_robot_driver_plugin
[0.312s] running egg_info
[0.313s] writing ur_robot_driver.egg-info/PKG-INFO
[0.313s] writing dependency_links to ur_robot_driver.egg-info/dependency_links.txt
[0.313s] writing top-level names to ur_robot_driver.egg-info/top_level.txt
[0.316s] reading manifest file 'ur_robot_driver.egg-info/SOURCES.txt'
[0.316s] writing manifest file 'ur_robot_driver.egg-info/SOURCES.txt'
[0.340s] [100%] Built target ament_cmake_python_build_ur_robot_driver_egg
[0.355s] Invoked command in '/home/nithish/ur10e_ws/build/ur_robot_driver' returned '0': AMENT_PREFIX_PATH=/home/nithish/ur10e_ws/install/ur_controllers:/home/nithish/ur10e_ws/install/ur_description:/home/nithish/ur10e_ws/install/ur_dashboard_msgs:${AMENT_PREFIX_PATH} CMAKE_PREFIX_PATH=/home/nithish/ur10e_ws/install/ur_controllers:/home/nithish/ur10e_ws/install/ur_description:/home/nithish/ur10e_ws/install/ur_dashboard_msgs:/home/nithish/ws_moveit2/install/pilz_industrial_motion_planner_testutils:/home/nithish/ws_moveit2/install/moveit_runtime:/home/nithish/ws_moveit2/install/moveit:/home/nithish/ws_moveit2/install/moveit_planners:/home/nithish/ws_moveit2/install/pilz_industrial_motion_planner:/home/nithish/ws_moveit2/install/moveit_ros_control_interface:/home/nithish/ws_moveit2/install/moveit_plugins:/home/nithish/ws_moveit2/install/moveit_simple_controller_manager:/home/nithish/ws_moveit2/install/moveit_setup_assistant:/home/nithish/ws_moveit2/install/moveit_setup_srdf_plugins:/home/nithish/ws_moveit2/install/moveit_setup_core_plugins:/home/nithish/ws_moveit2/install/moveit_setup_controllers:/home/nithish/ws_moveit2/install/moveit_setup_app_plugins:/home/nithish/ws_moveit2/install/moveit_setup_framework:/home/nithish/ws_moveit2/install/moveit_servo:/home/nithish/ws_moveit2/install/moveit_ros:/home/nithish/ws_moveit2/install/moveit_ros_visualization:/home/nithish/ws_moveit2/install/moveit_hybrid_planning:/home/nithish/ws_moveit2/install/moveit_ros_planning_interface:/home/nithish/ws_moveit2/install/moveit_ros_benchmarks:/home/nithish/ws_moveit2/install/moveit_ros_warehouse:/home/nithish/ws_moveit2/install/moveit_ros_robot_interaction:/home/nithish/ws_moveit2/install/moveit_ros_perception:/home/nithish/ws_moveit2/install/moveit_resources_prbt_pg70_support:/home/nithish/ws_moveit2/install/moveit_resources_prbt_moveit_config:/home/nithish/ws_moveit2/install/moveit_ros_move_group:/home/nithish/ws_moveit2/install/moveit_planners_ompl:/home/nithish/ws_moveit2/install/moveit_ros_planning:/home/nithish/ws_moveit2/install/moveit_ros_occupancy_map_monitor:/home/nithish/ws_moveit2/install/moveit_resources_prbt_support:/home/nithish/ws_moveit2/install/moveit_resources_prbt_ikfast_manipulator_plugin:/home/nithish/ws_moveit2/install/moveit_planners_chomp:/home/nithish/ws_moveit2/install/moveit_kinematics:/home/nithish/ws_moveit2/install/moveit_chomp_optimizer_adapter:/home/nithish/ws_moveit2/install/chomp_motion_planner:/home/nithish/ws_moveit2/install/moveit_core:/home/nithish/ws_moveit2/install/moveit_common:/home/nithish/rviz2_ws/install:/home/nithish/robotic_arm_ws/install/ur_simulation_gz:/home/nithish/robotic_arm_ws/install/ur:/home/nithish/robotic_arm_ws/install/ur_calibration:/home/nithish/robotic_arm_ws/install/ur_robot_driver:/home/nithish/robotic_arm_ws/install/ur_moveit_config:/home/nithish/robotic_arm_ws/install/ur_bringup:/home/nithish/robotic_arm_ws/install/ur_description:/home/nithish/robotic_arm_ws/install/ur_controllers:/home/nithish/robotic_arm_ws/install/ur_dashboard_msgs:/home/nithish/ws_moveit2/install/moveit_configs_utils:/home/nithish/robotic_arm_ws/install/path_planner:/opt/ros/humble LD_LIBRARY_PATH=/home/nithish/ur10e_ws/install/ur_controllers/lib:/home/nithish/ur10e_ws/install/ur_dashboard_msgs/lib:${LD_LIBRARY_PATH} PYTHONPATH=/home/nithish/ur10e_ws/install/ur_dashboard_msgs/local/lib/python3.10/dist-packages:${PYTHONPATH} /usr/bin/cmake --build /home/nithish/ur10e_ws/build/ur_robot_driver -- -j12 -l12
[0.356s] Invoking command in '/home/nithish/ur10e_ws/build/ur_robot_driver': AMENT_PREFIX_PATH=/home/nithish/ur10e_ws/install/ur_controllers:/home/nithish/ur10e_ws/install/ur_description:/home/nithish/ur10e_ws/install/ur_dashboard_msgs:${AMENT_PREFIX_PATH} CMAKE_PREFIX_PATH=/home/nithish/ur10e_ws/install/ur_controllers:/home/nithish/ur10e_ws/install/ur_description:/home/nithish/ur10e_ws/install/ur_dashboard_msgs:/home/nithish/ws_moveit2/install/pilz_industrial_motion_planner_testutils:/home/nithish/ws_moveit2/install/moveit_runtime:/home/nithish/ws_moveit2/install/moveit:/home/nithish/ws_moveit2/install/moveit_planners:/home/nithish/ws_moveit2/install/pilz_industrial_motion_planner:/home/nithish/ws_moveit2/install/moveit_ros_control_interface:/home/nithish/ws_moveit2/install/moveit_plugins:/home/nithish/ws_moveit2/install/moveit_simple_controller_manager:/home/nithish/ws_moveit2/install/moveit_setup_assistant:/home/nithish/ws_moveit2/install/moveit_setup_srdf_plugins:/home/nithish/ws_moveit2/install/moveit_setup_core_plugins:/home/nithish/ws_moveit2/install/moveit_setup_controllers:/home/nithish/ws_moveit2/install/moveit_setup_app_plugins:/home/nithish/ws_moveit2/install/moveit_setup_framework:/home/nithish/ws_moveit2/install/moveit_servo:/home/nithish/ws_moveit2/install/moveit_ros:/home/nithish/ws_moveit2/install/moveit_ros_visualization:/home/nithish/ws_moveit2/install/moveit_hybrid_planning:/home/nithish/ws_moveit2/install/moveit_ros_planning_interface:/home/nithish/ws_moveit2/install/moveit_ros_benchmarks:/home/nithish/ws_moveit2/install/moveit_ros_warehouse:/home/nithish/ws_moveit2/install/moveit_ros_robot_interaction:/home/nithish/ws_moveit2/install/moveit_ros_perception:/home/nithish/ws_moveit2/install/moveit_resources_prbt_pg70_support:/home/nithish/ws_moveit2/install/moveit_resources_prbt_moveit_config:/home/nithish/ws_moveit2/install/moveit_ros_move_group:/home/nithish/ws_moveit2/install/moveit_planners_ompl:/home/nithish/ws_moveit2/install/moveit_ros_planning:/home/nithish/ws_moveit2/install/moveit_ros_occupancy_map_monitor:/home/nithish/ws_moveit2/install/moveit_resources_prbt_support:/home/nithish/ws_moveit2/install/moveit_resources_prbt_ikfast_manipulator_plugin:/home/nithish/ws_moveit2/install/moveit_planners_chomp:/home/nithish/ws_moveit2/install/moveit_kinematics:/home/nithish/ws_moveit2/install/moveit_chomp_optimizer_adapter:/home/nithish/ws_moveit2/install/chomp_motion_planner:/home/nithish/ws_moveit2/install/moveit_core:/home/nithish/ws_moveit2/install/moveit_common:/home/nithish/rviz2_ws/install:/home/nithish/robotic_arm_ws/install/ur_simulation_gz:/home/nithish/robotic_arm_ws/install/ur:/home/nithish/robotic_arm_ws/install/ur_calibration:/home/nithish/robotic_arm_ws/install/ur_robot_driver:/home/nithish/robotic_arm_ws/install/ur_moveit_config:/home/nithish/robotic_arm_ws/install/ur_bringup:/home/nithish/robotic_arm_ws/install/ur_description:/home/nithish/robotic_arm_ws/install/ur_controllers:/home/nithish/robotic_arm_ws/install/ur_dashboard_msgs:/home/nithish/ws_moveit2/install/moveit_configs_utils:/home/nithish/robotic_arm_ws/install/path_planner:/opt/ros/humble LD_LIBRARY_PATH=/home/nithish/ur10e_ws/install/ur_controllers/lib:/home/nithish/ur10e_ws/install/ur_dashboard_msgs/lib:${LD_LIBRARY_PATH} PYTHONPATH=/home/nithish/ur10e_ws/install/ur_dashboard_msgs/local/lib/python3.10/dist-packages:${PYTHONPATH} /usr/bin/cmake --install /home/nithish/ur10e_ws/build/ur_robot_driver
[0.364s] -- Install configuration: "RelWithDebInfo"
[0.365s] -- Up-to-date: /home/nithish/ur10e_ws/install/ur_robot_driver/share/ur_robot_driver/hardware_interface_plugin.xml
[0.365s] -- Up-to-date: /home/nithish/ur10e_ws/install/ur_robot_driver/lib/ur_robot_driver/dashboard_client
[0.366s] -- Up-to-date: /home/nithish/ur10e_ws/install/ur_robot_driver/lib/ur_robot_driver/ur_ros2_control_node
[0.366s] -- Up-to-date: /home/nithish/ur10e_ws/install/ur_robot_driver/lib/ur_robot_driver/controller_stopper_node
[0.366s] -- Up-to-date: /home/nithish/ur10e_ws/install/ur_robot_driver/lib/ur_robot_driver/urscript_interface
[0.367s] -- Up-to-date: /home/nithish/ur10e_ws/install/ur_robot_driver/lib/ur_robot_driver/robot_state_helper
[0.368s] -- Up-to-date: /home/nithish/ur10e_ws/install/ur_robot_driver/lib/libur_robot_driver_plugin.so
[0.368s] -- Up-to-date: /home/nithish/ur10e_ws/install/ur_robot_driver/include
[0.368s] -- Up-to-date: /home/nithish/ur10e_ws/install/ur_robot_driver/include/ur_robot_driver
[0.368s] -- Up-to-date: /home/nithish/ur10e_ws/install/ur_robot_driver/include/ur_robot_driver/robot_state_helper.hpp
[0.368s] -- Up-to-date: /home/nithish/ur10e_ws/install/ur_robot_driver/include/ur_robot_driver/urcl_log_handler.hpp
[0.368s] -- Up-to-date: /home/nithish/ur10e_ws/install/ur_robot_driver/include/ur_robot_driver/controller_stopper.hpp
[0.368s] -- Up-to-date: /home/nithish/ur10e_ws/install/ur_robot_driver/include/ur_robot_driver/hardware_interface.hpp
[0.368s] -- Up-to-date: /home/nithish/ur10e_ws/install/ur_robot_driver/include/ur_robot_driver/dashboard_client_ros.hpp
[0.368s] -- Up-to-date: /home/nithish/ur10e_ws/install/ur_robot_driver/share/ur_robot_driver/environment/library_path.sh
[0.368s] -- Up-to-date: /home/nithish/ur10e_ws/install/ur_robot_driver/share/ur_robot_driver/environment/library_path.dsv
[0.368s] -- Up-to-date: /home/nithish/ur10e_ws/install/ur_robot_driver/share/ur_robot_driver/resources
[0.368s] -- Up-to-date: /home/nithish/ur10e_ws/install/ur_robot_driver/share/ur_robot_driver/resources/externalcontrol-1.0.5.urcap
[0.368s] -- Up-to-date: /home/nithish/ur10e_ws/install/ur_robot_driver/share/ur_robot_driver/resources/rtde_input_recipe.txt
[0.368s] -- Up-to-date: /home/nithish/ur10e_ws/install/ur_robot_driver/share/ur_robot_driver/resources/ros_control.urscript
[0.368s] -- Up-to-date: /home/nithish/ur10e_ws/install/ur_robot_driver/share/ur_robot_driver/resources/rtde_output_recipe.txt
[0.368s] -- Up-to-date: /home/nithish/ur10e_ws/install/ur_robot_driver/share/ur_robot_driver/resources/rs485-1.0.urcap
[0.368s] -- Up-to-date: /home/nithish/ur10e_ws/install/ur_robot_driver/include
[0.368s] -- Up-to-date: /home/nithish/ur10e_ws/install/ur_robot_driver/include/ur_robot_driver
[0.368s] -- Up-to-date: /home/nithish/ur10e_ws/install/ur_robot_driver/include/ur_robot_driver/robot_state_helper.hpp
[0.368s] -- Up-to-date: /home/nithish/ur10e_ws/install/ur_robot_driver/include/ur_robot_driver/urcl_log_handler.hpp
[0.368s] -- Up-to-date: /home/nithish/ur10e_ws/install/ur_robot_driver/include/ur_robot_driver/controller_stopper.hpp
[0.368s] -- Up-to-date: /home/nithish/ur10e_ws/install/ur_robot_driver/include/ur_robot_driver/hardware_interface.hpp
[0.368s] -- Up-to-date: /home/nithish/ur10e_ws/install/ur_robot_driver/include/ur_robot_driver/dashboard_client_ros.hpp
[0.368s] -- Up-to-date: /home/nithish/ur10e_ws/install/ur_robot_driver/share/ur_robot_driver/environment/pythonpath.sh
[0.368s] -- Up-to-date: /home/nithish/ur10e_ws/install/ur_robot_driver/share/ur_robot_driver/environment/pythonpath.dsv
[0.368s] -- Up-to-date: /home/nithish/ur10e_ws/install/ur_robot_driver/local/lib/python3.10/dist-packages/ur_robot_driver-2.9.0-py3.10.egg-info
[0.368s] -- Installing: /home/nithish/ur10e_ws/install/ur_robot_driver/local/lib/python3.10/dist-packages/ur_robot_driver-2.9.0-py3.10.egg-info/top_level.txt
[0.369s] -- Installing: /home/nithish/ur10e_ws/install/ur_robot_driver/local/lib/python3.10/dist-packages/ur_robot_driver-2.9.0-py3.10.egg-info/PKG-INFO
[0.369s] -- Installing: /home/nithish/ur10e_ws/install/ur_robot_driver/local/lib/python3.10/dist-packages/ur_robot_driver-2.9.0-py3.10.egg-info/dependency_links.txt
[0.369s] -- Installing: /home/nithish/ur10e_ws/install/ur_robot_driver/local/lib/python3.10/dist-packages/ur_robot_driver-2.9.0-py3.10.egg-info/SOURCES.txt
[0.369s] -- Up-to-date: /home/nithish/ur10e_ws/install/ur_robot_driver/local/lib/python3.10/dist-packages/ur_robot_driver
[0.369s] -- Up-to-date: /home/nithish/ur10e_ws/install/ur_robot_driver/local/lib/python3.10/dist-packages/ur_robot_driver/__init__.py
[0.395s] Listing '/home/nithish/ur10e_ws/install/ur_robot_driver/local/lib/python3.10/dist-packages/ur_robot_driver'...
[0.398s] -- Up-to-date: /home/nithish/ur10e_ws/install/ur_robot_driver/lib/ur_robot_driver/tool_communication.py
[0.398s] -- Up-to-date: /home/nithish/ur10e_ws/install/ur_robot_driver/lib/ur_robot_driver/example_move.py
[0.398s] -- Up-to-date: /home/nithish/ur10e_ws/install/ur_robot_driver/lib/ur_robot_driver/start_ursim.sh
[0.398s] -- Up-to-date: /home/nithish/ur10e_ws/install/ur_robot_driver/lib/ur_robot_driver/examples.py
[0.398s] -- Up-to-date: /home/nithish/ur10e_ws/install/ur_robot_driver/lib/ur_robot_driver/force_mode.py
[0.398s] -- Up-to-date: /home/nithish/ur10e_ws/install/ur_robot_driver/bin/wait_dashboard_server.sh
[0.398s] -- Up-to-date: /home/nithish/ur10e_ws/install/ur_robot_driver/lib/ur_robot_driver/start_ursim.sh
[0.398s] -- Up-to-date: /home/nithish/ur10e_ws/install/ur_robot_driver/share/ur_robot_driver/config
[0.398s] -- Up-to-date: /home/nithish/ur10e_ws/install/ur_robot_driver/share/ur_robot_driver/config/ur16e_update_rate.yaml
[0.399s] -- Up-to-date: /home/nithish/ur10e_ws/install/ur_robot_driver/share/ur_robot_driver/config/ur3_update_rate.yaml
[0.399s] -- Up-to-date: /home/nithish/ur10e_ws/install/ur_robot_driver/share/ur_robot_driver/config/test_velocity_goal_publishers_config.yaml
[0.399s] -- Up-to-date: /home/nithish/ur10e_ws/install/ur_robot_driver/share/ur_robot_driver/config/ur5e_update_rate.yaml
[0.399s] -- Up-to-date: /home/nithish/ur10e_ws/install/ur_robot_driver/share/ur_robot_driver/config/test_goal_publishers_config.yaml
[0.399s] -- Up-to-date: /home/nithish/ur10e_ws/install/ur_robot_driver/share/ur_robot_driver/config/ur15_update_rate.yaml
[0.399s] -- Up-to-date: /home/nithish/ur10e_ws/install/ur_robot_driver/share/ur_robot_driver/config/ur20_update_rate.yaml
[0.399s] -- Up-to-date: /home/nithish/ur10e_ws/install/ur_robot_driver/share/ur_robot_driver/config/ur5_update_rate.yaml
[0.399s] -- Up-to-date: /home/nithish/ur10e_ws/install/ur_robot_driver/share/ur_robot_driver/config/ur3e_update_rate.yaml
[0.399s] -- Up-to-date: /home/nithish/ur10e_ws/install/ur_robot_driver/share/ur_robot_driver/config/ur10_update_rate.yaml
[0.399s] -- Up-to-date: /home/nithish/ur10e_ws/install/ur_robot_driver/share/ur_robot_driver/config/ur30_update_rate.yaml
[0.399s] -- Up-to-date: /home/nithish/ur10e_ws/install/ur_robot_driver/share/ur_robot_driver/config/ur10e_update_rate.yaml
[0.399s] -- Up-to-date: /home/nithish/ur10e_ws/install/ur_robot_driver/share/ur_robot_driver/config/ur8long_update_rate.yaml
[0.399s] -- Up-to-date: /home/nithish/ur10e_ws/install/ur_robot_driver/share/ur_robot_driver/config/ur_controllers.yaml
[0.399s] -- Up-to-date: /home/nithish/ur10e_ws/install/ur_robot_driver/share/ur_robot_driver/launch
[0.399s] -- Up-to-date: /home/nithish/ur10e_ws/install/ur_robot_driver/share/ur_robot_driver/launch/ur10e.launch.py
[0.399s] -- Up-to-date: /home/nithish/ur10e_ws/install/ur_robot_driver/share/ur_robot_driver/launch/ur16e.launch.py
[0.399s] -- Up-to-date: /home/nithish/ur10e_ws/install/ur_robot_driver/share/ur_robot_driver/launch/ur_control.launch.py
[0.399s] -- Up-to-date: /home/nithish/ur10e_ws/install/ur_robot_driver/share/ur_robot_driver/launch/test_joint_trajectory_controller.launch.py
[0.399s] -- Up-to-date: /home/nithish/ur10e_ws/install/ur_robot_driver/share/ur_robot_driver/launch/ur30.launch.py
[0.399s] -- Up-to-date: /home/nithish/ur10e_ws/install/ur_robot_driver/share/ur_robot_driver/launch/ur3.launch.py
[0.399s] -- Up-to-date: /home/nithish/ur10e_ws/install/ur_robot_driver/share/ur_robot_driver/launch/test_scaled_joint_trajectory_controller.launch.py
[0.399s] -- Up-to-date: /home/nithish/ur10e_ws/install/ur_robot_driver/share/ur_robot_driver/launch/ur7e.launch.py
[0.399s] -- Up-to-date: /home/nithish/ur10e_ws/install/ur_robot_driver/share/ur_robot_driver/launch/ur12e.launch.py
[0.400s] -- Up-to-date: /home/nithish/ur10e_ws/install/ur_robot_driver/share/ur_robot_driver/launch/test_forward_velocity_controller.launch.py
[0.400s] -- Up-to-date: /home/nithish/ur10e_ws/install/ur_robot_driver/share/ur_robot_driver/launch/ur5e.launch.py
[0.400s] -- Up-to-date: /home/nithish/ur10e_ws/install/ur_robot_driver/share/ur_robot_driver/launch/ur5.launch.py
[0.400s] -- Up-to-date: /home/nithish/ur10e_ws/install/ur_robot_driver/share/ur_robot_driver/launch/ur20.launch.py
[0.400s] -- Up-to-date: /home/nithish/ur10e_ws/install/ur_robot_driver/share/ur_robot_driver/launch/ur10.launch.py
[0.400s] -- Up-to-date: /home/nithish/ur10e_ws/install/ur_robot_driver/share/ur_robot_driver/launch/ur_dashboard_client.launch.py
[0.400s] -- Up-to-date: /home/nithish/ur10e_ws/install/ur_robot_driver/share/ur_robot_driver/launch/ur3e.launch.py
[0.400s] -- Up-to-date: /home/nithish/ur10e_ws/install/ur_robot_driver/share/ur_robot_driver/launch/ur15.launch.py
[0.400s] -- Up-to-date: /home/nithish/ur10e_ws/install/ur_robot_driver/share/ur_robot_driver/launch/ur8long.launch.py
[0.400s] -- Up-to-date: /home/nithish/ur10e_ws/install/ur_robot_driver/share/ament_index/resource_index/package_run_dependencies/ur_robot_driver
[0.400s] -- Up-to-date: /home/nithish/ur10e_ws/install/ur_robot_driver/share/ament_index/resource_index/parent_prefix_path/ur_robot_driver
[0.400s] -- Up-to-date: /home/nithish/ur10e_ws/install/ur_robot_driver/share/ur_robot_driver/environment/ament_prefix_path.sh
[0.400s] -- Up-to-date: /home/nithish/ur10e_ws/install/ur_robot_driver/share/ur_robot_driver/environment/ament_prefix_path.dsv
[0.400s] -- Up-to-date: /home/nithish/ur10e_ws/install/ur_robot_driver/share/ur_robot_driver/environment/path.sh
[0.400s] -- Up-to-date: /home/nithish/ur10e_ws/install/ur_robot_driver/share/ur_robot_driver/environment/path.dsv
[0.400s] -- Up-to-date: /home/nithish/ur10e_ws/install/ur_robot_driver/share/ur_robot_driver/local_setup.bash
[0.400s] -- Up-to-date: /home/nithish/ur10e_ws/install/ur_robot_driver/share/ur_robot_driver/local_setup.sh
[0.400s] -- Up-to-date: /home/nithish/ur10e_ws/install/ur_robot_driver/share/ur_robot_driver/local_setup.zsh
[0.400s] -- Up-to-date: /home/nithish/ur10e_ws/install/ur_robot_driver/share/ur_robot_driver/local_setup.dsv
[0.400s] -- Installing: /home/nithish/ur10e_ws/install/ur_robot_driver/share/ur_robot_driver/package.dsv
[0.400s] -- Up-to-date: /home/nithish/ur10e_ws/install/ur_robot_driver/share/ament_index/resource_index/packages/ur_robot_driver
[0.400s] -- Up-to-date: /home/nithish/ur10e_ws/install/ur_robot_driver/share/ament_index/resource_index/hardware_interface__pluginlib__plugin/ur_robot_driver
[0.400s] -- Up-to-date: /home/nithish/ur10e_ws/install/ur_robot_driver/share/ur_robot_driver/cmake/ament_cmake_export_include_directories-extras.cmake
[0.400s] -- Up-to-date: /home/nithish/ur10e_ws/install/ur_robot_driver/share/ur_robot_driver/cmake/ament_cmake_export_libraries-extras.cmake
[0.400s] -- Up-to-date: /home/nithish/ur10e_ws/install/ur_robot_driver/share/ur_robot_driver/cmake/ament_cmake_export_dependencies-extras.cmake
[0.400s] -- Up-to-date: /home/nithish/ur10e_ws/install/ur_robot_driver/share/ur_robot_driver/cmake/ur_robot_driverConfig.cmake
[0.401s] -- Up-to-date: /home/nithish/ur10e_ws/install/ur_robot_driver/share/ur_robot_driver/cmake/ur_robot_driverConfig-version.cmake
[0.401s] -- Up-to-date: /home/nithish/ur10e_ws/install/ur_robot_driver/share/ur_robot_driver/package.xml
[0.403s] Invoked command in '/home/nithish/ur10e_ws/build/ur_robot_driver' returned '0': AMENT_PREFIX_PATH=/home/nithish/ur10e_ws/install/ur_controllers:/home/nithish/ur10e_ws/install/ur_description:/home/nithish/ur10e_ws/install/ur_dashboard_msgs:${AMENT_PREFIX_PATH} CMAKE_PREFIX_PATH=/home/nithish/ur10e_ws/install/ur_controllers:/home/nithish/ur10e_ws/install/ur_description:/home/nithish/ur10e_ws/install/ur_dashboard_msgs:/home/nithish/ws_moveit2/install/pilz_industrial_motion_planner_testutils:/home/nithish/ws_moveit2/install/moveit_runtime:/home/nithish/ws_moveit2/install/moveit:/home/nithish/ws_moveit2/install/moveit_planners:/home/nithish/ws_moveit2/install/pilz_industrial_motion_planner:/home/nithish/ws_moveit2/install/moveit_ros_control_interface:/home/nithish/ws_moveit2/install/moveit_plugins:/home/nithish/ws_moveit2/install/moveit_simple_controller_manager:/home/nithish/ws_moveit2/install/moveit_setup_assistant:/home/nithish/ws_moveit2/install/moveit_setup_srdf_plugins:/home/nithish/ws_moveit2/install/moveit_setup_core_plugins:/home/nithish/ws_moveit2/install/moveit_setup_controllers:/home/nithish/ws_moveit2/install/moveit_setup_app_plugins:/home/nithish/ws_moveit2/install/moveit_setup_framework:/home/nithish/ws_moveit2/install/moveit_servo:/home/nithish/ws_moveit2/install/moveit_ros:/home/nithish/ws_moveit2/install/moveit_ros_visualization:/home/nithish/ws_moveit2/install/moveit_hybrid_planning:/home/nithish/ws_moveit2/install/moveit_ros_planning_interface:/home/nithish/ws_moveit2/install/moveit_ros_benchmarks:/home/nithish/ws_moveit2/install/moveit_ros_warehouse:/home/nithish/ws_moveit2/install/moveit_ros_robot_interaction:/home/nithish/ws_moveit2/install/moveit_ros_perception:/home/nithish/ws_moveit2/install/moveit_resources_prbt_pg70_support:/home/nithish/ws_moveit2/install/moveit_resources_prbt_moveit_config:/home/nithish/ws_moveit2/install/moveit_ros_move_group:/home/nithish/ws_moveit2/install/moveit_planners_ompl:/home/nithish/ws_moveit2/install/moveit_ros_planning:/home/nithish/ws_moveit2/install/moveit_ros_occupancy_map_monitor:/home/nithish/ws_moveit2/install/moveit_resources_prbt_support:/home/nithish/ws_moveit2/install/moveit_resources_prbt_ikfast_manipulator_plugin:/home/nithish/ws_moveit2/install/moveit_planners_chomp:/home/nithish/ws_moveit2/install/moveit_kinematics:/home/nithish/ws_moveit2/install/moveit_chomp_optimizer_adapter:/home/nithish/ws_moveit2/install/chomp_motion_planner:/home/nithish/ws_moveit2/install/moveit_core:/home/nithish/ws_moveit2/install/moveit_common:/home/nithish/rviz2_ws/install:/home/nithish/robotic_arm_ws/install/ur_simulation_gz:/home/nithish/robotic_arm_ws/install/ur:/home/nithish/robotic_arm_ws/install/ur_calibration:/home/nithish/robotic_arm_ws/install/ur_robot_driver:/home/nithish/robotic_arm_ws/install/ur_moveit_config:/home/nithish/robotic_arm_ws/install/ur_bringup:/home/nithish/robotic_arm_ws/install/ur_description:/home/nithish/robotic_arm_ws/install/ur_controllers:/home/nithish/robotic_arm_ws/install/ur_dashboard_msgs:/home/nithish/ws_moveit2/install/moveit_configs_utils:/home/nithish/robotic_arm_ws/install/path_planner:/opt/ros/humble LD_LIBRARY_PATH=/home/nithish/ur10e_ws/install/ur_controllers/lib:/home/nithish/ur10e_ws/install/ur_dashboard_msgs/lib:${LD_LIBRARY_PATH} PYTHONPATH=/home/nithish/ur10e_ws/install/ur_dashboard_msgs/local/lib/python3.10/dist-packages:${PYTHONPATH} /usr/bin/cmake --install /home/nithish/ur10e_ws/build/ur_robot_driver
