[0.013s] Invoking command in '/home/nithish/robotic_arm_ws/build/ur_simulation_gazebo': CMAKE_PREFIX_PATH=/home/nithish/robotic_arm_ws/install/ur_description:/home/nithish/robotic_arm_ws/install/ur_simulation_gazebo:/home/nithish/robotic_arm_ws/src/install/ur_simulation_gazebo:/home/nithish/robotic_arm_ws/src/install/ur_description:/opt/ros/humble /usr/bin/cmake /home/nithish/robotic_arm_ws/src/Universal_Robots_ROS2_Gazebo_Simulation/ur_simulation_gazebo -DCMAKE_INSTALL_PREFIX=/home/nithish/robotic_arm_ws/install/ur_simulation_gazebo
[0.034s] -- Found ament_cmake: 1.3.12 (/opt/ros/humble/share/ament_cmake/cmake)
[0.202s] -- Override CMake install command with custom implementation using symlinks instead of copying resources
[0.210s] -- Found launch_testing_ament_cmake: 1.0.10 (/opt/ros/humble/share/launch_testing_ament_cmake/cmake)
[0.211s] -- Found python_cmake_module: 0.10.0 (/opt/ros/humble/share/python_cmake_module/cmake)
[0.242s] -- Using PYTHON_EXECUTABLE: /usr/bin/python3
[0.242s] -- Using PYTHON_INCLUDE_DIRS: /usr/include/python3.10
[0.242s] -- Using PYTHON_LIBRARIES: /usr/lib/x86_64-linux-gnu/libpython3.10.so
[0.243s] -- Found ament_cmake_pytest: 1.3.12 (/opt/ros/humble/share/ament_cmake_pytest/cmake)
[0.325s] -- Configuring done
[0.327s] -- Generating done
[0.329s] -- Build files have been written to: /home/nithish/robotic_arm_ws/build/ur_simulation_gazebo
[0.334s] Invoked command in '/home/nithish/robotic_arm_ws/build/ur_simulation_gazebo' returned '0': CMAKE_PREFIX_PATH=/home/nithish/robotic_arm_ws/install/ur_description:/home/nithish/robotic_arm_ws/install/ur_simulation_gazebo:/home/nithish/robotic_arm_ws/src/install/ur_simulation_gazebo:/home/nithish/robotic_arm_ws/src/install/ur_description:/opt/ros/humble /usr/bin/cmake /home/nithish/robotic_arm_ws/src/Universal_Robots_ROS2_Gazebo_Simulation/ur_simulation_gazebo -DCMAKE_INSTALL_PREFIX=/home/nithish/robotic_arm_ws/install/ur_simulation_gazebo
[0.336s] Invoking command in '/home/nithish/robotic_arm_ws/build/ur_simulation_gazebo': CMAKE_PREFIX_PATH=/home/nithish/robotic_arm_ws/install/ur_description:/home/nithish/robotic_arm_ws/install/ur_simulation_gazebo:/home/nithish/robotic_arm_ws/src/install/ur_simulation_gazebo:/home/nithish/robotic_arm_ws/src/install/ur_description:/opt/ros/humble /usr/bin/cmake --build /home/nithish/robotic_arm_ws/build/ur_simulation_gazebo -- -j12 -l12
[0.394s] Invoked command in '/home/nithish/robotic_arm_ws/build/ur_simulation_gazebo' returned '0': CMAKE_PREFIX_PATH=/home/nithish/robotic_arm_ws/install/ur_description:/home/nithish/robotic_arm_ws/install/ur_simulation_gazebo:/home/nithish/robotic_arm_ws/src/install/ur_simulation_gazebo:/home/nithish/robotic_arm_ws/src/install/ur_description:/opt/ros/humble /usr/bin/cmake --build /home/nithish/robotic_arm_ws/build/ur_simulation_gazebo -- -j12 -l12
[0.397s] Invoking command in '/home/nithish/robotic_arm_ws/build/ur_simulation_gazebo': CMAKE_PREFIX_PATH=/home/nithish/robotic_arm_ws/install/ur_description:/home/nithish/robotic_arm_ws/install/ur_simulation_gazebo:/home/nithish/robotic_arm_ws/src/install/ur_simulation_gazebo:/home/nithish/robotic_arm_ws/src/install/ur_description:/opt/ros/humble /usr/bin/cmake --install /home/nithish/robotic_arm_ws/build/ur_simulation_gazebo
[0.410s] -- Install configuration: ""
[0.411s] -- Execute custom install script
[0.411s] -- Up-to-date symlink: /home/nithish/robotic_arm_ws/install/ur_simulation_gazebo/share/ur_simulation_gazebo/config/ur_controllers.yaml
[0.412s] -- Up-to-date symlink: /home/nithish/robotic_arm_ws/install/ur_simulation_gazebo/share/ur_simulation_gazebo/launch/ur_sim_control.launch.py
[0.412s] -- Up-to-date symlink: /home/nithish/robotic_arm_ws/install/ur_simulation_gazebo/share/ur_simulation_gazebo/launch/ur_sim_moveit.launch.py
[0.412s] -- Up-to-date symlink: /home/nithish/robotic_arm_ws/install/ur_simulation_gazebo/share/ament_index/resource_index/package_run_dependencies/ur_simulation_gazebo
[0.412s] -- Up-to-date symlink: /home/nithish/robotic_arm_ws/install/ur_simulation_gazebo/share/ament_index/resource_index/parent_prefix_path/ur_simulation_gazebo
[0.413s] -- Up-to-date symlink: /home/nithish/robotic_arm_ws/install/ur_simulation_gazebo/share/ur_simulation_gazebo/environment/ament_prefix_path.sh
[0.413s] -- Up-to-date symlink: /home/nithish/robotic_arm_ws/install/ur_simulation_gazebo/share/ur_simulation_gazebo/environment/ament_prefix_path.dsv
[0.413s] -- Up-to-date symlink: /home/nithish/robotic_arm_ws/install/ur_simulation_gazebo/share/ur_simulation_gazebo/environment/path.sh
[0.413s] -- Up-to-date symlink: /home/nithish/robotic_arm_ws/install/ur_simulation_gazebo/share/ur_simulation_gazebo/environment/path.dsv
[0.414s] -- Up-to-date symlink: /home/nithish/robotic_arm_ws/install/ur_simulation_gazebo/share/ur_simulation_gazebo/local_setup.bash
[0.414s] -- Up-to-date symlink: /home/nithish/robotic_arm_ws/install/ur_simulation_gazebo/share/ur_simulation_gazebo/local_setup.sh
[0.414s] -- Up-to-date symlink: /home/nithish/robotic_arm_ws/install/ur_simulation_gazebo/share/ur_simulation_gazebo/local_setup.zsh
[0.414s] -- Up-to-date symlink: /home/nithish/robotic_arm_ws/install/ur_simulation_gazebo/share/ur_simulation_gazebo/local_setup.dsv
[0.414s] -- Symlinking: /home/nithish/robotic_arm_ws/install/ur_simulation_gazebo/share/ur_simulation_gazebo/package.dsv
[0.428s] -- Up-to-date symlink: /home/nithish/robotic_arm_ws/install/ur_simulation_gazebo/share/ament_index/resource_index/packages/ur_simulation_gazebo
[0.428s] -- Up-to-date symlink: /home/nithish/robotic_arm_ws/install/ur_simulation_gazebo/share/ur_simulation_gazebo/cmake/ur_simulation_gazeboConfig.cmake
[0.428s] -- Up-to-date symlink: /home/nithish/robotic_arm_ws/install/ur_simulation_gazebo/share/ur_simulation_gazebo/cmake/ur_simulation_gazeboConfig-version.cmake
[0.428s] -- Up-to-date symlink: /home/nithish/robotic_arm_ws/install/ur_simulation_gazebo/share/ur_simulation_gazebo/package.xml
[0.432s] Invoked command in '/home/nithish/robotic_arm_ws/build/ur_simulation_gazebo' returned '0': CMAKE_PREFIX_PATH=/home/nithish/robotic_arm_ws/install/ur_description:/home/nithish/robotic_arm_ws/install/ur_simulation_gazebo:/home/nithish/robotic_arm_ws/src/install/ur_simulation_gazebo:/home/nithish/robotic_arm_ws/src/install/ur_description:/opt/ros/humble /usr/bin/cmake --install /home/nithish/robotic_arm_ws/build/ur_simulation_gazebo
