[0.140s] DEBUG:colcon:Command line arguments: ['/usr/bin/colcon', 'build']
[0.140s] DEBUG:colcon:Parsed command line arguments: Namespace(log_base=None, log_level=None, verb_name='build', build_base='build', install_base='install', merge_install=False, symlink_install=False, test_result_base=None, continue_on_error=False, executor='parallel', parallel_workers=12, event_handlers=None, ignore_user_meta=False, metas=['./colcon.meta'], base_paths=['.'], packages_ignore=None, packages_ignore_regex=None, paths=None, packages_up_to=None, packages_up_to_regex=None, packages_above=None, packages_above_and_dependencies=None, packages_above_depth=None, packages_select_by_dep=None, packages_skip_by_dep=None, packages_skip_up_to=None, packages_select_build_failed=False, packages_skip_build_finished=False, packages_select_test_failures=False, packages_skip_test_passed=False, packages_select=None, packages_skip=None, packages_select_regex=None, packages_skip_regex=None, packages_start=None, packages_end=None, allow_overriding=[], cmake_args=None, cmake_target=None, cmake_target_skip_unavailable=False, cmake_clean_cache=False, cmake_clean_first=False, cmake_force_configure=False, ament_cmake_args=None, catkin_cmake_args=None, catkin_skip_building_tests=False, mixin_files=None, mixin=None, verb_parser=<colcon_mixin.mixin.mixin_argument.MixinArgumentDecorator object at 0x78da97889480>, verb_extension=<colcon_core.verb.build.BuildVerb object at 0x78da97888fd0>, main=<bound method BuildVerb.main of <colcon_core.verb.build.BuildVerb object at 0x78da97888fd0>>, mixin_verb=('build',))
[0.350s] Level 1:colcon.colcon_core.package_discovery:discover_packages(colcon_meta) check parameters
[0.350s] Level 1:colcon.colcon_core.package_discovery:discover_packages(recursive) check parameters
[0.350s] Level 1:colcon.colcon_core.package_discovery:discover_packages(ignore) check parameters
[0.350s] Level 1:colcon.colcon_core.package_discovery:discover_packages(path) check parameters
[0.350s] Level 1:colcon.colcon_core.package_discovery:discover_packages(colcon_meta) discover
[0.350s] Level 1:colcon.colcon_core.package_discovery:discover_packages(recursive) discover
[0.350s] INFO:colcon.colcon_core.package_discovery:Crawling recursively for packages in '/home/nithish/ur10e_ws'
[0.350s] Level 1:colcon.colcon_core.package_identification:_identify(.) by extensions ['ignore', 'ignore_ament_install']
[0.351s] Level 1:colcon.colcon_core.package_identification:_identify(.) by extension 'ignore'
[0.351s] Level 1:colcon.colcon_core.package_identification:_identify(.) by extension 'ignore_ament_install'
[0.351s] Level 1:colcon.colcon_core.package_identification:_identify(.) by extensions ['colcon_pkg']
[0.351s] Level 1:colcon.colcon_core.package_identification:_identify(.) by extension 'colcon_pkg'
[0.351s] Level 1:colcon.colcon_core.package_identification:_identify(.) by extensions ['colcon_meta']
[0.351s] Level 1:colcon.colcon_core.package_identification:_identify(.) by extension 'colcon_meta'
[0.351s] Level 1:colcon.colcon_core.package_identification:_identify(.) by extensions ['ros']
[0.351s] Level 1:colcon.colcon_core.package_identification:_identify(.) by extension 'ros'
[0.378s] Level 1:colcon.colcon_core.package_identification:_identify(.) by extensions ['cmake', 'python']
[0.378s] Level 1:colcon.colcon_core.package_identification:_identify(.) by extension 'cmake'
[0.378s] Level 1:colcon.colcon_core.package_identification:_identify(.) by extension 'python'
[0.378s] Level 1:colcon.colcon_core.package_identification:_identify(.) by extensions ['python_setup_py']
[0.378s] Level 1:colcon.colcon_core.package_identification:_identify(.) by extension 'python_setup_py'
[0.379s] Level 1:colcon.colcon_core.package_identification:_identify(build) by extensions ['ignore', 'ignore_ament_install']
[0.379s] Level 1:colcon.colcon_core.package_identification:_identify(build) by extension 'ignore'
[0.379s] Level 1:colcon.colcon_core.package_identification:_identify(build) ignored
[0.379s] Level 1:colcon.colcon_core.package_identification:_identify(install) by extensions ['ignore', 'ignore_ament_install']
[0.379s] Level 1:colcon.colcon_core.package_identification:_identify(install) by extension 'ignore'
[0.379s] Level 1:colcon.colcon_core.package_identification:_identify(install) ignored
[0.379s] Level 1:colcon.colcon_core.package_identification:_identify(log) by extensions ['ignore', 'ignore_ament_install']
[0.380s] Level 1:colcon.colcon_core.package_identification:_identify(log) by extension 'ignore'
[0.380s] Level 1:colcon.colcon_core.package_identification:_identify(log) ignored
[0.380s] Level 1:colcon.colcon_core.package_identification:_identify(src) by extensions ['ignore', 'ignore_ament_install']
[0.380s] Level 1:colcon.colcon_core.package_identification:_identify(src) by extension 'ignore'
[0.380s] Level 1:colcon.colcon_core.package_identification:_identify(src) by extension 'ignore_ament_install'
[0.380s] Level 1:colcon.colcon_core.package_identification:_identify(src) by extensions ['colcon_pkg']
[0.380s] Level 1:colcon.colcon_core.package_identification:_identify(src) by extension 'colcon_pkg'
[0.380s] Level 1:colcon.colcon_core.package_identification:_identify(src) by extensions ['colcon_meta']
[0.380s] Level 1:colcon.colcon_core.package_identification:_identify(src) by extension 'colcon_meta'
[0.380s] Level 1:colcon.colcon_core.package_identification:_identify(src) by extensions ['ros']
[0.380s] Level 1:colcon.colcon_core.package_identification:_identify(src) by extension 'ros'
[0.380s] Level 1:colcon.colcon_core.package_identification:_identify(src) by extensions ['cmake', 'python']
[0.380s] Level 1:colcon.colcon_core.package_identification:_identify(src) by extension 'cmake'
[0.380s] Level 1:colcon.colcon_core.package_identification:_identify(src) by extension 'python'
[0.380s] Level 1:colcon.colcon_core.package_identification:_identify(src) by extensions ['python_setup_py']
[0.380s] Level 1:colcon.colcon_core.package_identification:_identify(src) by extension 'python_setup_py'
[0.380s] Level 1:colcon.colcon_core.package_identification:_identify(src/Universal_Robots_ROS2_Description) by extensions ['ignore', 'ignore_ament_install']
[0.381s] Level 1:colcon.colcon_core.package_identification:_identify(src/Universal_Robots_ROS2_Description) by extension 'ignore'
[0.381s] Level 1:colcon.colcon_core.package_identification:_identify(src/Universal_Robots_ROS2_Description) by extension 'ignore_ament_install'
[0.381s] Level 1:colcon.colcon_core.package_identification:_identify(src/Universal_Robots_ROS2_Description) by extensions ['colcon_pkg']
[0.381s] Level 1:colcon.colcon_core.package_identification:_identify(src/Universal_Robots_ROS2_Description) by extension 'colcon_pkg'
[0.381s] Level 1:colcon.colcon_core.package_identification:_identify(src/Universal_Robots_ROS2_Description) by extensions ['colcon_meta']
[0.381s] Level 1:colcon.colcon_core.package_identification:_identify(src/Universal_Robots_ROS2_Description) by extension 'colcon_meta'
[0.381s] Level 1:colcon.colcon_core.package_identification:_identify(src/Universal_Robots_ROS2_Description) by extensions ['ros']
[0.381s] Level 1:colcon.colcon_core.package_identification:_identify(src/Universal_Robots_ROS2_Description) by extension 'ros'
[0.385s] DEBUG:colcon.colcon_core.package_identification:Package 'src/Universal_Robots_ROS2_Description' with type 'ros.ament_cmake' and name 'ur_description'
[0.385s] Level 1:colcon.colcon_core.package_identification:_identify(src/Universal_Robots_ROS2_Gazebo_Simulation) by extensions ['ignore', 'ignore_ament_install']
[0.386s] Level 1:colcon.colcon_core.package_identification:_identify(src/Universal_Robots_ROS2_Gazebo_Simulation) by extension 'ignore'
[0.386s] Level 1:colcon.colcon_core.package_identification:_identify(src/Universal_Robots_ROS2_Gazebo_Simulation) by extension 'ignore_ament_install'
[0.386s] Level 1:colcon.colcon_core.package_identification:_identify(src/Universal_Robots_ROS2_Gazebo_Simulation) by extensions ['colcon_pkg']
[0.386s] Level 1:colcon.colcon_core.package_identification:_identify(src/Universal_Robots_ROS2_Gazebo_Simulation) by extension 'colcon_pkg'
[0.386s] Level 1:colcon.colcon_core.package_identification:_identify(src/Universal_Robots_ROS2_Gazebo_Simulation) by extensions ['colcon_meta']
[0.386s] Level 1:colcon.colcon_core.package_identification:_identify(src/Universal_Robots_ROS2_Gazebo_Simulation) by extension 'colcon_meta'
[0.386s] Level 1:colcon.colcon_core.package_identification:_identify(src/Universal_Robots_ROS2_Gazebo_Simulation) by extensions ['ros']
[0.386s] Level 1:colcon.colcon_core.package_identification:_identify(src/Universal_Robots_ROS2_Gazebo_Simulation) by extension 'ros'
[0.386s] Level 1:colcon.colcon_core.package_identification:_identify(src/Universal_Robots_ROS2_Gazebo_Simulation) by extensions ['cmake', 'python']
[0.386s] Level 1:colcon.colcon_core.package_identification:_identify(src/Universal_Robots_ROS2_Gazebo_Simulation) by extension 'cmake'
[0.386s] Level 1:colcon.colcon_core.package_identification:_identify(src/Universal_Robots_ROS2_Gazebo_Simulation) by extension 'python'
[0.386s] Level 1:colcon.colcon_core.package_identification:_identify(src/Universal_Robots_ROS2_Gazebo_Simulation) by extensions ['python_setup_py']
[0.386s] Level 1:colcon.colcon_core.package_identification:_identify(src/Universal_Robots_ROS2_Gazebo_Simulation) by extension 'python_setup_py'
[0.386s] Level 1:colcon.colcon_core.package_identification:_identify(src/Universal_Robots_ROS2_Gazebo_Simulation/ur_simulation_gazebo) by extensions ['ignore', 'ignore_ament_install']
[0.386s] Level 1:colcon.colcon_core.package_identification:_identify(src/Universal_Robots_ROS2_Gazebo_Simulation/ur_simulation_gazebo) by extension 'ignore'
[0.386s] Level 1:colcon.colcon_core.package_identification:_identify(src/Universal_Robots_ROS2_Gazebo_Simulation/ur_simulation_gazebo) by extension 'ignore_ament_install'
[0.386s] Level 1:colcon.colcon_core.package_identification:_identify(src/Universal_Robots_ROS2_Gazebo_Simulation/ur_simulation_gazebo) by extensions ['colcon_pkg']
[0.387s] Level 1:colcon.colcon_core.package_identification:_identify(src/Universal_Robots_ROS2_Gazebo_Simulation/ur_simulation_gazebo) by extension 'colcon_pkg'
[0.387s] Level 1:colcon.colcon_core.package_identification:_identify(src/Universal_Robots_ROS2_Gazebo_Simulation/ur_simulation_gazebo) by extensions ['colcon_meta']
[0.387s] Level 1:colcon.colcon_core.package_identification:_identify(src/Universal_Robots_ROS2_Gazebo_Simulation/ur_simulation_gazebo) by extension 'colcon_meta'
[0.387s] Level 1:colcon.colcon_core.package_identification:_identify(src/Universal_Robots_ROS2_Gazebo_Simulation/ur_simulation_gazebo) by extensions ['ros']
[0.387s] Level 1:colcon.colcon_core.package_identification:_identify(src/Universal_Robots_ROS2_Gazebo_Simulation/ur_simulation_gazebo) by extension 'ros'
[0.388s] DEBUG:colcon.colcon_core.package_identification:Package 'src/Universal_Robots_ROS2_Gazebo_Simulation/ur_simulation_gazebo' with type 'ros.ament_cmake' and name 'ur_simulation_gazebo'
[0.388s] Level 1:colcon.colcon_core.package_identification:_identify(src/my_moveit_config) by extensions ['ignore', 'ignore_ament_install']
[0.388s] Level 1:colcon.colcon_core.package_identification:_identify(src/my_moveit_config) by extension 'ignore'
[0.388s] Level 1:colcon.colcon_core.package_identification:_identify(src/my_moveit_config) by extension 'ignore_ament_install'
[0.388s] Level 1:colcon.colcon_core.package_identification:_identify(src/my_moveit_config) by extensions ['colcon_pkg']
[0.388s] Level 1:colcon.colcon_core.package_identification:_identify(src/my_moveit_config) by extension 'colcon_pkg'
[0.388s] Level 1:colcon.colcon_core.package_identification:_identify(src/my_moveit_config) by extensions ['colcon_meta']
[0.388s] Level 1:colcon.colcon_core.package_identification:_identify(src/my_moveit_config) by extension 'colcon_meta'
[0.388s] Level 1:colcon.colcon_core.package_identification:_identify(src/my_moveit_config) by extensions ['ros']
[0.388s] Level 1:colcon.colcon_core.package_identification:_identify(src/my_moveit_config) by extension 'ros'
[0.389s] DEBUG:colcon.colcon_core.package_identification:Package 'src/my_moveit_config' with type 'ros.ament_cmake' and name 'my_moveit_config'
[0.389s] Level 1:colcon.colcon_core.package_identification:_identify(src/ros2_nr_motion_control) by extensions ['ignore', 'ignore_ament_install']
[0.389s] Level 1:colcon.colcon_core.package_identification:_identify(src/ros2_nr_motion_control) by extension 'ignore'
[0.389s] Level 1:colcon.colcon_core.package_identification:_identify(src/ros2_nr_motion_control) by extension 'ignore_ament_install'
[0.390s] Level 1:colcon.colcon_core.package_identification:_identify(src/ros2_nr_motion_control) by extensions ['colcon_pkg']
[0.390s] Level 1:colcon.colcon_core.package_identification:_identify(src/ros2_nr_motion_control) by extension 'colcon_pkg'
[0.390s] Level 1:colcon.colcon_core.package_identification:_identify(src/ros2_nr_motion_control) by extensions ['colcon_meta']
[0.390s] Level 1:colcon.colcon_core.package_identification:_identify(src/ros2_nr_motion_control) by extension 'colcon_meta'
[0.390s] Level 1:colcon.colcon_core.package_identification:_identify(src/ros2_nr_motion_control) by extensions ['ros']
[0.390s] Level 1:colcon.colcon_core.package_identification:_identify(src/ros2_nr_motion_control) by extension 'ros'
[0.392s] DEBUG:colcon.colcon_core.package_identification:Package 'src/ros2_nr_motion_control' with type 'ros.ament_cmake' and name 'ros2_nr_motion_control'
[0.392s] Level 1:colcon.colcon_core.package_identification:_identify(src/wrench_bridge) by extensions ['ignore', 'ignore_ament_install']
[0.392s] Level 1:colcon.colcon_core.package_identification:_identify(src/wrench_bridge) by extension 'ignore'
[0.392s] Level 1:colcon.colcon_core.package_identification:_identify(src/wrench_bridge) by extension 'ignore_ament_install'
[0.392s] Level 1:colcon.colcon_core.package_identification:_identify(src/wrench_bridge) by extensions ['colcon_pkg']
[0.392s] Level 1:colcon.colcon_core.package_identification:_identify(src/wrench_bridge) by extension 'colcon_pkg'
[0.392s] Level 1:colcon.colcon_core.package_identification:_identify(src/wrench_bridge) by extensions ['colcon_meta']
[0.392s] Level 1:colcon.colcon_core.package_identification:_identify(src/wrench_bridge) by extension 'colcon_meta'
[0.392s] Level 1:colcon.colcon_core.package_identification:_identify(src/wrench_bridge) by extensions ['ros']
[0.392s] Level 1:colcon.colcon_core.package_identification:_identify(src/wrench_bridge) by extension 'ros'
[0.393s] DEBUG:colcon.colcon_core.package_identification:Package 'src/wrench_bridge' with type 'ros.ament_python' and name 'wrench_bridge'
[0.393s] Level 1:colcon.colcon_core.package_discovery:discover_packages(recursive) using defaults
[0.393s] Level 1:colcon.colcon_core.package_discovery:discover_packages(ignore) discover
[0.393s] Level 1:colcon.colcon_core.package_discovery:discover_packages(ignore) using defaults
[0.393s] Level 1:colcon.colcon_core.package_discovery:discover_packages(path) discover
[0.393s] Level 1:colcon.colcon_core.package_discovery:discover_packages(path) using defaults
[0.423s] Level 1:colcon.colcon_core.package_discovery:discover_packages(prefix_path) check parameters
[0.423s] Level 1:colcon.colcon_core.package_discovery:discover_packages(prefix_path) discover
[0.427s] DEBUG:colcon.colcon_installed_package_information.package_discovery:Found 12 installed packages in /home/nithish/ur10e_ws/install
[0.428s] DEBUG:colcon.colcon_installed_package_information.package_discovery:Found 1 installed packages in /home/nithish/ur5e_supervisory_control/install
[0.430s] DEBUG:colcon.colcon_installed_package_information.package_discovery:Found 38 installed packages in /home/nithish/ws_moveit2/install
[0.430s] DEBUG:colcon.colcon_installed_package_information.package_discovery:Found 8 installed packages in /home/nithish/rviz2_ws/install
[0.431s] DEBUG:colcon.colcon_installed_package_information.package_discovery:Found 10 installed packages in /home/nithish/robotic_arm_ws/install
[0.434s] DEBUG:colcon.colcon_installed_package_information.package_discovery:Found 499 installed packages in /opt/ros/humble
[0.440s] Level 1:colcon.colcon_core.package_discovery:discover_packages(prefix_path) using defaults
[0.509s] WARNING:colcon.colcon_core.package_selection:Some selected packages are already built in one or more underlay workspaces:
	'ur_description' is in: /home/nithish/ur10e_ws/install/ur_description, /home/nithish/robotic_arm_ws/install/ur_description, /opt/ros/humble
If a package in a merged underlay workspace is overridden and it installs headers, then all packages in the overlay must sort their include directories by workspace order. Failure to do so may result in build failures or undefined behavior at run time.
If the overridden package is used by another package in any underlay, then the overriding package in the overlay must be API and ABI compatible or undefined behavior at run time may occur.

If you understand the risks and want to override a package anyways, add the following to the command line:
	--allow-overriding ur_description

This may be promoted to an error in a future release of colcon-override-check.
[0.511s] Level 5:colcon.colcon_core.verb:set package 'ur_description' build argument 'cmake_args' from command line to 'None'
[0.511s] Level 5:colcon.colcon_core.verb:set package 'ur_description' build argument 'cmake_target' from command line to 'None'
[0.511s] Level 5:colcon.colcon_core.verb:set package 'ur_description' build argument 'cmake_target_skip_unavailable' from command line to 'False'
[0.511s] Level 5:colcon.colcon_core.verb:set package 'ur_description' build argument 'cmake_clean_cache' from command line to 'False'
[0.511s] Level 5:colcon.colcon_core.verb:set package 'ur_description' build argument 'cmake_clean_first' from command line to 'False'
[0.511s] Level 5:colcon.colcon_core.verb:set package 'ur_description' build argument 'cmake_force_configure' from command line to 'False'
[0.511s] Level 5:colcon.colcon_core.verb:set package 'ur_description' build argument 'ament_cmake_args' from command line to 'None'
[0.511s] Level 5:colcon.colcon_core.verb:set package 'ur_description' build argument 'catkin_cmake_args' from command line to 'None'
[0.511s] Level 5:colcon.colcon_core.verb:set package 'ur_description' build argument 'catkin_skip_building_tests' from command line to 'False'
[0.511s] DEBUG:colcon.colcon_core.verb:Building package 'ur_description' with the following arguments: {'ament_cmake_args': None, 'build_base': '/home/nithish/ur10e_ws/build/ur_description', 'catkin_cmake_args': None, 'catkin_skip_building_tests': False, 'cmake_args': None, 'cmake_clean_cache': False, 'cmake_clean_first': False, 'cmake_force_configure': False, 'cmake_target': None, 'cmake_target_skip_unavailable': False, 'install_base': '/home/nithish/ur10e_ws/install/ur_description', 'merge_install': False, 'path': '/home/nithish/ur10e_ws/src/Universal_Robots_ROS2_Description', 'symlink_install': False, 'test_result_base': None}
[0.512s] Level 5:colcon.colcon_core.verb:set package 'wrench_bridge' build argument 'cmake_args' from command line to 'None'
[0.512s] Level 5:colcon.colcon_core.verb:set package 'wrench_bridge' build argument 'cmake_target' from command line to 'None'
[0.512s] Level 5:colcon.colcon_core.verb:set package 'wrench_bridge' build argument 'cmake_target_skip_unavailable' from command line to 'False'
[0.512s] Level 5:colcon.colcon_core.verb:set package 'wrench_bridge' build argument 'cmake_clean_cache' from command line to 'False'
[0.512s] Level 5:colcon.colcon_core.verb:set package 'wrench_bridge' build argument 'cmake_clean_first' from command line to 'False'
[0.512s] Level 5:colcon.colcon_core.verb:set package 'wrench_bridge' build argument 'cmake_force_configure' from command line to 'False'
[0.512s] Level 5:colcon.colcon_core.verb:set package 'wrench_bridge' build argument 'ament_cmake_args' from command line to 'None'
[0.512s] Level 5:colcon.colcon_core.verb:set package 'wrench_bridge' build argument 'catkin_cmake_args' from command line to 'None'
[0.512s] Level 5:colcon.colcon_core.verb:set package 'wrench_bridge' build argument 'catkin_skip_building_tests' from command line to 'False'
[0.512s] DEBUG:colcon.colcon_core.verb:Building package 'wrench_bridge' with the following arguments: {'ament_cmake_args': None, 'build_base': '/home/nithish/ur10e_ws/build/wrench_bridge', 'catkin_cmake_args': None, 'catkin_skip_building_tests': False, 'cmake_args': None, 'cmake_clean_cache': False, 'cmake_clean_first': False, 'cmake_force_configure': False, 'cmake_target': None, 'cmake_target_skip_unavailable': False, 'install_base': '/home/nithish/ur10e_ws/install/wrench_bridge', 'merge_install': False, 'path': '/home/nithish/ur10e_ws/src/wrench_bridge', 'symlink_install': False, 'test_result_base': None}
[0.512s] Level 5:colcon.colcon_core.verb:set package 'my_moveit_config' build argument 'cmake_args' from command line to 'None'
[0.513s] Level 5:colcon.colcon_core.verb:set package 'my_moveit_config' build argument 'cmake_target' from command line to 'None'
[0.513s] Level 5:colcon.colcon_core.verb:set package 'my_moveit_config' build argument 'cmake_target_skip_unavailable' from command line to 'False'
[0.513s] Level 5:colcon.colcon_core.verb:set package 'my_moveit_config' build argument 'cmake_clean_cache' from command line to 'False'
[0.513s] Level 5:colcon.colcon_core.verb:set package 'my_moveit_config' build argument 'cmake_clean_first' from command line to 'False'
[0.513s] Level 5:colcon.colcon_core.verb:set package 'my_moveit_config' build argument 'cmake_force_configure' from command line to 'False'
[0.513s] Level 5:colcon.colcon_core.verb:set package 'my_moveit_config' build argument 'ament_cmake_args' from command line to 'None'
[0.513s] Level 5:colcon.colcon_core.verb:set package 'my_moveit_config' build argument 'catkin_cmake_args' from command line to 'None'
[0.513s] Level 5:colcon.colcon_core.verb:set package 'my_moveit_config' build argument 'catkin_skip_building_tests' from command line to 'False'
[0.513s] DEBUG:colcon.colcon_core.verb:Building package 'my_moveit_config' with the following arguments: {'ament_cmake_args': None, 'build_base': '/home/nithish/ur10e_ws/build/my_moveit_config', 'catkin_cmake_args': None, 'catkin_skip_building_tests': False, 'cmake_args': None, 'cmake_clean_cache': False, 'cmake_clean_first': False, 'cmake_force_configure': False, 'cmake_target': None, 'cmake_target_skip_unavailable': False, 'install_base': '/home/nithish/ur10e_ws/install/my_moveit_config', 'merge_install': False, 'path': '/home/nithish/ur10e_ws/src/my_moveit_config', 'symlink_install': False, 'test_result_base': None}
[0.513s] Level 5:colcon.colcon_core.verb:set package 'ur_simulation_gazebo' build argument 'cmake_args' from command line to 'None'
[0.513s] Level 5:colcon.colcon_core.verb:set package 'ur_simulation_gazebo' build argument 'cmake_target' from command line to 'None'
[0.513s] Level 5:colcon.colcon_core.verb:set package 'ur_simulation_gazebo' build argument 'cmake_target_skip_unavailable' from command line to 'False'
[0.513s] Level 5:colcon.colcon_core.verb:set package 'ur_simulation_gazebo' build argument 'cmake_clean_cache' from command line to 'False'
[0.513s] Level 5:colcon.colcon_core.verb:set package 'ur_simulation_gazebo' build argument 'cmake_clean_first' from command line to 'False'
[0.513s] Level 5:colcon.colcon_core.verb:set package 'ur_simulation_gazebo' build argument 'cmake_force_configure' from command line to 'False'
[0.513s] Level 5:colcon.colcon_core.verb:set package 'ur_simulation_gazebo' build argument 'ament_cmake_args' from command line to 'None'
[0.513s] Level 5:colcon.colcon_core.verb:set package 'ur_simulation_gazebo' build argument 'catkin_cmake_args' from command line to 'None'
[0.513s] Level 5:colcon.colcon_core.verb:set package 'ur_simulation_gazebo' build argument 'catkin_skip_building_tests' from command line to 'False'
[0.513s] DEBUG:colcon.colcon_core.verb:Building package 'ur_simulation_gazebo' with the following arguments: {'ament_cmake_args': None, 'build_base': '/home/nithish/ur10e_ws/build/ur_simulation_gazebo', 'catkin_cmake_args': None, 'catkin_skip_building_tests': False, 'cmake_args': None, 'cmake_clean_cache': False, 'cmake_clean_first': False, 'cmake_force_configure': False, 'cmake_target': None, 'cmake_target_skip_unavailable': False, 'install_base': '/home/nithish/ur10e_ws/install/ur_simulation_gazebo', 'merge_install': False, 'path': '/home/nithish/ur10e_ws/src/Universal_Robots_ROS2_Gazebo_Simulation/ur_simulation_gazebo', 'symlink_install': False, 'test_result_base': None}
[0.514s] Level 5:colcon.colcon_core.verb:set package 'ros2_nr_motion_control' build argument 'cmake_args' from command line to 'None'
[0.514s] Level 5:colcon.colcon_core.verb:set package 'ros2_nr_motion_control' build argument 'cmake_target' from command line to 'None'
[0.514s] Level 5:colcon.colcon_core.verb:set package 'ros2_nr_motion_control' build argument 'cmake_target_skip_unavailable' from command line to 'False'
[0.514s] Level 5:colcon.colcon_core.verb:set package 'ros2_nr_motion_control' build argument 'cmake_clean_cache' from command line to 'False'
[0.514s] Level 5:colcon.colcon_core.verb:set package 'ros2_nr_motion_control' build argument 'cmake_clean_first' from command line to 'False'
[0.514s] Level 5:colcon.colcon_core.verb:set package 'ros2_nr_motion_control' build argument 'cmake_force_configure' from command line to 'False'
[0.514s] Level 5:colcon.colcon_core.verb:set package 'ros2_nr_motion_control' build argument 'ament_cmake_args' from command line to 'None'
[0.514s] Level 5:colcon.colcon_core.verb:set package 'ros2_nr_motion_control' build argument 'catkin_cmake_args' from command line to 'None'
[0.514s] Level 5:colcon.colcon_core.verb:set package 'ros2_nr_motion_control' build argument 'catkin_skip_building_tests' from command line to 'False'
[0.514s] DEBUG:colcon.colcon_core.verb:Building package 'ros2_nr_motion_control' with the following arguments: {'ament_cmake_args': None, 'build_base': '/home/nithish/ur10e_ws/build/ros2_nr_motion_control', 'catkin_cmake_args': None, 'catkin_skip_building_tests': False, 'cmake_args': None, 'cmake_clean_cache': False, 'cmake_clean_first': False, 'cmake_force_configure': False, 'cmake_target': None, 'cmake_target_skip_unavailable': False, 'install_base': '/home/nithish/ur10e_ws/install/ros2_nr_motion_control', 'merge_install': False, 'path': '/home/nithish/ur10e_ws/src/ros2_nr_motion_control', 'symlink_install': False, 'test_result_base': None}
[0.514s] INFO:colcon.colcon_core.executor:Executing jobs using 'parallel' executor
[0.516s] DEBUG:colcon.colcon_parallel_executor.executor.parallel:run_until_complete
[0.517s] INFO:colcon.colcon_ros.task.ament_cmake.build:Building ROS package in '/home/nithish/ur10e_ws/src/Universal_Robots_ROS2_Description' with build type 'ament_cmake'
[0.517s] INFO:colcon.colcon_cmake.task.cmake.build:Building CMake package in '/home/nithish/ur10e_ws/src/Universal_Robots_ROS2_Description'
[0.521s] INFO:colcon.colcon_core.plugin_system:Skipping extension 'colcon_core.shell.bat': Not used on non-Windows systems
[0.521s] INFO:colcon.colcon_core.shell:Skip shell extension 'powershell' for command environment: Not usable outside of PowerShell
[0.521s] DEBUG:colcon.colcon_core.shell:Skip shell extension 'dsv' for command environment
[0.533s] INFO:colcon.colcon_ros.task.ament_python.build:Building ROS package in '/home/nithish/ur10e_ws/src/wrench_bridge' with build type 'ament_python'
[0.533s] Level 1:colcon.colcon_core.shell:create_environment_hook('wrench_bridge', 'ament_prefix_path')
[0.534s] INFO:colcon.colcon_core.shell:Creating environment hook '/home/nithish/ur10e_ws/install/wrench_bridge/share/wrench_bridge/hook/ament_prefix_path.ps1'
[0.535s] INFO:colcon.colcon_core.shell:Creating environment descriptor '/home/nithish/ur10e_ws/install/wrench_bridge/share/wrench_bridge/hook/ament_prefix_path.dsv'
[0.535s] INFO:colcon.colcon_core.shell:Creating environment hook '/home/nithish/ur10e_ws/install/wrench_bridge/share/wrench_bridge/hook/ament_prefix_path.sh'
[0.536s] INFO:colcon.colcon_core.shell:Skip shell extension 'powershell' for command environment: Not usable outside of PowerShell
[0.536s] DEBUG:colcon.colcon_core.shell:Skip shell extension 'dsv' for command environment
[0.562s] DEBUG:colcon.colcon_core.event_handler.log_command:Invoking command in '/home/nithish/ur10e_ws/build/ur_description': CMAKE_PREFIX_PATH=${CMAKE_PREFIX_PATH}:/home/nithish/ur10e_ws/install/wrench_bridge:/home/nithish/ws_moveit2/install/moveit_configs_utils:/home/nithish/robotic_arm_ws/install/path_planner:/opt/ros/humble /usr/bin/cmake --build /home/nithish/ur10e_ws/build/ur_description -- -j12 -l12
[0.978s] INFO:colcon.colcon_core.task.python.build:Building Python package in '/home/nithish/ur10e_ws/src/wrench_bridge'
[0.979s] INFO:colcon.colcon_core.shell:Skip shell extension 'powershell' for command environment: Not usable outside of PowerShell
[0.979s] DEBUG:colcon.colcon_core.shell:Skip shell extension 'dsv' for command environment
[0.993s] DEBUG:colcon.colcon_core.event_handler.log_command:Invoked command in '/home/nithish/ur10e_ws/build/ur_description' returned '0': CMAKE_PREFIX_PATH=${CMAKE_PREFIX_PATH}:/home/nithish/ur10e_ws/install/wrench_bridge:/home/nithish/ws_moveit2/install/moveit_configs_utils:/home/nithish/robotic_arm_ws/install/path_planner:/opt/ros/humble /usr/bin/cmake --build /home/nithish/ur10e_ws/build/ur_description -- -j12 -l12
[1.015s] DEBUG:colcon.colcon_core.event_handler.log_command:Invoking command in '/home/nithish/ur10e_ws/build/ur_description': CMAKE_PREFIX_PATH=${CMAKE_PREFIX_PATH}:/home/nithish/ur10e_ws/install/wrench_bridge:/home/nithish/ws_moveit2/install/moveit_configs_utils:/home/nithish/robotic_arm_ws/install/path_planner:/opt/ros/humble /usr/bin/cmake --install /home/nithish/ur10e_ws/build/ur_description
[1.044s] Level 1:colcon.colcon_core.environment:create_environment_scripts_only(ur_description)
[1.075s] DEBUG:colcon.colcon_core.event_handler.log_command:Invoked command in '/home/nithish/ur10e_ws/build/ur_description' returned '0': CMAKE_PREFIX_PATH=${CMAKE_PREFIX_PATH}:/home/nithish/ur10e_ws/install/wrench_bridge:/home/nithish/ws_moveit2/install/moveit_configs_utils:/home/nithish/robotic_arm_ws/install/path_planner:/opt/ros/humble /usr/bin/cmake --install /home/nithish/ur10e_ws/build/ur_description
[1.078s] Level 1:colcon.colcon_core.environment:checking '/home/nithish/ur10e_ws/install/ur_description' for CMake module files
[1.079s] Level 1:colcon.colcon_core.environment:checking '/home/nithish/ur10e_ws/install/ur_description' for CMake config files
[1.080s] Level 1:colcon.colcon_core.shell:create_environment_hook('ur_description', 'cmake_prefix_path')
[1.081s] INFO:colcon.colcon_core.shell:Creating environment hook '/home/nithish/ur10e_ws/install/ur_description/share/ur_description/hook/cmake_prefix_path.ps1'
[1.081s] INFO:colcon.colcon_core.shell:Creating environment descriptor '/home/nithish/ur10e_ws/install/ur_description/share/ur_description/hook/cmake_prefix_path.dsv'
[1.082s] INFO:colcon.colcon_core.shell:Creating environment hook '/home/nithish/ur10e_ws/install/ur_description/share/ur_description/hook/cmake_prefix_path.sh'
[1.083s] Level 1:colcon.colcon_core.environment:checking '/home/nithish/ur10e_ws/install/ur_description/bin'
[1.083s] Level 1:colcon.colcon_core.environment:checking '/home/nithish/ur10e_ws/install/ur_description/lib/pkgconfig/ur_description.pc'
[1.083s] Level 1:colcon.colcon_core.environment:checking '/home/nithish/ur10e_ws/install/ur_description/lib/python3.10/site-packages'
[1.084s] Level 1:colcon.colcon_core.environment:checking '/home/nithish/ur10e_ws/install/ur_description/bin'
[1.084s] INFO:colcon.colcon_core.shell:Creating package script '/home/nithish/ur10e_ws/install/ur_description/share/ur_description/package.ps1'
[1.085s] INFO:colcon.colcon_core.shell:Creating package descriptor '/home/nithish/ur10e_ws/install/ur_description/share/ur_description/package.dsv'
[1.086s] INFO:colcon.colcon_core.shell:Creating package script '/home/nithish/ur10e_ws/install/ur_description/share/ur_description/package.sh'
[1.087s] INFO:colcon.colcon_core.shell:Creating package script '/home/nithish/ur10e_ws/install/ur_description/share/ur_description/package.bash'
[1.088s] INFO:colcon.colcon_core.shell:Creating package script '/home/nithish/ur10e_ws/install/ur_description/share/ur_description/package.zsh'
[1.089s] Level 1:colcon.colcon_core.environment:create_file_with_runtime_dependencies(/home/nithish/ur10e_ws/install/ur_description/share/colcon-core/packages/ur_description)
[1.090s] Level 1:colcon.colcon_core.environment:create_environment_scripts_only(ur_description)
[1.090s] Level 1:colcon.colcon_core.environment:checking '/home/nithish/ur10e_ws/install/ur_description' for CMake module files
[1.091s] Level 1:colcon.colcon_core.environment:checking '/home/nithish/ur10e_ws/install/ur_description' for CMake config files
[1.092s] Level 1:colcon.colcon_core.shell:create_environment_hook('ur_description', 'cmake_prefix_path')
[1.093s] INFO:colcon.colcon_core.shell:Creating environment hook '/home/nithish/ur10e_ws/install/ur_description/share/ur_description/hook/cmake_prefix_path.ps1'
[1.093s] INFO:colcon.colcon_core.shell:Creating environment descriptor '/home/nithish/ur10e_ws/install/ur_description/share/ur_description/hook/cmake_prefix_path.dsv'
[1.094s] INFO:colcon.colcon_core.shell:Creating environment hook '/home/nithish/ur10e_ws/install/ur_description/share/ur_description/hook/cmake_prefix_path.sh'
[1.095s] Level 1:colcon.colcon_core.environment:checking '/home/nithish/ur10e_ws/install/ur_description/bin'
[1.095s] Level 1:colcon.colcon_core.environment:checking '/home/nithish/ur10e_ws/install/ur_description/lib/pkgconfig/ur_description.pc'
[1.095s] Level 1:colcon.colcon_core.environment:checking '/home/nithish/ur10e_ws/install/ur_description/lib/python3.10/site-packages'
[1.095s] Level 1:colcon.colcon_core.environment:checking '/home/nithish/ur10e_ws/install/ur_description/bin'
[1.096s] INFO:colcon.colcon_core.shell:Creating package script '/home/nithish/ur10e_ws/install/ur_description/share/ur_description/package.ps1'
[1.097s] INFO:colcon.colcon_core.shell:Creating package descriptor '/home/nithish/ur10e_ws/install/ur_description/share/ur_description/package.dsv'
[1.097s] INFO:colcon.colcon_core.shell:Creating package script '/home/nithish/ur10e_ws/install/ur_description/share/ur_description/package.sh'
[1.098s] INFO:colcon.colcon_core.shell:Creating package script '/home/nithish/ur10e_ws/install/ur_description/share/ur_description/package.bash'
[1.099s] INFO:colcon.colcon_core.shell:Creating package script '/home/nithish/ur10e_ws/install/ur_description/share/ur_description/package.zsh'
[1.100s] Level 1:colcon.colcon_core.environment:create_file_with_runtime_dependencies(/home/nithish/ur10e_ws/install/ur_description/share/colcon-core/packages/ur_description)
[1.100s] INFO:colcon.colcon_ros.task.ament_cmake.build:Building ROS package in '/home/nithish/ur10e_ws/src/Universal_Robots_ROS2_Gazebo_Simulation/ur_simulation_gazebo' with build type 'ament_cmake'
[1.101s] INFO:colcon.colcon_cmake.task.cmake.build:Building CMake package in '/home/nithish/ur10e_ws/src/Universal_Robots_ROS2_Gazebo_Simulation/ur_simulation_gazebo'
[1.101s] INFO:colcon.colcon_core.shell:Skip shell extension 'powershell' for command environment: Not usable outside of PowerShell
[1.101s] DEBUG:colcon.colcon_core.shell:Skip shell extension 'dsv' for command environment
[1.122s] INFO:colcon.colcon_ros.task.ament_cmake.build:Building ROS package in '/home/nithish/ur10e_ws/src/my_moveit_config' with build type 'ament_cmake'
[1.122s] INFO:colcon.colcon_cmake.task.cmake.build:Building CMake package in '/home/nithish/ur10e_ws/src/my_moveit_config'
[1.122s] INFO:colcon.colcon_core.shell:Skip shell extension 'powershell' for command environment: Not usable outside of PowerShell
[1.123s] DEBUG:colcon.colcon_core.shell:Skip shell extension 'dsv' for command environment
[1.155s] DEBUG:colcon.colcon_core.event_handler.log_command:Invoking command in '/home/nithish/ur10e_ws/build/ur_simulation_gazebo': CMAKE_PREFIX_PATH=/home/nithish/ur10e_ws/install/ur_description:/home/nithish/ur10e_ws/install/ros2_nr_motion_control:/home/nithish/ur10e_ws/install/ur_simulation_gazebo:/home/nithish/ur10e_ws/install/ur:/home/nithish/ur10e_ws/install/ur_calibration:/home/nithish/ur10e_ws/install/ur_robot_driver:/home/nithish/ur10e_ws/install/ur_moveit_config:/home/nithish/ur10e_ws/install/ur_bringup:/home/nithish/ur10e_ws/install/my_moveit_config:/home/nithish/ur10e_ws/install/ur_controllers:/home/nithish/ur10e_ws/install/ur_dashboard_msgs:/home/nithish/ws_moveit2/install/pilz_industrial_motion_planner_testutils:/home/nithish/ws_moveit2/install/moveit_runtime:/home/nithish/ws_moveit2/install/moveit:/home/nithish/ws_moveit2/install/moveit_planners:/home/nithish/ws_moveit2/install/pilz_industrial_motion_planner:/home/nithish/ws_moveit2/install/moveit_ros_control_interface:/home/nithish/ws_moveit2/install/moveit_plugins:/home/nithish/ws_moveit2/install/moveit_simple_controller_manager:/home/nithish/ws_moveit2/install/moveit_setup_assistant:/home/nithish/ws_moveit2/install/moveit_setup_srdf_plugins:/home/nithish/ws_moveit2/install/moveit_setup_core_plugins:/home/nithish/ws_moveit2/install/moveit_setup_controllers:/home/nithish/ws_moveit2/install/moveit_setup_app_plugins:/home/nithish/ws_moveit2/install/moveit_setup_framework:/home/nithish/ws_moveit2/install/moveit_servo:/home/nithish/ws_moveit2/install/moveit_ros:/home/nithish/ws_moveit2/install/moveit_ros_visualization:/home/nithish/ws_moveit2/install/moveit_hybrid_planning:/home/nithish/ws_moveit2/install/moveit_ros_planning_interface:/home/nithish/ws_moveit2/install/moveit_ros_benchmarks:/home/nithish/ws_moveit2/install/moveit_ros_warehouse:/home/nithish/ws_moveit2/install/moveit_ros_robot_interaction:/home/nithish/ws_moveit2/install/moveit_ros_perception:/home/nithish/ws_moveit2/install/moveit_resources_prbt_pg70_support:/home/nithish/ws_moveit2/install/moveit_resources_prbt_moveit_config:/home/nithish/ws_moveit2/install/moveit_ros_move_group:/home/nithish/ws_moveit2/install/moveit_planners_ompl:/home/nithish/ws_moveit2/install/moveit_ros_planning:/home/nithish/ws_moveit2/install/moveit_ros_occupancy_map_monitor:/home/nithish/ws_moveit2/install/moveit_resources_prbt_support:/home/nithish/ws_moveit2/install/moveit_resources_prbt_ikfast_manipulator_plugin:/home/nithish/ws_moveit2/install/moveit_planners_chomp:/home/nithish/ws_moveit2/install/moveit_kinematics:/home/nithish/ws_moveit2/install/moveit_chomp_optimizer_adapter:/home/nithish/ws_moveit2/install/chomp_motion_planner:/home/nithish/ws_moveit2/install/moveit_core:/home/nithish/ws_moveit2/install/moveit_common:/home/nithish/rviz2_ws/install:/home/nithish/robotic_arm_ws/install/ur_simulation_gz:/home/nithish/robotic_arm_ws/install/ur:/home/nithish/robotic_arm_ws/install/ur_calibration:/home/nithish/robotic_arm_ws/install/ur_robot_driver:/home/nithish/robotic_arm_ws/install/ur_moveit_config:/home/nithish/robotic_arm_ws/install/ur_bringup:/home/nithish/robotic_arm_ws/install/ur_description:/home/nithish/robotic_arm_ws/install/ur_controllers:/home/nithish/robotic_arm_ws/install/ur_dashboard_msgs:/home/nithish/ur10e_ws/install/wrench_bridge:/home/nithish/ws_moveit2/install/moveit_configs_utils:/home/nithish/robotic_arm_ws/install/path_planner:/opt/ros/humble /usr/bin/cmake --build /home/nithish/ur10e_ws/build/ur_simulation_gazebo -- -j12 -l12
[1.167s] DEBUG:colcon.colcon_core.event_handler.log_command:Invoking command in '/home/nithish/ur10e_ws/build/my_moveit_config': CMAKE_PREFIX_PATH=/home/nithish/ur10e_ws/install/ur_description:/home/nithish/ur10e_ws/install/ros2_nr_motion_control:/home/nithish/ur10e_ws/install/ur_simulation_gazebo:/home/nithish/ur10e_ws/install/ur:/home/nithish/ur10e_ws/install/ur_calibration:/home/nithish/ur10e_ws/install/ur_robot_driver:/home/nithish/ur10e_ws/install/ur_moveit_config:/home/nithish/ur10e_ws/install/ur_bringup:/home/nithish/ur10e_ws/install/my_moveit_config:/home/nithish/ur10e_ws/install/ur_controllers:/home/nithish/ur10e_ws/install/ur_dashboard_msgs:/home/nithish/ws_moveit2/install/pilz_industrial_motion_planner_testutils:/home/nithish/ws_moveit2/install/moveit_runtime:/home/nithish/ws_moveit2/install/moveit:/home/nithish/ws_moveit2/install/moveit_planners:/home/nithish/ws_moveit2/install/pilz_industrial_motion_planner:/home/nithish/ws_moveit2/install/moveit_ros_control_interface:/home/nithish/ws_moveit2/install/moveit_plugins:/home/nithish/ws_moveit2/install/moveit_simple_controller_manager:/home/nithish/ws_moveit2/install/moveit_setup_assistant:/home/nithish/ws_moveit2/install/moveit_setup_srdf_plugins:/home/nithish/ws_moveit2/install/moveit_setup_core_plugins:/home/nithish/ws_moveit2/install/moveit_setup_controllers:/home/nithish/ws_moveit2/install/moveit_setup_app_plugins:/home/nithish/ws_moveit2/install/moveit_setup_framework:/home/nithish/ws_moveit2/install/moveit_servo:/home/nithish/ws_moveit2/install/moveit_ros:/home/nithish/ws_moveit2/install/moveit_ros_visualization:/home/nithish/ws_moveit2/install/moveit_hybrid_planning:/home/nithish/ws_moveit2/install/moveit_ros_planning_interface:/home/nithish/ws_moveit2/install/moveit_ros_benchmarks:/home/nithish/ws_moveit2/install/moveit_ros_warehouse:/home/nithish/ws_moveit2/install/moveit_ros_robot_interaction:/home/nithish/ws_moveit2/install/moveit_ros_perception:/home/nithish/ws_moveit2/install/moveit_resources_prbt_pg70_support:/home/nithish/ws_moveit2/install/moveit_resources_prbt_moveit_config:/home/nithish/ws_moveit2/install/moveit_ros_move_group:/home/nithish/ws_moveit2/install/moveit_planners_ompl:/home/nithish/ws_moveit2/install/moveit_ros_planning:/home/nithish/ws_moveit2/install/moveit_ros_occupancy_map_monitor:/home/nithish/ws_moveit2/install/moveit_resources_prbt_support:/home/nithish/ws_moveit2/install/moveit_resources_prbt_ikfast_manipulator_plugin:/home/nithish/ws_moveit2/install/moveit_planners_chomp:/home/nithish/ws_moveit2/install/moveit_kinematics:/home/nithish/ws_moveit2/install/moveit_chomp_optimizer_adapter:/home/nithish/ws_moveit2/install/chomp_motion_planner:/home/nithish/ws_moveit2/install/moveit_core:/home/nithish/ws_moveit2/install/moveit_common:/home/nithish/rviz2_ws/install:/home/nithish/robotic_arm_ws/install/ur_simulation_gz:/home/nithish/robotic_arm_ws/install/ur:/home/nithish/robotic_arm_ws/install/ur_calibration:/home/nithish/robotic_arm_ws/install/ur_robot_driver:/home/nithish/robotic_arm_ws/install/ur_moveit_config:/home/nithish/robotic_arm_ws/install/ur_bringup:/home/nithish/robotic_arm_ws/install/ur_description:/home/nithish/robotic_arm_ws/install/ur_controllers:/home/nithish/robotic_arm_ws/install/ur_dashboard_msgs:/home/nithish/ur10e_ws/install/wrench_bridge:/home/nithish/ws_moveit2/install/moveit_configs_utils:/home/nithish/robotic_arm_ws/install/path_planner:/opt/ros/humble /usr/bin/cmake --build /home/nithish/ur10e_ws/build/my_moveit_config -- -j12 -l12
[1.269s] DEBUG:colcon.colcon_core.event_handler.log_command:Invoked command in '/home/nithish/ur10e_ws/build/ur_simulation_gazebo' returned '0': CMAKE_PREFIX_PATH=/home/nithish/ur10e_ws/install/ur_description:/home/nithish/ur10e_ws/install/ros2_nr_motion_control:/home/nithish/ur10e_ws/install/ur_simulation_gazebo:/home/nithish/ur10e_ws/install/ur:/home/nithish/ur10e_ws/install/ur_calibration:/home/nithish/ur10e_ws/install/ur_robot_driver:/home/nithish/ur10e_ws/install/ur_moveit_config:/home/nithish/ur10e_ws/install/ur_bringup:/home/nithish/ur10e_ws/install/my_moveit_config:/home/nithish/ur10e_ws/install/ur_controllers:/home/nithish/ur10e_ws/install/ur_dashboard_msgs:/home/nithish/ws_moveit2/install/pilz_industrial_motion_planner_testutils:/home/nithish/ws_moveit2/install/moveit_runtime:/home/nithish/ws_moveit2/install/moveit:/home/nithish/ws_moveit2/install/moveit_planners:/home/nithish/ws_moveit2/install/pilz_industrial_motion_planner:/home/nithish/ws_moveit2/install/moveit_ros_control_interface:/home/nithish/ws_moveit2/install/moveit_plugins:/home/nithish/ws_moveit2/install/moveit_simple_controller_manager:/home/nithish/ws_moveit2/install/moveit_setup_assistant:/home/nithish/ws_moveit2/install/moveit_setup_srdf_plugins:/home/nithish/ws_moveit2/install/moveit_setup_core_plugins:/home/nithish/ws_moveit2/install/moveit_setup_controllers:/home/nithish/ws_moveit2/install/moveit_setup_app_plugins:/home/nithish/ws_moveit2/install/moveit_setup_framework:/home/nithish/ws_moveit2/install/moveit_servo:/home/nithish/ws_moveit2/install/moveit_ros:/home/nithish/ws_moveit2/install/moveit_ros_visualization:/home/nithish/ws_moveit2/install/moveit_hybrid_planning:/home/nithish/ws_moveit2/install/moveit_ros_planning_interface:/home/nithish/ws_moveit2/install/moveit_ros_benchmarks:/home/nithish/ws_moveit2/install/moveit_ros_warehouse:/home/nithish/ws_moveit2/install/moveit_ros_robot_interaction:/home/nithish/ws_moveit2/install/moveit_ros_perception:/home/nithish/ws_moveit2/install/moveit_resources_prbt_pg70_support:/home/nithish/ws_moveit2/install/moveit_resources_prbt_moveit_config:/home/nithish/ws_moveit2/install/moveit_ros_move_group:/home/nithish/ws_moveit2/install/moveit_planners_ompl:/home/nithish/ws_moveit2/install/moveit_ros_planning:/home/nithish/ws_moveit2/install/moveit_ros_occupancy_map_monitor:/home/nithish/ws_moveit2/install/moveit_resources_prbt_support:/home/nithish/ws_moveit2/install/moveit_resources_prbt_ikfast_manipulator_plugin:/home/nithish/ws_moveit2/install/moveit_planners_chomp:/home/nithish/ws_moveit2/install/moveit_kinematics:/home/nithish/ws_moveit2/install/moveit_chomp_optimizer_adapter:/home/nithish/ws_moveit2/install/chomp_motion_planner:/home/nithish/ws_moveit2/install/moveit_core:/home/nithish/ws_moveit2/install/moveit_common:/home/nithish/rviz2_ws/install:/home/nithish/robotic_arm_ws/install/ur_simulation_gz:/home/nithish/robotic_arm_ws/install/ur:/home/nithish/robotic_arm_ws/install/ur_calibration:/home/nithish/robotic_arm_ws/install/ur_robot_driver:/home/nithish/robotic_arm_ws/install/ur_moveit_config:/home/nithish/robotic_arm_ws/install/ur_bringup:/home/nithish/robotic_arm_ws/install/ur_description:/home/nithish/robotic_arm_ws/install/ur_controllers:/home/nithish/robotic_arm_ws/install/ur_dashboard_msgs:/home/nithish/ur10e_ws/install/wrench_bridge:/home/nithish/ws_moveit2/install/moveit_configs_utils:/home/nithish/robotic_arm_ws/install/path_planner:/opt/ros/humble /usr/bin/cmake --build /home/nithish/ur10e_ws/build/ur_simulation_gazebo -- -j12 -l12
[1.273s] DEBUG:colcon.colcon_core.event_handler.log_command:Invoking command in '/home/nithish/ur10e_ws/build/ur_simulation_gazebo': CMAKE_PREFIX_PATH=/home/nithish/ur10e_ws/install/ur_description:/home/nithish/ur10e_ws/install/ros2_nr_motion_control:/home/nithish/ur10e_ws/install/ur_simulation_gazebo:/home/nithish/ur10e_ws/install/ur:/home/nithish/ur10e_ws/install/ur_calibration:/home/nithish/ur10e_ws/install/ur_robot_driver:/home/nithish/ur10e_ws/install/ur_moveit_config:/home/nithish/ur10e_ws/install/ur_bringup:/home/nithish/ur10e_ws/install/my_moveit_config:/home/nithish/ur10e_ws/install/ur_controllers:/home/nithish/ur10e_ws/install/ur_dashboard_msgs:/home/nithish/ws_moveit2/install/pilz_industrial_motion_planner_testutils:/home/nithish/ws_moveit2/install/moveit_runtime:/home/nithish/ws_moveit2/install/moveit:/home/nithish/ws_moveit2/install/moveit_planners:/home/nithish/ws_moveit2/install/pilz_industrial_motion_planner:/home/nithish/ws_moveit2/install/moveit_ros_control_interface:/home/nithish/ws_moveit2/install/moveit_plugins:/home/nithish/ws_moveit2/install/moveit_simple_controller_manager:/home/nithish/ws_moveit2/install/moveit_setup_assistant:/home/nithish/ws_moveit2/install/moveit_setup_srdf_plugins:/home/nithish/ws_moveit2/install/moveit_setup_core_plugins:/home/nithish/ws_moveit2/install/moveit_setup_controllers:/home/nithish/ws_moveit2/install/moveit_setup_app_plugins:/home/nithish/ws_moveit2/install/moveit_setup_framework:/home/nithish/ws_moveit2/install/moveit_servo:/home/nithish/ws_moveit2/install/moveit_ros:/home/nithish/ws_moveit2/install/moveit_ros_visualization:/home/nithish/ws_moveit2/install/moveit_hybrid_planning:/home/nithish/ws_moveit2/install/moveit_ros_planning_interface:/home/nithish/ws_moveit2/install/moveit_ros_benchmarks:/home/nithish/ws_moveit2/install/moveit_ros_warehouse:/home/nithish/ws_moveit2/install/moveit_ros_robot_interaction:/home/nithish/ws_moveit2/install/moveit_ros_perception:/home/nithish/ws_moveit2/install/moveit_resources_prbt_pg70_support:/home/nithish/ws_moveit2/install/moveit_resources_prbt_moveit_config:/home/nithish/ws_moveit2/install/moveit_ros_move_group:/home/nithish/ws_moveit2/install/moveit_planners_ompl:/home/nithish/ws_moveit2/install/moveit_ros_planning:/home/nithish/ws_moveit2/install/moveit_ros_occupancy_map_monitor:/home/nithish/ws_moveit2/install/moveit_resources_prbt_support:/home/nithish/ws_moveit2/install/moveit_resources_prbt_ikfast_manipulator_plugin:/home/nithish/ws_moveit2/install/moveit_planners_chomp:/home/nithish/ws_moveit2/install/moveit_kinematics:/home/nithish/ws_moveit2/install/moveit_chomp_optimizer_adapter:/home/nithish/ws_moveit2/install/chomp_motion_planner:/home/nithish/ws_moveit2/install/moveit_core:/home/nithish/ws_moveit2/install/moveit_common:/home/nithish/rviz2_ws/install:/home/nithish/robotic_arm_ws/install/ur_simulation_gz:/home/nithish/robotic_arm_ws/install/ur:/home/nithish/robotic_arm_ws/install/ur_calibration:/home/nithish/robotic_arm_ws/install/ur_robot_driver:/home/nithish/robotic_arm_ws/install/ur_moveit_config:/home/nithish/robotic_arm_ws/install/ur_bringup:/home/nithish/robotic_arm_ws/install/ur_description:/home/nithish/robotic_arm_ws/install/ur_controllers:/home/nithish/robotic_arm_ws/install/ur_dashboard_msgs:/home/nithish/ur10e_ws/install/wrench_bridge:/home/nithish/ws_moveit2/install/moveit_configs_utils:/home/nithish/robotic_arm_ws/install/path_planner:/opt/ros/humble /usr/bin/cmake --install /home/nithish/ur10e_ws/build/ur_simulation_gazebo
[1.278s] DEBUG:colcon.colcon_core.event_handler.log_command:Invoked command in '/home/nithish/ur10e_ws/build/my_moveit_config' returned '0': CMAKE_PREFIX_PATH=/home/nithish/ur10e_ws/install/ur_description:/home/nithish/ur10e_ws/install/ros2_nr_motion_control:/home/nithish/ur10e_ws/install/ur_simulation_gazebo:/home/nithish/ur10e_ws/install/ur:/home/nithish/ur10e_ws/install/ur_calibration:/home/nithish/ur10e_ws/install/ur_robot_driver:/home/nithish/ur10e_ws/install/ur_moveit_config:/home/nithish/ur10e_ws/install/ur_bringup:/home/nithish/ur10e_ws/install/my_moveit_config:/home/nithish/ur10e_ws/install/ur_controllers:/home/nithish/ur10e_ws/install/ur_dashboard_msgs:/home/nithish/ws_moveit2/install/pilz_industrial_motion_planner_testutils:/home/nithish/ws_moveit2/install/moveit_runtime:/home/nithish/ws_moveit2/install/moveit:/home/nithish/ws_moveit2/install/moveit_planners:/home/nithish/ws_moveit2/install/pilz_industrial_motion_planner:/home/nithish/ws_moveit2/install/moveit_ros_control_interface:/home/nithish/ws_moveit2/install/moveit_plugins:/home/nithish/ws_moveit2/install/moveit_simple_controller_manager:/home/nithish/ws_moveit2/install/moveit_setup_assistant:/home/nithish/ws_moveit2/install/moveit_setup_srdf_plugins:/home/nithish/ws_moveit2/install/moveit_setup_core_plugins:/home/nithish/ws_moveit2/install/moveit_setup_controllers:/home/nithish/ws_moveit2/install/moveit_setup_app_plugins:/home/nithish/ws_moveit2/install/moveit_setup_framework:/home/nithish/ws_moveit2/install/moveit_servo:/home/nithish/ws_moveit2/install/moveit_ros:/home/nithish/ws_moveit2/install/moveit_ros_visualization:/home/nithish/ws_moveit2/install/moveit_hybrid_planning:/home/nithish/ws_moveit2/install/moveit_ros_planning_interface:/home/nithish/ws_moveit2/install/moveit_ros_benchmarks:/home/nithish/ws_moveit2/install/moveit_ros_warehouse:/home/nithish/ws_moveit2/install/moveit_ros_robot_interaction:/home/nithish/ws_moveit2/install/moveit_ros_perception:/home/nithish/ws_moveit2/install/moveit_resources_prbt_pg70_support:/home/nithish/ws_moveit2/install/moveit_resources_prbt_moveit_config:/home/nithish/ws_moveit2/install/moveit_ros_move_group:/home/nithish/ws_moveit2/install/moveit_planners_ompl:/home/nithish/ws_moveit2/install/moveit_ros_planning:/home/nithish/ws_moveit2/install/moveit_ros_occupancy_map_monitor:/home/nithish/ws_moveit2/install/moveit_resources_prbt_support:/home/nithish/ws_moveit2/install/moveit_resources_prbt_ikfast_manipulator_plugin:/home/nithish/ws_moveit2/install/moveit_planners_chomp:/home/nithish/ws_moveit2/install/moveit_kinematics:/home/nithish/ws_moveit2/install/moveit_chomp_optimizer_adapter:/home/nithish/ws_moveit2/install/chomp_motion_planner:/home/nithish/ws_moveit2/install/moveit_core:/home/nithish/ws_moveit2/install/moveit_common:/home/nithish/rviz2_ws/install:/home/nithish/robotic_arm_ws/install/ur_simulation_gz:/home/nithish/robotic_arm_ws/install/ur:/home/nithish/robotic_arm_ws/install/ur_calibration:/home/nithish/robotic_arm_ws/install/ur_robot_driver:/home/nithish/robotic_arm_ws/install/ur_moveit_config:/home/nithish/robotic_arm_ws/install/ur_bringup:/home/nithish/robotic_arm_ws/install/ur_description:/home/nithish/robotic_arm_ws/install/ur_controllers:/home/nithish/robotic_arm_ws/install/ur_dashboard_msgs:/home/nithish/ur10e_ws/install/wrench_bridge:/home/nithish/ws_moveit2/install/moveit_configs_utils:/home/nithish/robotic_arm_ws/install/path_planner:/opt/ros/humble /usr/bin/cmake --build /home/nithish/ur10e_ws/build/my_moveit_config -- -j12 -l12
[1.284s] DEBUG:colcon.colcon_core.event_handler.log_command:Invoking command in '/home/nithish/ur10e_ws/build/my_moveit_config': CMAKE_PREFIX_PATH=/home/nithish/ur10e_ws/install/ur_description:/home/nithish/ur10e_ws/install/ros2_nr_motion_control:/home/nithish/ur10e_ws/install/ur_simulation_gazebo:/home/nithish/ur10e_ws/install/ur:/home/nithish/ur10e_ws/install/ur_calibration:/home/nithish/ur10e_ws/install/ur_robot_driver:/home/nithish/ur10e_ws/install/ur_moveit_config:/home/nithish/ur10e_ws/install/ur_bringup:/home/nithish/ur10e_ws/install/my_moveit_config:/home/nithish/ur10e_ws/install/ur_controllers:/home/nithish/ur10e_ws/install/ur_dashboard_msgs:/home/nithish/ws_moveit2/install/pilz_industrial_motion_planner_testutils:/home/nithish/ws_moveit2/install/moveit_runtime:/home/nithish/ws_moveit2/install/moveit:/home/nithish/ws_moveit2/install/moveit_planners:/home/nithish/ws_moveit2/install/pilz_industrial_motion_planner:/home/nithish/ws_moveit2/install/moveit_ros_control_interface:/home/nithish/ws_moveit2/install/moveit_plugins:/home/nithish/ws_moveit2/install/moveit_simple_controller_manager:/home/nithish/ws_moveit2/install/moveit_setup_assistant:/home/nithish/ws_moveit2/install/moveit_setup_srdf_plugins:/home/nithish/ws_moveit2/install/moveit_setup_core_plugins:/home/nithish/ws_moveit2/install/moveit_setup_controllers:/home/nithish/ws_moveit2/install/moveit_setup_app_plugins:/home/nithish/ws_moveit2/install/moveit_setup_framework:/home/nithish/ws_moveit2/install/moveit_servo:/home/nithish/ws_moveit2/install/moveit_ros:/home/nithish/ws_moveit2/install/moveit_ros_visualization:/home/nithish/ws_moveit2/install/moveit_hybrid_planning:/home/nithish/ws_moveit2/install/moveit_ros_planning_interface:/home/nithish/ws_moveit2/install/moveit_ros_benchmarks:/home/nithish/ws_moveit2/install/moveit_ros_warehouse:/home/nithish/ws_moveit2/install/moveit_ros_robot_interaction:/home/nithish/ws_moveit2/install/moveit_ros_perception:/home/nithish/ws_moveit2/install/moveit_resources_prbt_pg70_support:/home/nithish/ws_moveit2/install/moveit_resources_prbt_moveit_config:/home/nithish/ws_moveit2/install/moveit_ros_move_group:/home/nithish/ws_moveit2/install/moveit_planners_ompl:/home/nithish/ws_moveit2/install/moveit_ros_planning:/home/nithish/ws_moveit2/install/moveit_ros_occupancy_map_monitor:/home/nithish/ws_moveit2/install/moveit_resources_prbt_support:/home/nithish/ws_moveit2/install/moveit_resources_prbt_ikfast_manipulator_plugin:/home/nithish/ws_moveit2/install/moveit_planners_chomp:/home/nithish/ws_moveit2/install/moveit_kinematics:/home/nithish/ws_moveit2/install/moveit_chomp_optimizer_adapter:/home/nithish/ws_moveit2/install/chomp_motion_planner:/home/nithish/ws_moveit2/install/moveit_core:/home/nithish/ws_moveit2/install/moveit_common:/home/nithish/rviz2_ws/install:/home/nithish/robotic_arm_ws/install/ur_simulation_gz:/home/nithish/robotic_arm_ws/install/ur:/home/nithish/robotic_arm_ws/install/ur_calibration:/home/nithish/robotic_arm_ws/install/ur_robot_driver:/home/nithish/robotic_arm_ws/install/ur_moveit_config:/home/nithish/robotic_arm_ws/install/ur_bringup:/home/nithish/robotic_arm_ws/install/ur_description:/home/nithish/robotic_arm_ws/install/ur_controllers:/home/nithish/robotic_arm_ws/install/ur_dashboard_msgs:/home/nithish/ur10e_ws/install/wrench_bridge:/home/nithish/ws_moveit2/install/moveit_configs_utils:/home/nithish/robotic_arm_ws/install/path_planner:/opt/ros/humble /usr/bin/cmake --install /home/nithish/ur10e_ws/build/my_moveit_config
[1.301s] Level 1:colcon.colcon_core.environment:create_environment_scripts_only(ur_simulation_gazebo)
[1.302s] Level 1:colcon.colcon_core.environment:checking '/home/nithish/ur10e_ws/install/ur_simulation_gazebo' for CMake module files
[1.303s] DEBUG:colcon.colcon_core.event_handler.log_command:Invoked command in '/home/nithish/ur10e_ws/build/ur_simulation_gazebo' returned '0': CMAKE_PREFIX_PATH=/home/nithish/ur10e_ws/install/ur_description:/home/nithish/ur10e_ws/install/ros2_nr_motion_control:/home/nithish/ur10e_ws/install/ur_simulation_gazebo:/home/nithish/ur10e_ws/install/ur:/home/nithish/ur10e_ws/install/ur_calibration:/home/nithish/ur10e_ws/install/ur_robot_driver:/home/nithish/ur10e_ws/install/ur_moveit_config:/home/nithish/ur10e_ws/install/ur_bringup:/home/nithish/ur10e_ws/install/my_moveit_config:/home/nithish/ur10e_ws/install/ur_controllers:/home/nithish/ur10e_ws/install/ur_dashboard_msgs:/home/nithish/ws_moveit2/install/pilz_industrial_motion_planner_testutils:/home/nithish/ws_moveit2/install/moveit_runtime:/home/nithish/ws_moveit2/install/moveit:/home/nithish/ws_moveit2/install/moveit_planners:/home/nithish/ws_moveit2/install/pilz_industrial_motion_planner:/home/nithish/ws_moveit2/install/moveit_ros_control_interface:/home/nithish/ws_moveit2/install/moveit_plugins:/home/nithish/ws_moveit2/install/moveit_simple_controller_manager:/home/nithish/ws_moveit2/install/moveit_setup_assistant:/home/nithish/ws_moveit2/install/moveit_setup_srdf_plugins:/home/nithish/ws_moveit2/install/moveit_setup_core_plugins:/home/nithish/ws_moveit2/install/moveit_setup_controllers:/home/nithish/ws_moveit2/install/moveit_setup_app_plugins:/home/nithish/ws_moveit2/install/moveit_setup_framework:/home/nithish/ws_moveit2/install/moveit_servo:/home/nithish/ws_moveit2/install/moveit_ros:/home/nithish/ws_moveit2/install/moveit_ros_visualization:/home/nithish/ws_moveit2/install/moveit_hybrid_planning:/home/nithish/ws_moveit2/install/moveit_ros_planning_interface:/home/nithish/ws_moveit2/install/moveit_ros_benchmarks:/home/nithish/ws_moveit2/install/moveit_ros_warehouse:/home/nithish/ws_moveit2/install/moveit_ros_robot_interaction:/home/nithish/ws_moveit2/install/moveit_ros_perception:/home/nithish/ws_moveit2/install/moveit_resources_prbt_pg70_support:/home/nithish/ws_moveit2/install/moveit_resources_prbt_moveit_config:/home/nithish/ws_moveit2/install/moveit_ros_move_group:/home/nithish/ws_moveit2/install/moveit_planners_ompl:/home/nithish/ws_moveit2/install/moveit_ros_planning:/home/nithish/ws_moveit2/install/moveit_ros_occupancy_map_monitor:/home/nithish/ws_moveit2/install/moveit_resources_prbt_support:/home/nithish/ws_moveit2/install/moveit_resources_prbt_ikfast_manipulator_plugin:/home/nithish/ws_moveit2/install/moveit_planners_chomp:/home/nithish/ws_moveit2/install/moveit_kinematics:/home/nithish/ws_moveit2/install/moveit_chomp_optimizer_adapter:/home/nithish/ws_moveit2/install/chomp_motion_planner:/home/nithish/ws_moveit2/install/moveit_core:/home/nithish/ws_moveit2/install/moveit_common:/home/nithish/rviz2_ws/install:/home/nithish/robotic_arm_ws/install/ur_simulation_gz:/home/nithish/robotic_arm_ws/install/ur:/home/nithish/robotic_arm_ws/install/ur_calibration:/home/nithish/robotic_arm_ws/install/ur_robot_driver:/home/nithish/robotic_arm_ws/install/ur_moveit_config:/home/nithish/robotic_arm_ws/install/ur_bringup:/home/nithish/robotic_arm_ws/install/ur_description:/home/nithish/robotic_arm_ws/install/ur_controllers:/home/nithish/robotic_arm_ws/install/ur_dashboard_msgs:/home/nithish/ur10e_ws/install/wrench_bridge:/home/nithish/ws_moveit2/install/moveit_configs_utils:/home/nithish/robotic_arm_ws/install/path_planner:/opt/ros/humble /usr/bin/cmake --install /home/nithish/ur10e_ws/build/ur_simulation_gazebo
[1.304s] Level 1:colcon.colcon_core.environment:checking '/home/nithish/ur10e_ws/install/ur_simulation_gazebo' for CMake config files
[1.304s] Level 1:colcon.colcon_core.shell:create_environment_hook('ur_simulation_gazebo', 'cmake_prefix_path')
[1.305s] INFO:colcon.colcon_core.shell:Creating environment hook '/home/nithish/ur10e_ws/install/ur_simulation_gazebo/share/ur_simulation_gazebo/hook/cmake_prefix_path.ps1'
[1.308s] INFO:colcon.colcon_core.shell:Creating environment descriptor '/home/nithish/ur10e_ws/install/ur_simulation_gazebo/share/ur_simulation_gazebo/hook/cmake_prefix_path.dsv'
[1.313s] INFO:colcon.colcon_core.shell:Creating environment hook '/home/nithish/ur10e_ws/install/ur_simulation_gazebo/share/ur_simulation_gazebo/hook/cmake_prefix_path.sh'
[1.317s] Level 1:colcon.colcon_core.environment:checking '/home/nithish/ur10e_ws/install/ur_simulation_gazebo/bin'
[1.317s] Level 1:colcon.colcon_core.environment:checking '/home/nithish/ur10e_ws/install/ur_simulation_gazebo/lib/pkgconfig/ur_simulation_gazebo.pc'
[1.317s] Level 1:colcon.colcon_core.environment:checking '/home/nithish/ur10e_ws/install/ur_simulation_gazebo/lib/python3.10/site-packages'
[1.318s] Level 1:colcon.colcon_core.environment:checking '/home/nithish/ur10e_ws/install/ur_simulation_gazebo/bin'
[1.319s] INFO:colcon.colcon_core.shell:Creating package script '/home/nithish/ur10e_ws/install/ur_simulation_gazebo/share/ur_simulation_gazebo/package.ps1'
[1.320s] INFO:colcon.colcon_core.shell:Creating package descriptor '/home/nithish/ur10e_ws/install/ur_simulation_gazebo/share/ur_simulation_gazebo/package.dsv'
[1.321s] INFO:colcon.colcon_core.shell:Creating package script '/home/nithish/ur10e_ws/install/ur_simulation_gazebo/share/ur_simulation_gazebo/package.sh'
[1.322s] INFO:colcon.colcon_core.shell:Creating package script '/home/nithish/ur10e_ws/install/ur_simulation_gazebo/share/ur_simulation_gazebo/package.bash'
[1.323s] INFO:colcon.colcon_core.shell:Creating package script '/home/nithish/ur10e_ws/install/ur_simulation_gazebo/share/ur_simulation_gazebo/package.zsh'
[1.324s] Level 1:colcon.colcon_core.environment:create_file_with_runtime_dependencies(/home/nithish/ur10e_ws/install/ur_simulation_gazebo/share/colcon-core/packages/ur_simulation_gazebo)
[1.325s] Level 1:colcon.colcon_core.environment:create_environment_scripts_only(ur_simulation_gazebo)
[1.326s] Level 1:colcon.colcon_core.environment:checking '/home/nithish/ur10e_ws/install/ur_simulation_gazebo' for CMake module files
[1.327s] Level 1:colcon.colcon_core.environment:checking '/home/nithish/ur10e_ws/install/ur_simulation_gazebo' for CMake config files
[1.327s] Level 1:colcon.colcon_core.shell:create_environment_hook('ur_simulation_gazebo', 'cmake_prefix_path')
[1.328s] INFO:colcon.colcon_core.shell:Creating environment hook '/home/nithish/ur10e_ws/install/ur_simulation_gazebo/share/ur_simulation_gazebo/hook/cmake_prefix_path.ps1'
[1.329s] INFO:colcon.colcon_core.shell:Creating environment descriptor '/home/nithish/ur10e_ws/install/ur_simulation_gazebo/share/ur_simulation_gazebo/hook/cmake_prefix_path.dsv'
[1.330s] INFO:colcon.colcon_core.shell:Creating environment hook '/home/nithish/ur10e_ws/install/ur_simulation_gazebo/share/ur_simulation_gazebo/hook/cmake_prefix_path.sh'
[1.331s] Level 1:colcon.colcon_core.environment:checking '/home/nithish/ur10e_ws/install/ur_simulation_gazebo/bin'
[1.331s] Level 1:colcon.colcon_core.environment:checking '/home/nithish/ur10e_ws/install/ur_simulation_gazebo/lib/pkgconfig/ur_simulation_gazebo.pc'
[1.332s] Level 1:colcon.colcon_core.environment:checking '/home/nithish/ur10e_ws/install/ur_simulation_gazebo/lib/python3.10/site-packages'
[1.332s] Level 1:colcon.colcon_core.environment:checking '/home/nithish/ur10e_ws/install/ur_simulation_gazebo/bin'
[1.332s] INFO:colcon.colcon_core.shell:Creating package script '/home/nithish/ur10e_ws/install/ur_simulation_gazebo/share/ur_simulation_gazebo/package.ps1'
[1.333s] INFO:colcon.colcon_core.shell:Creating package descriptor '/home/nithish/ur10e_ws/install/ur_simulation_gazebo/share/ur_simulation_gazebo/package.dsv'
[1.334s] INFO:colcon.colcon_core.shell:Creating package script '/home/nithish/ur10e_ws/install/ur_simulation_gazebo/share/ur_simulation_gazebo/package.sh'
[1.335s] INFO:colcon.colcon_core.shell:Creating package script '/home/nithish/ur10e_ws/install/ur_simulation_gazebo/share/ur_simulation_gazebo/package.bash'
[1.335s] INFO:colcon.colcon_core.shell:Creating package script '/home/nithish/ur10e_ws/install/ur_simulation_gazebo/share/ur_simulation_gazebo/package.zsh'
[1.336s] Level 1:colcon.colcon_core.environment:create_file_with_runtime_dependencies(/home/nithish/ur10e_ws/install/ur_simulation_gazebo/share/colcon-core/packages/ur_simulation_gazebo)
[1.337s] INFO:colcon.colcon_ros.task.ament_cmake.build:Building ROS package in '/home/nithish/ur10e_ws/src/ros2_nr_motion_control' with build type 'ament_cmake'
[1.337s] INFO:colcon.colcon_cmake.task.cmake.build:Building CMake package in '/home/nithish/ur10e_ws/src/ros2_nr_motion_control'
[1.338s] INFO:colcon.colcon_core.shell:Skip shell extension 'powershell' for command environment: Not usable outside of PowerShell
[1.338s] DEBUG:colcon.colcon_core.shell:Skip shell extension 'dsv' for command environment
[1.353s] Level 1:colcon.colcon_core.environment:create_environment_scripts_only(my_moveit_config)
[1.354s] Level 1:colcon.colcon_core.environment:checking '/home/nithish/ur10e_ws/install/my_moveit_config' for CMake module files
[1.355s] DEBUG:colcon.colcon_core.event_handler.log_command:Invoked command in '/home/nithish/ur10e_ws/build/my_moveit_config' returned '0': CMAKE_PREFIX_PATH=/home/nithish/ur10e_ws/install/ur_description:/home/nithish/ur10e_ws/install/ros2_nr_motion_control:/home/nithish/ur10e_ws/install/ur_simulation_gazebo:/home/nithish/ur10e_ws/install/ur:/home/nithish/ur10e_ws/install/ur_calibration:/home/nithish/ur10e_ws/install/ur_robot_driver:/home/nithish/ur10e_ws/install/ur_moveit_config:/home/nithish/ur10e_ws/install/ur_bringup:/home/nithish/ur10e_ws/install/my_moveit_config:/home/nithish/ur10e_ws/install/ur_controllers:/home/nithish/ur10e_ws/install/ur_dashboard_msgs:/home/nithish/ws_moveit2/install/pilz_industrial_motion_planner_testutils:/home/nithish/ws_moveit2/install/moveit_runtime:/home/nithish/ws_moveit2/install/moveit:/home/nithish/ws_moveit2/install/moveit_planners:/home/nithish/ws_moveit2/install/pilz_industrial_motion_planner:/home/nithish/ws_moveit2/install/moveit_ros_control_interface:/home/nithish/ws_moveit2/install/moveit_plugins:/home/nithish/ws_moveit2/install/moveit_simple_controller_manager:/home/nithish/ws_moveit2/install/moveit_setup_assistant:/home/nithish/ws_moveit2/install/moveit_setup_srdf_plugins:/home/nithish/ws_moveit2/install/moveit_setup_core_plugins:/home/nithish/ws_moveit2/install/moveit_setup_controllers:/home/nithish/ws_moveit2/install/moveit_setup_app_plugins:/home/nithish/ws_moveit2/install/moveit_setup_framework:/home/nithish/ws_moveit2/install/moveit_servo:/home/nithish/ws_moveit2/install/moveit_ros:/home/nithish/ws_moveit2/install/moveit_ros_visualization:/home/nithish/ws_moveit2/install/moveit_hybrid_planning:/home/nithish/ws_moveit2/install/moveit_ros_planning_interface:/home/nithish/ws_moveit2/install/moveit_ros_benchmarks:/home/nithish/ws_moveit2/install/moveit_ros_warehouse:/home/nithish/ws_moveit2/install/moveit_ros_robot_interaction:/home/nithish/ws_moveit2/install/moveit_ros_perception:/home/nithish/ws_moveit2/install/moveit_resources_prbt_pg70_support:/home/nithish/ws_moveit2/install/moveit_resources_prbt_moveit_config:/home/nithish/ws_moveit2/install/moveit_ros_move_group:/home/nithish/ws_moveit2/install/moveit_planners_ompl:/home/nithish/ws_moveit2/install/moveit_ros_planning:/home/nithish/ws_moveit2/install/moveit_ros_occupancy_map_monitor:/home/nithish/ws_moveit2/install/moveit_resources_prbt_support:/home/nithish/ws_moveit2/install/moveit_resources_prbt_ikfast_manipulator_plugin:/home/nithish/ws_moveit2/install/moveit_planners_chomp:/home/nithish/ws_moveit2/install/moveit_kinematics:/home/nithish/ws_moveit2/install/moveit_chomp_optimizer_adapter:/home/nithish/ws_moveit2/install/chomp_motion_planner:/home/nithish/ws_moveit2/install/moveit_core:/home/nithish/ws_moveit2/install/moveit_common:/home/nithish/rviz2_ws/install:/home/nithish/robotic_arm_ws/install/ur_simulation_gz:/home/nithish/robotic_arm_ws/install/ur:/home/nithish/robotic_arm_ws/install/ur_calibration:/home/nithish/robotic_arm_ws/install/ur_robot_driver:/home/nithish/robotic_arm_ws/install/ur_moveit_config:/home/nithish/robotic_arm_ws/install/ur_bringup:/home/nithish/robotic_arm_ws/install/ur_description:/home/nithish/robotic_arm_ws/install/ur_controllers:/home/nithish/robotic_arm_ws/install/ur_dashboard_msgs:/home/nithish/ur10e_ws/install/wrench_bridge:/home/nithish/ws_moveit2/install/moveit_configs_utils:/home/nithish/robotic_arm_ws/install/path_planner:/opt/ros/humble /usr/bin/cmake --install /home/nithish/ur10e_ws/build/my_moveit_config
[1.356s] Level 1:colcon.colcon_core.environment:checking '/home/nithish/ur10e_ws/install/my_moveit_config' for CMake config files
[1.357s] Level 1:colcon.colcon_core.shell:create_environment_hook('my_moveit_config', 'cmake_prefix_path')
[1.358s] INFO:colcon.colcon_core.shell:Creating environment hook '/home/nithish/ur10e_ws/install/my_moveit_config/share/my_moveit_config/hook/cmake_prefix_path.ps1'
[1.359s] INFO:colcon.colcon_core.shell:Creating environment descriptor '/home/nithish/ur10e_ws/install/my_moveit_config/share/my_moveit_config/hook/cmake_prefix_path.dsv'
[1.360s] INFO:colcon.colcon_core.shell:Creating environment hook '/home/nithish/ur10e_ws/install/my_moveit_config/share/my_moveit_config/hook/cmake_prefix_path.sh'
[1.361s] Level 1:colcon.colcon_core.environment:checking '/home/nithish/ur10e_ws/install/my_moveit_config/bin'
[1.362s] Level 1:colcon.colcon_core.environment:checking '/home/nithish/ur10e_ws/install/my_moveit_config/lib/pkgconfig/my_moveit_config.pc'
[1.362s] Level 1:colcon.colcon_core.environment:checking '/home/nithish/ur10e_ws/install/my_moveit_config/lib/python3.10/site-packages'
[1.363s] Level 1:colcon.colcon_core.environment:checking '/home/nithish/ur10e_ws/install/my_moveit_config/bin'
[1.364s] INFO:colcon.colcon_core.shell:Creating package script '/home/nithish/ur10e_ws/install/my_moveit_config/share/my_moveit_config/package.ps1'
[1.365s] INFO:colcon.colcon_core.shell:Creating package descriptor '/home/nithish/ur10e_ws/install/my_moveit_config/share/my_moveit_config/package.dsv'
[1.366s] INFO:colcon.colcon_core.shell:Creating package script '/home/nithish/ur10e_ws/install/my_moveit_config/share/my_moveit_config/package.sh'
[1.367s] INFO:colcon.colcon_core.shell:Creating package script '/home/nithish/ur10e_ws/install/my_moveit_config/share/my_moveit_config/package.bash'
[1.368s] INFO:colcon.colcon_core.shell:Creating package script '/home/nithish/ur10e_ws/install/my_moveit_config/share/my_moveit_config/package.zsh'
[1.369s] Level 1:colcon.colcon_core.environment:create_file_with_runtime_dependencies(/home/nithish/ur10e_ws/install/my_moveit_config/share/colcon-core/packages/my_moveit_config)
[1.371s] Level 1:colcon.colcon_core.environment:create_environment_scripts_only(my_moveit_config)
[1.371s] Level 1:colcon.colcon_core.environment:checking '/home/nithish/ur10e_ws/install/my_moveit_config' for CMake module files
[1.373s] Level 1:colcon.colcon_core.environment:checking '/home/nithish/ur10e_ws/install/my_moveit_config' for CMake config files
[1.373s] Level 1:colcon.colcon_core.shell:create_environment_hook('my_moveit_config', 'cmake_prefix_path')
[1.373s] INFO:colcon.colcon_core.shell:Creating environment hook '/home/nithish/ur10e_ws/install/my_moveit_config/share/my_moveit_config/hook/cmake_prefix_path.ps1'
[1.374s] INFO:colcon.colcon_core.shell:Creating environment descriptor '/home/nithish/ur10e_ws/install/my_moveit_config/share/my_moveit_config/hook/cmake_prefix_path.dsv'
[1.375s] INFO:colcon.colcon_core.shell:Creating environment hook '/home/nithish/ur10e_ws/install/my_moveit_config/share/my_moveit_config/hook/cmake_prefix_path.sh'
[1.376s] Level 1:colcon.colcon_core.environment:checking '/home/nithish/ur10e_ws/install/my_moveit_config/bin'
[1.377s] Level 1:colcon.colcon_core.environment:checking '/home/nithish/ur10e_ws/install/my_moveit_config/lib/pkgconfig/my_moveit_config.pc'
[1.377s] Level 1:colcon.colcon_core.environment:checking '/home/nithish/ur10e_ws/install/my_moveit_config/lib/python3.10/site-packages'
[1.377s] Level 1:colcon.colcon_core.environment:checking '/home/nithish/ur10e_ws/install/my_moveit_config/bin'
[1.378s] INFO:colcon.colcon_core.shell:Creating package script '/home/nithish/ur10e_ws/install/my_moveit_config/share/my_moveit_config/package.ps1'
[1.379s] INFO:colcon.colcon_core.shell:Creating package descriptor '/home/nithish/ur10e_ws/install/my_moveit_config/share/my_moveit_config/package.dsv'
[1.381s] INFO:colcon.colcon_core.shell:Creating package script '/home/nithish/ur10e_ws/install/my_moveit_config/share/my_moveit_config/package.sh'
[1.382s] INFO:colcon.colcon_core.shell:Creating package script '/home/nithish/ur10e_ws/install/my_moveit_config/share/my_moveit_config/package.bash'
[1.383s] INFO:colcon.colcon_core.shell:Creating package script '/home/nithish/ur10e_ws/install/my_moveit_config/share/my_moveit_config/package.zsh'
[1.384s] Level 1:colcon.colcon_core.environment:create_file_with_runtime_dependencies(/home/nithish/ur10e_ws/install/my_moveit_config/share/colcon-core/packages/my_moveit_config)
[1.392s] DEBUG:colcon.colcon_core.event_handler.log_command:Invoking command in '/home/nithish/ur10e_ws/build/ros2_nr_motion_control': CMAKE_PREFIX_PATH=/home/nithish/ur10e_ws/install/ur_simulation_gazebo:/home/nithish/ur10e_ws/install/ur_description:/home/nithish/ur10e_ws/install/ros2_nr_motion_control:/home/nithish/ur10e_ws/install/ur:/home/nithish/ur10e_ws/install/ur_calibration:/home/nithish/ur10e_ws/install/ur_robot_driver:/home/nithish/ur10e_ws/install/ur_moveit_config:/home/nithish/ur10e_ws/install/ur_bringup:/home/nithish/ur10e_ws/install/my_moveit_config:/home/nithish/ur10e_ws/install/ur_controllers:/home/nithish/ur10e_ws/install/ur_dashboard_msgs:/home/nithish/ws_moveit2/install/pilz_industrial_motion_planner_testutils:/home/nithish/ws_moveit2/install/moveit_runtime:/home/nithish/ws_moveit2/install/moveit:/home/nithish/ws_moveit2/install/moveit_planners:/home/nithish/ws_moveit2/install/pilz_industrial_motion_planner:/home/nithish/ws_moveit2/install/moveit_ros_control_interface:/home/nithish/ws_moveit2/install/moveit_plugins:/home/nithish/ws_moveit2/install/moveit_simple_controller_manager:/home/nithish/ws_moveit2/install/moveit_setup_assistant:/home/nithish/ws_moveit2/install/moveit_setup_srdf_plugins:/home/nithish/ws_moveit2/install/moveit_setup_core_plugins:/home/nithish/ws_moveit2/install/moveit_setup_controllers:/home/nithish/ws_moveit2/install/moveit_setup_app_plugins:/home/nithish/ws_moveit2/install/moveit_setup_framework:/home/nithish/ws_moveit2/install/moveit_servo:/home/nithish/ws_moveit2/install/moveit_ros:/home/nithish/ws_moveit2/install/moveit_ros_visualization:/home/nithish/ws_moveit2/install/moveit_hybrid_planning:/home/nithish/ws_moveit2/install/moveit_ros_planning_interface:/home/nithish/ws_moveit2/install/moveit_ros_benchmarks:/home/nithish/ws_moveit2/install/moveit_ros_warehouse:/home/nithish/ws_moveit2/install/moveit_ros_robot_interaction:/home/nithish/ws_moveit2/install/moveit_ros_perception:/home/nithish/ws_moveit2/install/moveit_resources_prbt_pg70_support:/home/nithish/ws_moveit2/install/moveit_resources_prbt_moveit_config:/home/nithish/ws_moveit2/install/moveit_ros_move_group:/home/nithish/ws_moveit2/install/moveit_planners_ompl:/home/nithish/ws_moveit2/install/moveit_ros_planning:/home/nithish/ws_moveit2/install/moveit_ros_occupancy_map_monitor:/home/nithish/ws_moveit2/install/moveit_resources_prbt_support:/home/nithish/ws_moveit2/install/moveit_resources_prbt_ikfast_manipulator_plugin:/home/nithish/ws_moveit2/install/moveit_planners_chomp:/home/nithish/ws_moveit2/install/moveit_kinematics:/home/nithish/ws_moveit2/install/moveit_chomp_optimizer_adapter:/home/nithish/ws_moveit2/install/chomp_motion_planner:/home/nithish/ws_moveit2/install/moveit_core:/home/nithish/ws_moveit2/install/moveit_common:/home/nithish/rviz2_ws/install:/home/nithish/robotic_arm_ws/install/ur_simulation_gz:/home/nithish/robotic_arm_ws/install/ur:/home/nithish/robotic_arm_ws/install/ur_calibration:/home/nithish/robotic_arm_ws/install/ur_robot_driver:/home/nithish/robotic_arm_ws/install/ur_moveit_config:/home/nithish/robotic_arm_ws/install/ur_bringup:/home/nithish/robotic_arm_ws/install/ur_description:/home/nithish/robotic_arm_ws/install/ur_controllers:/home/nithish/robotic_arm_ws/install/ur_dashboard_msgs:/home/nithish/ur10e_ws/install/wrench_bridge:/home/nithish/ws_moveit2/install/moveit_configs_utils:/home/nithish/robotic_arm_ws/install/path_planner:/opt/ros/humble /usr/bin/cmake --build /home/nithish/ur10e_ws/build/ros2_nr_motion_control -- -j12 -l12
[1.868s] DEBUG:colcon.colcon_core.event_handler.log_command:Invoking command in '/home/nithish/ur10e_ws/src/wrench_bridge': PYTHONPATH=/home/nithish/ur10e_ws/build/wrench_bridge/prefix_override:/usr/lib/python3/dist-packages/colcon_core/task/python/colcon_distutils_commands:/home/nithish/ur10e_ws/install/wrench_bridge/lib/python3.10/site-packages:${PYTHONPATH} /usr/bin/python3 -W ignore:setup.py install is deprecated -W ignore:easy_install command is deprecated setup.py egg_info --egg-base ../../build/wrench_bridge build --build-base /home/nithish/ur10e_ws/build/wrench_bridge/build install --record /home/nithish/ur10e_ws/build/wrench_bridge/install.log --single-version-externally-managed install_data
[2.434s] Level 1:colcon.colcon_core.environment:checking '/home/nithish/ur10e_ws/install/wrench_bridge' for CMake module files
[2.435s] DEBUG:colcon.colcon_core.event_handler.log_command:Invoked command in '/home/nithish/ur10e_ws/src/wrench_bridge' returned '0': PYTHONPATH=/home/nithish/ur10e_ws/build/wrench_bridge/prefix_override:/usr/lib/python3/dist-packages/colcon_core/task/python/colcon_distutils_commands:/home/nithish/ur10e_ws/install/wrench_bridge/lib/python3.10/site-packages:${PYTHONPATH} /usr/bin/python3 -W ignore:setup.py install is deprecated -W ignore:easy_install command is deprecated setup.py egg_info --egg-base ../../build/wrench_bridge build --build-base /home/nithish/ur10e_ws/build/wrench_bridge/build install --record /home/nithish/ur10e_ws/build/wrench_bridge/install.log --single-version-externally-managed install_data
[2.436s] Level 1:colcon.colcon_core.environment:checking '/home/nithish/ur10e_ws/install/wrench_bridge' for CMake config files
[2.437s] Level 1:colcon.colcon_core.environment:checking '/home/nithish/ur10e_ws/install/wrench_bridge/lib'
[2.438s] Level 1:colcon.colcon_core.environment:checking '/home/nithish/ur10e_ws/install/wrench_bridge/bin'
[2.438s] Level 1:colcon.colcon_core.environment:checking '/home/nithish/ur10e_ws/install/wrench_bridge/lib/pkgconfig/wrench_bridge.pc'
[2.439s] Level 1:colcon.colcon_core.environment:checking '/home/nithish/ur10e_ws/install/wrench_bridge/lib/python3.10/site-packages'
[2.439s] Level 1:colcon.colcon_core.shell:create_environment_hook('wrench_bridge', 'pythonpath')
[2.439s] INFO:colcon.colcon_core.shell:Creating environment hook '/home/nithish/ur10e_ws/install/wrench_bridge/share/wrench_bridge/hook/pythonpath.ps1'
[2.440s] INFO:colcon.colcon_core.shell:Creating environment descriptor '/home/nithish/ur10e_ws/install/wrench_bridge/share/wrench_bridge/hook/pythonpath.dsv'
[2.441s] INFO:colcon.colcon_core.shell:Creating environment hook '/home/nithish/ur10e_ws/install/wrench_bridge/share/wrench_bridge/hook/pythonpath.sh'
[2.442s] Level 1:colcon.colcon_core.environment:checking '/home/nithish/ur10e_ws/install/wrench_bridge/bin'
[2.443s] Level 1:colcon.colcon_core.environment:create_environment_scripts_only(wrench_bridge)
[2.443s] INFO:colcon.colcon_core.shell:Creating package script '/home/nithish/ur10e_ws/install/wrench_bridge/share/wrench_bridge/package.ps1'
[2.444s] INFO:colcon.colcon_core.shell:Creating package descriptor '/home/nithish/ur10e_ws/install/wrench_bridge/share/wrench_bridge/package.dsv'
[2.446s] INFO:colcon.colcon_core.shell:Creating package script '/home/nithish/ur10e_ws/install/wrench_bridge/share/wrench_bridge/package.sh'
[2.447s] INFO:colcon.colcon_core.shell:Creating package script '/home/nithish/ur10e_ws/install/wrench_bridge/share/wrench_bridge/package.bash'
[2.447s] INFO:colcon.colcon_core.shell:Creating package script '/home/nithish/ur10e_ws/install/wrench_bridge/share/wrench_bridge/package.zsh'
[2.448s] Level 1:colcon.colcon_core.environment:create_file_with_runtime_dependencies(/home/nithish/ur10e_ws/install/wrench_bridge/share/colcon-core/packages/wrench_bridge)
[17.099s] DEBUG:colcon.colcon_core.event_handler.log_command:Invoked command in '/home/nithish/ur10e_ws/build/ros2_nr_motion_control' returned '0': CMAKE_PREFIX_PATH=/home/nithish/ur10e_ws/install/ur_simulation_gazebo:/home/nithish/ur10e_ws/install/ur_description:/home/nithish/ur10e_ws/install/ros2_nr_motion_control:/home/nithish/ur10e_ws/install/ur:/home/nithish/ur10e_ws/install/ur_calibration:/home/nithish/ur10e_ws/install/ur_robot_driver:/home/nithish/ur10e_ws/install/ur_moveit_config:/home/nithish/ur10e_ws/install/ur_bringup:/home/nithish/ur10e_ws/install/my_moveit_config:/home/nithish/ur10e_ws/install/ur_controllers:/home/nithish/ur10e_ws/install/ur_dashboard_msgs:/home/nithish/ws_moveit2/install/pilz_industrial_motion_planner_testutils:/home/nithish/ws_moveit2/install/moveit_runtime:/home/nithish/ws_moveit2/install/moveit:/home/nithish/ws_moveit2/install/moveit_planners:/home/nithish/ws_moveit2/install/pilz_industrial_motion_planner:/home/nithish/ws_moveit2/install/moveit_ros_control_interface:/home/nithish/ws_moveit2/install/moveit_plugins:/home/nithish/ws_moveit2/install/moveit_simple_controller_manager:/home/nithish/ws_moveit2/install/moveit_setup_assistant:/home/nithish/ws_moveit2/install/moveit_setup_srdf_plugins:/home/nithish/ws_moveit2/install/moveit_setup_core_plugins:/home/nithish/ws_moveit2/install/moveit_setup_controllers:/home/nithish/ws_moveit2/install/moveit_setup_app_plugins:/home/nithish/ws_moveit2/install/moveit_setup_framework:/home/nithish/ws_moveit2/install/moveit_servo:/home/nithish/ws_moveit2/install/moveit_ros:/home/nithish/ws_moveit2/install/moveit_ros_visualization:/home/nithish/ws_moveit2/install/moveit_hybrid_planning:/home/nithish/ws_moveit2/install/moveit_ros_planning_interface:/home/nithish/ws_moveit2/install/moveit_ros_benchmarks:/home/nithish/ws_moveit2/install/moveit_ros_warehouse:/home/nithish/ws_moveit2/install/moveit_ros_robot_interaction:/home/nithish/ws_moveit2/install/moveit_ros_perception:/home/nithish/ws_moveit2/install/moveit_resources_prbt_pg70_support:/home/nithish/ws_moveit2/install/moveit_resources_prbt_moveit_config:/home/nithish/ws_moveit2/install/moveit_ros_move_group:/home/nithish/ws_moveit2/install/moveit_planners_ompl:/home/nithish/ws_moveit2/install/moveit_ros_planning:/home/nithish/ws_moveit2/install/moveit_ros_occupancy_map_monitor:/home/nithish/ws_moveit2/install/moveit_resources_prbt_support:/home/nithish/ws_moveit2/install/moveit_resources_prbt_ikfast_manipulator_plugin:/home/nithish/ws_moveit2/install/moveit_planners_chomp:/home/nithish/ws_moveit2/install/moveit_kinematics:/home/nithish/ws_moveit2/install/moveit_chomp_optimizer_adapter:/home/nithish/ws_moveit2/install/chomp_motion_planner:/home/nithish/ws_moveit2/install/moveit_core:/home/nithish/ws_moveit2/install/moveit_common:/home/nithish/rviz2_ws/install:/home/nithish/robotic_arm_ws/install/ur_simulation_gz:/home/nithish/robotic_arm_ws/install/ur:/home/nithish/robotic_arm_ws/install/ur_calibration:/home/nithish/robotic_arm_ws/install/ur_robot_driver:/home/nithish/robotic_arm_ws/install/ur_moveit_config:/home/nithish/robotic_arm_ws/install/ur_bringup:/home/nithish/robotic_arm_ws/install/ur_description:/home/nithish/robotic_arm_ws/install/ur_controllers:/home/nithish/robotic_arm_ws/install/ur_dashboard_msgs:/home/nithish/ur10e_ws/install/wrench_bridge:/home/nithish/ws_moveit2/install/moveit_configs_utils:/home/nithish/robotic_arm_ws/install/path_planner:/opt/ros/humble /usr/bin/cmake --build /home/nithish/ur10e_ws/build/ros2_nr_motion_control -- -j12 -l12
[17.102s] DEBUG:colcon.colcon_core.event_handler.log_command:Invoking command in '/home/nithish/ur10e_ws/build/ros2_nr_motion_control': CMAKE_PREFIX_PATH=/home/nithish/ur10e_ws/install/ur_simulation_gazebo:/home/nithish/ur10e_ws/install/ur_description:/home/nithish/ur10e_ws/install/ros2_nr_motion_control:/home/nithish/ur10e_ws/install/ur:/home/nithish/ur10e_ws/install/ur_calibration:/home/nithish/ur10e_ws/install/ur_robot_driver:/home/nithish/ur10e_ws/install/ur_moveit_config:/home/nithish/ur10e_ws/install/ur_bringup:/home/nithish/ur10e_ws/install/my_moveit_config:/home/nithish/ur10e_ws/install/ur_controllers:/home/nithish/ur10e_ws/install/ur_dashboard_msgs:/home/nithish/ws_moveit2/install/pilz_industrial_motion_planner_testutils:/home/nithish/ws_moveit2/install/moveit_runtime:/home/nithish/ws_moveit2/install/moveit:/home/nithish/ws_moveit2/install/moveit_planners:/home/nithish/ws_moveit2/install/pilz_industrial_motion_planner:/home/nithish/ws_moveit2/install/moveit_ros_control_interface:/home/nithish/ws_moveit2/install/moveit_plugins:/home/nithish/ws_moveit2/install/moveit_simple_controller_manager:/home/nithish/ws_moveit2/install/moveit_setup_assistant:/home/nithish/ws_moveit2/install/moveit_setup_srdf_plugins:/home/nithish/ws_moveit2/install/moveit_setup_core_plugins:/home/nithish/ws_moveit2/install/moveit_setup_controllers:/home/nithish/ws_moveit2/install/moveit_setup_app_plugins:/home/nithish/ws_moveit2/install/moveit_setup_framework:/home/nithish/ws_moveit2/install/moveit_servo:/home/nithish/ws_moveit2/install/moveit_ros:/home/nithish/ws_moveit2/install/moveit_ros_visualization:/home/nithish/ws_moveit2/install/moveit_hybrid_planning:/home/nithish/ws_moveit2/install/moveit_ros_planning_interface:/home/nithish/ws_moveit2/install/moveit_ros_benchmarks:/home/nithish/ws_moveit2/install/moveit_ros_warehouse:/home/nithish/ws_moveit2/install/moveit_ros_robot_interaction:/home/nithish/ws_moveit2/install/moveit_ros_perception:/home/nithish/ws_moveit2/install/moveit_resources_prbt_pg70_support:/home/nithish/ws_moveit2/install/moveit_resources_prbt_moveit_config:/home/nithish/ws_moveit2/install/moveit_ros_move_group:/home/nithish/ws_moveit2/install/moveit_planners_ompl:/home/nithish/ws_moveit2/install/moveit_ros_planning:/home/nithish/ws_moveit2/install/moveit_ros_occupancy_map_monitor:/home/nithish/ws_moveit2/install/moveit_resources_prbt_support:/home/nithish/ws_moveit2/install/moveit_resources_prbt_ikfast_manipulator_plugin:/home/nithish/ws_moveit2/install/moveit_planners_chomp:/home/nithish/ws_moveit2/install/moveit_kinematics:/home/nithish/ws_moveit2/install/moveit_chomp_optimizer_adapter:/home/nithish/ws_moveit2/install/chomp_motion_planner:/home/nithish/ws_moveit2/install/moveit_core:/home/nithish/ws_moveit2/install/moveit_common:/home/nithish/rviz2_ws/install:/home/nithish/robotic_arm_ws/install/ur_simulation_gz:/home/nithish/robotic_arm_ws/install/ur:/home/nithish/robotic_arm_ws/install/ur_calibration:/home/nithish/robotic_arm_ws/install/ur_robot_driver:/home/nithish/robotic_arm_ws/install/ur_moveit_config:/home/nithish/robotic_arm_ws/install/ur_bringup:/home/nithish/robotic_arm_ws/install/ur_description:/home/nithish/robotic_arm_ws/install/ur_controllers:/home/nithish/robotic_arm_ws/install/ur_dashboard_msgs:/home/nithish/ur10e_ws/install/wrench_bridge:/home/nithish/ws_moveit2/install/moveit_configs_utils:/home/nithish/robotic_arm_ws/install/path_planner:/opt/ros/humble /usr/bin/cmake --install /home/nithish/ur10e_ws/build/ros2_nr_motion_control
[17.133s] Level 1:colcon.colcon_core.environment:create_environment_scripts_only(ros2_nr_motion_control)
[17.133s] Level 1:colcon.colcon_core.environment:checking '/home/nithish/ur10e_ws/install/ros2_nr_motion_control' for CMake module files
[17.135s] DEBUG:colcon.colcon_core.event_handler.log_command:Invoked command in '/home/nithish/ur10e_ws/build/ros2_nr_motion_control' returned '0': CMAKE_PREFIX_PATH=/home/nithish/ur10e_ws/install/ur_simulation_gazebo:/home/nithish/ur10e_ws/install/ur_description:/home/nithish/ur10e_ws/install/ros2_nr_motion_control:/home/nithish/ur10e_ws/install/ur:/home/nithish/ur10e_ws/install/ur_calibration:/home/nithish/ur10e_ws/install/ur_robot_driver:/home/nithish/ur10e_ws/install/ur_moveit_config:/home/nithish/ur10e_ws/install/ur_bringup:/home/nithish/ur10e_ws/install/my_moveit_config:/home/nithish/ur10e_ws/install/ur_controllers:/home/nithish/ur10e_ws/install/ur_dashboard_msgs:/home/nithish/ws_moveit2/install/pilz_industrial_motion_planner_testutils:/home/nithish/ws_moveit2/install/moveit_runtime:/home/nithish/ws_moveit2/install/moveit:/home/nithish/ws_moveit2/install/moveit_planners:/home/nithish/ws_moveit2/install/pilz_industrial_motion_planner:/home/nithish/ws_moveit2/install/moveit_ros_control_interface:/home/nithish/ws_moveit2/install/moveit_plugins:/home/nithish/ws_moveit2/install/moveit_simple_controller_manager:/home/nithish/ws_moveit2/install/moveit_setup_assistant:/home/nithish/ws_moveit2/install/moveit_setup_srdf_plugins:/home/nithish/ws_moveit2/install/moveit_setup_core_plugins:/home/nithish/ws_moveit2/install/moveit_setup_controllers:/home/nithish/ws_moveit2/install/moveit_setup_app_plugins:/home/nithish/ws_moveit2/install/moveit_setup_framework:/home/nithish/ws_moveit2/install/moveit_servo:/home/nithish/ws_moveit2/install/moveit_ros:/home/nithish/ws_moveit2/install/moveit_ros_visualization:/home/nithish/ws_moveit2/install/moveit_hybrid_planning:/home/nithish/ws_moveit2/install/moveit_ros_planning_interface:/home/nithish/ws_moveit2/install/moveit_ros_benchmarks:/home/nithish/ws_moveit2/install/moveit_ros_warehouse:/home/nithish/ws_moveit2/install/moveit_ros_robot_interaction:/home/nithish/ws_moveit2/install/moveit_ros_perception:/home/nithish/ws_moveit2/install/moveit_resources_prbt_pg70_support:/home/nithish/ws_moveit2/install/moveit_resources_prbt_moveit_config:/home/nithish/ws_moveit2/install/moveit_ros_move_group:/home/nithish/ws_moveit2/install/moveit_planners_ompl:/home/nithish/ws_moveit2/install/moveit_ros_planning:/home/nithish/ws_moveit2/install/moveit_ros_occupancy_map_monitor:/home/nithish/ws_moveit2/install/moveit_resources_prbt_support:/home/nithish/ws_moveit2/install/moveit_resources_prbt_ikfast_manipulator_plugin:/home/nithish/ws_moveit2/install/moveit_planners_chomp:/home/nithish/ws_moveit2/install/moveit_kinematics:/home/nithish/ws_moveit2/install/moveit_chomp_optimizer_adapter:/home/nithish/ws_moveit2/install/chomp_motion_planner:/home/nithish/ws_moveit2/install/moveit_core:/home/nithish/ws_moveit2/install/moveit_common:/home/nithish/rviz2_ws/install:/home/nithish/robotic_arm_ws/install/ur_simulation_gz:/home/nithish/robotic_arm_ws/install/ur:/home/nithish/robotic_arm_ws/install/ur_calibration:/home/nithish/robotic_arm_ws/install/ur_robot_driver:/home/nithish/robotic_arm_ws/install/ur_moveit_config:/home/nithish/robotic_arm_ws/install/ur_bringup:/home/nithish/robotic_arm_ws/install/ur_description:/home/nithish/robotic_arm_ws/install/ur_controllers:/home/nithish/robotic_arm_ws/install/ur_dashboard_msgs:/home/nithish/ur10e_ws/install/wrench_bridge:/home/nithish/ws_moveit2/install/moveit_configs_utils:/home/nithish/robotic_arm_ws/install/path_planner:/opt/ros/humble /usr/bin/cmake --install /home/nithish/ur10e_ws/build/ros2_nr_motion_control
[17.135s] Level 1:colcon.colcon_core.environment:checking '/home/nithish/ur10e_ws/install/ros2_nr_motion_control' for CMake config files
[17.136s] Level 1:colcon.colcon_core.shell:create_environment_hook('ros2_nr_motion_control', 'cmake_prefix_path')
[17.136s] INFO:colcon.colcon_core.shell:Creating environment hook '/home/nithish/ur10e_ws/install/ros2_nr_motion_control/share/ros2_nr_motion_control/hook/cmake_prefix_path.ps1'
[17.137s] INFO:colcon.colcon_core.shell:Creating environment descriptor '/home/nithish/ur10e_ws/install/ros2_nr_motion_control/share/ros2_nr_motion_control/hook/cmake_prefix_path.dsv'
[17.138s] INFO:colcon.colcon_core.shell:Creating environment hook '/home/nithish/ur10e_ws/install/ros2_nr_motion_control/share/ros2_nr_motion_control/hook/cmake_prefix_path.sh'
[17.138s] Level 1:colcon.colcon_core.environment:checking '/home/nithish/ur10e_ws/install/ros2_nr_motion_control/lib'
[17.139s] Level 1:colcon.colcon_core.environment:checking '/home/nithish/ur10e_ws/install/ros2_nr_motion_control/bin'
[17.139s] Level 1:colcon.colcon_core.environment:checking '/home/nithish/ur10e_ws/install/ros2_nr_motion_control/lib/pkgconfig/ros2_nr_motion_control.pc'
[17.139s] Level 1:colcon.colcon_core.environment:checking '/home/nithish/ur10e_ws/install/ros2_nr_motion_control/lib/python3.10/site-packages'
[17.139s] Level 1:colcon.colcon_core.environment:checking '/home/nithish/ur10e_ws/install/ros2_nr_motion_control/bin'
[17.140s] INFO:colcon.colcon_core.shell:Creating package script '/home/nithish/ur10e_ws/install/ros2_nr_motion_control/share/ros2_nr_motion_control/package.ps1'
[17.141s] INFO:colcon.colcon_core.shell:Creating package descriptor '/home/nithish/ur10e_ws/install/ros2_nr_motion_control/share/ros2_nr_motion_control/package.dsv'
[17.142s] INFO:colcon.colcon_core.shell:Creating package script '/home/nithish/ur10e_ws/install/ros2_nr_motion_control/share/ros2_nr_motion_control/package.sh'
[17.142s] INFO:colcon.colcon_core.shell:Creating package script '/home/nithish/ur10e_ws/install/ros2_nr_motion_control/share/ros2_nr_motion_control/package.bash'
[17.143s] INFO:colcon.colcon_core.shell:Creating package script '/home/nithish/ur10e_ws/install/ros2_nr_motion_control/share/ros2_nr_motion_control/package.zsh'
[17.143s] Level 1:colcon.colcon_core.environment:create_file_with_runtime_dependencies(/home/nithish/ur10e_ws/install/ros2_nr_motion_control/share/colcon-core/packages/ros2_nr_motion_control)
[17.144s] Level 1:colcon.colcon_core.environment:create_environment_scripts_only(ros2_nr_motion_control)
[17.145s] Level 1:colcon.colcon_core.environment:checking '/home/nithish/ur10e_ws/install/ros2_nr_motion_control' for CMake module files
[17.145s] Level 1:colcon.colcon_core.environment:checking '/home/nithish/ur10e_ws/install/ros2_nr_motion_control' for CMake config files
[17.146s] Level 1:colcon.colcon_core.shell:create_environment_hook('ros2_nr_motion_control', 'cmake_prefix_path')
[17.146s] INFO:colcon.colcon_core.shell:Creating environment hook '/home/nithish/ur10e_ws/install/ros2_nr_motion_control/share/ros2_nr_motion_control/hook/cmake_prefix_path.ps1'
[17.147s] INFO:colcon.colcon_core.shell:Creating environment descriptor '/home/nithish/ur10e_ws/install/ros2_nr_motion_control/share/ros2_nr_motion_control/hook/cmake_prefix_path.dsv'
[17.148s] INFO:colcon.colcon_core.shell:Creating environment hook '/home/nithish/ur10e_ws/install/ros2_nr_motion_control/share/ros2_nr_motion_control/hook/cmake_prefix_path.sh'
[17.149s] Level 1:colcon.colcon_core.environment:checking '/home/nithish/ur10e_ws/install/ros2_nr_motion_control/lib'
[17.149s] Level 1:colcon.colcon_core.environment:checking '/home/nithish/ur10e_ws/install/ros2_nr_motion_control/bin'
[17.149s] Level 1:colcon.colcon_core.environment:checking '/home/nithish/ur10e_ws/install/ros2_nr_motion_control/lib/pkgconfig/ros2_nr_motion_control.pc'
[17.150s] Level 1:colcon.colcon_core.environment:checking '/home/nithish/ur10e_ws/install/ros2_nr_motion_control/lib/python3.10/site-packages'
[17.150s] Level 1:colcon.colcon_core.environment:checking '/home/nithish/ur10e_ws/install/ros2_nr_motion_control/bin'
[17.150s] INFO:colcon.colcon_core.shell:Creating package script '/home/nithish/ur10e_ws/install/ros2_nr_motion_control/share/ros2_nr_motion_control/package.ps1'
[17.151s] INFO:colcon.colcon_core.shell:Creating package descriptor '/home/nithish/ur10e_ws/install/ros2_nr_motion_control/share/ros2_nr_motion_control/package.dsv'
[17.152s] INFO:colcon.colcon_core.shell:Creating package script '/home/nithish/ur10e_ws/install/ros2_nr_motion_control/share/ros2_nr_motion_control/package.sh'
[17.152s] INFO:colcon.colcon_core.shell:Creating package script '/home/nithish/ur10e_ws/install/ros2_nr_motion_control/share/ros2_nr_motion_control/package.bash'
[17.153s] INFO:colcon.colcon_core.shell:Creating package script '/home/nithish/ur10e_ws/install/ros2_nr_motion_control/share/ros2_nr_motion_control/package.zsh'
[17.154s] Level 1:colcon.colcon_core.environment:create_file_with_runtime_dependencies(/home/nithish/ur10e_ws/install/ros2_nr_motion_control/share/colcon-core/packages/ros2_nr_motion_control)
[17.154s] DEBUG:colcon.colcon_parallel_executor.executor.parallel:closing loop
[17.154s] DEBUG:colcon.colcon_parallel_executor.executor.parallel:loop closed
[17.155s] DEBUG:colcon.colcon_parallel_executor.executor.parallel:run_until_complete finished with '0'
[17.155s] DEBUG:colcon.colcon_core.event_reactor:joining thread
[17.164s] INFO:colcon.colcon_core.plugin_system:Skipping extension 'colcon_notification.desktop_notification.terminal_notifier': Not used on non-Darwin systems
[17.164s] INFO:colcon.colcon_core.plugin_system:Skipping extension 'colcon_notification.desktop_notification.win32': Not used on non-Windows systems
[17.164s] INFO:colcon.colcon_notification.desktop_notification:Sending desktop notification using 'notify2'
[17.189s] DEBUG:colcon.colcon_core.event_reactor:joined thread
[17.190s] INFO:colcon.colcon_core.shell:Creating prefix script '/home/nithish/ur10e_ws/install/local_setup.ps1'
[17.192s] INFO:colcon.colcon_core.shell:Creating prefix util module '/home/nithish/ur10e_ws/install/_local_setup_util_ps1.py'
[17.194s] INFO:colcon.colcon_core.shell:Creating prefix chain script '/home/nithish/ur10e_ws/install/setup.ps1'
[17.199s] INFO:colcon.colcon_core.shell:Creating prefix script '/home/nithish/ur10e_ws/install/local_setup.sh'
[17.200s] INFO:colcon.colcon_core.shell:Creating prefix util module '/home/nithish/ur10e_ws/install/_local_setup_util_sh.py'
[17.201s] INFO:colcon.colcon_core.shell:Creating prefix chain script '/home/nithish/ur10e_ws/install/setup.sh'
[17.207s] INFO:colcon.colcon_core.shell:Creating prefix script '/home/nithish/ur10e_ws/install/local_setup.bash'
[17.208s] INFO:colcon.colcon_core.shell:Creating prefix chain script '/home/nithish/ur10e_ws/install/setup.bash'
[17.214s] INFO:colcon.colcon_core.shell:Creating prefix script '/home/nithish/ur10e_ws/install/local_setup.zsh'
[17.215s] INFO:colcon.colcon_core.shell:Creating prefix chain script '/home/nithish/ur10e_ws/install/setup.zsh'
