[0.006s] Invoking command in '/home/nithish/ur10e_ws/build/ros2_nr_motion_control': CMAKE_PREFIX_PATH=/home/nithish/ur10e_ws/install/ur_simulation_gazebo:/home/nithish/ur10e_ws/install/ros2_nr_motion_control:/home/nithish/rviz2_ws/install:/home/nithish/robotic_arm_ws/install/ur_simulation_gz:/home/nithish/robotic_arm_ws/install/my_moveit_config:/home/nithish/robotic_arm_ws/install/ur_description:/home/nithish/robotic_arm_ws/install/path_planner:/opt/ros/humble /usr/bin/cmake --build /home/nithish/ur10e_ws/build/ros2_nr_motion_control -- -j12 -l12
[0.059s] [ 12%] Built target joint_angle_publisher
[0.062s] [ 25%] Built target gtest_main
[0.063s] [ 31%] [32mBuilding CXX object CMakeFiles/helix_trajectory_publisher.dir/src/helix_trajectory_publisher.cpp.o[0m
[0.064s] [ 50%] Built target gtest
[0.064s] [ 56%] Built target joint_sine_publisher
[0.065s] [ 68%] Built target joint_space_trajectory_node
[0.068s] [ 81%] Built target cartesian_space_trajectory_node
[0.088s] [ 93%] Built target test_robot_arm_motion_planner
[5.926s] [100%] [32m[1mLinking CXX executable helix_trajectory_publisher[0m
[6.239s] [100%] Built target helix_trajectory_publisher
[6.247s] Invoked command in '/home/nithish/ur10e_ws/build/ros2_nr_motion_control' returned '0': CMAKE_PREFIX_PATH=/home/nithish/ur10e_ws/install/ur_simulation_gazebo:/home/nithish/ur10e_ws/install/ros2_nr_motion_control:/home/nithish/rviz2_ws/install:/home/nithish/robotic_arm_ws/install/ur_simulation_gz:/home/nithish/robotic_arm_ws/install/my_moveit_config:/home/nithish/robotic_arm_ws/install/ur_description:/home/nithish/robotic_arm_ws/install/path_planner:/opt/ros/humble /usr/bin/cmake --build /home/nithish/ur10e_ws/build/ros2_nr_motion_control -- -j12 -l12
[6.248s] Invoking command in '/home/nithish/ur10e_ws/build/ros2_nr_motion_control': CMAKE_PREFIX_PATH=/home/nithish/ur10e_ws/install/ur_simulation_gazebo:/home/nithish/ur10e_ws/install/ros2_nr_motion_control:/home/nithish/rviz2_ws/install:/home/nithish/robotic_arm_ws/install/ur_simulation_gz:/home/nithish/robotic_arm_ws/install/my_moveit_config:/home/nithish/robotic_arm_ws/install/ur_description:/home/nithish/robotic_arm_ws/install/path_planner:/opt/ros/humble /usr/bin/cmake --install /home/nithish/ur10e_ws/build/ros2_nr_motion_control
[6.253s] -- Install configuration: ""
[6.253s] -- Up-to-date: /home/nithish/ur10e_ws/install/ros2_nr_motion_control/lib/ros2_nr_motion_control/joint_angle_publisher
[6.253s] -- Up-to-date: /home/nithish/ur10e_ws/install/ros2_nr_motion_control/lib/ros2_nr_motion_control/joint_sine_publisher
[6.253s] -- Up-to-date: /home/nithish/ur10e_ws/install/ros2_nr_motion_control/lib/ros2_nr_motion_control/joint_space_trajectory_node
[6.253s] -- Up-to-date: /home/nithish/ur10e_ws/install/ros2_nr_motion_control/lib/ros2_nr_motion_control/cartesian_space_trajectory_node
[6.254s] -- Installing: /home/nithish/ur10e_ws/install/ros2_nr_motion_control/lib/ros2_nr_motion_control/helix_trajectory_publisher
[6.256s] -- Set runtime path of "/home/nithish/ur10e_ws/install/ros2_nr_motion_control/lib/ros2_nr_motion_control/helix_trajectory_publisher" to ""
[6.256s] -- Up-to-date: /home/nithish/ur10e_ws/install/ros2_nr_motion_control/share/ros2_nr_motion_control/launch
[6.256s] -- Up-to-date: /home/nithish/ur10e_ws/install/ros2_nr_motion_control/share/ros2_nr_motion_control/launch/joint_space_trajectory.launch.py
[6.256s] -- Up-to-date: /home/nithish/ur10e_ws/install/ros2_nr_motion_control/share/ros2_nr_motion_control/launch/servo_cylinder_cleaning.launch.py
[6.256s] -- Up-to-date: /home/nithish/ur10e_ws/install/ros2_nr_motion_control/share/ros2_nr_motion_control/launch/cartesian_space_trajectory.launch.py
[6.256s] -- Up-to-date: /home/nithish/ur10e_ws/install/ros2_nr_motion_control/share/ros2_nr_motion_control/launch/sinusoidal_trajectory.launch.py
[6.256s] -- Up-to-date: /home/nithish/ur10e_ws/install/ros2_nr_motion_control/share/ros2_nr_motion_control/launch/helix_control.launch.py
[6.256s] -- Up-to-date: /home/nithish/ur10e_ws/install/ros2_nr_motion_control/share/ros2_nr_motion_control/include
[6.256s] -- Up-to-date: /home/nithish/ur10e_ws/install/ros2_nr_motion_control/share/ros2_nr_motion_control/include/robot_arm_motion_planner
[6.256s] -- Up-to-date: /home/nithish/ur10e_ws/install/ros2_nr_motion_control/share/ros2_nr_motion_control/include/robot_arm_motion_planner/robot_arm_motion_planner.hpp
[6.256s] -- Up-to-date: /home/nithish/ur10e_ws/install/ros2_nr_motion_control/share/ros2_nr_motion_control/rviz
[6.257s] -- Up-to-date: /home/nithish/ur10e_ws/install/ros2_nr_motion_control/share/ros2_nr_motion_control/rviz/view_robot.rviz
[6.257s] -- Up-to-date: /home/nithish/ur10e_ws/install/ros2_nr_motion_control/share/ros2_nr_motion_control/config
[6.257s] -- Up-to-date: /home/nithish/ur10e_ws/install/ros2_nr_motion_control/share/ros2_nr_motion_control/config/ur_servo.yaml
[6.257s] -- Up-to-date: /home/nithish/ur10e_ws/install/ros2_nr_motion_control/share/ros2_nr_motion_control/config/kinematics.yaml
[6.257s] -- Up-to-date: /home/nithish/ur10e_ws/install/ros2_nr_motion_control/share/ros2_nr_motion_control/config/ur10e.urdf.xacro
[6.257s] -- Up-to-date: /home/nithish/ur10e_ws/install/ros2_nr_motion_control/share/ros2_nr_motion_control/config/ur_mock_controllers.yaml
[6.257s] -- Up-to-date: /home/nithish/ur10e_ws/install/ros2_nr_motion_control/share/ros2_nr_motion_control/config/ur_ros2_control.xacro
[6.257s] -- Up-to-date: /home/nithish/ur10e_ws/install/ros2_nr_motion_control/share/ros2_nr_motion_control/config/ur10e.srdf
[6.257s] -- Up-to-date: /home/nithish/ur10e_ws/install/ros2_nr_motion_control/share/ament_index/resource_index/package_run_dependencies/ros2_nr_motion_control
[6.257s] -- Up-to-date: /home/nithish/ur10e_ws/install/ros2_nr_motion_control/share/ament_index/resource_index/parent_prefix_path/ros2_nr_motion_control
[6.257s] -- Up-to-date: /home/nithish/ur10e_ws/install/ros2_nr_motion_control/share/ros2_nr_motion_control/environment/ament_prefix_path.sh
[6.257s] -- Up-to-date: /home/nithish/ur10e_ws/install/ros2_nr_motion_control/share/ros2_nr_motion_control/environment/ament_prefix_path.dsv
[6.257s] -- Up-to-date: /home/nithish/ur10e_ws/install/ros2_nr_motion_control/share/ros2_nr_motion_control/environment/path.sh
[6.257s] -- Up-to-date: /home/nithish/ur10e_ws/install/ros2_nr_motion_control/share/ros2_nr_motion_control/environment/path.dsv
[6.258s] -- Up-to-date: /home/nithish/ur10e_ws/install/ros2_nr_motion_control/share/ros2_nr_motion_control/local_setup.bash
[6.258s] -- Up-to-date: /home/nithish/ur10e_ws/install/ros2_nr_motion_control/share/ros2_nr_motion_control/local_setup.sh
[6.258s] -- Up-to-date: /home/nithish/ur10e_ws/install/ros2_nr_motion_control/share/ros2_nr_motion_control/local_setup.zsh
[6.258s] -- Up-to-date: /home/nithish/ur10e_ws/install/ros2_nr_motion_control/share/ros2_nr_motion_control/local_setup.dsv
[6.258s] -- Installing: /home/nithish/ur10e_ws/install/ros2_nr_motion_control/share/ros2_nr_motion_control/package.dsv
[6.258s] -- Up-to-date: /home/nithish/ur10e_ws/install/ros2_nr_motion_control/share/ament_index/resource_index/packages/ros2_nr_motion_control
[6.258s] -- Up-to-date: /home/nithish/ur10e_ws/install/ros2_nr_motion_control/share/ros2_nr_motion_control/cmake/ros2_nr_motion_controlConfig.cmake
[6.258s] -- Up-to-date: /home/nithish/ur10e_ws/install/ros2_nr_motion_control/share/ros2_nr_motion_control/cmake/ros2_nr_motion_controlConfig-version.cmake
[6.258s] -- Up-to-date: /home/nithish/ur10e_ws/install/ros2_nr_motion_control/share/ros2_nr_motion_control/package.xml
[6.258s] Invoked command in '/home/nithish/ur10e_ws/build/ros2_nr_motion_control' returned '0': CMAKE_PREFIX_PATH=/home/nithish/ur10e_ws/install/ur_simulation_gazebo:/home/nithish/ur10e_ws/install/ros2_nr_motion_control:/home/nithish/rviz2_ws/install:/home/nithish/robotic_arm_ws/install/ur_simulation_gz:/home/nithish/robotic_arm_ws/install/my_moveit_config:/home/nithish/robotic_arm_ws/install/ur_description:/home/nithish/robotic_arm_ws/install/path_planner:/opt/ros/humble /usr/bin/cmake --install /home/nithish/ur10e_ws/build/ros2_nr_motion_control
