[0.006s] Invoking command in '/home/nithish/ur10e_ws/build/my_moveit_config': CMAKE_PREFIX_PATH=${CMAKE_PREFIX_PATH}:/home/nithish/robotic_arm_ws/install/path_planner:/opt/ros/humble /usr/bin/cmake /home/nithish/ur10e_ws/src/my_moveit_config -DCMAKE_INSTALL_PREFIX=/home/nithish/ur10e_ws/install/my_moveit_config
[0.051s] -- The C compiler identification is GNU 11.4.0
[0.095s] -- The CXX compiler identification is GNU 11.4.0
[0.100s] -- Detecting C compiler ABI info
[0.162s] -- Detecting C compiler ABI info - done
[0.168s] -- Check for working C compiler: /usr/bin/cc - skipped
[0.168s] -- Detecting C compile features
[0.168s] -- Detecting C compile features - done
[0.170s] -- Detecting CXX compiler ABI info
[0.227s] -- Detecting CXX compiler ABI info - done
[0.234s] -- Check for working CXX compiler: /usr/bin/c++ - skipped
[0.234s] -- Detecting CXX compile features
[0.235s] -- Detecting CXX compile features - done
[0.238s] -- Found ament_cmake: 1.3.12 (/opt/ros/humble/share/ament_cmake/cmake)
[0.351s] -- Found Python3: /usr/bin/python3 (found version "3.10.12") found components: Interpreter 
[0.464s] -- Configuring done
[0.466s] -- Generating done
[0.467s] -- Build files have been written to: /home/nithish/ur10e_ws/build/my_moveit_config
[0.472s] Invoked command in '/home/nithish/ur10e_ws/build/my_moveit_config' returned '0': CMAKE_PREFIX_PATH=${CMAKE_PREFIX_PATH}:/home/nithish/robotic_arm_ws/install/path_planner:/opt/ros/humble /usr/bin/cmake /home/nithish/ur10e_ws/src/my_moveit_config -DCMAKE_INSTALL_PREFIX=/home/nithish/ur10e_ws/install/my_moveit_config
[0.472s] Invoking command in '/home/nithish/ur10e_ws/build/my_moveit_config': CMAKE_PREFIX_PATH=${CMAKE_PREFIX_PATH}:/home/nithish/robotic_arm_ws/install/path_planner:/opt/ros/humble /usr/bin/cmake --build /home/nithish/ur10e_ws/build/my_moveit_config -- -j12 -l12
[0.504s] Invoked command in '/home/nithish/ur10e_ws/build/my_moveit_config' returned '0': CMAKE_PREFIX_PATH=${CMAKE_PREFIX_PATH}:/home/nithish/robotic_arm_ws/install/path_planner:/opt/ros/humble /usr/bin/cmake --build /home/nithish/ur10e_ws/build/my_moveit_config -- -j12 -l12
[0.505s] Invoking command in '/home/nithish/ur10e_ws/build/my_moveit_config': CMAKE_PREFIX_PATH=${CMAKE_PREFIX_PATH}:/home/nithish/robotic_arm_ws/install/path_planner:/opt/ros/humble /usr/bin/cmake --install /home/nithish/ur10e_ws/build/my_moveit_config
[0.511s] -- Install configuration: ""
[0.511s] -- Installing: /home/nithish/ur10e_ws/install/my_moveit_config/share/ament_index/resource_index/package_run_dependencies/my_moveit_config
[0.512s] -- Installing: /home/nithish/ur10e_ws/install/my_moveit_config/share/ament_index/resource_index/parent_prefix_path/my_moveit_config
[0.512s] -- Installing: /home/nithish/ur10e_ws/install/my_moveit_config/share/my_moveit_config/environment/ament_prefix_path.sh
[0.512s] -- Installing: /home/nithish/ur10e_ws/install/my_moveit_config/share/my_moveit_config/environment/ament_prefix_path.dsv
[0.512s] -- Installing: /home/nithish/ur10e_ws/install/my_moveit_config/share/my_moveit_config/environment/path.sh
[0.512s] -- Installing: /home/nithish/ur10e_ws/install/my_moveit_config/share/my_moveit_config/environment/path.dsv
[0.512s] -- Installing: /home/nithish/ur10e_ws/install/my_moveit_config/share/my_moveit_config/local_setup.bash
[0.512s] -- Installing: /home/nithish/ur10e_ws/install/my_moveit_config/share/my_moveit_config/local_setup.sh
[0.512s] -- Installing: /home/nithish/ur10e_ws/install/my_moveit_config/share/my_moveit_config/local_setup.zsh
[0.512s] -- Installing: /home/nithish/ur10e_ws/install/my_moveit_config/share/my_moveit_config/local_setup.dsv
[0.512s] -- Installing: /home/nithish/ur10e_ws/install/my_moveit_config/share/my_moveit_config/package.dsv
[0.512s] -- Installing: /home/nithish/ur10e_ws/install/my_moveit_config/share/ament_index/resource_index/packages/my_moveit_config
[0.512s] -- Installing: /home/nithish/ur10e_ws/install/my_moveit_config/share/my_moveit_config/cmake/my_moveit_configConfig.cmake
[0.512s] -- Installing: /home/nithish/ur10e_ws/install/my_moveit_config/share/my_moveit_config/cmake/my_moveit_configConfig-version.cmake
[0.513s] -- Installing: /home/nithish/ur10e_ws/install/my_moveit_config/share/my_moveit_config/package.xml
[0.513s] -- Installing: /home/nithish/ur10e_ws/install/my_moveit_config/share/my_moveit_config/launch
[0.513s] -- Installing: /home/nithish/ur10e_ws/install/my_moveit_config/share/my_moveit_config/launch/pliz_launcher.launch.py
[0.513s] -- Installing: /home/nithish/ur10e_ws/install/my_moveit_config/share/my_moveit_config/launch/move_group.launch.py
[0.513s] -- Installing: /home/nithish/ur10e_ws/install/my_moveit_config/share/my_moveit_config/launch/rsp.launch.py
[0.513s] -- Installing: /home/nithish/ur10e_ws/install/my_moveit_config/share/my_moveit_config/launch/static_virtual_joint_tfs.launch.py
[0.513s] -- Installing: /home/nithish/ur10e_ws/install/my_moveit_config/share/my_moveit_config/launch/spawn_controllers.launch.py
[0.513s] -- Installing: /home/nithish/ur10e_ws/install/my_moveit_config/share/my_moveit_config/launch/demo.launch.py
[0.513s] -- Installing: /home/nithish/ur10e_ws/install/my_moveit_config/share/my_moveit_config/launch/moveit_rviz.launch.py
[0.513s] -- Installing: /home/nithish/ur10e_ws/install/my_moveit_config/share/my_moveit_config/launch/warehouse_db.launch.py
[0.513s] -- Installing: /home/nithish/ur10e_ws/install/my_moveit_config/share/my_moveit_config/launch/setup_assistant.launch.py
[0.513s] -- Installing: /home/nithish/ur10e_ws/install/my_moveit_config/share/my_moveit_config/config
[0.513s] -- Installing: /home/nithish/ur10e_ws/install/my_moveit_config/share/my_moveit_config/config/initial_positions.yaml
[0.513s] -- Installing: /home/nithish/ur10e_ws/install/my_moveit_config/share/my_moveit_config/config/kinematics.yaml
[0.513s] -- Installing: /home/nithish/ur10e_ws/install/my_moveit_config/share/my_moveit_config/config/ros2_controllers.yaml
[0.514s] -- Installing: /home/nithish/ur10e_ws/install/my_moveit_config/share/my_moveit_config/config/ur10e.ros2_control.xacro
[0.514s] -- Installing: /home/nithish/ur10e_ws/install/my_moveit_config/share/my_moveit_config/config/pilz_cartesian_limits.yaml
[0.514s] -- Installing: /home/nithish/ur10e_ws/install/my_moveit_config/share/my_moveit_config/config/pilz_planning_pipeline.yaml
[0.514s] -- Installing: /home/nithish/ur10e_ws/install/my_moveit_config/share/my_moveit_config/config/ur10e.urdf.xacro
[0.514s] -- Installing: /home/nithish/ur10e_ws/install/my_moveit_config/share/my_moveit_config/config/moveit.rviz
[0.514s] -- Installing: /home/nithish/ur10e_ws/install/my_moveit_config/share/my_moveit_config/config/joint_limits.yaml
[0.514s] -- Installing: /home/nithish/ur10e_ws/install/my_moveit_config/share/my_moveit_config/config/ur10e.srdf
[0.514s] -- Installing: /home/nithish/ur10e_ws/install/my_moveit_config/share/my_moveit_config/config/moveit_controllers.yaml
[0.514s] -- Installing: /home/nithish/ur10e_ws/install/my_moveit_config/share/my_moveit_config/.setup_assistant
[0.515s] Invoked command in '/home/nithish/ur10e_ws/build/my_moveit_config' returned '0': CMAKE_PREFIX_PATH=${CMAKE_PREFIX_PATH}:/home/nithish/robotic_arm_ws/install/path_planner:/opt/ros/humble /usr/bin/cmake --install /home/nithish/ur10e_ws/build/my_moveit_config
