[0.115s] DEBUG:colcon:Command line arguments: ['/usr/bin/colcon', 'build']
[0.115s] DEBUG:colcon:Parsed command line arguments: Namespace(log_base=None, log_level=None, verb_name='build', build_base='build', install_base='install', merge_install=False, symlink_install=False, test_result_base=None, continue_on_error=False, executor='parallel', parallel_workers=12, event_handlers=None, ignore_user_meta=False, metas=['./colcon.meta'], base_paths=['.'], packages_ignore=None, packages_ignore_regex=None, paths=None, packages_up_to=None, packages_up_to_regex=None, packages_above=None, packages_above_and_dependencies=None, packages_above_depth=None, packages_select_by_dep=None, packages_skip_by_dep=None, packages_skip_up_to=None, packages_select_build_failed=False, packages_skip_build_finished=False, packages_select_test_failures=False, packages_skip_test_passed=False, packages_select=None, packages_skip=None, packages_select_regex=None, packages_skip_regex=None, packages_start=None, packages_end=None, allow_overriding=[], cmake_args=None, cmake_target=None, cmake_target_skip_unavailable=False, cmake_clean_cache=False, cmake_clean_first=False, cmake_force_configure=False, ament_cmake_args=None, catkin_cmake_args=None, catkin_skip_building_tests=False, mixin_files=None, mixin=None, verb_parser=<colcon_mixin.mixin.mixin_argument.MixinArgumentDecorator object at 0x77d8ec3852d0>, verb_extension=<colcon_core.verb.build.BuildVerb object at 0x77d8ec384e20>, main=<bound method BuildVerb.main of <colcon_core.verb.build.BuildVerb object at 0x77d8ec384e20>>, mixin_verb=('build',))
[0.300s] Level 1:colcon.colcon_core.package_discovery:discover_packages(colcon_meta) check parameters
[0.300s] Level 1:colcon.colcon_core.package_discovery:discover_packages(recursive) check parameters
[0.300s] Level 1:colcon.colcon_core.package_discovery:discover_packages(ignore) check parameters
[0.300s] Level 1:colcon.colcon_core.package_discovery:discover_packages(path) check parameters
[0.300s] Level 1:colcon.colcon_core.package_discovery:discover_packages(colcon_meta) discover
[0.300s] Level 1:colcon.colcon_core.package_discovery:discover_packages(recursive) discover
[0.300s] INFO:colcon.colcon_core.package_discovery:Crawling recursively for packages in '/home/nithish/ur10e_ws'
[0.300s] Level 1:colcon.colcon_core.package_identification:_identify(.) by extensions ['ignore', 'ignore_ament_install']
[0.300s] Level 1:colcon.colcon_core.package_identification:_identify(.) by extension 'ignore'
[0.300s] Level 1:colcon.colcon_core.package_identification:_identify(.) by extension 'ignore_ament_install'
[0.300s] Level 1:colcon.colcon_core.package_identification:_identify(.) by extensions ['colcon_pkg']
[0.300s] Level 1:colcon.colcon_core.package_identification:_identify(.) by extension 'colcon_pkg'
[0.301s] Level 1:colcon.colcon_core.package_identification:_identify(.) by extensions ['colcon_meta']
[0.301s] Level 1:colcon.colcon_core.package_identification:_identify(.) by extension 'colcon_meta'
[0.301s] Level 1:colcon.colcon_core.package_identification:_identify(.) by extensions ['ros']
[0.301s] Level 1:colcon.colcon_core.package_identification:_identify(.) by extension 'ros'
[0.311s] Level 1:colcon.colcon_core.package_identification:_identify(.) by extensions ['cmake', 'python']
[0.312s] Level 1:colcon.colcon_core.package_identification:_identify(.) by extension 'cmake'
[0.312s] Level 1:colcon.colcon_core.package_identification:_identify(.) by extension 'python'
[0.312s] Level 1:colcon.colcon_core.package_identification:_identify(.) by extensions ['python_setup_py']
[0.312s] Level 1:colcon.colcon_core.package_identification:_identify(.) by extension 'python_setup_py'
[0.312s] Level 1:colcon.colcon_core.package_identification:_identify(build) by extensions ['ignore', 'ignore_ament_install']
[0.312s] Level 1:colcon.colcon_core.package_identification:_identify(build) by extension 'ignore'
[0.312s] Level 1:colcon.colcon_core.package_identification:_identify(build) ignored
[0.312s] Level 1:colcon.colcon_core.package_identification:_identify(install) by extensions ['ignore', 'ignore_ament_install']
[0.312s] Level 1:colcon.colcon_core.package_identification:_identify(install) by extension 'ignore'
[0.312s] Level 1:colcon.colcon_core.package_identification:_identify(install) ignored
[0.312s] Level 1:colcon.colcon_core.package_identification:_identify(log) by extensions ['ignore', 'ignore_ament_install']
[0.313s] Level 1:colcon.colcon_core.package_identification:_identify(log) by extension 'ignore'
[0.313s] Level 1:colcon.colcon_core.package_identification:_identify(log) ignored
[0.313s] Level 1:colcon.colcon_core.package_identification:_identify(src) by extensions ['ignore', 'ignore_ament_install']
[0.313s] Level 1:colcon.colcon_core.package_identification:_identify(src) by extension 'ignore'
[0.313s] Level 1:colcon.colcon_core.package_identification:_identify(src) by extension 'ignore_ament_install'
[0.313s] Level 1:colcon.colcon_core.package_identification:_identify(src) by extensions ['colcon_pkg']
[0.313s] Level 1:colcon.colcon_core.package_identification:_identify(src) by extension 'colcon_pkg'
[0.313s] Level 1:colcon.colcon_core.package_identification:_identify(src) by extensions ['colcon_meta']
[0.313s] Level 1:colcon.colcon_core.package_identification:_identify(src) by extension 'colcon_meta'
[0.313s] Level 1:colcon.colcon_core.package_identification:_identify(src) by extensions ['ros']
[0.313s] Level 1:colcon.colcon_core.package_identification:_identify(src) by extension 'ros'
[0.314s] Level 1:colcon.colcon_core.package_identification:_identify(src) by extensions ['cmake', 'python']
[0.314s] Level 1:colcon.colcon_core.package_identification:_identify(src) by extension 'cmake'
[0.314s] Level 1:colcon.colcon_core.package_identification:_identify(src) by extension 'python'
[0.314s] Level 1:colcon.colcon_core.package_identification:_identify(src) by extensions ['python_setup_py']
[0.314s] Level 1:colcon.colcon_core.package_identification:_identify(src) by extension 'python_setup_py'
[0.314s] Level 1:colcon.colcon_core.package_identification:_identify(src/Universal_Robots_ROS2_Gazebo_Simulation) by extensions ['ignore', 'ignore_ament_install']
[0.314s] Level 1:colcon.colcon_core.package_identification:_identify(src/Universal_Robots_ROS2_Gazebo_Simulation) by extension 'ignore'
[0.314s] Level 1:colcon.colcon_core.package_identification:_identify(src/Universal_Robots_ROS2_Gazebo_Simulation) by extension 'ignore_ament_install'
[0.314s] Level 1:colcon.colcon_core.package_identification:_identify(src/Universal_Robots_ROS2_Gazebo_Simulation) by extensions ['colcon_pkg']
[0.314s] Level 1:colcon.colcon_core.package_identification:_identify(src/Universal_Robots_ROS2_Gazebo_Simulation) by extension 'colcon_pkg'
[0.314s] Level 1:colcon.colcon_core.package_identification:_identify(src/Universal_Robots_ROS2_Gazebo_Simulation) by extensions ['colcon_meta']
[0.314s] Level 1:colcon.colcon_core.package_identification:_identify(src/Universal_Robots_ROS2_Gazebo_Simulation) by extension 'colcon_meta'
[0.314s] Level 1:colcon.colcon_core.package_identification:_identify(src/Universal_Robots_ROS2_Gazebo_Simulation) by extensions ['ros']
[0.314s] Level 1:colcon.colcon_core.package_identification:_identify(src/Universal_Robots_ROS2_Gazebo_Simulation) by extension 'ros'
[0.314s] Level 1:colcon.colcon_core.package_identification:_identify(src/Universal_Robots_ROS2_Gazebo_Simulation) by extensions ['cmake', 'python']
[0.314s] Level 1:colcon.colcon_core.package_identification:_identify(src/Universal_Robots_ROS2_Gazebo_Simulation) by extension 'cmake'
[0.314s] Level 1:colcon.colcon_core.package_identification:_identify(src/Universal_Robots_ROS2_Gazebo_Simulation) by extension 'python'
[0.314s] Level 1:colcon.colcon_core.package_identification:_identify(src/Universal_Robots_ROS2_Gazebo_Simulation) by extensions ['python_setup_py']
[0.314s] Level 1:colcon.colcon_core.package_identification:_identify(src/Universal_Robots_ROS2_Gazebo_Simulation) by extension 'python_setup_py'
[0.314s] Level 1:colcon.colcon_core.package_identification:_identify(src/Universal_Robots_ROS2_Gazebo_Simulation/ur_simulation_gazebo) by extensions ['ignore', 'ignore_ament_install']
[0.314s] Level 1:colcon.colcon_core.package_identification:_identify(src/Universal_Robots_ROS2_Gazebo_Simulation/ur_simulation_gazebo) by extension 'ignore'
[0.314s] Level 1:colcon.colcon_core.package_identification:_identify(src/Universal_Robots_ROS2_Gazebo_Simulation/ur_simulation_gazebo) by extension 'ignore_ament_install'
[0.315s] Level 1:colcon.colcon_core.package_identification:_identify(src/Universal_Robots_ROS2_Gazebo_Simulation/ur_simulation_gazebo) by extensions ['colcon_pkg']
[0.315s] Level 1:colcon.colcon_core.package_identification:_identify(src/Universal_Robots_ROS2_Gazebo_Simulation/ur_simulation_gazebo) by extension 'colcon_pkg'
[0.315s] Level 1:colcon.colcon_core.package_identification:_identify(src/Universal_Robots_ROS2_Gazebo_Simulation/ur_simulation_gazebo) by extensions ['colcon_meta']
[0.315s] Level 1:colcon.colcon_core.package_identification:_identify(src/Universal_Robots_ROS2_Gazebo_Simulation/ur_simulation_gazebo) by extension 'colcon_meta'
[0.315s] Level 1:colcon.colcon_core.package_identification:_identify(src/Universal_Robots_ROS2_Gazebo_Simulation/ur_simulation_gazebo) by extensions ['ros']
[0.315s] Level 1:colcon.colcon_core.package_identification:_identify(src/Universal_Robots_ROS2_Gazebo_Simulation/ur_simulation_gazebo) by extension 'ros'
[0.326s] DEBUG:colcon.colcon_core.package_identification:Package 'src/Universal_Robots_ROS2_Gazebo_Simulation/ur_simulation_gazebo' with type 'ros.ament_cmake' and name 'ur_simulation_gazebo'
[0.327s] Level 1:colcon.colcon_core.package_identification:_identify(src/my_moveit_config) by extensions ['ignore', 'ignore_ament_install']
[0.327s] Level 1:colcon.colcon_core.package_identification:_identify(src/my_moveit_config) by extension 'ignore'
[0.327s] Level 1:colcon.colcon_core.package_identification:_identify(src/my_moveit_config) by extension 'ignore_ament_install'
[0.327s] Level 1:colcon.colcon_core.package_identification:_identify(src/my_moveit_config) by extensions ['colcon_pkg']
[0.327s] Level 1:colcon.colcon_core.package_identification:_identify(src/my_moveit_config) by extension 'colcon_pkg'
[0.327s] Level 1:colcon.colcon_core.package_identification:_identify(src/my_moveit_config) by extensions ['colcon_meta']
[0.327s] Level 1:colcon.colcon_core.package_identification:_identify(src/my_moveit_config) by extension 'colcon_meta'
[0.327s] Level 1:colcon.colcon_core.package_identification:_identify(src/my_moveit_config) by extensions ['ros']
[0.327s] Level 1:colcon.colcon_core.package_identification:_identify(src/my_moveit_config) by extension 'ros'
[0.328s] DEBUG:colcon.colcon_core.package_identification:Package 'src/my_moveit_config' with type 'ros.ament_cmake' and name 'my_moveit_config'
[0.328s] Level 1:colcon.colcon_core.package_identification:_identify(src/ros2_nr_motion_control) by extensions ['ignore', 'ignore_ament_install']
[0.328s] Level 1:colcon.colcon_core.package_identification:_identify(src/ros2_nr_motion_control) by extension 'ignore'
[0.328s] Level 1:colcon.colcon_core.package_identification:_identify(src/ros2_nr_motion_control) by extension 'ignore_ament_install'
[0.328s] Level 1:colcon.colcon_core.package_identification:_identify(src/ros2_nr_motion_control) by extensions ['colcon_pkg']
[0.328s] Level 1:colcon.colcon_core.package_identification:_identify(src/ros2_nr_motion_control) by extension 'colcon_pkg'
[0.328s] Level 1:colcon.colcon_core.package_identification:_identify(src/ros2_nr_motion_control) by extensions ['colcon_meta']
[0.328s] Level 1:colcon.colcon_core.package_identification:_identify(src/ros2_nr_motion_control) by extension 'colcon_meta'
[0.328s] Level 1:colcon.colcon_core.package_identification:_identify(src/ros2_nr_motion_control) by extensions ['ros']
[0.328s] Level 1:colcon.colcon_core.package_identification:_identify(src/ros2_nr_motion_control) by extension 'ros'
[0.330s] DEBUG:colcon.colcon_core.package_identification:Package 'src/ros2_nr_motion_control' with type 'ros.ament_cmake' and name 'ros2_nr_motion_control'
[0.331s] Level 1:colcon.colcon_core.package_identification:_identify(src/servo_control) by extensions ['ignore', 'ignore_ament_install']
[0.331s] Level 1:colcon.colcon_core.package_identification:_identify(src/servo_control) by extension 'ignore'
[0.331s] Level 1:colcon.colcon_core.package_identification:_identify(src/servo_control) by extension 'ignore_ament_install'
[0.331s] Level 1:colcon.colcon_core.package_identification:_identify(src/servo_control) by extensions ['colcon_pkg']
[0.331s] Level 1:colcon.colcon_core.package_identification:_identify(src/servo_control) by extension 'colcon_pkg'
[0.331s] Level 1:colcon.colcon_core.package_identification:_identify(src/servo_control) by extensions ['colcon_meta']
[0.331s] Level 1:colcon.colcon_core.package_identification:_identify(src/servo_control) by extension 'colcon_meta'
[0.331s] Level 1:colcon.colcon_core.package_identification:_identify(src/servo_control) by extensions ['ros']
[0.331s] Level 1:colcon.colcon_core.package_identification:_identify(src/servo_control) by extension 'ros'
[0.331s] DEBUG:colcon.colcon_core.package_identification:Package 'src/servo_control' with type 'ros.ament_python' and name 'servo_control'
[0.332s] Level 1:colcon.colcon_core.package_discovery:discover_packages(recursive) using defaults
[0.332s] Level 1:colcon.colcon_core.package_discovery:discover_packages(ignore) discover
[0.332s] Level 1:colcon.colcon_core.package_discovery:discover_packages(ignore) using defaults
[0.332s] Level 1:colcon.colcon_core.package_discovery:discover_packages(path) discover
[0.332s] Level 1:colcon.colcon_core.package_discovery:discover_packages(path) using defaults
[0.356s] Level 1:colcon.colcon_core.package_discovery:discover_packages(prefix_path) check parameters
[0.356s] Level 1:colcon.colcon_core.package_discovery:discover_packages(prefix_path) discover
[0.360s] DEBUG:colcon.colcon_installed_package_information.package_discovery:Found 4 installed packages in /home/nithish/ur10e_ws/install
[0.361s] DEBUG:colcon.colcon_installed_package_information.package_discovery:Found 13 installed packages in /home/nithish/tesseract_ws/install
[0.362s] DEBUG:colcon.colcon_installed_package_information.package_discovery:Found 38 installed packages in /home/nithish/ws_moveit2/install
[0.363s] DEBUG:colcon.colcon_installed_package_information.package_discovery:Found 8 installed packages in /home/nithish/rviz2_ws/install
[0.364s] DEBUG:colcon.colcon_installed_package_information.package_discovery:Found 10 installed packages in /home/nithish/robotic_arm_ws/install
[0.367s] DEBUG:colcon.colcon_installed_package_information.package_discovery:Found 453 installed packages in /opt/ros/humble
[0.373s] Level 1:colcon.colcon_core.package_discovery:discover_packages(prefix_path) using defaults
[0.435s] Level 5:colcon.colcon_core.verb:set package 'my_moveit_config' build argument 'cmake_args' from command line to 'None'
[0.435s] Level 5:colcon.colcon_core.verb:set package 'my_moveit_config' build argument 'cmake_target' from command line to 'None'
[0.435s] Level 5:colcon.colcon_core.verb:set package 'my_moveit_config' build argument 'cmake_target_skip_unavailable' from command line to 'False'
[0.435s] Level 5:colcon.colcon_core.verb:set package 'my_moveit_config' build argument 'cmake_clean_cache' from command line to 'False'
[0.435s] Level 5:colcon.colcon_core.verb:set package 'my_moveit_config' build argument 'cmake_clean_first' from command line to 'False'
[0.436s] Level 5:colcon.colcon_core.verb:set package 'my_moveit_config' build argument 'cmake_force_configure' from command line to 'False'
[0.436s] Level 5:colcon.colcon_core.verb:set package 'my_moveit_config' build argument 'ament_cmake_args' from command line to 'None'
[0.436s] Level 5:colcon.colcon_core.verb:set package 'my_moveit_config' build argument 'catkin_cmake_args' from command line to 'None'
[0.436s] Level 5:colcon.colcon_core.verb:set package 'my_moveit_config' build argument 'catkin_skip_building_tests' from command line to 'False'
[0.436s] DEBUG:colcon.colcon_core.verb:Building package 'my_moveit_config' with the following arguments: {'ament_cmake_args': None, 'build_base': '/home/nithish/ur10e_ws/build/my_moveit_config', 'catkin_cmake_args': None, 'catkin_skip_building_tests': False, 'cmake_args': None, 'cmake_clean_cache': False, 'cmake_clean_first': False, 'cmake_force_configure': False, 'cmake_target': None, 'cmake_target_skip_unavailable': False, 'install_base': '/home/nithish/ur10e_ws/install/my_moveit_config', 'merge_install': False, 'path': '/home/nithish/ur10e_ws/src/my_moveit_config', 'symlink_install': False, 'test_result_base': None}
[0.436s] Level 5:colcon.colcon_core.verb:set package 'servo_control' build argument 'cmake_args' from command line to 'None'
[0.436s] Level 5:colcon.colcon_core.verb:set package 'servo_control' build argument 'cmake_target' from command line to 'None'
[0.436s] Level 5:colcon.colcon_core.verb:set package 'servo_control' build argument 'cmake_target_skip_unavailable' from command line to 'False'
[0.436s] Level 5:colcon.colcon_core.verb:set package 'servo_control' build argument 'cmake_clean_cache' from command line to 'False'
[0.436s] Level 5:colcon.colcon_core.verb:set package 'servo_control' build argument 'cmake_clean_first' from command line to 'False'
[0.436s] Level 5:colcon.colcon_core.verb:set package 'servo_control' build argument 'cmake_force_configure' from command line to 'False'
[0.436s] Level 5:colcon.colcon_core.verb:set package 'servo_control' build argument 'ament_cmake_args' from command line to 'None'
[0.436s] Level 5:colcon.colcon_core.verb:set package 'servo_control' build argument 'catkin_cmake_args' from command line to 'None'
[0.436s] Level 5:colcon.colcon_core.verb:set package 'servo_control' build argument 'catkin_skip_building_tests' from command line to 'False'
[0.436s] DEBUG:colcon.colcon_core.verb:Building package 'servo_control' with the following arguments: {'ament_cmake_args': None, 'build_base': '/home/nithish/ur10e_ws/build/servo_control', 'catkin_cmake_args': None, 'catkin_skip_building_tests': False, 'cmake_args': None, 'cmake_clean_cache': False, 'cmake_clean_first': False, 'cmake_force_configure': False, 'cmake_target': None, 'cmake_target_skip_unavailable': False, 'install_base': '/home/nithish/ur10e_ws/install/servo_control', 'merge_install': False, 'path': '/home/nithish/ur10e_ws/src/servo_control', 'symlink_install': False, 'test_result_base': None}
[0.437s] Level 5:colcon.colcon_core.verb:set package 'ur_simulation_gazebo' build argument 'cmake_args' from command line to 'None'
[0.437s] Level 5:colcon.colcon_core.verb:set package 'ur_simulation_gazebo' build argument 'cmake_target' from command line to 'None'
[0.437s] Level 5:colcon.colcon_core.verb:set package 'ur_simulation_gazebo' build argument 'cmake_target_skip_unavailable' from command line to 'False'
[0.437s] Level 5:colcon.colcon_core.verb:set package 'ur_simulation_gazebo' build argument 'cmake_clean_cache' from command line to 'False'
[0.437s] Level 5:colcon.colcon_core.verb:set package 'ur_simulation_gazebo' build argument 'cmake_clean_first' from command line to 'False'
[0.437s] Level 5:colcon.colcon_core.verb:set package 'ur_simulation_gazebo' build argument 'cmake_force_configure' from command line to 'False'
[0.437s] Level 5:colcon.colcon_core.verb:set package 'ur_simulation_gazebo' build argument 'ament_cmake_args' from command line to 'None'
[0.437s] Level 5:colcon.colcon_core.verb:set package 'ur_simulation_gazebo' build argument 'catkin_cmake_args' from command line to 'None'
[0.437s] Level 5:colcon.colcon_core.verb:set package 'ur_simulation_gazebo' build argument 'catkin_skip_building_tests' from command line to 'False'
[0.437s] DEBUG:colcon.colcon_core.verb:Building package 'ur_simulation_gazebo' with the following arguments: {'ament_cmake_args': None, 'build_base': '/home/nithish/ur10e_ws/build/ur_simulation_gazebo', 'catkin_cmake_args': None, 'catkin_skip_building_tests': False, 'cmake_args': None, 'cmake_clean_cache': False, 'cmake_clean_first': False, 'cmake_force_configure': False, 'cmake_target': None, 'cmake_target_skip_unavailable': False, 'install_base': '/home/nithish/ur10e_ws/install/ur_simulation_gazebo', 'merge_install': False, 'path': '/home/nithish/ur10e_ws/src/Universal_Robots_ROS2_Gazebo_Simulation/ur_simulation_gazebo', 'symlink_install': False, 'test_result_base': None}
[0.437s] Level 5:colcon.colcon_core.verb:set package 'ros2_nr_motion_control' build argument 'cmake_args' from command line to 'None'
[0.437s] Level 5:colcon.colcon_core.verb:set package 'ros2_nr_motion_control' build argument 'cmake_target' from command line to 'None'
[0.437s] Level 5:colcon.colcon_core.verb:set package 'ros2_nr_motion_control' build argument 'cmake_target_skip_unavailable' from command line to 'False'
[0.437s] Level 5:colcon.colcon_core.verb:set package 'ros2_nr_motion_control' build argument 'cmake_clean_cache' from command line to 'False'
[0.437s] Level 5:colcon.colcon_core.verb:set package 'ros2_nr_motion_control' build argument 'cmake_clean_first' from command line to 'False'
[0.437s] Level 5:colcon.colcon_core.verb:set package 'ros2_nr_motion_control' build argument 'cmake_force_configure' from command line to 'False'
[0.437s] Level 5:colcon.colcon_core.verb:set package 'ros2_nr_motion_control' build argument 'ament_cmake_args' from command line to 'None'
[0.437s] Level 5:colcon.colcon_core.verb:set package 'ros2_nr_motion_control' build argument 'catkin_cmake_args' from command line to 'None'
[0.437s] Level 5:colcon.colcon_core.verb:set package 'ros2_nr_motion_control' build argument 'catkin_skip_building_tests' from command line to 'False'
[0.437s] DEBUG:colcon.colcon_core.verb:Building package 'ros2_nr_motion_control' with the following arguments: {'ament_cmake_args': None, 'build_base': '/home/nithish/ur10e_ws/build/ros2_nr_motion_control', 'catkin_cmake_args': None, 'catkin_skip_building_tests': False, 'cmake_args': None, 'cmake_clean_cache': False, 'cmake_clean_first': False, 'cmake_force_configure': False, 'cmake_target': None, 'cmake_target_skip_unavailable': False, 'install_base': '/home/nithish/ur10e_ws/install/ros2_nr_motion_control', 'merge_install': False, 'path': '/home/nithish/ur10e_ws/src/ros2_nr_motion_control', 'symlink_install': False, 'test_result_base': None}
[0.437s] INFO:colcon.colcon_core.executor:Executing jobs using 'parallel' executor
[0.439s] DEBUG:colcon.colcon_parallel_executor.executor.parallel:run_until_complete
[0.439s] INFO:colcon.colcon_ros.task.ament_cmake.build:Building ROS package in '/home/nithish/ur10e_ws/src/Universal_Robots_ROS2_Gazebo_Simulation/ur_simulation_gazebo' with build type 'ament_cmake'
[0.439s] INFO:colcon.colcon_cmake.task.cmake.build:Building CMake package in '/home/nithish/ur10e_ws/src/Universal_Robots_ROS2_Gazebo_Simulation/ur_simulation_gazebo'
[0.441s] INFO:colcon.colcon_core.plugin_system:Skipping extension 'colcon_core.shell.bat': Not used on non-Windows systems
[0.441s] INFO:colcon.colcon_core.shell:Skip shell extension 'powershell' for command environment: Not usable outside of PowerShell
[0.442s] DEBUG:colcon.colcon_core.shell:Skip shell extension 'dsv' for command environment
[0.452s] INFO:colcon.colcon_ros.task.ament_cmake.build:Building ROS package in '/home/nithish/ur10e_ws/src/my_moveit_config' with build type 'ament_cmake'
[0.452s] INFO:colcon.colcon_cmake.task.cmake.build:Building CMake package in '/home/nithish/ur10e_ws/src/my_moveit_config'
[0.452s] INFO:colcon.colcon_core.shell:Skip shell extension 'powershell' for command environment: Not usable outside of PowerShell
[0.452s] DEBUG:colcon.colcon_core.shell:Skip shell extension 'dsv' for command environment
[0.460s] INFO:colcon.colcon_ros.task.ament_python.build:Building ROS package in '/home/nithish/ur10e_ws/src/servo_control' with build type 'ament_python'
[0.460s] Level 1:colcon.colcon_core.shell:create_environment_hook('servo_control', 'ament_prefix_path')
[0.461s] INFO:colcon.colcon_core.shell:Creating environment hook '/home/nithish/ur10e_ws/install/servo_control/share/servo_control/hook/ament_prefix_path.ps1'
[0.462s] INFO:colcon.colcon_core.shell:Creating environment descriptor '/home/nithish/ur10e_ws/install/servo_control/share/servo_control/hook/ament_prefix_path.dsv'
[0.462s] INFO:colcon.colcon_core.shell:Creating environment hook '/home/nithish/ur10e_ws/install/servo_control/share/servo_control/hook/ament_prefix_path.sh'
[0.463s] INFO:colcon.colcon_core.shell:Skip shell extension 'powershell' for command environment: Not usable outside of PowerShell
[0.463s] DEBUG:colcon.colcon_core.shell:Skip shell extension 'dsv' for command environment
[0.493s] DEBUG:colcon.colcon_core.event_handler.log_command:Invoking command in '/home/nithish/ur10e_ws/build/ur_simulation_gazebo': CMAKE_PREFIX_PATH=${CMAKE_PREFIX_PATH}:/home/nithish/ur10e_ws/install/servo_control:/home/nithish/ws_moveit2/install/moveit_configs_utils:/home/nithish/robotic_arm_ws/install/path_planner:/opt/ros/humble /usr/bin/cmake /home/nithish/ur10e_ws/src/Universal_Robots_ROS2_Gazebo_Simulation/ur_simulation_gazebo -DCMAKE_INSTALL_PREFIX=/home/nithish/ur10e_ws/install/ur_simulation_gazebo
[0.501s] DEBUG:colcon.colcon_core.event_handler.log_command:Invoking command in '/home/nithish/ur10e_ws/build/my_moveit_config': CMAKE_PREFIX_PATH=${CMAKE_PREFIX_PATH}:/home/nithish/ur10e_ws/install/servo_control:/home/nithish/ws_moveit2/install/moveit_configs_utils:/home/nithish/robotic_arm_ws/install/path_planner:/opt/ros/humble /usr/bin/cmake /home/nithish/ur10e_ws/src/my_moveit_config -DCMAKE_INSTALL_PREFIX=/home/nithish/ur10e_ws/install/my_moveit_config
[0.995s] INFO:colcon.colcon_core.task.python.build:Building Python package in '/home/nithish/ur10e_ws/src/servo_control'
[0.995s] INFO:colcon.colcon_core.shell:Skip shell extension 'powershell' for command environment: Not usable outside of PowerShell
[0.995s] DEBUG:colcon.colcon_core.shell:Skip shell extension 'dsv' for command environment
[1.010s] DEBUG:colcon.colcon_core.event_handler.log_command:Invoked command in '/home/nithish/ur10e_ws/build/ur_simulation_gazebo' returned '0': CMAKE_PREFIX_PATH=${CMAKE_PREFIX_PATH}:/home/nithish/ur10e_ws/install/servo_control:/home/nithish/ws_moveit2/install/moveit_configs_utils:/home/nithish/robotic_arm_ws/install/path_planner:/opt/ros/humble /usr/bin/cmake /home/nithish/ur10e_ws/src/Universal_Robots_ROS2_Gazebo_Simulation/ur_simulation_gazebo -DCMAKE_INSTALL_PREFIX=/home/nithish/ur10e_ws/install/ur_simulation_gazebo
[1.011s] DEBUG:colcon.colcon_core.event_handler.log_command:Invoking command in '/home/nithish/ur10e_ws/build/ur_simulation_gazebo': CMAKE_PREFIX_PATH=${CMAKE_PREFIX_PATH}:/home/nithish/ur10e_ws/install/servo_control:/home/nithish/ws_moveit2/install/moveit_configs_utils:/home/nithish/robotic_arm_ws/install/path_planner:/opt/ros/humble /usr/bin/cmake --build /home/nithish/ur10e_ws/build/ur_simulation_gazebo -- -j12 -l12
[1.014s] DEBUG:colcon.colcon_core.event_handler.log_command:Invoked command in '/home/nithish/ur10e_ws/build/my_moveit_config' returned '0': CMAKE_PREFIX_PATH=${CMAKE_PREFIX_PATH}:/home/nithish/ur10e_ws/install/servo_control:/home/nithish/ws_moveit2/install/moveit_configs_utils:/home/nithish/robotic_arm_ws/install/path_planner:/opt/ros/humble /usr/bin/cmake /home/nithish/ur10e_ws/src/my_moveit_config -DCMAKE_INSTALL_PREFIX=/home/nithish/ur10e_ws/install/my_moveit_config
[1.015s] DEBUG:colcon.colcon_core.event_handler.log_command:Invoking command in '/home/nithish/ur10e_ws/build/my_moveit_config': CMAKE_PREFIX_PATH=${CMAKE_PREFIX_PATH}:/home/nithish/ur10e_ws/install/servo_control:/home/nithish/ws_moveit2/install/moveit_configs_utils:/home/nithish/robotic_arm_ws/install/path_planner:/opt/ros/humble /usr/bin/cmake --build /home/nithish/ur10e_ws/build/my_moveit_config -- -j12 -l12
[1.101s] DEBUG:colcon.colcon_core.event_handler.log_command:Invoked command in '/home/nithish/ur10e_ws/build/my_moveit_config' returned '0': CMAKE_PREFIX_PATH=${CMAKE_PREFIX_PATH}:/home/nithish/ur10e_ws/install/servo_control:/home/nithish/ws_moveit2/install/moveit_configs_utils:/home/nithish/robotic_arm_ws/install/path_planner:/opt/ros/humble /usr/bin/cmake --build /home/nithish/ur10e_ws/build/my_moveit_config -- -j12 -l12
[1.118s] DEBUG:colcon.colcon_core.event_handler.log_command:Invoking command in '/home/nithish/ur10e_ws/build/my_moveit_config': CMAKE_PREFIX_PATH=${CMAKE_PREFIX_PATH}:/home/nithish/ur10e_ws/install/servo_control:/home/nithish/ws_moveit2/install/moveit_configs_utils:/home/nithish/robotic_arm_ws/install/path_planner:/opt/ros/humble /usr/bin/cmake --install /home/nithish/ur10e_ws/build/my_moveit_config
[1.120s] DEBUG:colcon.colcon_core.event_handler.log_command:Invoked command in '/home/nithish/ur10e_ws/build/ur_simulation_gazebo' returned '0': CMAKE_PREFIX_PATH=${CMAKE_PREFIX_PATH}:/home/nithish/ur10e_ws/install/servo_control:/home/nithish/ws_moveit2/install/moveit_configs_utils:/home/nithish/robotic_arm_ws/install/path_planner:/opt/ros/humble /usr/bin/cmake --build /home/nithish/ur10e_ws/build/ur_simulation_gazebo -- -j12 -l12
[1.124s] DEBUG:colcon.colcon_core.event_handler.log_command:Invoking command in '/home/nithish/ur10e_ws/build/ur_simulation_gazebo': CMAKE_PREFIX_PATH=${CMAKE_PREFIX_PATH}:/home/nithish/ur10e_ws/install/servo_control:/home/nithish/ws_moveit2/install/moveit_configs_utils:/home/nithish/robotic_arm_ws/install/path_planner:/opt/ros/humble /usr/bin/cmake --install /home/nithish/ur10e_ws/build/ur_simulation_gazebo
[1.172s] Level 1:colcon.colcon_core.environment:create_environment_scripts_only(ur_simulation_gazebo)
[1.173s] DEBUG:colcon.colcon_core.event_handler.log_command:Invoked command in '/home/nithish/ur10e_ws/build/ur_simulation_gazebo' returned '0': CMAKE_PREFIX_PATH=${CMAKE_PREFIX_PATH}:/home/nithish/ur10e_ws/install/servo_control:/home/nithish/ws_moveit2/install/moveit_configs_utils:/home/nithish/robotic_arm_ws/install/path_planner:/opt/ros/humble /usr/bin/cmake --install /home/nithish/ur10e_ws/build/ur_simulation_gazebo
[1.178s] Level 1:colcon.colcon_core.environment:checking '/home/nithish/ur10e_ws/install/ur_simulation_gazebo' for CMake module files
[1.179s] Level 1:colcon.colcon_core.environment:checking '/home/nithish/ur10e_ws/install/ur_simulation_gazebo' for CMake config files
[1.180s] Level 1:colcon.colcon_core.shell:create_environment_hook('ur_simulation_gazebo', 'cmake_prefix_path')
[1.181s] INFO:colcon.colcon_core.shell:Creating environment hook '/home/nithish/ur10e_ws/install/ur_simulation_gazebo/share/ur_simulation_gazebo/hook/cmake_prefix_path.ps1'
[1.183s] INFO:colcon.colcon_core.shell:Creating environment descriptor '/home/nithish/ur10e_ws/install/ur_simulation_gazebo/share/ur_simulation_gazebo/hook/cmake_prefix_path.dsv'
[1.184s] INFO:colcon.colcon_core.shell:Creating environment hook '/home/nithish/ur10e_ws/install/ur_simulation_gazebo/share/ur_simulation_gazebo/hook/cmake_prefix_path.sh'
[1.186s] Level 1:colcon.colcon_core.environment:checking '/home/nithish/ur10e_ws/install/ur_simulation_gazebo/bin'
[1.186s] Level 1:colcon.colcon_core.environment:checking '/home/nithish/ur10e_ws/install/ur_simulation_gazebo/lib/pkgconfig/ur_simulation_gazebo.pc'
[1.186s] Level 1:colcon.colcon_core.environment:checking '/home/nithish/ur10e_ws/install/ur_simulation_gazebo/lib/python3.10/site-packages'
[1.187s] Level 1:colcon.colcon_core.environment:checking '/home/nithish/ur10e_ws/install/ur_simulation_gazebo/bin'
[1.187s] INFO:colcon.colcon_core.shell:Creating package script '/home/nithish/ur10e_ws/install/ur_simulation_gazebo/share/ur_simulation_gazebo/package.ps1'
[1.189s] INFO:colcon.colcon_core.shell:Creating package descriptor '/home/nithish/ur10e_ws/install/ur_simulation_gazebo/share/ur_simulation_gazebo/package.dsv'
[1.190s] INFO:colcon.colcon_core.shell:Creating package script '/home/nithish/ur10e_ws/install/ur_simulation_gazebo/share/ur_simulation_gazebo/package.sh'
[1.191s] INFO:colcon.colcon_core.shell:Creating package script '/home/nithish/ur10e_ws/install/ur_simulation_gazebo/share/ur_simulation_gazebo/package.bash'
[1.192s] INFO:colcon.colcon_core.shell:Creating package script '/home/nithish/ur10e_ws/install/ur_simulation_gazebo/share/ur_simulation_gazebo/package.zsh'
[1.192s] Level 1:colcon.colcon_core.environment:create_file_with_runtime_dependencies(/home/nithish/ur10e_ws/install/ur_simulation_gazebo/share/colcon-core/packages/ur_simulation_gazebo)
[1.193s] Level 1:colcon.colcon_core.environment:create_environment_scripts_only(ur_simulation_gazebo)
[1.193s] Level 1:colcon.colcon_core.environment:checking '/home/nithish/ur10e_ws/install/ur_simulation_gazebo' for CMake module files
[1.194s] Level 1:colcon.colcon_core.environment:checking '/home/nithish/ur10e_ws/install/ur_simulation_gazebo' for CMake config files
[1.194s] Level 1:colcon.colcon_core.shell:create_environment_hook('ur_simulation_gazebo', 'cmake_prefix_path')
[1.196s] INFO:colcon.colcon_core.shell:Creating environment hook '/home/nithish/ur10e_ws/install/ur_simulation_gazebo/share/ur_simulation_gazebo/hook/cmake_prefix_path.ps1'
[1.197s] INFO:colcon.colcon_core.shell:Creating environment descriptor '/home/nithish/ur10e_ws/install/ur_simulation_gazebo/share/ur_simulation_gazebo/hook/cmake_prefix_path.dsv'
[1.198s] INFO:colcon.colcon_core.shell:Creating environment hook '/home/nithish/ur10e_ws/install/ur_simulation_gazebo/share/ur_simulation_gazebo/hook/cmake_prefix_path.sh'
[1.200s] Level 1:colcon.colcon_core.environment:checking '/home/nithish/ur10e_ws/install/ur_simulation_gazebo/bin'
[1.200s] Level 1:colcon.colcon_core.environment:checking '/home/nithish/ur10e_ws/install/ur_simulation_gazebo/lib/pkgconfig/ur_simulation_gazebo.pc'
[1.201s] Level 1:colcon.colcon_core.environment:checking '/home/nithish/ur10e_ws/install/ur_simulation_gazebo/lib/python3.10/site-packages'
[1.201s] Level 1:colcon.colcon_core.environment:checking '/home/nithish/ur10e_ws/install/ur_simulation_gazebo/bin'
[1.202s] INFO:colcon.colcon_core.shell:Creating package script '/home/nithish/ur10e_ws/install/ur_simulation_gazebo/share/ur_simulation_gazebo/package.ps1'
[1.203s] INFO:colcon.colcon_core.shell:Creating package descriptor '/home/nithish/ur10e_ws/install/ur_simulation_gazebo/share/ur_simulation_gazebo/package.dsv'
[1.204s] INFO:colcon.colcon_core.shell:Creating package script '/home/nithish/ur10e_ws/install/ur_simulation_gazebo/share/ur_simulation_gazebo/package.sh'
[1.205s] INFO:colcon.colcon_core.shell:Creating package script '/home/nithish/ur10e_ws/install/ur_simulation_gazebo/share/ur_simulation_gazebo/package.bash'
[1.206s] INFO:colcon.colcon_core.shell:Creating package script '/home/nithish/ur10e_ws/install/ur_simulation_gazebo/share/ur_simulation_gazebo/package.zsh'
[1.207s] Level 1:colcon.colcon_core.environment:create_file_with_runtime_dependencies(/home/nithish/ur10e_ws/install/ur_simulation_gazebo/share/colcon-core/packages/ur_simulation_gazebo)
[1.208s] INFO:colcon.colcon_ros.task.ament_cmake.build:Building ROS package in '/home/nithish/ur10e_ws/src/ros2_nr_motion_control' with build type 'ament_cmake'
[1.208s] INFO:colcon.colcon_cmake.task.cmake.build:Building CMake package in '/home/nithish/ur10e_ws/src/ros2_nr_motion_control'
[1.209s] INFO:colcon.colcon_core.shell:Skip shell extension 'powershell' for command environment: Not usable outside of PowerShell
[1.209s] DEBUG:colcon.colcon_core.shell:Skip shell extension 'dsv' for command environment
[1.224s] Level 1:colcon.colcon_core.environment:create_environment_scripts_only(my_moveit_config)
[1.225s] Level 1:colcon.colcon_core.environment:checking '/home/nithish/ur10e_ws/install/my_moveit_config' for CMake module files
[1.227s] DEBUG:colcon.colcon_core.event_handler.log_command:Invoked command in '/home/nithish/ur10e_ws/build/my_moveit_config' returned '0': CMAKE_PREFIX_PATH=${CMAKE_PREFIX_PATH}:/home/nithish/ur10e_ws/install/servo_control:/home/nithish/ws_moveit2/install/moveit_configs_utils:/home/nithish/robotic_arm_ws/install/path_planner:/opt/ros/humble /usr/bin/cmake --install /home/nithish/ur10e_ws/build/my_moveit_config
[1.227s] Level 1:colcon.colcon_core.environment:checking '/home/nithish/ur10e_ws/install/my_moveit_config' for CMake config files
[1.228s] Level 1:colcon.colcon_core.shell:create_environment_hook('my_moveit_config', 'cmake_prefix_path')
[1.230s] INFO:colcon.colcon_core.shell:Creating environment hook '/home/nithish/ur10e_ws/install/my_moveit_config/share/my_moveit_config/hook/cmake_prefix_path.ps1'
[1.231s] INFO:colcon.colcon_core.shell:Creating environment descriptor '/home/nithish/ur10e_ws/install/my_moveit_config/share/my_moveit_config/hook/cmake_prefix_path.dsv'
[1.232s] INFO:colcon.colcon_core.shell:Creating environment hook '/home/nithish/ur10e_ws/install/my_moveit_config/share/my_moveit_config/hook/cmake_prefix_path.sh'
[1.234s] Level 1:colcon.colcon_core.environment:checking '/home/nithish/ur10e_ws/install/my_moveit_config/bin'
[1.234s] Level 1:colcon.colcon_core.environment:checking '/home/nithish/ur10e_ws/install/my_moveit_config/lib/pkgconfig/my_moveit_config.pc'
[1.235s] Level 1:colcon.colcon_core.environment:checking '/home/nithish/ur10e_ws/install/my_moveit_config/lib/python3.10/site-packages'
[1.235s] Level 1:colcon.colcon_core.environment:checking '/home/nithish/ur10e_ws/install/my_moveit_config/bin'
[1.236s] INFO:colcon.colcon_core.shell:Creating package script '/home/nithish/ur10e_ws/install/my_moveit_config/share/my_moveit_config/package.ps1'
[1.237s] INFO:colcon.colcon_core.shell:Creating package descriptor '/home/nithish/ur10e_ws/install/my_moveit_config/share/my_moveit_config/package.dsv'
[1.237s] INFO:colcon.colcon_core.shell:Creating package script '/home/nithish/ur10e_ws/install/my_moveit_config/share/my_moveit_config/package.sh'
[1.238s] INFO:colcon.colcon_core.shell:Creating package script '/home/nithish/ur10e_ws/install/my_moveit_config/share/my_moveit_config/package.bash'
[1.239s] INFO:colcon.colcon_core.shell:Creating package script '/home/nithish/ur10e_ws/install/my_moveit_config/share/my_moveit_config/package.zsh'
[1.240s] Level 1:colcon.colcon_core.environment:create_file_with_runtime_dependencies(/home/nithish/ur10e_ws/install/my_moveit_config/share/colcon-core/packages/my_moveit_config)
[1.241s] Level 1:colcon.colcon_core.environment:create_environment_scripts_only(my_moveit_config)
[1.242s] Level 1:colcon.colcon_core.environment:checking '/home/nithish/ur10e_ws/install/my_moveit_config' for CMake module files
[1.243s] Level 1:colcon.colcon_core.environment:checking '/home/nithish/ur10e_ws/install/my_moveit_config' for CMake config files
[1.244s] Level 1:colcon.colcon_core.shell:create_environment_hook('my_moveit_config', 'cmake_prefix_path')
[1.244s] INFO:colcon.colcon_core.shell:Creating environment hook '/home/nithish/ur10e_ws/install/my_moveit_config/share/my_moveit_config/hook/cmake_prefix_path.ps1'
[1.246s] INFO:colcon.colcon_core.shell:Creating environment descriptor '/home/nithish/ur10e_ws/install/my_moveit_config/share/my_moveit_config/hook/cmake_prefix_path.dsv'
[1.248s] INFO:colcon.colcon_core.shell:Creating environment hook '/home/nithish/ur10e_ws/install/my_moveit_config/share/my_moveit_config/hook/cmake_prefix_path.sh'
[1.251s] Level 1:colcon.colcon_core.environment:checking '/home/nithish/ur10e_ws/install/my_moveit_config/bin'
[1.251s] Level 1:colcon.colcon_core.environment:checking '/home/nithish/ur10e_ws/install/my_moveit_config/lib/pkgconfig/my_moveit_config.pc'
[1.251s] Level 1:colcon.colcon_core.environment:checking '/home/nithish/ur10e_ws/install/my_moveit_config/lib/python3.10/site-packages'
[1.252s] Level 1:colcon.colcon_core.environment:checking '/home/nithish/ur10e_ws/install/my_moveit_config/bin'
[1.252s] INFO:colcon.colcon_core.shell:Creating package script '/home/nithish/ur10e_ws/install/my_moveit_config/share/my_moveit_config/package.ps1'
[1.254s] INFO:colcon.colcon_core.shell:Creating package descriptor '/home/nithish/ur10e_ws/install/my_moveit_config/share/my_moveit_config/package.dsv'
[1.255s] INFO:colcon.colcon_core.shell:Creating package script '/home/nithish/ur10e_ws/install/my_moveit_config/share/my_moveit_config/package.sh'
[1.256s] INFO:colcon.colcon_core.shell:Creating package script '/home/nithish/ur10e_ws/install/my_moveit_config/share/my_moveit_config/package.bash'
[1.257s] INFO:colcon.colcon_core.shell:Creating package script '/home/nithish/ur10e_ws/install/my_moveit_config/share/my_moveit_config/package.zsh'
[1.258s] Level 1:colcon.colcon_core.environment:create_file_with_runtime_dependencies(/home/nithish/ur10e_ws/install/my_moveit_config/share/colcon-core/packages/my_moveit_config)
[1.268s] DEBUG:colcon.colcon_core.event_handler.log_command:Invoking command in '/home/nithish/ur10e_ws/build/ros2_nr_motion_control': CMAKE_PREFIX_PATH=/home/nithish/ur10e_ws/install/ur_simulation_gazebo:/home/nithish/ur10e_ws/install/ros2_nr_motion_control:/home/nithish/ur10e_ws/install/my_moveit_config:/home/nithish/tesseract_ws/install/ur10e:/home/nithish/tesseract_ws/install/ur10e_sim:/home/nithish/tesseract_ws/install/ur10e_control:/home/nithish/tesseract_ws/install/ur10e_moveit_config:/home/nithish/tesseract_ws/install/ur10e_description:/home/nithish/tesseract_ws/install/moveit_task_constructor_visualization:/home/nithish/tesseract_ws/install/moveit_task_constructor_demo:/home/nithish/tesseract_ws/install/moveit_task_constructor_capabilities:/home/nithish/tesseract_ws/install/moveit_task_constructor_core:/home/nithish/tesseract_ws/install/rviz_marker_tools:/home/nithish/tesseract_ws/install/moveit_task_constructor_msgs:/home/nithish/tesseract_ws/install/ign_ros2_control:/home/nithish/ws_moveit2/install/pilz_industrial_motion_planner_testutils:/home/nithish/ws_moveit2/install/moveit_runtime:/home/nithish/ws_moveit2/install/moveit:/home/nithish/ws_moveit2/install/moveit_planners:/home/nithish/ws_moveit2/install/pilz_industrial_motion_planner:/home/nithish/ws_moveit2/install/moveit_ros_control_interface:/home/nithish/ws_moveit2/install/moveit_plugins:/home/nithish/ws_moveit2/install/moveit_simple_controller_manager:/home/nithish/ws_moveit2/install/moveit_setup_assistant:/home/nithish/ws_moveit2/install/moveit_setup_srdf_plugins:/home/nithish/ws_moveit2/install/moveit_setup_core_plugins:/home/nithish/ws_moveit2/install/moveit_setup_controllers:/home/nithish/ws_moveit2/install/moveit_setup_app_plugins:/home/nithish/ws_moveit2/install/moveit_setup_framework:/home/nithish/ws_moveit2/install/moveit_servo:/home/nithish/ws_moveit2/install/moveit_ros:/home/nithish/ws_moveit2/install/moveit_ros_visualization:/home/nithish/ws_moveit2/install/moveit_hybrid_planning:/home/nithish/ws_moveit2/install/moveit_ros_planning_interface:/home/nithish/ws_moveit2/install/moveit_ros_benchmarks:/home/nithish/ws_moveit2/install/moveit_ros_warehouse:/home/nithish/ws_moveit2/install/moveit_ros_robot_interaction:/home/nithish/ws_moveit2/install/moveit_ros_perception:/home/nithish/ws_moveit2/install/moveit_resources_prbt_pg70_support:/home/nithish/ws_moveit2/install/moveit_resources_prbt_moveit_config:/home/nithish/ws_moveit2/install/moveit_ros_move_group:/home/nithish/ws_moveit2/install/moveit_planners_ompl:/home/nithish/ws_moveit2/install/moveit_ros_planning:/home/nithish/ws_moveit2/install/moveit_ros_occupancy_map_monitor:/home/nithish/ws_moveit2/install/moveit_resources_prbt_support:/home/nithish/ws_moveit2/install/moveit_resources_prbt_ikfast_manipulator_plugin:/home/nithish/ws_moveit2/install/moveit_planners_chomp:/home/nithish/ws_moveit2/install/moveit_kinematics:/home/nithish/ws_moveit2/install/moveit_chomp_optimizer_adapter:/home/nithish/ws_moveit2/install/chomp_motion_planner:/home/nithish/ws_moveit2/install/moveit_core:/home/nithish/ws_moveit2/install/moveit_common:/home/nithish/rviz2_ws/install:/home/nithish/robotic_arm_ws/install/ur_simulation_gz:/home/nithish/robotic_arm_ws/install/ur:/home/nithish/robotic_arm_ws/install/ur_calibration:/home/nithish/robotic_arm_ws/install/ur_robot_driver:/home/nithish/robotic_arm_ws/install/ur_moveit_config:/home/nithish/robotic_arm_ws/install/ur_bringup:/home/nithish/robotic_arm_ws/install/ur_description:/home/nithish/robotic_arm_ws/install/ur_controllers:/home/nithish/robotic_arm_ws/install/ur_dashboard_msgs:/home/nithish/ur10e_ws/install/servo_control:/home/nithish/ws_moveit2/install/moveit_configs_utils:/home/nithish/robotic_arm_ws/install/path_planner:/opt/ros/humble /usr/bin/cmake /home/nithish/ur10e_ws/src/ros2_nr_motion_control -DCMAKE_INSTALL_PREFIX=/home/nithish/ur10e_ws/install/ros2_nr_motion_control
[1.619s] DEBUG:colcon.colcon_core.event_handler.log_command:Invoking command in '/home/nithish/ur10e_ws/build/servo_control': PYTHONPATH=/home/nithish/ur10e_ws/build/servo_control/prefix_override:/usr/lib/python3/dist-packages/colcon_core/task/python/colcon_distutils_commands:/home/nithish/ur10e_ws/install/servo_control/lib/python3.10/site-packages:${PYTHONPATH} /usr/bin/python3 -W ignore:setup.py install is deprecated -W ignore:easy_install command is deprecated setup.py develop --uninstall --editable --build-directory /home/nithish/ur10e_ws/build/servo_control/build
[2.366s] DEBUG:colcon.colcon_core.event_handler.log_command:Invoked command in '/home/nithish/ur10e_ws/build/ros2_nr_motion_control' returned '0': CMAKE_PREFIX_PATH=/home/nithish/ur10e_ws/install/ur_simulation_gazebo:/home/nithish/ur10e_ws/install/ros2_nr_motion_control:/home/nithish/ur10e_ws/install/my_moveit_config:/home/nithish/tesseract_ws/install/ur10e:/home/nithish/tesseract_ws/install/ur10e_sim:/home/nithish/tesseract_ws/install/ur10e_control:/home/nithish/tesseract_ws/install/ur10e_moveit_config:/home/nithish/tesseract_ws/install/ur10e_description:/home/nithish/tesseract_ws/install/moveit_task_constructor_visualization:/home/nithish/tesseract_ws/install/moveit_task_constructor_demo:/home/nithish/tesseract_ws/install/moveit_task_constructor_capabilities:/home/nithish/tesseract_ws/install/moveit_task_constructor_core:/home/nithish/tesseract_ws/install/rviz_marker_tools:/home/nithish/tesseract_ws/install/moveit_task_constructor_msgs:/home/nithish/tesseract_ws/install/ign_ros2_control:/home/nithish/ws_moveit2/install/pilz_industrial_motion_planner_testutils:/home/nithish/ws_moveit2/install/moveit_runtime:/home/nithish/ws_moveit2/install/moveit:/home/nithish/ws_moveit2/install/moveit_planners:/home/nithish/ws_moveit2/install/pilz_industrial_motion_planner:/home/nithish/ws_moveit2/install/moveit_ros_control_interface:/home/nithish/ws_moveit2/install/moveit_plugins:/home/nithish/ws_moveit2/install/moveit_simple_controller_manager:/home/nithish/ws_moveit2/install/moveit_setup_assistant:/home/nithish/ws_moveit2/install/moveit_setup_srdf_plugins:/home/nithish/ws_moveit2/install/moveit_setup_core_plugins:/home/nithish/ws_moveit2/install/moveit_setup_controllers:/home/nithish/ws_moveit2/install/moveit_setup_app_plugins:/home/nithish/ws_moveit2/install/moveit_setup_framework:/home/nithish/ws_moveit2/install/moveit_servo:/home/nithish/ws_moveit2/install/moveit_ros:/home/nithish/ws_moveit2/install/moveit_ros_visualization:/home/nithish/ws_moveit2/install/moveit_hybrid_planning:/home/nithish/ws_moveit2/install/moveit_ros_planning_interface:/home/nithish/ws_moveit2/install/moveit_ros_benchmarks:/home/nithish/ws_moveit2/install/moveit_ros_warehouse:/home/nithish/ws_moveit2/install/moveit_ros_robot_interaction:/home/nithish/ws_moveit2/install/moveit_ros_perception:/home/nithish/ws_moveit2/install/moveit_resources_prbt_pg70_support:/home/nithish/ws_moveit2/install/moveit_resources_prbt_moveit_config:/home/nithish/ws_moveit2/install/moveit_ros_move_group:/home/nithish/ws_moveit2/install/moveit_planners_ompl:/home/nithish/ws_moveit2/install/moveit_ros_planning:/home/nithish/ws_moveit2/install/moveit_ros_occupancy_map_monitor:/home/nithish/ws_moveit2/install/moveit_resources_prbt_support:/home/nithish/ws_moveit2/install/moveit_resources_prbt_ikfast_manipulator_plugin:/home/nithish/ws_moveit2/install/moveit_planners_chomp:/home/nithish/ws_moveit2/install/moveit_kinematics:/home/nithish/ws_moveit2/install/moveit_chomp_optimizer_adapter:/home/nithish/ws_moveit2/install/chomp_motion_planner:/home/nithish/ws_moveit2/install/moveit_core:/home/nithish/ws_moveit2/install/moveit_common:/home/nithish/rviz2_ws/install:/home/nithish/robotic_arm_ws/install/ur_simulation_gz:/home/nithish/robotic_arm_ws/install/ur:/home/nithish/robotic_arm_ws/install/ur_calibration:/home/nithish/robotic_arm_ws/install/ur_robot_driver:/home/nithish/robotic_arm_ws/install/ur_moveit_config:/home/nithish/robotic_arm_ws/install/ur_bringup:/home/nithish/robotic_arm_ws/install/ur_description:/home/nithish/robotic_arm_ws/install/ur_controllers:/home/nithish/robotic_arm_ws/install/ur_dashboard_msgs:/home/nithish/ur10e_ws/install/servo_control:/home/nithish/ws_moveit2/install/moveit_configs_utils:/home/nithish/robotic_arm_ws/install/path_planner:/opt/ros/humble /usr/bin/cmake /home/nithish/ur10e_ws/src/ros2_nr_motion_control -DCMAKE_INSTALL_PREFIX=/home/nithish/ur10e_ws/install/ros2_nr_motion_control
[2.369s] DEBUG:colcon.colcon_core.event_handler.log_command:Invoking command in '/home/nithish/ur10e_ws/build/ros2_nr_motion_control': CMAKE_PREFIX_PATH=/home/nithish/ur10e_ws/install/ur_simulation_gazebo:/home/nithish/ur10e_ws/install/ros2_nr_motion_control:/home/nithish/ur10e_ws/install/my_moveit_config:/home/nithish/tesseract_ws/install/ur10e:/home/nithish/tesseract_ws/install/ur10e_sim:/home/nithish/tesseract_ws/install/ur10e_control:/home/nithish/tesseract_ws/install/ur10e_moveit_config:/home/nithish/tesseract_ws/install/ur10e_description:/home/nithish/tesseract_ws/install/moveit_task_constructor_visualization:/home/nithish/tesseract_ws/install/moveit_task_constructor_demo:/home/nithish/tesseract_ws/install/moveit_task_constructor_capabilities:/home/nithish/tesseract_ws/install/moveit_task_constructor_core:/home/nithish/tesseract_ws/install/rviz_marker_tools:/home/nithish/tesseract_ws/install/moveit_task_constructor_msgs:/home/nithish/tesseract_ws/install/ign_ros2_control:/home/nithish/ws_moveit2/install/pilz_industrial_motion_planner_testutils:/home/nithish/ws_moveit2/install/moveit_runtime:/home/nithish/ws_moveit2/install/moveit:/home/nithish/ws_moveit2/install/moveit_planners:/home/nithish/ws_moveit2/install/pilz_industrial_motion_planner:/home/nithish/ws_moveit2/install/moveit_ros_control_interface:/home/nithish/ws_moveit2/install/moveit_plugins:/home/nithish/ws_moveit2/install/moveit_simple_controller_manager:/home/nithish/ws_moveit2/install/moveit_setup_assistant:/home/nithish/ws_moveit2/install/moveit_setup_srdf_plugins:/home/nithish/ws_moveit2/install/moveit_setup_core_plugins:/home/nithish/ws_moveit2/install/moveit_setup_controllers:/home/nithish/ws_moveit2/install/moveit_setup_app_plugins:/home/nithish/ws_moveit2/install/moveit_setup_framework:/home/nithish/ws_moveit2/install/moveit_servo:/home/nithish/ws_moveit2/install/moveit_ros:/home/nithish/ws_moveit2/install/moveit_ros_visualization:/home/nithish/ws_moveit2/install/moveit_hybrid_planning:/home/nithish/ws_moveit2/install/moveit_ros_planning_interface:/home/nithish/ws_moveit2/install/moveit_ros_benchmarks:/home/nithish/ws_moveit2/install/moveit_ros_warehouse:/home/nithish/ws_moveit2/install/moveit_ros_robot_interaction:/home/nithish/ws_moveit2/install/moveit_ros_perception:/home/nithish/ws_moveit2/install/moveit_resources_prbt_pg70_support:/home/nithish/ws_moveit2/install/moveit_resources_prbt_moveit_config:/home/nithish/ws_moveit2/install/moveit_ros_move_group:/home/nithish/ws_moveit2/install/moveit_planners_ompl:/home/nithish/ws_moveit2/install/moveit_ros_planning:/home/nithish/ws_moveit2/install/moveit_ros_occupancy_map_monitor:/home/nithish/ws_moveit2/install/moveit_resources_prbt_support:/home/nithish/ws_moveit2/install/moveit_resources_prbt_ikfast_manipulator_plugin:/home/nithish/ws_moveit2/install/moveit_planners_chomp:/home/nithish/ws_moveit2/install/moveit_kinematics:/home/nithish/ws_moveit2/install/moveit_chomp_optimizer_adapter:/home/nithish/ws_moveit2/install/chomp_motion_planner:/home/nithish/ws_moveit2/install/moveit_core:/home/nithish/ws_moveit2/install/moveit_common:/home/nithish/rviz2_ws/install:/home/nithish/robotic_arm_ws/install/ur_simulation_gz:/home/nithish/robotic_arm_ws/install/ur:/home/nithish/robotic_arm_ws/install/ur_calibration:/home/nithish/robotic_arm_ws/install/ur_robot_driver:/home/nithish/robotic_arm_ws/install/ur_moveit_config:/home/nithish/robotic_arm_ws/install/ur_bringup:/home/nithish/robotic_arm_ws/install/ur_description:/home/nithish/robotic_arm_ws/install/ur_controllers:/home/nithish/robotic_arm_ws/install/ur_dashboard_msgs:/home/nithish/ur10e_ws/install/servo_control:/home/nithish/ws_moveit2/install/moveit_configs_utils:/home/nithish/robotic_arm_ws/install/path_planner:/opt/ros/humble /usr/bin/cmake --build /home/nithish/ur10e_ws/build/ros2_nr_motion_control -- -j12 -l12
[2.375s] DEBUG:colcon.colcon_core.event_handler.log_command:Invoked command in '/home/nithish/ur10e_ws/build/servo_control' returned '0': PYTHONPATH=/home/nithish/ur10e_ws/build/servo_control/prefix_override:/usr/lib/python3/dist-packages/colcon_core/task/python/colcon_distutils_commands:/home/nithish/ur10e_ws/install/servo_control/lib/python3.10/site-packages:${PYTHONPATH} /usr/bin/python3 -W ignore:setup.py install is deprecated -W ignore:easy_install command is deprecated setup.py develop --uninstall --editable --build-directory /home/nithish/ur10e_ws/build/servo_control/build
[2.379s] DEBUG:colcon.colcon_core.event_handler.log_command:Invoking command in '/home/nithish/ur10e_ws/src/servo_control': PYTHONPATH=/home/nithish/ur10e_ws/build/servo_control/prefix_override:/usr/lib/python3/dist-packages/colcon_core/task/python/colcon_distutils_commands:/home/nithish/ur10e_ws/install/servo_control/lib/python3.10/site-packages:${PYTHONPATH} /usr/bin/python3 -W ignore:setup.py install is deprecated -W ignore:easy_install command is deprecated setup.py egg_info --egg-base ../../build/servo_control build --build-base /home/nithish/ur10e_ws/build/servo_control/build install --record /home/nithish/ur10e_ws/build/servo_control/install.log --single-version-externally-managed install_data --force
[3.170s] Level 1:colcon.colcon_core.environment:checking '/home/nithish/ur10e_ws/install/servo_control' for CMake module files
[3.171s] DEBUG:colcon.colcon_core.event_handler.log_command:Invoked command in '/home/nithish/ur10e_ws/src/servo_control' returned '0': PYTHONPATH=/home/nithish/ur10e_ws/build/servo_control/prefix_override:/usr/lib/python3/dist-packages/colcon_core/task/python/colcon_distutils_commands:/home/nithish/ur10e_ws/install/servo_control/lib/python3.10/site-packages:${PYTHONPATH} /usr/bin/python3 -W ignore:setup.py install is deprecated -W ignore:easy_install command is deprecated setup.py egg_info --egg-base ../../build/servo_control build --build-base /home/nithish/ur10e_ws/build/servo_control/build install --record /home/nithish/ur10e_ws/build/servo_control/install.log --single-version-externally-managed install_data --force
[3.172s] Level 1:colcon.colcon_core.environment:checking '/home/nithish/ur10e_ws/install/servo_control' for CMake config files
[3.173s] Level 1:colcon.colcon_core.environment:checking '/home/nithish/ur10e_ws/install/servo_control/lib'
[3.173s] Level 1:colcon.colcon_core.environment:checking '/home/nithish/ur10e_ws/install/servo_control/bin'
[3.173s] Level 1:colcon.colcon_core.environment:checking '/home/nithish/ur10e_ws/install/servo_control/lib/pkgconfig/servo_control.pc'
[3.174s] Level 1:colcon.colcon_core.environment:checking '/home/nithish/ur10e_ws/install/servo_control/lib/python3.10/site-packages'
[3.174s] Level 1:colcon.colcon_core.shell:create_environment_hook('servo_control', 'pythonpath')
[3.175s] INFO:colcon.colcon_core.shell:Creating environment hook '/home/nithish/ur10e_ws/install/servo_control/share/servo_control/hook/pythonpath.ps1'
[3.176s] INFO:colcon.colcon_core.shell:Creating environment descriptor '/home/nithish/ur10e_ws/install/servo_control/share/servo_control/hook/pythonpath.dsv'
[3.177s] INFO:colcon.colcon_core.shell:Creating environment hook '/home/nithish/ur10e_ws/install/servo_control/share/servo_control/hook/pythonpath.sh'
[3.178s] Level 1:colcon.colcon_core.environment:checking '/home/nithish/ur10e_ws/install/servo_control/bin'
[3.178s] Level 1:colcon.colcon_core.environment:create_environment_scripts_only(servo_control)
[3.179s] INFO:colcon.colcon_core.shell:Creating package script '/home/nithish/ur10e_ws/install/servo_control/share/servo_control/package.ps1'
[3.181s] INFO:colcon.colcon_core.shell:Creating package descriptor '/home/nithish/ur10e_ws/install/servo_control/share/servo_control/package.dsv'
[3.182s] INFO:colcon.colcon_core.shell:Creating package script '/home/nithish/ur10e_ws/install/servo_control/share/servo_control/package.sh'
[3.183s] INFO:colcon.colcon_core.shell:Creating package script '/home/nithish/ur10e_ws/install/servo_control/share/servo_control/package.bash'
[3.184s] INFO:colcon.colcon_core.shell:Creating package script '/home/nithish/ur10e_ws/install/servo_control/share/servo_control/package.zsh'
[3.184s] Level 1:colcon.colcon_core.environment:create_file_with_runtime_dependencies(/home/nithish/ur10e_ws/install/servo_control/share/colcon-core/packages/servo_control)
[17.442s] DEBUG:colcon.colcon_core.event_handler.log_command:Invoked command in '/home/nithish/ur10e_ws/build/ros2_nr_motion_control' returned '0': CMAKE_PREFIX_PATH=/home/nithish/ur10e_ws/install/ur_simulation_gazebo:/home/nithish/ur10e_ws/install/ros2_nr_motion_control:/home/nithish/ur10e_ws/install/my_moveit_config:/home/nithish/tesseract_ws/install/ur10e:/home/nithish/tesseract_ws/install/ur10e_sim:/home/nithish/tesseract_ws/install/ur10e_control:/home/nithish/tesseract_ws/install/ur10e_moveit_config:/home/nithish/tesseract_ws/install/ur10e_description:/home/nithish/tesseract_ws/install/moveit_task_constructor_visualization:/home/nithish/tesseract_ws/install/moveit_task_constructor_demo:/home/nithish/tesseract_ws/install/moveit_task_constructor_capabilities:/home/nithish/tesseract_ws/install/moveit_task_constructor_core:/home/nithish/tesseract_ws/install/rviz_marker_tools:/home/nithish/tesseract_ws/install/moveit_task_constructor_msgs:/home/nithish/tesseract_ws/install/ign_ros2_control:/home/nithish/ws_moveit2/install/pilz_industrial_motion_planner_testutils:/home/nithish/ws_moveit2/install/moveit_runtime:/home/nithish/ws_moveit2/install/moveit:/home/nithish/ws_moveit2/install/moveit_planners:/home/nithish/ws_moveit2/install/pilz_industrial_motion_planner:/home/nithish/ws_moveit2/install/moveit_ros_control_interface:/home/nithish/ws_moveit2/install/moveit_plugins:/home/nithish/ws_moveit2/install/moveit_simple_controller_manager:/home/nithish/ws_moveit2/install/moveit_setup_assistant:/home/nithish/ws_moveit2/install/moveit_setup_srdf_plugins:/home/nithish/ws_moveit2/install/moveit_setup_core_plugins:/home/nithish/ws_moveit2/install/moveit_setup_controllers:/home/nithish/ws_moveit2/install/moveit_setup_app_plugins:/home/nithish/ws_moveit2/install/moveit_setup_framework:/home/nithish/ws_moveit2/install/moveit_servo:/home/nithish/ws_moveit2/install/moveit_ros:/home/nithish/ws_moveit2/install/moveit_ros_visualization:/home/nithish/ws_moveit2/install/moveit_hybrid_planning:/home/nithish/ws_moveit2/install/moveit_ros_planning_interface:/home/nithish/ws_moveit2/install/moveit_ros_benchmarks:/home/nithish/ws_moveit2/install/moveit_ros_warehouse:/home/nithish/ws_moveit2/install/moveit_ros_robot_interaction:/home/nithish/ws_moveit2/install/moveit_ros_perception:/home/nithish/ws_moveit2/install/moveit_resources_prbt_pg70_support:/home/nithish/ws_moveit2/install/moveit_resources_prbt_moveit_config:/home/nithish/ws_moveit2/install/moveit_ros_move_group:/home/nithish/ws_moveit2/install/moveit_planners_ompl:/home/nithish/ws_moveit2/install/moveit_ros_planning:/home/nithish/ws_moveit2/install/moveit_ros_occupancy_map_monitor:/home/nithish/ws_moveit2/install/moveit_resources_prbt_support:/home/nithish/ws_moveit2/install/moveit_resources_prbt_ikfast_manipulator_plugin:/home/nithish/ws_moveit2/install/moveit_planners_chomp:/home/nithish/ws_moveit2/install/moveit_kinematics:/home/nithish/ws_moveit2/install/moveit_chomp_optimizer_adapter:/home/nithish/ws_moveit2/install/chomp_motion_planner:/home/nithish/ws_moveit2/install/moveit_core:/home/nithish/ws_moveit2/install/moveit_common:/home/nithish/rviz2_ws/install:/home/nithish/robotic_arm_ws/install/ur_simulation_gz:/home/nithish/robotic_arm_ws/install/ur:/home/nithish/robotic_arm_ws/install/ur_calibration:/home/nithish/robotic_arm_ws/install/ur_robot_driver:/home/nithish/robotic_arm_ws/install/ur_moveit_config:/home/nithish/robotic_arm_ws/install/ur_bringup:/home/nithish/robotic_arm_ws/install/ur_description:/home/nithish/robotic_arm_ws/install/ur_controllers:/home/nithish/robotic_arm_ws/install/ur_dashboard_msgs:/home/nithish/ur10e_ws/install/servo_control:/home/nithish/ws_moveit2/install/moveit_configs_utils:/home/nithish/robotic_arm_ws/install/path_planner:/opt/ros/humble /usr/bin/cmake --build /home/nithish/ur10e_ws/build/ros2_nr_motion_control -- -j12 -l12
[17.446s] DEBUG:colcon.colcon_core.event_handler.log_command:Invoking command in '/home/nithish/ur10e_ws/build/ros2_nr_motion_control': CMAKE_PREFIX_PATH=/home/nithish/ur10e_ws/install/ur_simulation_gazebo:/home/nithish/ur10e_ws/install/ros2_nr_motion_control:/home/nithish/ur10e_ws/install/my_moveit_config:/home/nithish/tesseract_ws/install/ur10e:/home/nithish/tesseract_ws/install/ur10e_sim:/home/nithish/tesseract_ws/install/ur10e_control:/home/nithish/tesseract_ws/install/ur10e_moveit_config:/home/nithish/tesseract_ws/install/ur10e_description:/home/nithish/tesseract_ws/install/moveit_task_constructor_visualization:/home/nithish/tesseract_ws/install/moveit_task_constructor_demo:/home/nithish/tesseract_ws/install/moveit_task_constructor_capabilities:/home/nithish/tesseract_ws/install/moveit_task_constructor_core:/home/nithish/tesseract_ws/install/rviz_marker_tools:/home/nithish/tesseract_ws/install/moveit_task_constructor_msgs:/home/nithish/tesseract_ws/install/ign_ros2_control:/home/nithish/ws_moveit2/install/pilz_industrial_motion_planner_testutils:/home/nithish/ws_moveit2/install/moveit_runtime:/home/nithish/ws_moveit2/install/moveit:/home/nithish/ws_moveit2/install/moveit_planners:/home/nithish/ws_moveit2/install/pilz_industrial_motion_planner:/home/nithish/ws_moveit2/install/moveit_ros_control_interface:/home/nithish/ws_moveit2/install/moveit_plugins:/home/nithish/ws_moveit2/install/moveit_simple_controller_manager:/home/nithish/ws_moveit2/install/moveit_setup_assistant:/home/nithish/ws_moveit2/install/moveit_setup_srdf_plugins:/home/nithish/ws_moveit2/install/moveit_setup_core_plugins:/home/nithish/ws_moveit2/install/moveit_setup_controllers:/home/nithish/ws_moveit2/install/moveit_setup_app_plugins:/home/nithish/ws_moveit2/install/moveit_setup_framework:/home/nithish/ws_moveit2/install/moveit_servo:/home/nithish/ws_moveit2/install/moveit_ros:/home/nithish/ws_moveit2/install/moveit_ros_visualization:/home/nithish/ws_moveit2/install/moveit_hybrid_planning:/home/nithish/ws_moveit2/install/moveit_ros_planning_interface:/home/nithish/ws_moveit2/install/moveit_ros_benchmarks:/home/nithish/ws_moveit2/install/moveit_ros_warehouse:/home/nithish/ws_moveit2/install/moveit_ros_robot_interaction:/home/nithish/ws_moveit2/install/moveit_ros_perception:/home/nithish/ws_moveit2/install/moveit_resources_prbt_pg70_support:/home/nithish/ws_moveit2/install/moveit_resources_prbt_moveit_config:/home/nithish/ws_moveit2/install/moveit_ros_move_group:/home/nithish/ws_moveit2/install/moveit_planners_ompl:/home/nithish/ws_moveit2/install/moveit_ros_planning:/home/nithish/ws_moveit2/install/moveit_ros_occupancy_map_monitor:/home/nithish/ws_moveit2/install/moveit_resources_prbt_support:/home/nithish/ws_moveit2/install/moveit_resources_prbt_ikfast_manipulator_plugin:/home/nithish/ws_moveit2/install/moveit_planners_chomp:/home/nithish/ws_moveit2/install/moveit_kinematics:/home/nithish/ws_moveit2/install/moveit_chomp_optimizer_adapter:/home/nithish/ws_moveit2/install/chomp_motion_planner:/home/nithish/ws_moveit2/install/moveit_core:/home/nithish/ws_moveit2/install/moveit_common:/home/nithish/rviz2_ws/install:/home/nithish/robotic_arm_ws/install/ur_simulation_gz:/home/nithish/robotic_arm_ws/install/ur:/home/nithish/robotic_arm_ws/install/ur_calibration:/home/nithish/robotic_arm_ws/install/ur_robot_driver:/home/nithish/robotic_arm_ws/install/ur_moveit_config:/home/nithish/robotic_arm_ws/install/ur_bringup:/home/nithish/robotic_arm_ws/install/ur_description:/home/nithish/robotic_arm_ws/install/ur_controllers:/home/nithish/robotic_arm_ws/install/ur_dashboard_msgs:/home/nithish/ur10e_ws/install/servo_control:/home/nithish/ws_moveit2/install/moveit_configs_utils:/home/nithish/robotic_arm_ws/install/path_planner:/opt/ros/humble /usr/bin/cmake --install /home/nithish/ur10e_ws/build/ros2_nr_motion_control
[17.485s] Level 1:colcon.colcon_core.environment:create_environment_scripts_only(ros2_nr_motion_control)
[17.485s] Level 1:colcon.colcon_core.environment:checking '/home/nithish/ur10e_ws/install/ros2_nr_motion_control' for CMake module files
[17.486s] DEBUG:colcon.colcon_core.event_handler.log_command:Invoked command in '/home/nithish/ur10e_ws/build/ros2_nr_motion_control' returned '0': CMAKE_PREFIX_PATH=/home/nithish/ur10e_ws/install/ur_simulation_gazebo:/home/nithish/ur10e_ws/install/ros2_nr_motion_control:/home/nithish/ur10e_ws/install/my_moveit_config:/home/nithish/tesseract_ws/install/ur10e:/home/nithish/tesseract_ws/install/ur10e_sim:/home/nithish/tesseract_ws/install/ur10e_control:/home/nithish/tesseract_ws/install/ur10e_moveit_config:/home/nithish/tesseract_ws/install/ur10e_description:/home/nithish/tesseract_ws/install/moveit_task_constructor_visualization:/home/nithish/tesseract_ws/install/moveit_task_constructor_demo:/home/nithish/tesseract_ws/install/moveit_task_constructor_capabilities:/home/nithish/tesseract_ws/install/moveit_task_constructor_core:/home/nithish/tesseract_ws/install/rviz_marker_tools:/home/nithish/tesseract_ws/install/moveit_task_constructor_msgs:/home/nithish/tesseract_ws/install/ign_ros2_control:/home/nithish/ws_moveit2/install/pilz_industrial_motion_planner_testutils:/home/nithish/ws_moveit2/install/moveit_runtime:/home/nithish/ws_moveit2/install/moveit:/home/nithish/ws_moveit2/install/moveit_planners:/home/nithish/ws_moveit2/install/pilz_industrial_motion_planner:/home/nithish/ws_moveit2/install/moveit_ros_control_interface:/home/nithish/ws_moveit2/install/moveit_plugins:/home/nithish/ws_moveit2/install/moveit_simple_controller_manager:/home/nithish/ws_moveit2/install/moveit_setup_assistant:/home/nithish/ws_moveit2/install/moveit_setup_srdf_plugins:/home/nithish/ws_moveit2/install/moveit_setup_core_plugins:/home/nithish/ws_moveit2/install/moveit_setup_controllers:/home/nithish/ws_moveit2/install/moveit_setup_app_plugins:/home/nithish/ws_moveit2/install/moveit_setup_framework:/home/nithish/ws_moveit2/install/moveit_servo:/home/nithish/ws_moveit2/install/moveit_ros:/home/nithish/ws_moveit2/install/moveit_ros_visualization:/home/nithish/ws_moveit2/install/moveit_hybrid_planning:/home/nithish/ws_moveit2/install/moveit_ros_planning_interface:/home/nithish/ws_moveit2/install/moveit_ros_benchmarks:/home/nithish/ws_moveit2/install/moveit_ros_warehouse:/home/nithish/ws_moveit2/install/moveit_ros_robot_interaction:/home/nithish/ws_moveit2/install/moveit_ros_perception:/home/nithish/ws_moveit2/install/moveit_resources_prbt_pg70_support:/home/nithish/ws_moveit2/install/moveit_resources_prbt_moveit_config:/home/nithish/ws_moveit2/install/moveit_ros_move_group:/home/nithish/ws_moveit2/install/moveit_planners_ompl:/home/nithish/ws_moveit2/install/moveit_ros_planning:/home/nithish/ws_moveit2/install/moveit_ros_occupancy_map_monitor:/home/nithish/ws_moveit2/install/moveit_resources_prbt_support:/home/nithish/ws_moveit2/install/moveit_resources_prbt_ikfast_manipulator_plugin:/home/nithish/ws_moveit2/install/moveit_planners_chomp:/home/nithish/ws_moveit2/install/moveit_kinematics:/home/nithish/ws_moveit2/install/moveit_chomp_optimizer_adapter:/home/nithish/ws_moveit2/install/chomp_motion_planner:/home/nithish/ws_moveit2/install/moveit_core:/home/nithish/ws_moveit2/install/moveit_common:/home/nithish/rviz2_ws/install:/home/nithish/robotic_arm_ws/install/ur_simulation_gz:/home/nithish/robotic_arm_ws/install/ur:/home/nithish/robotic_arm_ws/install/ur_calibration:/home/nithish/robotic_arm_ws/install/ur_robot_driver:/home/nithish/robotic_arm_ws/install/ur_moveit_config:/home/nithish/robotic_arm_ws/install/ur_bringup:/home/nithish/robotic_arm_ws/install/ur_description:/home/nithish/robotic_arm_ws/install/ur_controllers:/home/nithish/robotic_arm_ws/install/ur_dashboard_msgs:/home/nithish/ur10e_ws/install/servo_control:/home/nithish/ws_moveit2/install/moveit_configs_utils:/home/nithish/robotic_arm_ws/install/path_planner:/opt/ros/humble /usr/bin/cmake --install /home/nithish/ur10e_ws/build/ros2_nr_motion_control
[17.487s] Level 1:colcon.colcon_core.environment:checking '/home/nithish/ur10e_ws/install/ros2_nr_motion_control' for CMake config files
[17.487s] Level 1:colcon.colcon_core.shell:create_environment_hook('ros2_nr_motion_control', 'cmake_prefix_path')
[17.487s] INFO:colcon.colcon_core.shell:Creating environment hook '/home/nithish/ur10e_ws/install/ros2_nr_motion_control/share/ros2_nr_motion_control/hook/cmake_prefix_path.ps1'
[17.488s] INFO:colcon.colcon_core.shell:Creating environment descriptor '/home/nithish/ur10e_ws/install/ros2_nr_motion_control/share/ros2_nr_motion_control/hook/cmake_prefix_path.dsv'
[17.488s] INFO:colcon.colcon_core.shell:Creating environment hook '/home/nithish/ur10e_ws/install/ros2_nr_motion_control/share/ros2_nr_motion_control/hook/cmake_prefix_path.sh'
[17.489s] Level 1:colcon.colcon_core.environment:checking '/home/nithish/ur10e_ws/install/ros2_nr_motion_control/lib'
[17.489s] Level 1:colcon.colcon_core.environment:checking '/home/nithish/ur10e_ws/install/ros2_nr_motion_control/bin'
[17.489s] Level 1:colcon.colcon_core.environment:checking '/home/nithish/ur10e_ws/install/ros2_nr_motion_control/lib/pkgconfig/ros2_nr_motion_control.pc'
[17.489s] Level 1:colcon.colcon_core.environment:checking '/home/nithish/ur10e_ws/install/ros2_nr_motion_control/lib/python3.10/site-packages'
[17.489s] Level 1:colcon.colcon_core.environment:checking '/home/nithish/ur10e_ws/install/ros2_nr_motion_control/bin'
[17.490s] INFO:colcon.colcon_core.shell:Creating package script '/home/nithish/ur10e_ws/install/ros2_nr_motion_control/share/ros2_nr_motion_control/package.ps1'
[17.490s] INFO:colcon.colcon_core.shell:Creating package descriptor '/home/nithish/ur10e_ws/install/ros2_nr_motion_control/share/ros2_nr_motion_control/package.dsv'
[17.491s] INFO:colcon.colcon_core.shell:Creating package script '/home/nithish/ur10e_ws/install/ros2_nr_motion_control/share/ros2_nr_motion_control/package.sh'
[17.491s] INFO:colcon.colcon_core.shell:Creating package script '/home/nithish/ur10e_ws/install/ros2_nr_motion_control/share/ros2_nr_motion_control/package.bash'
[17.491s] INFO:colcon.colcon_core.shell:Creating package script '/home/nithish/ur10e_ws/install/ros2_nr_motion_control/share/ros2_nr_motion_control/package.zsh'
[17.492s] Level 1:colcon.colcon_core.environment:create_file_with_runtime_dependencies(/home/nithish/ur10e_ws/install/ros2_nr_motion_control/share/colcon-core/packages/ros2_nr_motion_control)
[17.493s] Level 1:colcon.colcon_core.environment:create_environment_scripts_only(ros2_nr_motion_control)
[17.493s] Level 1:colcon.colcon_core.environment:checking '/home/nithish/ur10e_ws/install/ros2_nr_motion_control' for CMake module files
[17.494s] Level 1:colcon.colcon_core.environment:checking '/home/nithish/ur10e_ws/install/ros2_nr_motion_control' for CMake config files
[17.494s] Level 1:colcon.colcon_core.shell:create_environment_hook('ros2_nr_motion_control', 'cmake_prefix_path')
[17.495s] INFO:colcon.colcon_core.shell:Creating environment hook '/home/nithish/ur10e_ws/install/ros2_nr_motion_control/share/ros2_nr_motion_control/hook/cmake_prefix_path.ps1'
[17.495s] INFO:colcon.colcon_core.shell:Creating environment descriptor '/home/nithish/ur10e_ws/install/ros2_nr_motion_control/share/ros2_nr_motion_control/hook/cmake_prefix_path.dsv'
[17.495s] INFO:colcon.colcon_core.shell:Creating environment hook '/home/nithish/ur10e_ws/install/ros2_nr_motion_control/share/ros2_nr_motion_control/hook/cmake_prefix_path.sh'
[17.496s] Level 1:colcon.colcon_core.environment:checking '/home/nithish/ur10e_ws/install/ros2_nr_motion_control/lib'
[17.496s] Level 1:colcon.colcon_core.environment:checking '/home/nithish/ur10e_ws/install/ros2_nr_motion_control/bin'
[17.496s] Level 1:colcon.colcon_core.environment:checking '/home/nithish/ur10e_ws/install/ros2_nr_motion_control/lib/pkgconfig/ros2_nr_motion_control.pc'
[17.496s] Level 1:colcon.colcon_core.environment:checking '/home/nithish/ur10e_ws/install/ros2_nr_motion_control/lib/python3.10/site-packages'
[17.497s] Level 1:colcon.colcon_core.environment:checking '/home/nithish/ur10e_ws/install/ros2_nr_motion_control/bin'
[17.497s] INFO:colcon.colcon_core.shell:Creating package script '/home/nithish/ur10e_ws/install/ros2_nr_motion_control/share/ros2_nr_motion_control/package.ps1'
[17.497s] INFO:colcon.colcon_core.shell:Creating package descriptor '/home/nithish/ur10e_ws/install/ros2_nr_motion_control/share/ros2_nr_motion_control/package.dsv'
[17.498s] INFO:colcon.colcon_core.shell:Creating package script '/home/nithish/ur10e_ws/install/ros2_nr_motion_control/share/ros2_nr_motion_control/package.sh'
[17.498s] INFO:colcon.colcon_core.shell:Creating package script '/home/nithish/ur10e_ws/install/ros2_nr_motion_control/share/ros2_nr_motion_control/package.bash'
[17.499s] INFO:colcon.colcon_core.shell:Creating package script '/home/nithish/ur10e_ws/install/ros2_nr_motion_control/share/ros2_nr_motion_control/package.zsh'
[17.499s] Level 1:colcon.colcon_core.environment:create_file_with_runtime_dependencies(/home/nithish/ur10e_ws/install/ros2_nr_motion_control/share/colcon-core/packages/ros2_nr_motion_control)
[17.500s] DEBUG:colcon.colcon_parallel_executor.executor.parallel:closing loop
[17.501s] DEBUG:colcon.colcon_parallel_executor.executor.parallel:loop closed
[17.501s] DEBUG:colcon.colcon_parallel_executor.executor.parallel:run_until_complete finished with '0'
[17.502s] DEBUG:colcon.colcon_core.event_reactor:joining thread
[17.511s] INFO:colcon.colcon_core.plugin_system:Skipping extension 'colcon_notification.desktop_notification.terminal_notifier': Not used on non-Darwin systems
[17.511s] INFO:colcon.colcon_core.plugin_system:Skipping extension 'colcon_notification.desktop_notification.win32': Not used on non-Windows systems
[17.511s] INFO:colcon.colcon_notification.desktop_notification:Sending desktop notification using 'notify2'
[17.529s] DEBUG:colcon.colcon_core.event_reactor:joined thread
[17.529s] INFO:colcon.colcon_core.shell:Creating prefix script '/home/nithish/ur10e_ws/install/local_setup.ps1'
[17.530s] INFO:colcon.colcon_core.shell:Creating prefix util module '/home/nithish/ur10e_ws/install/_local_setup_util_ps1.py'
[17.531s] INFO:colcon.colcon_core.shell:Creating prefix chain script '/home/nithish/ur10e_ws/install/setup.ps1'
[17.536s] INFO:colcon.colcon_core.shell:Creating prefix script '/home/nithish/ur10e_ws/install/local_setup.sh'
[17.537s] INFO:colcon.colcon_core.shell:Creating prefix util module '/home/nithish/ur10e_ws/install/_local_setup_util_sh.py'
[17.538s] INFO:colcon.colcon_core.shell:Creating prefix chain script '/home/nithish/ur10e_ws/install/setup.sh'
[17.542s] INFO:colcon.colcon_core.shell:Creating prefix script '/home/nithish/ur10e_ws/install/local_setup.bash'
[17.543s] INFO:colcon.colcon_core.shell:Creating prefix chain script '/home/nithish/ur10e_ws/install/setup.bash'
[17.546s] INFO:colcon.colcon_core.shell:Creating prefix script '/home/nithish/ur10e_ws/install/local_setup.zsh'
[17.547s] INFO:colcon.colcon_core.shell:Creating prefix chain script '/home/nithish/ur10e_ws/install/setup.zsh'
