[0.063s] DEBUG:colcon:Command line arguments: ['/usr/bin/colcon', 'build']
[0.063s] DEBUG:colcon:Parsed command line arguments: Namespace(log_base=None, log_level=None, verb_name='build', build_base='build', install_base='install', merge_install=False, symlink_install=False, test_result_base=None, continue_on_error=False, executor='parallel', parallel_workers=12, event_handlers=None, ignore_user_meta=False, metas=['./colcon.meta'], base_paths=['.'], packages_ignore=None, packages_ignore_regex=None, paths=None, packages_up_to=None, packages_up_to_regex=None, packages_above=None, packages_above_and_dependencies=None, packages_above_depth=None, packages_select_by_dep=None, packages_skip_by_dep=None, packages_skip_up_to=None, packages_select_build_failed=False, packages_skip_build_finished=False, packages_select_test_failures=False, packages_skip_test_passed=False, packages_select=None, packages_skip=None, packages_select_regex=None, packages_skip_regex=None, packages_start=None, packages_end=None, allow_overriding=[], cmake_args=None, cmake_target=None, cmake_target_skip_unavailable=False, cmake_clean_cache=False, cmake_clean_first=False, cmake_force_configure=False, ament_cmake_args=None, catkin_cmake_args=None, catkin_skip_building_tests=False, mixin_files=None, mixin=None, verb_parser=<colcon_mixin.mixin.mixin_argument.MixinArgumentDecorator object at 0x7fb39e467160>, verb_extension=<colcon_core.verb.build.BuildVerb object at 0x7fb39e466cb0>, main=<bound method BuildVerb.main of <colcon_core.verb.build.BuildVerb object at 0x7fb39e466cb0>>, mixin_verb=('build',))
[0.156s] Level 1:colcon.colcon_core.package_discovery:discover_packages(colcon_meta) check parameters
[0.156s] Level 1:colcon.colcon_core.package_discovery:discover_packages(recursive) check parameters
[0.156s] Level 1:colcon.colcon_core.package_discovery:discover_packages(ignore) check parameters
[0.156s] Level 1:colcon.colcon_core.package_discovery:discover_packages(path) check parameters
[0.156s] Level 1:colcon.colcon_core.package_discovery:discover_packages(colcon_meta) discover
[0.156s] Level 1:colcon.colcon_core.package_discovery:discover_packages(recursive) discover
[0.156s] INFO:colcon.colcon_core.package_discovery:Crawling recursively for packages in '/home/nithish/ur10e_ws'
[0.156s] Level 1:colcon.colcon_core.package_identification:_identify(.) by extensions ['ignore', 'ignore_ament_install']
[0.156s] Level 1:colcon.colcon_core.package_identification:_identify(.) by extension 'ignore'
[0.156s] Level 1:colcon.colcon_core.package_identification:_identify(.) by extension 'ignore_ament_install'
[0.156s] Level 1:colcon.colcon_core.package_identification:_identify(.) by extensions ['colcon_pkg']
[0.156s] Level 1:colcon.colcon_core.package_identification:_identify(.) by extension 'colcon_pkg'
[0.156s] Level 1:colcon.colcon_core.package_identification:_identify(.) by extensions ['colcon_meta']
[0.156s] Level 1:colcon.colcon_core.package_identification:_identify(.) by extension 'colcon_meta'
[0.156s] Level 1:colcon.colcon_core.package_identification:_identify(.) by extensions ['ros']
[0.156s] Level 1:colcon.colcon_core.package_identification:_identify(.) by extension 'ros'
[0.163s] Level 1:colcon.colcon_core.package_identification:_identify(.) by extensions ['cmake', 'python']
[0.163s] Level 1:colcon.colcon_core.package_identification:_identify(.) by extension 'cmake'
[0.163s] Level 1:colcon.colcon_core.package_identification:_identify(.) by extension 'python'
[0.163s] Level 1:colcon.colcon_core.package_identification:_identify(.) by extensions ['python_setup_py']
[0.163s] Level 1:colcon.colcon_core.package_identification:_identify(.) by extension 'python_setup_py'
[0.163s] Level 1:colcon.colcon_core.package_identification:_identify(build) by extensions ['ignore', 'ignore_ament_install']
[0.163s] Level 1:colcon.colcon_core.package_identification:_identify(build) by extension 'ignore'
[0.163s] Level 1:colcon.colcon_core.package_identification:_identify(build) ignored
[0.163s] Level 1:colcon.colcon_core.package_identification:_identify(install) by extensions ['ignore', 'ignore_ament_install']
[0.163s] Level 1:colcon.colcon_core.package_identification:_identify(install) by extension 'ignore'
[0.163s] Level 1:colcon.colcon_core.package_identification:_identify(install) ignored
[0.163s] Level 1:colcon.colcon_core.package_identification:_identify(log) by extensions ['ignore', 'ignore_ament_install']
[0.163s] Level 1:colcon.colcon_core.package_identification:_identify(log) by extension 'ignore'
[0.163s] Level 1:colcon.colcon_core.package_identification:_identify(log) ignored
[0.163s] Level 1:colcon.colcon_core.package_identification:_identify(src) by extensions ['ignore', 'ignore_ament_install']
[0.163s] Level 1:colcon.colcon_core.package_identification:_identify(src) by extension 'ignore'
[0.164s] Level 1:colcon.colcon_core.package_identification:_identify(src) by extension 'ignore_ament_install'
[0.164s] Level 1:colcon.colcon_core.package_identification:_identify(src) by extensions ['colcon_pkg']
[0.164s] Level 1:colcon.colcon_core.package_identification:_identify(src) by extension 'colcon_pkg'
[0.164s] Level 1:colcon.colcon_core.package_identification:_identify(src) by extensions ['colcon_meta']
[0.164s] Level 1:colcon.colcon_core.package_identification:_identify(src) by extension 'colcon_meta'
[0.164s] Level 1:colcon.colcon_core.package_identification:_identify(src) by extensions ['ros']
[0.164s] Level 1:colcon.colcon_core.package_identification:_identify(src) by extension 'ros'
[0.164s] Level 1:colcon.colcon_core.package_identification:_identify(src) by extensions ['cmake', 'python']
[0.164s] Level 1:colcon.colcon_core.package_identification:_identify(src) by extension 'cmake'
[0.164s] Level 1:colcon.colcon_core.package_identification:_identify(src) by extension 'python'
[0.164s] Level 1:colcon.colcon_core.package_identification:_identify(src) by extensions ['python_setup_py']
[0.164s] Level 1:colcon.colcon_core.package_identification:_identify(src) by extension 'python_setup_py'
[0.164s] Level 1:colcon.colcon_core.package_identification:_identify(src/Universal_Robots_ROS2_Gazebo_Simulation) by extensions ['ignore', 'ignore_ament_install']
[0.164s] Level 1:colcon.colcon_core.package_identification:_identify(src/Universal_Robots_ROS2_Gazebo_Simulation) by extension 'ignore'
[0.164s] Level 1:colcon.colcon_core.package_identification:_identify(src/Universal_Robots_ROS2_Gazebo_Simulation) by extension 'ignore_ament_install'
[0.164s] Level 1:colcon.colcon_core.package_identification:_identify(src/Universal_Robots_ROS2_Gazebo_Simulation) by extensions ['colcon_pkg']
[0.164s] Level 1:colcon.colcon_core.package_identification:_identify(src/Universal_Robots_ROS2_Gazebo_Simulation) by extension 'colcon_pkg'
[0.164s] Level 1:colcon.colcon_core.package_identification:_identify(src/Universal_Robots_ROS2_Gazebo_Simulation) by extensions ['colcon_meta']
[0.164s] Level 1:colcon.colcon_core.package_identification:_identify(src/Universal_Robots_ROS2_Gazebo_Simulation) by extension 'colcon_meta'
[0.164s] Level 1:colcon.colcon_core.package_identification:_identify(src/Universal_Robots_ROS2_Gazebo_Simulation) by extensions ['ros']
[0.164s] Level 1:colcon.colcon_core.package_identification:_identify(src/Universal_Robots_ROS2_Gazebo_Simulation) by extension 'ros'
[0.164s] Level 1:colcon.colcon_core.package_identification:_identify(src/Universal_Robots_ROS2_Gazebo_Simulation) by extensions ['cmake', 'python']
[0.164s] Level 1:colcon.colcon_core.package_identification:_identify(src/Universal_Robots_ROS2_Gazebo_Simulation) by extension 'cmake'
[0.164s] Level 1:colcon.colcon_core.package_identification:_identify(src/Universal_Robots_ROS2_Gazebo_Simulation) by extension 'python'
[0.164s] Level 1:colcon.colcon_core.package_identification:_identify(src/Universal_Robots_ROS2_Gazebo_Simulation) by extensions ['python_setup_py']
[0.164s] Level 1:colcon.colcon_core.package_identification:_identify(src/Universal_Robots_ROS2_Gazebo_Simulation) by extension 'python_setup_py'
[0.164s] Level 1:colcon.colcon_core.package_identification:_identify(src/Universal_Robots_ROS2_Gazebo_Simulation/ur_simulation_gazebo) by extensions ['ignore', 'ignore_ament_install']
[0.164s] Level 1:colcon.colcon_core.package_identification:_identify(src/Universal_Robots_ROS2_Gazebo_Simulation/ur_simulation_gazebo) by extension 'ignore'
[0.164s] Level 1:colcon.colcon_core.package_identification:_identify(src/Universal_Robots_ROS2_Gazebo_Simulation/ur_simulation_gazebo) by extension 'ignore_ament_install'
[0.164s] Level 1:colcon.colcon_core.package_identification:_identify(src/Universal_Robots_ROS2_Gazebo_Simulation/ur_simulation_gazebo) by extensions ['colcon_pkg']
[0.164s] Level 1:colcon.colcon_core.package_identification:_identify(src/Universal_Robots_ROS2_Gazebo_Simulation/ur_simulation_gazebo) by extension 'colcon_pkg'
[0.164s] Level 1:colcon.colcon_core.package_identification:_identify(src/Universal_Robots_ROS2_Gazebo_Simulation/ur_simulation_gazebo) by extensions ['colcon_meta']
[0.164s] Level 1:colcon.colcon_core.package_identification:_identify(src/Universal_Robots_ROS2_Gazebo_Simulation/ur_simulation_gazebo) by extension 'colcon_meta'
[0.164s] Level 1:colcon.colcon_core.package_identification:_identify(src/Universal_Robots_ROS2_Gazebo_Simulation/ur_simulation_gazebo) by extensions ['ros']
[0.164s] Level 1:colcon.colcon_core.package_identification:_identify(src/Universal_Robots_ROS2_Gazebo_Simulation/ur_simulation_gazebo) by extension 'ros'
[0.171s] DEBUG:colcon.colcon_core.package_identification:Package 'src/Universal_Robots_ROS2_Gazebo_Simulation/ur_simulation_gazebo' with type 'ros.ament_cmake' and name 'ur_simulation_gazebo'
[0.171s] Level 1:colcon.colcon_core.package_identification:_identify(src/my_moveit_config) by extensions ['ignore', 'ignore_ament_install']
[0.171s] Level 1:colcon.colcon_core.package_identification:_identify(src/my_moveit_config) by extension 'ignore'
[0.171s] Level 1:colcon.colcon_core.package_identification:_identify(src/my_moveit_config) by extension 'ignore_ament_install'
[0.171s] Level 1:colcon.colcon_core.package_identification:_identify(src/my_moveit_config) by extensions ['colcon_pkg']
[0.171s] Level 1:colcon.colcon_core.package_identification:_identify(src/my_moveit_config) by extension 'colcon_pkg'
[0.171s] Level 1:colcon.colcon_core.package_identification:_identify(src/my_moveit_config) by extensions ['colcon_meta']
[0.171s] Level 1:colcon.colcon_core.package_identification:_identify(src/my_moveit_config) by extension 'colcon_meta'
[0.171s] Level 1:colcon.colcon_core.package_identification:_identify(src/my_moveit_config) by extensions ['ros']
[0.171s] Level 1:colcon.colcon_core.package_identification:_identify(src/my_moveit_config) by extension 'ros'
[0.171s] DEBUG:colcon.colcon_core.package_identification:Package 'src/my_moveit_config' with type 'ros.ament_cmake' and name 'my_moveit_config'
[0.171s] Level 1:colcon.colcon_core.package_identification:_identify(src/ros2_nr_motion_control) by extensions ['ignore', 'ignore_ament_install']
[0.172s] Level 1:colcon.colcon_core.package_identification:_identify(src/ros2_nr_motion_control) by extension 'ignore'
[0.172s] Level 1:colcon.colcon_core.package_identification:_identify(src/ros2_nr_motion_control) by extension 'ignore_ament_install'
[0.172s] Level 1:colcon.colcon_core.package_identification:_identify(src/ros2_nr_motion_control) by extensions ['colcon_pkg']
[0.172s] Level 1:colcon.colcon_core.package_identification:_identify(src/ros2_nr_motion_control) by extension 'colcon_pkg'
[0.172s] Level 1:colcon.colcon_core.package_identification:_identify(src/ros2_nr_motion_control) by extensions ['colcon_meta']
[0.172s] Level 1:colcon.colcon_core.package_identification:_identify(src/ros2_nr_motion_control) by extension 'colcon_meta'
[0.172s] Level 1:colcon.colcon_core.package_identification:_identify(src/ros2_nr_motion_control) by extensions ['ros']
[0.172s] Level 1:colcon.colcon_core.package_identification:_identify(src/ros2_nr_motion_control) by extension 'ros'
[0.173s] DEBUG:colcon.colcon_core.package_identification:Package 'src/ros2_nr_motion_control' with type 'ros.ament_cmake' and name 'ros2_nr_motion_control'
[0.173s] Level 1:colcon.colcon_core.package_discovery:discover_packages(recursive) using defaults
[0.173s] Level 1:colcon.colcon_core.package_discovery:discover_packages(ignore) discover
[0.173s] Level 1:colcon.colcon_core.package_discovery:discover_packages(ignore) using defaults
[0.173s] Level 1:colcon.colcon_core.package_discovery:discover_packages(path) discover
[0.173s] Level 1:colcon.colcon_core.package_discovery:discover_packages(path) using defaults
[0.184s] Level 1:colcon.colcon_core.package_discovery:discover_packages(prefix_path) check parameters
[0.184s] Level 1:colcon.colcon_core.package_discovery:discover_packages(prefix_path) discover
[0.185s] DEBUG:colcon.colcon_installed_package_information.package_discovery:Found 2 installed packages in /home/nithish/ur10e_ws/install
[0.185s] DEBUG:colcon.colcon_installed_package_information.package_discovery:Found 4 installed packages in /home/nithish/robotic_arm_ws/install
[0.185s] DEBUG:colcon.colcon_installed_package_information.package_discovery:Found 8 installed packages in /home/nithish/rviz2_ws/install
[0.186s] DEBUG:colcon.colcon_installed_package_information.package_discovery:Found 443 installed packages in /opt/ros/humble
[0.187s] Level 1:colcon.colcon_core.package_discovery:discover_packages(prefix_path) using defaults
[0.214s] Level 5:colcon.colcon_core.verb:set package 'my_moveit_config' build argument 'cmake_args' from command line to 'None'
[0.214s] Level 5:colcon.colcon_core.verb:set package 'my_moveit_config' build argument 'cmake_target' from command line to 'None'
[0.214s] Level 5:colcon.colcon_core.verb:set package 'my_moveit_config' build argument 'cmake_target_skip_unavailable' from command line to 'False'
[0.214s] Level 5:colcon.colcon_core.verb:set package 'my_moveit_config' build argument 'cmake_clean_cache' from command line to 'False'
[0.214s] Level 5:colcon.colcon_core.verb:set package 'my_moveit_config' build argument 'cmake_clean_first' from command line to 'False'
[0.214s] Level 5:colcon.colcon_core.verb:set package 'my_moveit_config' build argument 'cmake_force_configure' from command line to 'False'
[0.214s] Level 5:colcon.colcon_core.verb:set package 'my_moveit_config' build argument 'ament_cmake_args' from command line to 'None'
[0.214s] Level 5:colcon.colcon_core.verb:set package 'my_moveit_config' build argument 'catkin_cmake_args' from command line to 'None'
[0.214s] Level 5:colcon.colcon_core.verb:set package 'my_moveit_config' build argument 'catkin_skip_building_tests' from command line to 'False'
[0.214s] DEBUG:colcon.colcon_core.verb:Building package 'my_moveit_config' with the following arguments: {'ament_cmake_args': None, 'build_base': '/home/nithish/ur10e_ws/build/my_moveit_config', 'catkin_cmake_args': None, 'catkin_skip_building_tests': False, 'cmake_args': None, 'cmake_clean_cache': False, 'cmake_clean_first': False, 'cmake_force_configure': False, 'cmake_target': None, 'cmake_target_skip_unavailable': False, 'install_base': '/home/nithish/ur10e_ws/install/my_moveit_config', 'merge_install': False, 'path': '/home/nithish/ur10e_ws/src/my_moveit_config', 'symlink_install': False, 'test_result_base': None}
[0.214s] Level 5:colcon.colcon_core.verb:set package 'ur_simulation_gazebo' build argument 'cmake_args' from command line to 'None'
[0.214s] Level 5:colcon.colcon_core.verb:set package 'ur_simulation_gazebo' build argument 'cmake_target' from command line to 'None'
[0.214s] Level 5:colcon.colcon_core.verb:set package 'ur_simulation_gazebo' build argument 'cmake_target_skip_unavailable' from command line to 'False'
[0.214s] Level 5:colcon.colcon_core.verb:set package 'ur_simulation_gazebo' build argument 'cmake_clean_cache' from command line to 'False'
[0.214s] Level 5:colcon.colcon_core.verb:set package 'ur_simulation_gazebo' build argument 'cmake_clean_first' from command line to 'False'
[0.214s] Level 5:colcon.colcon_core.verb:set package 'ur_simulation_gazebo' build argument 'cmake_force_configure' from command line to 'False'
[0.214s] Level 5:colcon.colcon_core.verb:set package 'ur_simulation_gazebo' build argument 'ament_cmake_args' from command line to 'None'
[0.214s] Level 5:colcon.colcon_core.verb:set package 'ur_simulation_gazebo' build argument 'catkin_cmake_args' from command line to 'None'
[0.214s] Level 5:colcon.colcon_core.verb:set package 'ur_simulation_gazebo' build argument 'catkin_skip_building_tests' from command line to 'False'
[0.214s] DEBUG:colcon.colcon_core.verb:Building package 'ur_simulation_gazebo' with the following arguments: {'ament_cmake_args': None, 'build_base': '/home/nithish/ur10e_ws/build/ur_simulation_gazebo', 'catkin_cmake_args': None, 'catkin_skip_building_tests': False, 'cmake_args': None, 'cmake_clean_cache': False, 'cmake_clean_first': False, 'cmake_force_configure': False, 'cmake_target': None, 'cmake_target_skip_unavailable': False, 'install_base': '/home/nithish/ur10e_ws/install/ur_simulation_gazebo', 'merge_install': False, 'path': '/home/nithish/ur10e_ws/src/Universal_Robots_ROS2_Gazebo_Simulation/ur_simulation_gazebo', 'symlink_install': False, 'test_result_base': None}
[0.214s] Level 5:colcon.colcon_core.verb:set package 'ros2_nr_motion_control' build argument 'cmake_args' from command line to 'None'
[0.214s] Level 5:colcon.colcon_core.verb:set package 'ros2_nr_motion_control' build argument 'cmake_target' from command line to 'None'
[0.214s] Level 5:colcon.colcon_core.verb:set package 'ros2_nr_motion_control' build argument 'cmake_target_skip_unavailable' from command line to 'False'
[0.214s] Level 5:colcon.colcon_core.verb:set package 'ros2_nr_motion_control' build argument 'cmake_clean_cache' from command line to 'False'
[0.214s] Level 5:colcon.colcon_core.verb:set package 'ros2_nr_motion_control' build argument 'cmake_clean_first' from command line to 'False'
[0.214s] Level 5:colcon.colcon_core.verb:set package 'ros2_nr_motion_control' build argument 'cmake_force_configure' from command line to 'False'
[0.214s] Level 5:colcon.colcon_core.verb:set package 'ros2_nr_motion_control' build argument 'ament_cmake_args' from command line to 'None'
[0.214s] Level 5:colcon.colcon_core.verb:set package 'ros2_nr_motion_control' build argument 'catkin_cmake_args' from command line to 'None'
[0.214s] Level 5:colcon.colcon_core.verb:set package 'ros2_nr_motion_control' build argument 'catkin_skip_building_tests' from command line to 'False'
[0.214s] DEBUG:colcon.colcon_core.verb:Building package 'ros2_nr_motion_control' with the following arguments: {'ament_cmake_args': None, 'build_base': '/home/nithish/ur10e_ws/build/ros2_nr_motion_control', 'catkin_cmake_args': None, 'catkin_skip_building_tests': False, 'cmake_args': None, 'cmake_clean_cache': False, 'cmake_clean_first': False, 'cmake_force_configure': False, 'cmake_target': None, 'cmake_target_skip_unavailable': False, 'install_base': '/home/nithish/ur10e_ws/install/ros2_nr_motion_control', 'merge_install': False, 'path': '/home/nithish/ur10e_ws/src/ros2_nr_motion_control', 'symlink_install': False, 'test_result_base': None}
[0.214s] INFO:colcon.colcon_core.executor:Executing jobs using 'parallel' executor
[0.215s] DEBUG:colcon.colcon_parallel_executor.executor.parallel:run_until_complete
[0.216s] INFO:colcon.colcon_ros.task.ament_cmake.build:Building ROS package in '/home/nithish/ur10e_ws/src/Universal_Robots_ROS2_Gazebo_Simulation/ur_simulation_gazebo' with build type 'ament_cmake'
[0.216s] INFO:colcon.colcon_cmake.task.cmake.build:Building CMake package in '/home/nithish/ur10e_ws/src/Universal_Robots_ROS2_Gazebo_Simulation/ur_simulation_gazebo'
[0.217s] INFO:colcon.colcon_core.plugin_system:Skipping extension 'colcon_core.shell.bat': Not used on non-Windows systems
[0.217s] INFO:colcon.colcon_core.shell:Skip shell extension 'powershell' for command environment: Not usable outside of PowerShell
[0.217s] DEBUG:colcon.colcon_core.shell:Skip shell extension 'dsv' for command environment
[0.220s] INFO:colcon.colcon_ros.task.ament_cmake.build:Building ROS package in '/home/nithish/ur10e_ws/src/my_moveit_config' with build type 'ament_cmake'
[0.220s] INFO:colcon.colcon_cmake.task.cmake.build:Building CMake package in '/home/nithish/ur10e_ws/src/my_moveit_config'
[0.220s] INFO:colcon.colcon_core.shell:Skip shell extension 'powershell' for command environment: Not usable outside of PowerShell
[0.220s] DEBUG:colcon.colcon_core.shell:Skip shell extension 'dsv' for command environment
[0.225s] DEBUG:colcon.colcon_core.event_handler.log_command:Invoking command in '/home/nithish/ur10e_ws/build/ur_simulation_gazebo': CMAKE_PREFIX_PATH=${CMAKE_PREFIX_PATH}:/home/nithish/robotic_arm_ws/install/path_planner:/opt/ros/humble /usr/bin/cmake --build /home/nithish/ur10e_ws/build/ur_simulation_gazebo -- -j12 -l12
[0.226s] DEBUG:colcon.colcon_core.event_handler.log_command:Invoking command in '/home/nithish/ur10e_ws/build/my_moveit_config': CMAKE_PREFIX_PATH=${CMAKE_PREFIX_PATH}:/home/nithish/robotic_arm_ws/install/path_planner:/opt/ros/humble /usr/bin/cmake /home/nithish/ur10e_ws/src/my_moveit_config -DCMAKE_INSTALL_PREFIX=/home/nithish/ur10e_ws/install/my_moveit_config
[0.257s] DEBUG:colcon.colcon_core.event_handler.log_command:Invoked command in '/home/nithish/ur10e_ws/build/ur_simulation_gazebo' returned '0': CMAKE_PREFIX_PATH=${CMAKE_PREFIX_PATH}:/home/nithish/robotic_arm_ws/install/path_planner:/opt/ros/humble /usr/bin/cmake --build /home/nithish/ur10e_ws/build/ur_simulation_gazebo -- -j12 -l12
[0.269s] DEBUG:colcon.colcon_core.event_handler.log_command:Invoking command in '/home/nithish/ur10e_ws/build/ur_simulation_gazebo': CMAKE_PREFIX_PATH=${CMAKE_PREFIX_PATH}:/home/nithish/robotic_arm_ws/install/path_planner:/opt/ros/humble /usr/bin/cmake --install /home/nithish/ur10e_ws/build/ur_simulation_gazebo
[0.277s] Level 1:colcon.colcon_core.environment:create_environment_scripts_only(ur_simulation_gazebo)
[0.278s] DEBUG:colcon.colcon_core.event_handler.log_command:Invoked command in '/home/nithish/ur10e_ws/build/ur_simulation_gazebo' returned '0': CMAKE_PREFIX_PATH=${CMAKE_PREFIX_PATH}:/home/nithish/robotic_arm_ws/install/path_planner:/opt/ros/humble /usr/bin/cmake --install /home/nithish/ur10e_ws/build/ur_simulation_gazebo
[0.280s] Level 1:colcon.colcon_core.environment:checking '/home/nithish/ur10e_ws/install/ur_simulation_gazebo' for CMake module files
[0.280s] Level 1:colcon.colcon_core.environment:checking '/home/nithish/ur10e_ws/install/ur_simulation_gazebo' for CMake config files
[0.281s] Level 1:colcon.colcon_core.shell:create_environment_hook('ur_simulation_gazebo', 'cmake_prefix_path')
[0.281s] INFO:colcon.colcon_core.shell:Creating environment hook '/home/nithish/ur10e_ws/install/ur_simulation_gazebo/share/ur_simulation_gazebo/hook/cmake_prefix_path.ps1'
[0.282s] INFO:colcon.colcon_core.shell:Creating environment descriptor '/home/nithish/ur10e_ws/install/ur_simulation_gazebo/share/ur_simulation_gazebo/hook/cmake_prefix_path.dsv'
[0.282s] INFO:colcon.colcon_core.shell:Creating environment hook '/home/nithish/ur10e_ws/install/ur_simulation_gazebo/share/ur_simulation_gazebo/hook/cmake_prefix_path.sh'
[0.283s] Level 1:colcon.colcon_core.environment:checking '/home/nithish/ur10e_ws/install/ur_simulation_gazebo/bin'
[0.283s] Level 1:colcon.colcon_core.environment:checking '/home/nithish/ur10e_ws/install/ur_simulation_gazebo/lib/pkgconfig/ur_simulation_gazebo.pc'
[0.283s] Level 1:colcon.colcon_core.environment:checking '/home/nithish/ur10e_ws/install/ur_simulation_gazebo/lib/python3.10/site-packages'
[0.284s] Level 1:colcon.colcon_core.environment:checking '/home/nithish/ur10e_ws/install/ur_simulation_gazebo/bin'
[0.284s] INFO:colcon.colcon_core.shell:Creating package script '/home/nithish/ur10e_ws/install/ur_simulation_gazebo/share/ur_simulation_gazebo/package.ps1'
[0.285s] INFO:colcon.colcon_core.shell:Creating package descriptor '/home/nithish/ur10e_ws/install/ur_simulation_gazebo/share/ur_simulation_gazebo/package.dsv'
[0.285s] INFO:colcon.colcon_core.shell:Creating package script '/home/nithish/ur10e_ws/install/ur_simulation_gazebo/share/ur_simulation_gazebo/package.sh'
[0.286s] INFO:colcon.colcon_core.shell:Creating package script '/home/nithish/ur10e_ws/install/ur_simulation_gazebo/share/ur_simulation_gazebo/package.bash'
[0.287s] INFO:colcon.colcon_core.shell:Creating package script '/home/nithish/ur10e_ws/install/ur_simulation_gazebo/share/ur_simulation_gazebo/package.zsh'
[0.288s] Level 1:colcon.colcon_core.environment:create_file_with_runtime_dependencies(/home/nithish/ur10e_ws/install/ur_simulation_gazebo/share/colcon-core/packages/ur_simulation_gazebo)
[0.288s] Level 1:colcon.colcon_core.environment:create_environment_scripts_only(ur_simulation_gazebo)
[0.289s] Level 1:colcon.colcon_core.environment:checking '/home/nithish/ur10e_ws/install/ur_simulation_gazebo' for CMake module files
[0.289s] Level 1:colcon.colcon_core.environment:checking '/home/nithish/ur10e_ws/install/ur_simulation_gazebo' for CMake config files
[0.289s] Level 1:colcon.colcon_core.shell:create_environment_hook('ur_simulation_gazebo', 'cmake_prefix_path')
[0.290s] INFO:colcon.colcon_core.shell:Creating environment hook '/home/nithish/ur10e_ws/install/ur_simulation_gazebo/share/ur_simulation_gazebo/hook/cmake_prefix_path.ps1'
[0.290s] INFO:colcon.colcon_core.shell:Creating environment descriptor '/home/nithish/ur10e_ws/install/ur_simulation_gazebo/share/ur_simulation_gazebo/hook/cmake_prefix_path.dsv'
[0.291s] INFO:colcon.colcon_core.shell:Creating environment hook '/home/nithish/ur10e_ws/install/ur_simulation_gazebo/share/ur_simulation_gazebo/hook/cmake_prefix_path.sh'
[0.291s] Level 1:colcon.colcon_core.environment:checking '/home/nithish/ur10e_ws/install/ur_simulation_gazebo/bin'
[0.291s] Level 1:colcon.colcon_core.environment:checking '/home/nithish/ur10e_ws/install/ur_simulation_gazebo/lib/pkgconfig/ur_simulation_gazebo.pc'
[0.291s] Level 1:colcon.colcon_core.environment:checking '/home/nithish/ur10e_ws/install/ur_simulation_gazebo/lib/python3.10/site-packages'
[0.292s] Level 1:colcon.colcon_core.environment:checking '/home/nithish/ur10e_ws/install/ur_simulation_gazebo/bin'
[0.292s] INFO:colcon.colcon_core.shell:Creating package script '/home/nithish/ur10e_ws/install/ur_simulation_gazebo/share/ur_simulation_gazebo/package.ps1'
[0.293s] INFO:colcon.colcon_core.shell:Creating package descriptor '/home/nithish/ur10e_ws/install/ur_simulation_gazebo/share/ur_simulation_gazebo/package.dsv'
[0.293s] INFO:colcon.colcon_core.shell:Creating package script '/home/nithish/ur10e_ws/install/ur_simulation_gazebo/share/ur_simulation_gazebo/package.sh'
[0.294s] INFO:colcon.colcon_core.shell:Creating package script '/home/nithish/ur10e_ws/install/ur_simulation_gazebo/share/ur_simulation_gazebo/package.bash'
[0.294s] INFO:colcon.colcon_core.shell:Creating package script '/home/nithish/ur10e_ws/install/ur_simulation_gazebo/share/ur_simulation_gazebo/package.zsh'
[0.294s] Level 1:colcon.colcon_core.environment:create_file_with_runtime_dependencies(/home/nithish/ur10e_ws/install/ur_simulation_gazebo/share/colcon-core/packages/ur_simulation_gazebo)
[0.295s] INFO:colcon.colcon_ros.task.ament_cmake.build:Building ROS package in '/home/nithish/ur10e_ws/src/ros2_nr_motion_control' with build type 'ament_cmake'
[0.295s] INFO:colcon.colcon_cmake.task.cmake.build:Building CMake package in '/home/nithish/ur10e_ws/src/ros2_nr_motion_control'
[0.295s] INFO:colcon.colcon_core.shell:Skip shell extension 'powershell' for command environment: Not usable outside of PowerShell
[0.295s] DEBUG:colcon.colcon_core.shell:Skip shell extension 'dsv' for command environment
[0.305s] DEBUG:colcon.colcon_core.event_handler.log_command:Invoking command in '/home/nithish/ur10e_ws/build/ros2_nr_motion_control': CMAKE_PREFIX_PATH=/home/nithish/ur10e_ws/install/ur_simulation_gazebo:/home/nithish/ur10e_ws/install/ros2_nr_motion_control:/home/nithish/rviz2_ws/install:/home/nithish/robotic_arm_ws/install/ur_simulation_gz:/home/nithish/robotic_arm_ws/install/my_moveit_config:/home/nithish/robotic_arm_ws/install/ur_description:/home/nithish/robotic_arm_ws/install/path_planner:/opt/ros/humble /usr/bin/cmake --build /home/nithish/ur10e_ws/build/ros2_nr_motion_control -- -j12 -l12
[0.692s] DEBUG:colcon.colcon_core.event_handler.log_command:Invoked command in '/home/nithish/ur10e_ws/build/my_moveit_config' returned '0': CMAKE_PREFIX_PATH=${CMAKE_PREFIX_PATH}:/home/nithish/robotic_arm_ws/install/path_planner:/opt/ros/humble /usr/bin/cmake /home/nithish/ur10e_ws/src/my_moveit_config -DCMAKE_INSTALL_PREFIX=/home/nithish/ur10e_ws/install/my_moveit_config
[0.693s] DEBUG:colcon.colcon_core.event_handler.log_command:Invoking command in '/home/nithish/ur10e_ws/build/my_moveit_config': CMAKE_PREFIX_PATH=${CMAKE_PREFIX_PATH}:/home/nithish/robotic_arm_ws/install/path_planner:/opt/ros/humble /usr/bin/cmake --build /home/nithish/ur10e_ws/build/my_moveit_config -- -j12 -l12
[0.724s] DEBUG:colcon.colcon_core.event_handler.log_command:Invoked command in '/home/nithish/ur10e_ws/build/my_moveit_config' returned '0': CMAKE_PREFIX_PATH=${CMAKE_PREFIX_PATH}:/home/nithish/robotic_arm_ws/install/path_planner:/opt/ros/humble /usr/bin/cmake --build /home/nithish/ur10e_ws/build/my_moveit_config -- -j12 -l12
[0.725s] DEBUG:colcon.colcon_core.event_handler.log_command:Invoking command in '/home/nithish/ur10e_ws/build/my_moveit_config': CMAKE_PREFIX_PATH=${CMAKE_PREFIX_PATH}:/home/nithish/robotic_arm_ws/install/path_planner:/opt/ros/humble /usr/bin/cmake --install /home/nithish/ur10e_ws/build/my_moveit_config
[0.735s] Level 1:colcon.colcon_core.environment:create_environment_scripts_only(my_moveit_config)
[0.735s] Level 1:colcon.colcon_core.environment:checking '/home/nithish/ur10e_ws/install/my_moveit_config' for CMake module files
[0.735s] DEBUG:colcon.colcon_core.event_handler.log_command:Invoked command in '/home/nithish/ur10e_ws/build/my_moveit_config' returned '0': CMAKE_PREFIX_PATH=${CMAKE_PREFIX_PATH}:/home/nithish/robotic_arm_ws/install/path_planner:/opt/ros/humble /usr/bin/cmake --install /home/nithish/ur10e_ws/build/my_moveit_config
[0.736s] Level 1:colcon.colcon_core.environment:checking '/home/nithish/ur10e_ws/install/my_moveit_config' for CMake config files
[0.736s] Level 1:colcon.colcon_core.shell:create_environment_hook('my_moveit_config', 'cmake_prefix_path')
[0.736s] INFO:colcon.colcon_core.shell:Creating environment hook '/home/nithish/ur10e_ws/install/my_moveit_config/share/my_moveit_config/hook/cmake_prefix_path.ps1'
[0.737s] INFO:colcon.colcon_core.shell:Creating environment descriptor '/home/nithish/ur10e_ws/install/my_moveit_config/share/my_moveit_config/hook/cmake_prefix_path.dsv'
[0.737s] INFO:colcon.colcon_core.shell:Creating environment hook '/home/nithish/ur10e_ws/install/my_moveit_config/share/my_moveit_config/hook/cmake_prefix_path.sh'
[0.738s] Level 1:colcon.colcon_core.environment:checking '/home/nithish/ur10e_ws/install/my_moveit_config/bin'
[0.738s] Level 1:colcon.colcon_core.environment:checking '/home/nithish/ur10e_ws/install/my_moveit_config/lib/pkgconfig/my_moveit_config.pc'
[0.738s] Level 1:colcon.colcon_core.environment:checking '/home/nithish/ur10e_ws/install/my_moveit_config/lib/python3.10/site-packages'
[0.738s] Level 1:colcon.colcon_core.environment:checking '/home/nithish/ur10e_ws/install/my_moveit_config/bin'
[0.738s] INFO:colcon.colcon_core.shell:Creating package script '/home/nithish/ur10e_ws/install/my_moveit_config/share/my_moveit_config/package.ps1'
[0.739s] INFO:colcon.colcon_core.shell:Creating package descriptor '/home/nithish/ur10e_ws/install/my_moveit_config/share/my_moveit_config/package.dsv'
[0.739s] INFO:colcon.colcon_core.shell:Creating package script '/home/nithish/ur10e_ws/install/my_moveit_config/share/my_moveit_config/package.sh'
[0.739s] INFO:colcon.colcon_core.shell:Creating package script '/home/nithish/ur10e_ws/install/my_moveit_config/share/my_moveit_config/package.bash'
[0.740s] INFO:colcon.colcon_core.shell:Creating package script '/home/nithish/ur10e_ws/install/my_moveit_config/share/my_moveit_config/package.zsh'
[0.740s] Level 1:colcon.colcon_core.environment:create_file_with_runtime_dependencies(/home/nithish/ur10e_ws/install/my_moveit_config/share/colcon-core/packages/my_moveit_config)
[0.740s] Level 1:colcon.colcon_core.environment:create_environment_scripts_only(my_moveit_config)
[0.740s] Level 1:colcon.colcon_core.environment:checking '/home/nithish/ur10e_ws/install/my_moveit_config' for CMake module files
[0.740s] Level 1:colcon.colcon_core.environment:checking '/home/nithish/ur10e_ws/install/my_moveit_config' for CMake config files
[0.741s] Level 1:colcon.colcon_core.shell:create_environment_hook('my_moveit_config', 'cmake_prefix_path')
[0.741s] INFO:colcon.colcon_core.shell:Creating environment hook '/home/nithish/ur10e_ws/install/my_moveit_config/share/my_moveit_config/hook/cmake_prefix_path.ps1'
[0.741s] INFO:colcon.colcon_core.shell:Creating environment descriptor '/home/nithish/ur10e_ws/install/my_moveit_config/share/my_moveit_config/hook/cmake_prefix_path.dsv'
[0.741s] INFO:colcon.colcon_core.shell:Creating environment hook '/home/nithish/ur10e_ws/install/my_moveit_config/share/my_moveit_config/hook/cmake_prefix_path.sh'
[0.742s] Level 1:colcon.colcon_core.environment:checking '/home/nithish/ur10e_ws/install/my_moveit_config/bin'
[0.742s] Level 1:colcon.colcon_core.environment:checking '/home/nithish/ur10e_ws/install/my_moveit_config/lib/pkgconfig/my_moveit_config.pc'
[0.742s] Level 1:colcon.colcon_core.environment:checking '/home/nithish/ur10e_ws/install/my_moveit_config/lib/python3.10/site-packages'
[0.742s] Level 1:colcon.colcon_core.environment:checking '/home/nithish/ur10e_ws/install/my_moveit_config/bin'
[0.742s] INFO:colcon.colcon_core.shell:Creating package script '/home/nithish/ur10e_ws/install/my_moveit_config/share/my_moveit_config/package.ps1'
[0.742s] INFO:colcon.colcon_core.shell:Creating package descriptor '/home/nithish/ur10e_ws/install/my_moveit_config/share/my_moveit_config/package.dsv'
[0.743s] INFO:colcon.colcon_core.shell:Creating package script '/home/nithish/ur10e_ws/install/my_moveit_config/share/my_moveit_config/package.sh'
[0.743s] INFO:colcon.colcon_core.shell:Creating package script '/home/nithish/ur10e_ws/install/my_moveit_config/share/my_moveit_config/package.bash'
[0.743s] INFO:colcon.colcon_core.shell:Creating package script '/home/nithish/ur10e_ws/install/my_moveit_config/share/my_moveit_config/package.zsh'
[0.743s] Level 1:colcon.colcon_core.environment:create_file_with_runtime_dependencies(/home/nithish/ur10e_ws/install/my_moveit_config/share/colcon-core/packages/my_moveit_config)
[3.610s] DEBUG:colcon.colcon_core.event_handler.log_command:Invoked command in '/home/nithish/ur10e_ws/build/ros2_nr_motion_control' returned '2': CMAKE_PREFIX_PATH=/home/nithish/ur10e_ws/install/ur_simulation_gazebo:/home/nithish/ur10e_ws/install/ros2_nr_motion_control:/home/nithish/rviz2_ws/install:/home/nithish/robotic_arm_ws/install/ur_simulation_gz:/home/nithish/robotic_arm_ws/install/my_moveit_config:/home/nithish/robotic_arm_ws/install/ur_description:/home/nithish/robotic_arm_ws/install/path_planner:/opt/ros/humble /usr/bin/cmake --build /home/nithish/ur10e_ws/build/ros2_nr_motion_control -- -j12 -l12
[3.610s] Level 1:colcon.colcon_core.environment:create_environment_scripts_only(ros2_nr_motion_control)
[3.611s] Level 1:colcon.colcon_core.environment:checking '/home/nithish/ur10e_ws/install/ros2_nr_motion_control' for CMake module files
[3.611s] Level 1:colcon.colcon_core.environment:checking '/home/nithish/ur10e_ws/install/ros2_nr_motion_control' for CMake config files
[3.611s] Level 1:colcon.colcon_core.shell:create_environment_hook('ros2_nr_motion_control', 'cmake_prefix_path')
[3.612s] INFO:colcon.colcon_core.shell:Creating environment hook '/home/nithish/ur10e_ws/install/ros2_nr_motion_control/share/ros2_nr_motion_control/hook/cmake_prefix_path.ps1'
[3.612s] INFO:colcon.colcon_core.shell:Creating environment descriptor '/home/nithish/ur10e_ws/install/ros2_nr_motion_control/share/ros2_nr_motion_control/hook/cmake_prefix_path.dsv'
[3.612s] INFO:colcon.colcon_core.shell:Creating environment hook '/home/nithish/ur10e_ws/install/ros2_nr_motion_control/share/ros2_nr_motion_control/hook/cmake_prefix_path.sh'
[3.613s] Level 1:colcon.colcon_core.environment:checking '/home/nithish/ur10e_ws/install/ros2_nr_motion_control/lib'
[3.613s] Level 1:colcon.colcon_core.environment:checking '/home/nithish/ur10e_ws/install/ros2_nr_motion_control/bin'
[3.613s] Level 1:colcon.colcon_core.environment:checking '/home/nithish/ur10e_ws/install/ros2_nr_motion_control/lib/pkgconfig/ros2_nr_motion_control.pc'
[3.613s] Level 1:colcon.colcon_core.environment:checking '/home/nithish/ur10e_ws/install/ros2_nr_motion_control/lib/python3.10/site-packages'
[3.614s] Level 1:colcon.colcon_core.environment:checking '/home/nithish/ur10e_ws/install/ros2_nr_motion_control/bin'
[3.614s] INFO:colcon.colcon_core.shell:Creating package script '/home/nithish/ur10e_ws/install/ros2_nr_motion_control/share/ros2_nr_motion_control/package.ps1'
[3.614s] INFO:colcon.colcon_core.shell:Creating package descriptor '/home/nithish/ur10e_ws/install/ros2_nr_motion_control/share/ros2_nr_motion_control/package.dsv'
[3.615s] INFO:colcon.colcon_core.shell:Creating package script '/home/nithish/ur10e_ws/install/ros2_nr_motion_control/share/ros2_nr_motion_control/package.sh'
[3.615s] INFO:colcon.colcon_core.shell:Creating package script '/home/nithish/ur10e_ws/install/ros2_nr_motion_control/share/ros2_nr_motion_control/package.bash'
[3.615s] INFO:colcon.colcon_core.shell:Creating package script '/home/nithish/ur10e_ws/install/ros2_nr_motion_control/share/ros2_nr_motion_control/package.zsh'
[3.616s] Level 1:colcon.colcon_core.environment:create_file_with_runtime_dependencies(/home/nithish/ur10e_ws/install/ros2_nr_motion_control/share/colcon-core/packages/ros2_nr_motion_control)
[3.626s] DEBUG:colcon.colcon_parallel_executor.executor.parallel:closing loop
[3.626s] DEBUG:colcon.colcon_parallel_executor.executor.parallel:loop closed
[3.626s] DEBUG:colcon.colcon_parallel_executor.executor.parallel:run_until_complete finished with '2'
[3.626s] DEBUG:colcon.colcon_core.event_reactor:joining thread
[3.629s] INFO:colcon.colcon_core.plugin_system:Skipping extension 'colcon_notification.desktop_notification.terminal_notifier': Not used on non-Darwin systems
[3.629s] INFO:colcon.colcon_core.plugin_system:Skipping extension 'colcon_notification.desktop_notification.win32': Not used on non-Windows systems
[3.629s] INFO:colcon.colcon_notification.desktop_notification:Sending desktop notification using 'notify2'
[3.637s] DEBUG:colcon.colcon_core.event_reactor:joined thread
[3.638s] INFO:colcon.colcon_core.shell:Creating prefix script '/home/nithish/ur10e_ws/install/local_setup.ps1'
[3.639s] INFO:colcon.colcon_core.shell:Creating prefix util module '/home/nithish/ur10e_ws/install/_local_setup_util_ps1.py'
[3.640s] INFO:colcon.colcon_core.shell:Creating prefix chain script '/home/nithish/ur10e_ws/install/setup.ps1'
[3.641s] INFO:colcon.colcon_core.shell:Creating prefix script '/home/nithish/ur10e_ws/install/local_setup.sh'
[3.641s] INFO:colcon.colcon_core.shell:Creating prefix util module '/home/nithish/ur10e_ws/install/_local_setup_util_sh.py'
[3.642s] INFO:colcon.colcon_core.shell:Creating prefix chain script '/home/nithish/ur10e_ws/install/setup.sh'
[3.643s] INFO:colcon.colcon_core.shell:Creating prefix script '/home/nithish/ur10e_ws/install/local_setup.bash'
[3.643s] INFO:colcon.colcon_core.shell:Creating prefix chain script '/home/nithish/ur10e_ws/install/setup.bash'
[3.644s] INFO:colcon.colcon_core.shell:Creating prefix script '/home/nithish/ur10e_ws/install/local_setup.zsh'
[3.645s] INFO:colcon.colcon_core.shell:Creating prefix chain script '/home/nithish/ur10e_ws/install/setup.zsh'
