[0.053s] Invoking command in '/home/nithish/ur10e_ws/build/ur_simulation_gazebo': CMAKE_PREFIX_PATH=${CMAKE_PREFIX_PATH}:/home/nithish/ur10e_ws/install/servo_control:/home/nithish/ws_moveit2/install/moveit_configs_utils:/home/nithish/robotic_arm_ws/install/path_planner:/opt/ros/humble /usr/bin/cmake /home/nithish/ur10e_ws/src/Universal_Robots_ROS2_Gazebo_Simulation/ur_simulation_gazebo -DCMAKE_INSTALL_PREFIX=/home/nithish/ur10e_ws/install/ur_simulation_gazebo
[0.085s] -- Found ament_cmake: 1.3.12 (/opt/ros/humble/share/ament_cmake/cmake)
[0.352s] -- Override CMake install command with custom implementation using symlinks instead of copying resources
[0.367s] -- Found launch_testing_ament_cmake: 1.0.10 (/opt/ros/humble/share/launch_testing_ament_cmake/cmake)
[0.367s] -- Found python_cmake_module: 0.10.0 (/opt/ros/humble/share/python_cmake_module/cmake)
[0.421s] -- Using PYTHON_EXECUTABLE: /usr/bin/python3
[0.421s] -- Using PYTHON_INCLUDE_DIRS: /usr/include/python3.10
[0.421s] -- Using PYTHON_LIBRARIES: /usr/lib/x86_64-linux-gnu/libpython3.10.so
[0.424s] -- Found ament_cmake_pytest: 1.3.12 (/opt/ros/humble/share/ament_cmake_pytest/cmake)
[0.521s] -- Configuring done
[0.526s] -- Generating done
[0.530s] -- Build files have been written to: /home/nithish/ur10e_ws/build/ur_simulation_gazebo
[0.570s] Invoked command in '/home/nithish/ur10e_ws/build/ur_simulation_gazebo' returned '0': CMAKE_PREFIX_PATH=${CMAKE_PREFIX_PATH}:/home/nithish/ur10e_ws/install/servo_control:/home/nithish/ws_moveit2/install/moveit_configs_utils:/home/nithish/robotic_arm_ws/install/path_planner:/opt/ros/humble /usr/bin/cmake /home/nithish/ur10e_ws/src/Universal_Robots_ROS2_Gazebo_Simulation/ur_simulation_gazebo -DCMAKE_INSTALL_PREFIX=/home/nithish/ur10e_ws/install/ur_simulation_gazebo
[0.571s] Invoking command in '/home/nithish/ur10e_ws/build/ur_simulation_gazebo': CMAKE_PREFIX_PATH=${CMAKE_PREFIX_PATH}:/home/nithish/ur10e_ws/install/servo_control:/home/nithish/ws_moveit2/install/moveit_configs_utils:/home/nithish/robotic_arm_ws/install/path_planner:/opt/ros/humble /usr/bin/cmake --build /home/nithish/ur10e_ws/build/ur_simulation_gazebo -- -j12 -l12
[0.681s] Invoked command in '/home/nithish/ur10e_ws/build/ur_simulation_gazebo' returned '0': CMAKE_PREFIX_PATH=${CMAKE_PREFIX_PATH}:/home/nithish/ur10e_ws/install/servo_control:/home/nithish/ws_moveit2/install/moveit_configs_utils:/home/nithish/robotic_arm_ws/install/path_planner:/opt/ros/humble /usr/bin/cmake --build /home/nithish/ur10e_ws/build/ur_simulation_gazebo -- -j12 -l12
[0.684s] Invoking command in '/home/nithish/ur10e_ws/build/ur_simulation_gazebo': CMAKE_PREFIX_PATH=${CMAKE_PREFIX_PATH}:/home/nithish/ur10e_ws/install/servo_control:/home/nithish/ws_moveit2/install/moveit_configs_utils:/home/nithish/robotic_arm_ws/install/path_planner:/opt/ros/humble /usr/bin/cmake --install /home/nithish/ur10e_ws/build/ur_simulation_gazebo
[0.704s] -- Install configuration: ""
[0.707s] -- Execute custom install script
[0.708s] -- Up-to-date symlink: /home/nithish/ur10e_ws/install/ur_simulation_gazebo/share/ur_simulation_gazebo/config/ur_controllers.yaml
[0.708s] -- Up-to-date symlink: /home/nithish/ur10e_ws/install/ur_simulation_gazebo/share/ur_simulation_gazebo/launch/ur_sim_control.launch.py
[0.709s] -- Up-to-date symlink: /home/nithish/ur10e_ws/install/ur_simulation_gazebo/share/ur_simulation_gazebo/launch/ur_sim_moveit.launch.py
[0.709s] -- Up-to-date symlink: /home/nithish/ur10e_ws/install/ur_simulation_gazebo/share/ament_index/resource_index/package_run_dependencies/ur_simulation_gazebo
[0.710s] -- Up-to-date symlink: /home/nithish/ur10e_ws/install/ur_simulation_gazebo/share/ament_index/resource_index/parent_prefix_path/ur_simulation_gazebo
[0.710s] -- Up-to-date symlink: /home/nithish/ur10e_ws/install/ur_simulation_gazebo/share/ur_simulation_gazebo/environment/ament_prefix_path.sh
[0.710s] -- Up-to-date symlink: /home/nithish/ur10e_ws/install/ur_simulation_gazebo/share/ur_simulation_gazebo/environment/ament_prefix_path.dsv
[0.711s] -- Up-to-date symlink: /home/nithish/ur10e_ws/install/ur_simulation_gazebo/share/ur_simulation_gazebo/environment/path.sh
[0.711s] -- Up-to-date symlink: /home/nithish/ur10e_ws/install/ur_simulation_gazebo/share/ur_simulation_gazebo/environment/path.dsv
[0.711s] -- Up-to-date symlink: /home/nithish/ur10e_ws/install/ur_simulation_gazebo/share/ur_simulation_gazebo/local_setup.bash
[0.711s] -- Up-to-date symlink: /home/nithish/ur10e_ws/install/ur_simulation_gazebo/share/ur_simulation_gazebo/local_setup.sh
[0.711s] -- Up-to-date symlink: /home/nithish/ur10e_ws/install/ur_simulation_gazebo/share/ur_simulation_gazebo/local_setup.zsh
[0.711s] -- Up-to-date symlink: /home/nithish/ur10e_ws/install/ur_simulation_gazebo/share/ur_simulation_gazebo/local_setup.dsv
[0.711s] -- Symlinking: /home/nithish/ur10e_ws/install/ur_simulation_gazebo/share/ur_simulation_gazebo/package.dsv
[0.726s] -- Up-to-date symlink: /home/nithish/ur10e_ws/install/ur_simulation_gazebo/share/ament_index/resource_index/packages/ur_simulation_gazebo
[0.727s] -- Up-to-date symlink: /home/nithish/ur10e_ws/install/ur_simulation_gazebo/share/ur_simulation_gazebo/cmake/ur_simulation_gazeboConfig.cmake
[0.727s] -- Up-to-date symlink: /home/nithish/ur10e_ws/install/ur_simulation_gazebo/share/ur_simulation_gazebo/cmake/ur_simulation_gazeboConfig-version.cmake
[0.728s] -- Up-to-date symlink: /home/nithish/ur10e_ws/install/ur_simulation_gazebo/share/ur_simulation_gazebo/package.xml
[0.733s] Invoked command in '/home/nithish/ur10e_ws/build/ur_simulation_gazebo' returned '0': CMAKE_PREFIX_PATH=${CMAKE_PREFIX_PATH}:/home/nithish/ur10e_ws/install/servo_control:/home/nithish/ws_moveit2/install/moveit_configs_utils:/home/nithish/robotic_arm_ws/install/path_planner:/opt/ros/humble /usr/bin/cmake --install /home/nithish/ur10e_ws/build/ur_simulation_gazebo
