[1.734s] Invoking command in '/home/nithish/ur10e_ws/src/wrench_bridge': PYTHONPATH=/home/nithish/ur10e_ws/build/wrench_bridge/prefix_override:/usr/lib/python3/dist-packages/colcon_core/task/python/colcon_distutils_commands:/home/nithish/ur10e_ws/install/wrench_bridge/lib/python3.10/site-packages:${PYTHONPATH} /usr/bin/python3 -W ignore:setup.py install is deprecated -W ignore:easy_install command is deprecated setup.py egg_info --egg-base ../../build/wrench_bridge build --build-base /home/nithish/ur10e_ws/build/wrench_bridge/build install --record /home/nithish/ur10e_ws/build/wrench_bridge/install.log --single-version-externally-managed install_data
[2.322s] running egg_info
[2.323s] writing ../../build/wrench_bridge/wrench_bridge.egg-info/PKG-INFO
[2.324s] writing dependency_links to ../../build/wrench_bridge/wrench_bridge.egg-info/dependency_links.txt
[2.324s] writing entry points to ../../build/wrench_bridge/wrench_bridge.egg-info/entry_points.txt
[2.324s] writing requirements to ../../build/wrench_bridge/wrench_bridge.egg-info/requires.txt
[2.325s] writing top-level names to ../../build/wrench_bridge/wrench_bridge.egg-info/top_level.txt
[2.329s] reading manifest file '../../build/wrench_bridge/wrench_bridge.egg-info/SOURCES.txt'
[2.330s] writing manifest file '../../build/wrench_bridge/wrench_bridge.egg-info/SOURCES.txt'
[2.331s] running build
[2.331s] running build_py
[2.331s] running install
[2.331s] running install_lib
[2.335s] running install_data
[2.335s] running install_egg_info
[2.342s] removing '/home/nithish/ur10e_ws/install/wrench_bridge/lib/python3.10/site-packages/wrench_bridge-0.0.0-py3.10.egg-info' (and everything under it)
[2.343s] Copying ../../build/wrench_bridge/wrench_bridge.egg-info to /home/nithish/ur10e_ws/install/wrench_bridge/lib/python3.10/site-packages/wrench_bridge-0.0.0-py3.10.egg-info
[2.345s] running install_scripts
[2.401s] Installing wrench_bridge_node script to /home/nithish/ur10e_ws/install/wrench_bridge/lib/wrench_bridge
[2.401s] writing list of installed files to '/home/nithish/ur10e_ws/build/wrench_bridge/install.log'
