[1.711s] Invoking command in '/home/nithish/ur10e_ws/src/wrench_bridge': PYTHONPATH=/home/nithish/ur10e_ws/build/wrench_bridge/prefix_override:/usr/lib/python3/dist-packages/colcon_core/task/python/colcon_distutils_commands:/home/nithish/ur10e_ws/install/wrench_bridge/lib/python3.10/site-packages:${PYTHONPATH} /usr/bin/python3 -W ignore:setup.py install is deprecated -W ignore:easy_install command is deprecated setup.py egg_info --egg-base ../../build/wrench_bridge build --build-base /home/nithish/ur10e_ws/build/wrench_bridge/build install --record /home/nithish/ur10e_ws/build/wrench_bridge/install.log --single-version-externally-managed install_data
[2.303s] running egg_info
[2.304s] writing ../../build/wrench_bridge/wrench_bridge.egg-info/PKG-INFO
[2.304s] writing dependency_links to ../../build/wrench_bridge/wrench_bridge.egg-info/dependency_links.txt
[2.304s] writing entry points to ../../build/wrench_bridge/wrench_bridge.egg-info/entry_points.txt
[2.304s] writing requirements to ../../build/wrench_bridge/wrench_bridge.egg-info/requires.txt
[2.305s] writing top-level names to ../../build/wrench_bridge/wrench_bridge.egg-info/top_level.txt
[2.308s] reading manifest file '../../build/wrench_bridge/wrench_bridge.egg-info/SOURCES.txt'
[2.310s] writing manifest file '../../build/wrench_bridge/wrench_bridge.egg-info/SOURCES.txt'
[2.310s] running build
[2.311s] running build_py
[2.311s] running install
[2.311s] running install_lib
[2.314s] running install_data
[2.315s] running install_egg_info
[2.319s] removing '/home/nithish/ur10e_ws/install/wrench_bridge/lib/python3.10/site-packages/wrench_bridge-0.0.0-py3.10.egg-info' (and everything under it)
[2.319s] Copying ../../build/wrench_bridge/wrench_bridge.egg-info to /home/nithish/ur10e_ws/install/wrench_bridge/lib/python3.10/site-packages/wrench_bridge-0.0.0-py3.10.egg-info
[2.320s] running install_scripts
[2.369s] Installing wrench_bridge_node script to /home/nithish/ur10e_ws/install/wrench_bridge/lib/wrench_bridge
[2.370s] writing list of installed files to '/home/nithish/ur10e_ws/build/wrench_bridge/install.log'
[2.426s] Invoked command in '/home/nithish/ur10e_ws/src/wrench_bridge' returned '0': PYTHONPATH=/home/nithish/ur10e_ws/build/wrench_bridge/prefix_override:/usr/lib/python3/dist-packages/colcon_core/task/python/colcon_distutils_commands:/home/nithish/ur10e_ws/install/wrench_bridge/lib/python3.10/site-packages:${PYTHONPATH} /usr/bin/python3 -W ignore:setup.py install is deprecated -W ignore:easy_install command is deprecated setup.py egg_info --egg-base ../../build/wrench_bridge build --build-base /home/nithish/ur10e_ws/build/wrench_bridge/build install --record /home/nithish/ur10e_ws/build/wrench_bridge/install.log --single-version-externally-managed install_data
