[0.393s] Invoking command in '/home/nithish/ur10e_ws/src/servo_control': PYTHONPATH=/home/nithish/ur10e_ws/build/servo_control/prefix_override:/usr/lib/python3/dist-packages/colcon_core/task/python/colcon_distutils_commands:/home/nithish/ur10e_ws/install/servo_control/lib/python3.10/site-packages:${PYTHONPATH} /usr/bin/python3 -W ignore:setup.py install is deprecated -W ignore:easy_install command is deprecated setup.py egg_info --egg-base ../../build/servo_control build --build-base /home/nithish/ur10e_ws/build/servo_control/build install --record /home/nithish/ur10e_ws/build/servo_control/install.log --single-version-externally-managed install_data
[0.530s] running egg_info
[0.530s] writing ../../build/servo_control/servo_control.egg-info/PKG-INFO
[0.530s] writing dependency_links to ../../build/servo_control/servo_control.egg-info/dependency_links.txt
[0.530s] writing entry points to ../../build/servo_control/servo_control.egg-info/entry_points.txt
[0.530s] writing requirements to ../../build/servo_control/servo_control.egg-info/requires.txt
[0.530s] writing top-level names to ../../build/servo_control/servo_control.egg-info/top_level.txt
[0.531s] reading manifest file '../../build/servo_control/servo_control.egg-info/SOURCES.txt'
[0.532s] writing manifest file '../../build/servo_control/servo_control.egg-info/SOURCES.txt'
[0.532s] running build
[0.532s] running build_py
[0.532s] copying servo_control/cylinder_cleaning_servo.py -> /home/nithish/ur10e_ws/build/servo_control/build/lib/servo_control
[0.532s] running install
[0.532s] running install_lib
[0.532s] copying /home/nithish/ur10e_ws/build/servo_control/build/lib/servo_control/cylinder_cleaning_servo.py -> /home/nithish/ur10e_ws/install/servo_control/lib/python3.10/site-packages/servo_control
[0.533s] byte-compiling /home/nithish/ur10e_ws/install/servo_control/lib/python3.10/site-packages/servo_control/cylinder_cleaning_servo.py to cylinder_cleaning_servo.cpython-310.pyc
[0.533s] running install_data
[0.533s] running install_egg_info
[0.534s] removing '/home/nithish/ur10e_ws/install/servo_control/lib/python3.10/site-packages/servo_control-0.0.0-py3.10.egg-info' (and everything under it)
[0.535s] Copying ../../build/servo_control/servo_control.egg-info to /home/nithish/ur10e_ws/install/servo_control/lib/python3.10/site-packages/servo_control-0.0.0-py3.10.egg-info
[0.535s] running install_scripts
[0.548s] Installing cylinder_cleaning_servo script to /home/nithish/ur10e_ws/install/servo_control/lib/servo_control
[0.548s] writing list of installed files to '/home/nithish/ur10e_ws/build/servo_control/install.log'
[0.563s] Invoked command in '/home/nithish/ur10e_ws/src/servo_control' returned '0': PYTHONPATH=/home/nithish/ur10e_ws/build/servo_control/prefix_override:/usr/lib/python3/dist-packages/colcon_core/task/python/colcon_distutils_commands:/home/nithish/ur10e_ws/install/servo_control/lib/python3.10/site-packages:${PYTHONPATH} /usr/bin/python3 -W ignore:setup.py install is deprecated -W ignore:easy_install command is deprecated setup.py egg_info --egg-base ../../build/servo_control build --build-base /home/nithish/ur10e_ws/build/servo_control/build install --record /home/nithish/ur10e_ws/build/servo_control/install.log --single-version-externally-managed install_data
