[0.049s] Invoking command in '/home/nithish/ur10e_ws/build/ur_description': CMAKE_PREFIX_PATH=${CMAKE_PREFIX_PATH}:/home/nithish/ur10e_ws/install/wrench_bridge:/home/nithish/ws_moveit2/install/moveit_configs_utils:/home/nithish/robotic_arm_ws/install/path_planner:/opt/ros/humble /usr/bin/cmake --build /home/nithish/ur10e_ws/build/ur_description -- -j12 -l12
[1.487s] Invoked command in '/home/nithish/ur10e_ws/build/ur_description' returned '0': CMAKE_PREFIX_PATH=${CMAKE_PREFIX_PATH}:/home/nithish/ur10e_ws/install/wrench_bridge:/home/nithish/ws_moveit2/install/moveit_configs_utils:/home/nithish/robotic_arm_ws/install/path_planner:/opt/ros/humble /usr/bin/cmake --build /home/nithish/ur10e_ws/build/ur_description -- -j12 -l12
[1.526s] Invoking command in '/home/nithish/ur10e_ws/build/ur_description': CMAKE_PREFIX_PATH=${CMAKE_PREFIX_PATH}:/home/nithish/ur10e_ws/install/wrench_bridge:/home/nithish/ws_moveit2/install/moveit_configs_utils:/home/nithish/robotic_arm_ws/install/path_planner:/opt/ros/humble /usr/bin/cmake --install /home/nithish/ur10e_ws/build/ur_description
[1.557s] -- Install configuration: ""
[1.558s] -- Up-to-date: /home/nithish/ur10e_ws/install/ur_description/share/ur_description/config
[1.558s] -- Up-to-date: /home/nithish/ur10e_ws/install/ur_description/share/ur_description/config/ur8long
[1.558s] -- Up-to-date: /home/nithish/ur10e_ws/install/ur_description/share/ur_description/config/ur8long/visual_parameters.yaml
[1.559s] -- Up-to-date: /home/nithish/ur10e_ws/install/ur_description/share/ur_description/config/ur8long/physical_parameters.yaml
[1.559s] -- Up-to-date: /home/nithish/ur10e_ws/install/ur_description/share/ur_description/config/ur8long/joint_limits.yaml
[1.559s] -- Up-to-date: /home/nithish/ur10e_ws/install/ur_description/share/ur_description/config/ur8long/default_kinematics.yaml
[1.559s] -- Up-to-date: /home/nithish/ur10e_ws/install/ur_description/share/ur_description/config/initial_positions.yaml
[1.565s] -- Up-to-date: /home/nithish/ur10e_ws/install/ur_description/share/ur_description/config/ur7e
[1.565s] -- Up-to-date: /home/nithish/ur10e_ws/install/ur_description/share/ur_description/config/ur7e/visual_parameters.yaml
[1.565s] -- Up-to-date: /home/nithish/ur10e_ws/install/ur_description/share/ur_description/config/ur7e/physical_parameters.yaml
[1.574s] -- Up-to-date: /home/nithish/ur10e_ws/install/ur_description/share/ur_description/config/ur7e/joint_limits.yaml
[1.574s] -- Up-to-date: /home/nithish/ur10e_ws/install/ur_description/share/ur_description/config/ur7e/default_kinematics.yaml
[1.575s] -- Up-to-date: /home/nithish/ur10e_ws/install/ur_description/share/ur_description/config/ur5e
[1.575s] -- Up-to-date: /home/nithish/ur10e_ws/install/ur_description/share/ur_description/config/ur5e/visual_parameters.yaml
[1.576s] -- Up-to-date: /home/nithish/ur10e_ws/install/ur_description/share/ur_description/config/ur5e/physical_parameters.yaml
[1.576s] -- Up-to-date: /home/nithish/ur10e_ws/install/ur_description/share/ur_description/config/ur5e/joint_limits.yaml
[1.576s] -- Up-to-date: /home/nithish/ur10e_ws/install/ur_description/share/ur_description/config/ur5e/default_kinematics.yaml
[1.577s] -- Up-to-date: /home/nithish/ur10e_ws/install/ur_description/share/ur_description/config/ur3
[1.580s] -- Up-to-date: /home/nithish/ur10e_ws/install/ur_description/share/ur_description/config/ur3/visual_parameters.yaml
[1.580s] -- Up-to-date: /home/nithish/ur10e_ws/install/ur_description/share/ur_description/config/ur3/physical_parameters.yaml
[1.580s] -- Up-to-date: /home/nithish/ur10e_ws/install/ur_description/share/ur_description/config/ur3/joint_limits.yaml
[1.581s] -- Up-to-date: /home/nithish/ur10e_ws/install/ur_description/share/ur_description/config/ur3/default_kinematics.yaml
[1.581s] -- Up-to-date: /home/nithish/ur10e_ws/install/ur_description/share/ur_description/config/ur10
[1.581s] -- Up-to-date: /home/nithish/ur10e_ws/install/ur_description/share/ur_description/config/ur10/visual_parameters.yaml
[1.581s] -- Up-to-date: /home/nithish/ur10e_ws/install/ur_description/share/ur_description/config/ur10/physical_parameters.yaml
[1.582s] -- Up-to-date: /home/nithish/ur10e_ws/install/ur_description/share/ur_description/config/ur10/joint_limits.yaml
[1.582s] -- Up-to-date: /home/nithish/ur10e_ws/install/ur_description/share/ur_description/config/ur10/default_kinematics.yaml
[1.582s] -- Up-to-date: /home/nithish/ur10e_ws/install/ur_description/share/ur_description/config/ur5
[1.583s] -- Up-to-date: /home/nithish/ur10e_ws/install/ur_description/share/ur_description/config/ur5/visual_parameters.yaml
[1.592s] -- Up-to-date: /home/nithish/ur10e_ws/install/ur_description/share/ur_description/config/ur5/physical_parameters.yaml
[1.592s] -- Up-to-date: /home/nithish/ur10e_ws/install/ur_description/share/ur_description/config/ur5/joint_limits.yaml
[1.593s] -- Up-to-date: /home/nithish/ur10e_ws/install/ur_description/share/ur_description/config/ur5/default_kinematics.yaml
[1.597s] -- Up-to-date: /home/nithish/ur10e_ws/install/ur_description/share/ur_description/config/ur12e
[1.597s] -- Up-to-date: /home/nithish/ur10e_ws/install/ur_description/share/ur_description/config/ur12e/visual_parameters.yaml
[1.598s] -- Up-to-date: /home/nithish/ur10e_ws/install/ur_description/share/ur_description/config/ur12e/physical_parameters.yaml
[1.598s] -- Up-to-date: /home/nithish/ur10e_ws/install/ur_description/share/ur_description/config/ur12e/joint_limits.yaml
[1.598s] -- Up-to-date: /home/nithish/ur10e_ws/install/ur_description/share/ur_description/config/ur12e/default_kinematics.yaml
[1.599s] -- Up-to-date: /home/nithish/ur10e_ws/install/ur_description/share/ur_description/config/ur16e
[1.599s] -- Up-to-date: /home/nithish/ur10e_ws/install/ur_description/share/ur_description/config/ur16e/visual_parameters.yaml
[1.599s] -- Up-to-date: /home/nithish/ur10e_ws/install/ur_description/share/ur_description/config/ur16e/physical_parameters.yaml
[1.600s] -- Up-to-date: /home/nithish/ur10e_ws/install/ur_description/share/ur_description/config/ur16e/joint_limits.yaml
[1.600s] -- Up-to-date: /home/nithish/ur10e_ws/install/ur_description/share/ur_description/config/ur16e/default_kinematics.yaml
[1.600s] -- Up-to-date: /home/nithish/ur10e_ws/install/ur_description/share/ur_description/config/ur30
[1.600s] -- Up-to-date: /home/nithish/ur10e_ws/install/ur_description/share/ur_description/config/ur30/visual_parameters.yaml
[1.601s] -- Up-to-date: /home/nithish/ur10e_ws/install/ur_description/share/ur_description/config/ur30/physical_parameters.yaml
[1.601s] -- Up-to-date: /home/nithish/ur10e_ws/install/ur_description/share/ur_description/config/ur30/joint_limits.yaml
[1.601s] -- Up-to-date: /home/nithish/ur10e_ws/install/ur_description/share/ur_description/config/ur30/default_kinematics.yaml
[1.601s] -- Up-to-date: /home/nithish/ur10e_ws/install/ur_description/share/ur_description/config/ur10e
[1.602s] -- Up-to-date: /home/nithish/ur10e_ws/install/ur_description/share/ur_description/config/ur10e/visual_parameters.yaml
[1.602s] -- Up-to-date: /home/nithish/ur10e_ws/install/ur_description/share/ur_description/config/ur10e/physical_parameters.yaml
[1.602s] -- Up-to-date: /home/nithish/ur10e_ws/install/ur_description/share/ur_description/config/ur10e/joint_limits.yaml
[1.602s] -- Up-to-date: /home/nithish/ur10e_ws/install/ur_description/share/ur_description/config/ur10e/default_kinematics.yaml
[1.612s] -- Up-to-date: /home/nithish/ur10e_ws/install/ur_description/share/ur_description/config/ur20
[1.617s] -- Up-to-date: /home/nithish/ur10e_ws/install/ur_description/share/ur_description/config/ur20/visual_parameters.yaml
[1.617s] -- Up-to-date: /home/nithish/ur10e_ws/install/ur_description/share/ur_description/config/ur20/physical_parameters.yaml
[1.617s] -- Up-to-date: /home/nithish/ur10e_ws/install/ur_description/share/ur_description/config/ur20/joint_limits.yaml
[1.618s] -- Up-to-date: /home/nithish/ur10e_ws/install/ur_description/share/ur_description/config/ur20/default_kinematics.yaml
[1.618s] -- Up-to-date: /home/nithish/ur10e_ws/install/ur_description/share/ur_description/config/ur3e
[1.618s] -- Up-to-date: /home/nithish/ur10e_ws/install/ur_description/share/ur_description/config/ur3e/visual_parameters.yaml
[1.620s] -- Up-to-date: /home/nithish/ur10e_ws/install/ur_description/share/ur_description/config/ur3e/physical_parameters.yaml
[1.620s] -- Up-to-date: /home/nithish/ur10e_ws/install/ur_description/share/ur_description/config/ur3e/joint_limits.yaml
[1.620s] -- Up-to-date: /home/nithish/ur10e_ws/install/ur_description/share/ur_description/config/ur3e/default_kinematics.yaml
[1.621s] -- Up-to-date: /home/nithish/ur10e_ws/install/ur_description/share/ur_description/config/ur15
[1.621s] -- Up-to-date: /home/nithish/ur10e_ws/install/ur_description/share/ur_description/config/ur15/visual_parameters.yaml
[1.621s] -- Up-to-date: /home/nithish/ur10e_ws/install/ur_description/share/ur_description/config/ur15/physical_parameters.yaml
[1.622s] -- Up-to-date: /home/nithish/ur10e_ws/install/ur_description/share/ur_description/config/ur15/joint_limits.yaml
[1.622s] -- Up-to-date: /home/nithish/ur10e_ws/install/ur_description/share/ur_description/config/ur15/default_kinematics.yaml
[1.623s] -- Up-to-date: /home/nithish/ur10e_ws/install/ur_description/share/ur_description/launch
[1.623s] -- Up-to-date: /home/nithish/ur10e_ws/install/ur_description/share/ur_description/launch/view_ur.launch.py
[1.623s] -- Up-to-date: /home/nithish/ur10e_ws/install/ur_description/share/ur_description/meshes
[1.624s] -- Up-to-date: /home/nithish/ur10e_ws/install/ur_description/share/ur_description/meshes/ur8long
[1.624s] -- Up-to-date: /home/nithish/ur10e_ws/install/ur_description/share/ur_description/meshes/ur8long/collision
[1.624s] -- Up-to-date: /home/nithish/ur10e_ws/install/ur_description/share/ur_description/meshes/ur8long/collision/forearm.stl
[1.625s] -- Up-to-date: /home/nithish/ur10e_ws/install/ur_description/share/ur_description/meshes/ur8long/collision/upperarm.stl
[1.625s] -- Up-to-date: /home/nithish/ur10e_ws/install/ur_description/share/ur_description/meshes/ur8long/LICENSE.txt
[1.625s] -- Up-to-date: /home/nithish/ur10e_ws/install/ur_description/share/ur_description/meshes/ur8long/visual
[1.634s] -- Up-to-date: /home/nithish/ur10e_ws/install/ur_description/share/ur_description/meshes/ur8long/visual/upperarm.dae
[1.636s] -- Up-to-date: /home/nithish/ur10e_ws/install/ur_description/share/ur_description/meshes/ur8long/visual/forearm.dae
[1.636s] -- Up-to-date: /home/nithish/ur10e_ws/install/ur_description/share/ur_description/meshes/ur8long/visual/UR8Long_DIFF_8bit_2K.jpg
[1.637s] -- Up-to-date: /home/nithish/ur10e_ws/install/ur_description/share/ur_description/meshes/ur5e
[1.662s] -- Up-to-date: /home/nithish/ur10e_ws/install/ur_description/share/ur_description/meshes/ur5e/collision
[1.663s] -- Up-to-date: /home/nithish/ur10e_ws/install/ur_description/share/ur_description/meshes/ur5e/collision/shoulder.stl
[1.663s] -- Up-to-date: /home/nithish/ur10e_ws/install/ur_description/share/ur_description/meshes/ur5e/collision/wrist3.stl
[1.663s] -- Up-to-date: /home/nithish/ur10e_ws/install/ur_description/share/ur_description/meshes/ur5e/collision/forearm.stl
[1.663s] -- Up-to-date: /home/nithish/ur10e_ws/install/ur_description/share/ur_description/meshes/ur5e/collision/wrist2.stl
[1.664s] -- Up-to-date: /home/nithish/ur10e_ws/install/ur_description/share/ur_description/meshes/ur5e/collision/upperarm.stl
[1.664s] -- Up-to-date: /home/nithish/ur10e_ws/install/ur_description/share/ur_description/meshes/ur5e/collision/wrist1.stl
[1.664s] -- Up-to-date: /home/nithish/ur10e_ws/install/ur_description/share/ur_description/meshes/ur5e/collision/base.stl
[1.664s] -- Up-to-date: /home/nithish/ur10e_ws/install/ur_description/share/ur_description/meshes/ur5e/visual
[1.665s] -- Up-to-date: /home/nithish/ur10e_ws/install/ur_description/share/ur_description/meshes/ur5e/visual/upperarm.dae
[1.665s] -- Up-to-date: /home/nithish/ur10e_ws/install/ur_description/share/ur_description/meshes/ur5e/visual/wrist1.dae
[1.665s] -- Up-to-date: /home/nithish/ur10e_ws/install/ur_description/share/ur_description/meshes/ur5e/visual/forearm.dae
[1.665s] -- Up-to-date: /home/nithish/ur10e_ws/install/ur_description/share/ur_description/meshes/ur5e/visual/shoulder.dae
[1.670s] -- Up-to-date: /home/nithish/ur10e_ws/install/ur_description/share/ur_description/meshes/ur5e/visual/wrist3.dae
[1.671s] -- Up-to-date: /home/nithish/ur10e_ws/install/ur_description/share/ur_description/meshes/ur5e/visual/wrist2.dae
[1.671s] -- Up-to-date: /home/nithish/ur10e_ws/install/ur_description/share/ur_description/meshes/ur5e/visual/base.dae
[1.671s] -- Up-to-date: /home/nithish/ur10e_ws/install/ur_description/share/ur_description/meshes/ur3
[1.671s] -- Up-to-date: /home/nithish/ur10e_ws/install/ur_description/share/ur_description/meshes/ur3/collision
[1.672s] -- Up-to-date: /home/nithish/ur10e_ws/install/ur_description/share/ur_description/meshes/ur3/collision/shoulder.stl
[1.672s] -- Up-to-date: /home/nithish/ur10e_ws/install/ur_description/share/ur_description/meshes/ur3/collision/wrist3.stl
[1.672s] -- Up-to-date: /home/nithish/ur10e_ws/install/ur_description/share/ur_description/meshes/ur3/collision/forearm.stl
[1.672s] -- Up-to-date: /home/nithish/ur10e_ws/install/ur_description/share/ur_description/meshes/ur3/collision/wrist2.stl
[1.673s] -- Up-to-date: /home/nithish/ur10e_ws/install/ur_description/share/ur_description/meshes/ur3/collision/upperarm.stl
[1.673s] -- Up-to-date: /home/nithish/ur10e_ws/install/ur_description/share/ur_description/meshes/ur3/collision/wrist1.stl
[1.673s] -- Up-to-date: /home/nithish/ur10e_ws/install/ur_description/share/ur_description/meshes/ur3/collision/base.stl
[1.673s] -- Up-to-date: /home/nithish/ur10e_ws/install/ur_description/share/ur_description/meshes/ur3/visual
[1.674s] -- Up-to-date: /home/nithish/ur10e_ws/install/ur_description/share/ur_description/meshes/ur3/visual/upperarm.dae
[1.685s] -- Up-to-date: /home/nithish/ur10e_ws/install/ur_description/share/ur_description/meshes/ur3/visual/wrist1.dae
[1.685s] -- Up-to-date: /home/nithish/ur10e_ws/install/ur_description/share/ur_description/meshes/ur3/visual/forearm.dae
[1.686s] -- Up-to-date: /home/nithish/ur10e_ws/install/ur_description/share/ur_description/meshes/ur3/visual/shoulder.dae
[1.686s] -- Up-to-date: /home/nithish/ur10e_ws/install/ur_description/share/ur_description/meshes/ur3/visual/wrist3.dae
[1.686s] -- Up-to-date: /home/nithish/ur10e_ws/install/ur_description/share/ur_description/meshes/ur3/visual/wrist2.dae
[1.688s] -- Up-to-date: /home/nithish/ur10e_ws/install/ur_description/share/ur_description/meshes/ur3/visual/base.dae
[1.688s] -- Up-to-date: /home/nithish/ur10e_ws/install/ur_description/share/ur_description/meshes/ur10
[1.688s] -- Up-to-date: /home/nithish/ur10e_ws/install/ur_description/share/ur_description/meshes/ur10/collision
[1.689s] -- Up-to-date: /home/nithish/ur10e_ws/install/ur_description/share/ur_description/meshes/ur10/collision/shoulder.stl
[1.689s] -- Up-to-date: /home/nithish/ur10e_ws/install/ur_description/share/ur_description/meshes/ur10/collision/wrist3.stl
[1.690s] -- Up-to-date: /home/nithish/ur10e_ws/install/ur_description/share/ur_description/meshes/ur10/collision/forearm.stl
[1.690s] -- Up-to-date: /home/nithish/ur10e_ws/install/ur_description/share/ur_description/meshes/ur10/collision/wrist2.stl
[1.692s] -- Up-to-date: /home/nithish/ur10e_ws/install/ur_description/share/ur_description/meshes/ur10/collision/upperarm.stl
[1.692s] -- Up-to-date: /home/nithish/ur10e_ws/install/ur_description/share/ur_description/meshes/ur10/collision/wrist1.stl
[1.693s] -- Up-to-date: /home/nithish/ur10e_ws/install/ur_description/share/ur_description/meshes/ur10/collision/base.stl
[1.693s] -- Up-to-date: /home/nithish/ur10e_ws/install/ur_description/share/ur_description/meshes/ur10/visual
[1.693s] -- Up-to-date: /home/nithish/ur10e_ws/install/ur_description/share/ur_description/meshes/ur10/visual/upperarm.dae
[1.693s] -- Up-to-date: /home/nithish/ur10e_ws/install/ur_description/share/ur_description/meshes/ur10/visual/wrist1.dae
[1.694s] -- Up-to-date: /home/nithish/ur10e_ws/install/ur_description/share/ur_description/meshes/ur10/visual/forearm.dae
[1.694s] -- Up-to-date: /home/nithish/ur10e_ws/install/ur_description/share/ur_description/meshes/ur10/visual/shoulder.dae
[1.694s] -- Up-to-date: /home/nithish/ur10e_ws/install/ur_description/share/ur_description/meshes/ur10/visual/wrist3.dae
[1.694s] -- Up-to-date: /home/nithish/ur10e_ws/install/ur_description/share/ur_description/meshes/ur10/visual/wrist2.dae
[1.695s] -- Up-to-date: /home/nithish/ur10e_ws/install/ur_description/share/ur_description/meshes/ur10/visual/base.dae
[1.695s] -- Up-to-date: /home/nithish/ur10e_ws/install/ur_description/share/ur_description/meshes/ur5
[1.695s] -- Up-to-date: /home/nithish/ur10e_ws/install/ur_description/share/ur_description/meshes/ur5/collision
[1.695s] -- Up-to-date: /home/nithish/ur10e_ws/install/ur_description/share/ur_description/meshes/ur5/collision/shoulder.stl
[1.696s] -- Up-to-date: /home/nithish/ur10e_ws/install/ur_description/share/ur_description/meshes/ur5/collision/wrist3.stl
[1.696s] -- Up-to-date: /home/nithish/ur10e_ws/install/ur_description/share/ur_description/meshes/ur5/collision/forearm.stl
[1.696s] -- Up-to-date: /home/nithish/ur10e_ws/install/ur_description/share/ur_description/meshes/ur5/collision/wrist2.stl
[1.700s] -- Up-to-date: /home/nithish/ur10e_ws/install/ur_description/share/ur_description/meshes/ur5/collision/upperarm.stl
[1.700s] -- Up-to-date: /home/nithish/ur10e_ws/install/ur_description/share/ur_description/meshes/ur5/collision/wrist1.stl
[1.701s] -- Up-to-date: /home/nithish/ur10e_ws/install/ur_description/share/ur_description/meshes/ur5/collision/base.stl
[1.701s] -- Up-to-date: /home/nithish/ur10e_ws/install/ur_description/share/ur_description/meshes/ur5/visual
[1.701s] -- Up-to-date: /home/nithish/ur10e_ws/install/ur_description/share/ur_description/meshes/ur5/visual/upperarm.dae
[1.701s] -- Up-to-date: /home/nithish/ur10e_ws/install/ur_description/share/ur_description/meshes/ur5/visual/wrist1.dae
[1.701s] -- Up-to-date: /home/nithish/ur10e_ws/install/ur_description/share/ur_description/meshes/ur5/visual/forearm.dae
[1.702s] -- Up-to-date: /home/nithish/ur10e_ws/install/ur_description/share/ur_description/meshes/ur5/visual/shoulder.dae
[1.702s] -- Up-to-date: /home/nithish/ur10e_ws/install/ur_description/share/ur_description/meshes/ur5/visual/wrist3.dae
[1.702s] -- Up-to-date: /home/nithish/ur10e_ws/install/ur_description/share/ur_description/meshes/ur5/visual/wrist2.dae
[1.702s] -- Up-to-date: /home/nithish/ur10e_ws/install/ur_description/share/ur_description/meshes/ur5/visual/base.dae
[1.703s] -- Up-to-date: /home/nithish/ur10e_ws/install/ur_description/share/ur_description/meshes/ur16e
[1.703s] -- Up-to-date: /home/nithish/ur10e_ws/install/ur_description/share/ur_description/meshes/ur16e/collision
[1.703s] -- Up-to-date: /home/nithish/ur10e_ws/install/ur_description/share/ur_description/meshes/ur16e/collision/forearm.stl
[1.703s] -- Up-to-date: /home/nithish/ur10e_ws/install/ur_description/share/ur_description/meshes/ur16e/collision/upperarm.stl
[1.704s] -- Up-to-date: /home/nithish/ur10e_ws/install/ur_description/share/ur_description/meshes/ur16e/visual
[1.704s] -- Up-to-date: /home/nithish/ur10e_ws/install/ur_description/share/ur_description/meshes/ur16e/visual/upperarm.dae
[1.704s] -- Up-to-date: /home/nithish/ur10e_ws/install/ur_description/share/ur_description/meshes/ur16e/visual/forearm.dae
[1.704s] -- Up-to-date: /home/nithish/ur10e_ws/install/ur_description/share/ur_description/meshes/ur30
[1.705s] -- Up-to-date: /home/nithish/ur10e_ws/install/ur_description/share/ur_description/meshes/ur30/collision
[1.705s] -- Up-to-date: /home/nithish/ur10e_ws/install/ur_description/share/ur_description/meshes/ur30/collision/forearm.stl
[1.705s] -- Up-to-date: /home/nithish/ur10e_ws/install/ur_description/share/ur_description/meshes/ur30/collision/upperarm.stl
[1.705s] -- Up-to-date: /home/nithish/ur10e_ws/install/ur_description/share/ur_description/meshes/ur30/LICENSE.txt
[1.705s] -- Up-to-date: /home/nithish/ur10e_ws/install/ur_description/share/ur_description/meshes/ur30/visual
[1.706s] -- Up-to-date: /home/nithish/ur10e_ws/install/ur_description/share/ur_description/meshes/ur30/visual/upperarm.dae
[1.712s] -- Up-to-date: /home/nithish/ur10e_ws/install/ur_description/share/ur_description/meshes/ur30/visual/UR30_DIFF_8bit_2K.png
[1.712s] -- Up-to-date: /home/nithish/ur10e_ws/install/ur_description/share/ur_description/meshes/ur30/visual/forearm.dae
[1.712s] -- Up-to-date: /home/nithish/ur10e_ws/install/ur_description/share/ur_description/meshes/ur10e
[1.712s] -- Up-to-date: /home/nithish/ur10e_ws/install/ur_description/share/ur_description/meshes/ur10e/collision
[1.712s] -- Up-to-date: /home/nithish/ur10e_ws/install/ur_description/share/ur_description/meshes/ur10e/collision/shoulder.stl
[1.712s] -- Up-to-date: /home/nithish/ur10e_ws/install/ur_description/share/ur_description/meshes/ur10e/collision/wrist3.stl
[1.713s] -- Up-to-date: /home/nithish/ur10e_ws/install/ur_description/share/ur_description/meshes/ur10e/collision/forearm.stl
[1.713s] -- Up-to-date: /home/nithish/ur10e_ws/install/ur_description/share/ur_description/meshes/ur10e/collision/bowl.stl
[1.713s] -- Up-to-date: /home/nithish/ur10e_ws/install/ur_description/share/ur_description/meshes/ur10e/collision/wrist2.stl
[1.713s] -- Up-to-date: /home/nithish/ur10e_ws/install/ur_description/share/ur_description/meshes/ur10e/collision/upperarm.stl
[1.713s] -- Up-to-date: /home/nithish/ur10e_ws/install/ur_description/share/ur_description/meshes/ur10e/collision/wrist1.stl
[1.713s] -- Up-to-date: /home/nithish/ur10e_ws/install/ur_description/share/ur_description/meshes/ur10e/collision/base.stl
[1.714s] -- Up-to-date: /home/nithish/ur10e_ws/install/ur_description/share/ur_description/meshes/ur10e/visual
[1.714s] -- Up-to-date: /home/nithish/ur10e_ws/install/ur_description/share/ur_description/meshes/ur10e/visual/upperarm.dae
[1.714s] -- Up-to-date: /home/nithish/ur10e_ws/install/ur_description/share/ur_description/meshes/ur10e/visual/wrist1.dae
[1.714s] -- Up-to-date: /home/nithish/ur10e_ws/install/ur_description/share/ur_description/meshes/ur10e/visual/forearm.dae
[1.714s] -- Up-to-date: /home/nithish/ur10e_ws/install/ur_description/share/ur_description/meshes/ur10e/visual/shoulder.dae
[1.714s] -- Up-to-date: /home/nithish/ur10e_ws/install/ur_description/share/ur_description/meshes/ur10e/visual/wrist3.dae
[1.714s] -- Up-to-date: /home/nithish/ur10e_ws/install/ur_description/share/ur_description/meshes/ur10e/visual/wrist2.dae
[1.715s] -- Up-to-date: /home/nithish/ur10e_ws/install/ur_description/share/ur_description/meshes/ur10e/visual/base.dae
[1.719s] -- Up-to-date: /home/nithish/ur10e_ws/install/ur_description/share/ur_description/meshes/ur20
[1.720s] -- Up-to-date: /home/nithish/ur10e_ws/install/ur_description/share/ur_description/meshes/ur20/collision
[1.720s] -- Up-to-date: /home/nithish/ur10e_ws/install/ur_description/share/ur_description/meshes/ur20/collision/shoulder.stl
[1.720s] -- Up-to-date: /home/nithish/ur10e_ws/install/ur_description/share/ur_description/meshes/ur20/collision/wrist3.stl
[1.720s] -- Up-to-date: /home/nithish/ur10e_ws/install/ur_description/share/ur_description/meshes/ur20/collision/forearm.stl
[1.720s] -- Up-to-date: /home/nithish/ur10e_ws/install/ur_description/share/ur_description/meshes/ur20/collision/wrist2.stl
[1.721s] -- Up-to-date: /home/nithish/ur10e_ws/install/ur_description/share/ur_description/meshes/ur20/collision/upperarm.stl
[1.721s] -- Up-to-date: /home/nithish/ur10e_ws/install/ur_description/share/ur_description/meshes/ur20/collision/wrist1.stl
[1.721s] -- Up-to-date: /home/nithish/ur10e_ws/install/ur_description/share/ur_description/meshes/ur20/collision/base.stl
[1.721s] -- Up-to-date: /home/nithish/ur10e_ws/install/ur_description/share/ur_description/meshes/ur20/LICENSE.txt
[1.721s] -- Up-to-date: /home/nithish/ur10e_ws/install/ur_description/share/ur_description/meshes/ur20/visual
[1.721s] -- Up-to-date: /home/nithish/ur10e_ws/install/ur_description/share/ur_description/meshes/ur20/visual/upperarm.dae
[1.721s] -- Up-to-date: /home/nithish/ur10e_ws/install/ur_description/share/ur_description/meshes/ur20/visual/wrist1.dae
[1.722s] -- Up-to-date: /home/nithish/ur10e_ws/install/ur_description/share/ur_description/meshes/ur20/visual/forearm.dae
[1.722s] -- Up-to-date: /home/nithish/ur10e_ws/install/ur_description/share/ur_description/meshes/ur20/visual/shoulder.dae
[1.722s] -- Up-to-date: /home/nithish/ur10e_ws/install/ur_description/share/ur_description/meshes/ur20/visual/wrist3.dae
[1.722s] -- Up-to-date: /home/nithish/ur10e_ws/install/ur_description/share/ur_description/meshes/ur20/visual/wrist2.dae
[1.722s] -- Up-to-date: /home/nithish/ur10e_ws/install/ur_description/share/ur_description/meshes/ur20/visual/base.dae
[1.722s] -- Up-to-date: /home/nithish/ur10e_ws/install/ur_description/share/ur_description/meshes/ur20/visual/UR20_DIFF_8bit_2K.png
[1.723s] -- Up-to-date: /home/nithish/ur10e_ws/install/ur_description/share/ur_description/meshes/ur3e
[1.728s] -- Up-to-date: /home/nithish/ur10e_ws/install/ur_description/share/ur_description/meshes/ur3e/collision
[1.729s] -- Up-to-date: /home/nithish/ur10e_ws/install/ur_description/share/ur_description/meshes/ur3e/collision/shoulder.stl
[1.729s] -- Up-to-date: /home/nithish/ur10e_ws/install/ur_description/share/ur_description/meshes/ur3e/collision/wrist3.stl
[1.729s] -- Up-to-date: /home/nithish/ur10e_ws/install/ur_description/share/ur_description/meshes/ur3e/collision/forearm.stl
[1.729s] -- Up-to-date: /home/nithish/ur10e_ws/install/ur_description/share/ur_description/meshes/ur3e/collision/wrist2.stl
[1.729s] -- Up-to-date: /home/nithish/ur10e_ws/install/ur_description/share/ur_description/meshes/ur3e/collision/upperarm.stl
[1.729s] -- Up-to-date: /home/nithish/ur10e_ws/install/ur_description/share/ur_description/meshes/ur3e/collision/wrist1.stl
[1.730s] -- Up-to-date: /home/nithish/ur10e_ws/install/ur_description/share/ur_description/meshes/ur3e/collision/base.stl
[1.730s] -- Up-to-date: /home/nithish/ur10e_ws/install/ur_description/share/ur_description/meshes/ur3e/visual
[1.730s] -- Up-to-date: /home/nithish/ur10e_ws/install/ur_description/share/ur_description/meshes/ur3e/visual/upperarm.dae
[1.730s] -- Up-to-date: /home/nithish/ur10e_ws/install/ur_description/share/ur_description/meshes/ur3e/visual/wrist1.dae
[1.730s] -- Up-to-date: /home/nithish/ur10e_ws/install/ur_description/share/ur_description/meshes/ur3e/visual/forearm.dae
[1.730s] -- Up-to-date: /home/nithish/ur10e_ws/install/ur_description/share/ur_description/meshes/ur3e/visual/shoulder.dae
[1.731s] -- Up-to-date: /home/nithish/ur10e_ws/install/ur_description/share/ur_description/meshes/ur3e/visual/wrist3.dae
[1.731s] -- Up-to-date: /home/nithish/ur10e_ws/install/ur_description/share/ur_description/meshes/ur3e/visual/wrist2.dae
[1.731s] -- Up-to-date: /home/nithish/ur10e_ws/install/ur_description/share/ur_description/meshes/ur3e/visual/base.dae
[1.731s] -- Up-to-date: /home/nithish/ur10e_ws/install/ur_description/share/ur_description/meshes/ur15
[1.731s] -- Up-to-date: /home/nithish/ur10e_ws/install/ur_description/share/ur_description/meshes/ur15/collision
[1.731s] -- Up-to-date: /home/nithish/ur10e_ws/install/ur_description/share/ur_description/meshes/ur15/collision/shoulder.stl
[1.732s] -- Up-to-date: /home/nithish/ur10e_ws/install/ur_description/share/ur_description/meshes/ur15/collision/wrist3.stl
[1.737s] -- Up-to-date: /home/nithish/ur10e_ws/install/ur_description/share/ur_description/meshes/ur15/collision/forearm.stl
[1.738s] -- Up-to-date: /home/nithish/ur10e_ws/install/ur_description/share/ur_description/meshes/ur15/collision/wrist2.stl
[1.738s] -- Up-to-date: /home/nithish/ur10e_ws/install/ur_description/share/ur_description/meshes/ur15/collision/upperarm.stl
[1.738s] -- Up-to-date: /home/nithish/ur10e_ws/install/ur_description/share/ur_description/meshes/ur15/collision/wrist1.stl
[1.738s] -- Up-to-date: /home/nithish/ur10e_ws/install/ur_description/share/ur_description/meshes/ur15/collision/base.stl
[1.738s] -- Up-to-date: /home/nithish/ur10e_ws/install/ur_description/share/ur_description/meshes/ur15/LICENSE.txt
[1.738s] -- Up-to-date: /home/nithish/ur10e_ws/install/ur_description/share/ur_description/meshes/ur15/visual
[1.739s] -- Up-to-date: /home/nithish/ur10e_ws/install/ur_description/share/ur_description/meshes/ur15/visual/upperarm.dae
[1.739s] -- Up-to-date: /home/nithish/ur10e_ws/install/ur_description/share/ur_description/meshes/ur15/visual/UR15_DIFF_8bit_2K.jpg
[1.739s] -- Up-to-date: /home/nithish/ur10e_ws/install/ur_description/share/ur_description/meshes/ur15/visual/wrist1.dae
[1.739s] -- Up-to-date: /home/nithish/ur10e_ws/install/ur_description/share/ur_description/meshes/ur15/visual/forearm.dae
[1.739s] -- Up-to-date: /home/nithish/ur10e_ws/install/ur_description/share/ur_description/meshes/ur15/visual/shoulder.dae
[1.740s] -- Up-to-date: /home/nithish/ur10e_ws/install/ur_description/share/ur_description/meshes/ur15/visual/wrist3.dae
[1.740s] -- Up-to-date: /home/nithish/ur10e_ws/install/ur_description/share/ur_description/meshes/ur15/visual/wrist2.dae
[1.740s] -- Up-to-date: /home/nithish/ur10e_ws/install/ur_description/share/ur_description/meshes/ur15/visual/base.dae
[1.740s] -- Up-to-date: /home/nithish/ur10e_ws/install/ur_description/share/ur_description/rviz
[1.740s] -- Up-to-date: /home/nithish/ur10e_ws/install/ur_description/share/ur_description/rviz/view_robot.rviz
[1.740s] -- Up-to-date: /home/nithish/ur10e_ws/install/ur_description/share/ur_description/urdf
[1.741s] -- Up-to-date: /home/nithish/ur10e_ws/install/ur_description/share/ur_description/urdf/ur.ros2_control.xacro
[1.745s] -- Up-to-date: /home/nithish/ur10e_ws/install/ur_description/share/ur_description/urdf/ur.urdf.xacro
[1.745s] -- Up-to-date: /home/nithish/ur10e_ws/install/ur_description/share/ur_description/urdf/ur_macro.xacro
[1.745s] -- Up-to-date: /home/nithish/ur10e_ws/install/ur_description/share/ur_description/urdf/inc
[1.745s] -- Up-to-date: /home/nithish/ur10e_ws/install/ur_description/share/ur_description/urdf/inc/ur_transmissions.xacro
[1.746s] -- Up-to-date: /home/nithish/ur10e_ws/install/ur_description/share/ur_description/urdf/inc/ur_common.xacro
[1.746s] -- Up-to-date: /home/nithish/ur10e_ws/install/ur_description/share/ur_description/test
[1.746s] -- Up-to-date: /home/nithish/ur10e_ws/install/ur_description/share/ur_description/test/test_view_ur_launch.py
[1.746s] -- Up-to-date: /home/nithish/ur10e_ws/install/ur_description/share/ur_description/test/test_ur_urdf_xacro.py
[1.746s] -- Up-to-date: /home/nithish/ur10e_ws/install/ur_description/share/ament_index/resource_index/package_run_dependencies/ur_description
[1.746s] -- Up-to-date: /home/nithish/ur10e_ws/install/ur_description/share/ament_index/resource_index/parent_prefix_path/ur_description
[1.747s] -- Up-to-date: /home/nithish/ur10e_ws/install/ur_description/share/ur_description/environment/ament_prefix_path.sh
[1.747s] -- Up-to-date: /home/nithish/ur10e_ws/install/ur_description/share/ur_description/environment/ament_prefix_path.dsv
[1.747s] -- Up-to-date: /home/nithish/ur10e_ws/install/ur_description/share/ur_description/environment/path.sh
[1.747s] -- Up-to-date: /home/nithish/ur10e_ws/install/ur_description/share/ur_description/environment/path.dsv
[1.747s] -- Up-to-date: /home/nithish/ur10e_ws/install/ur_description/share/ur_description/local_setup.bash
[1.747s] -- Up-to-date: /home/nithish/ur10e_ws/install/ur_description/share/ur_description/local_setup.sh
[1.748s] -- Up-to-date: /home/nithish/ur10e_ws/install/ur_description/share/ur_description/local_setup.zsh
[1.751s] -- Up-to-date: /home/nithish/ur10e_ws/install/ur_description/share/ur_description/local_setup.dsv
[1.752s] -- Installing: /home/nithish/ur10e_ws/install/ur_description/share/ur_description/package.dsv
[1.752s] -- Up-to-date: /home/nithish/ur10e_ws/install/ur_description/share/ament_index/resource_index/packages/ur_description
[1.752s] -- Up-to-date: /home/nithish/ur10e_ws/install/ur_description/share/ur_description/cmake/ur_descriptionConfig.cmake
[1.752s] -- Up-to-date: /home/nithish/ur10e_ws/install/ur_description/share/ur_description/cmake/ur_descriptionConfig-version.cmake
[1.752s] -- Up-to-date: /home/nithish/ur10e_ws/install/ur_description/share/ur_description/package.xml
[1.753s] Invoked command in '/home/nithish/ur10e_ws/build/ur_description' returned '0': CMAKE_PREFIX_PATH=${CMAKE_PREFIX_PATH}:/home/nithish/ur10e_ws/install/wrench_bridge:/home/nithish/ws_moveit2/install/moveit_configs_utils:/home/nithish/robotic_arm_ws/install/path_planner:/opt/ros/humble /usr/bin/cmake --install /home/nithish/ur10e_ws/build/ur_description
