[0.030s] Invoking command in '/home/nithish/ur10e_ws/build/ros2_nr_motion_control': CMAKE_PREFIX_PATH=/home/nithish/ur10e_ws/install/ur_simulation_gazebo:/home/nithish/ur10e_ws/install/ros2_nr_motion_control:/home/nithish/rviz2_ws/install:/home/nithish/robotic_arm_ws/install/ur_simulation_gz:/home/nithish/robotic_arm_ws/install/my_moveit_config:/home/nithish/robotic_arm_ws/install/ur_description:/home/nithish/robotic_arm_ws/install/path_planner:/opt/ros/humble /usr/bin/cmake --build /home/nithish/ur10e_ws/build/ros2_nr_motion_control -- -j12 -l12
[0.162s] [35m[1mConsolidate compiler generated dependencies of target helix_trajectory_publisher[0m
[0.178s] [ 25%] Built target gtest_main
[0.178s] [ 25%] Built target gtest
[0.182s] [ 37%] Built target cartesian_space_trajectory_node
[0.185s] [ 50%] Built target joint_sine_publisher
[0.189s] [ 62%] Built target joint_space_trajectory_node
[0.191s] [ 75%] Built target joint_angle_publisher
[0.204s] [ 81%] [32mBuilding CXX object CMakeFiles/helix_trajectory_publisher.dir/src/helix_trajectory_publisher.cpp.o[0m
[0.239s] [ 93%] Built target test_robot_arm_motion_planner
[12.503s] [100%] [32m[1mLinking CXX executable helix_trajectory_publisher[0m
[13.009s] [100%] Built target helix_trajectory_publisher
[13.020s] Invoked command in '/home/nithish/ur10e_ws/build/ros2_nr_motion_control' returned '0': CMAKE_PREFIX_PATH=/home/nithish/ur10e_ws/install/ur_simulation_gazebo:/home/nithish/ur10e_ws/install/ros2_nr_motion_control:/home/nithish/rviz2_ws/install:/home/nithish/robotic_arm_ws/install/ur_simulation_gz:/home/nithish/robotic_arm_ws/install/my_moveit_config:/home/nithish/robotic_arm_ws/install/ur_description:/home/nithish/robotic_arm_ws/install/path_planner:/opt/ros/humble /usr/bin/cmake --build /home/nithish/ur10e_ws/build/ros2_nr_motion_control -- -j12 -l12
[13.022s] Invoking command in '/home/nithish/ur10e_ws/build/ros2_nr_motion_control': CMAKE_PREFIX_PATH=/home/nithish/ur10e_ws/install/ur_simulation_gazebo:/home/nithish/ur10e_ws/install/ros2_nr_motion_control:/home/nithish/rviz2_ws/install:/home/nithish/robotic_arm_ws/install/ur_simulation_gz:/home/nithish/robotic_arm_ws/install/my_moveit_config:/home/nithish/robotic_arm_ws/install/ur_description:/home/nithish/robotic_arm_ws/install/path_planner:/opt/ros/humble /usr/bin/cmake --install /home/nithish/ur10e_ws/build/ros2_nr_motion_control
[13.029s] -- Install configuration: ""
[13.030s] -- Up-to-date: /home/nithish/ur10e_ws/install/ros2_nr_motion_control/lib/ros2_nr_motion_control/joint_angle_publisher
[13.031s] -- Up-to-date: /home/nithish/ur10e_ws/install/ros2_nr_motion_control/lib/ros2_nr_motion_control/joint_sine_publisher
[13.032s] -- Up-to-date: /home/nithish/ur10e_ws/install/ros2_nr_motion_control/lib/ros2_nr_motion_control/joint_space_trajectory_node
[13.033s] -- Up-to-date: /home/nithish/ur10e_ws/install/ros2_nr_motion_control/lib/ros2_nr_motion_control/cartesian_space_trajectory_node
[13.033s] -- Installing: /home/nithish/ur10e_ws/install/ros2_nr_motion_control/lib/ros2_nr_motion_control/helix_trajectory_publisher
[13.036s] -- Set runtime path of "/home/nithish/ur10e_ws/install/ros2_nr_motion_control/lib/ros2_nr_motion_control/helix_trajectory_publisher" to ""
[13.036s] -- Up-to-date: /home/nithish/ur10e_ws/install/ros2_nr_motion_control/share/ros2_nr_motion_control/launch
[13.036s] -- Up-to-date: /home/nithish/ur10e_ws/install/ros2_nr_motion_control/share/ros2_nr_motion_control/launch/joint_space_trajectory.launch.py
[13.036s] -- Up-to-date: /home/nithish/ur10e_ws/install/ros2_nr_motion_control/share/ros2_nr_motion_control/launch/servo_cylinder_cleaning.launch.py
[13.036s] -- Up-to-date: /home/nithish/ur10e_ws/install/ros2_nr_motion_control/share/ros2_nr_motion_control/launch/cartesian_space_trajectory.launch.py
[13.036s] -- Up-to-date: /home/nithish/ur10e_ws/install/ros2_nr_motion_control/share/ros2_nr_motion_control/launch/sinusoidal_trajectory.launch.py
[13.036s] -- Up-to-date: /home/nithish/ur10e_ws/install/ros2_nr_motion_control/share/ros2_nr_motion_control/launch/helix_control.launch.py
[13.036s] -- Up-to-date: /home/nithish/ur10e_ws/install/ros2_nr_motion_control/share/ros2_nr_motion_control/include
[13.036s] -- Up-to-date: /home/nithish/ur10e_ws/install/ros2_nr_motion_control/share/ros2_nr_motion_control/include/robot_arm_motion_planner
[13.036s] -- Up-to-date: /home/nithish/ur10e_ws/install/ros2_nr_motion_control/share/ros2_nr_motion_control/include/robot_arm_motion_planner/robot_arm_motion_planner.hpp
[13.037s] -- Up-to-date: /home/nithish/ur10e_ws/install/ros2_nr_motion_control/share/ros2_nr_motion_control/rviz
[13.037s] -- Up-to-date: /home/nithish/ur10e_ws/install/ros2_nr_motion_control/share/ros2_nr_motion_control/rviz/view_robot.rviz
[13.037s] -- Up-to-date: /home/nithish/ur10e_ws/install/ros2_nr_motion_control/share/ros2_nr_motion_control/config
[13.037s] -- Up-to-date: /home/nithish/ur10e_ws/install/ros2_nr_motion_control/share/ros2_nr_motion_control/config/ur_servo.yaml
[13.037s] -- Up-to-date: /home/nithish/ur10e_ws/install/ros2_nr_motion_control/share/ros2_nr_motion_control/config/kinematics.yaml
[13.037s] -- Up-to-date: /home/nithish/ur10e_ws/install/ros2_nr_motion_control/share/ros2_nr_motion_control/config/ur10e.urdf.xacro
[13.037s] -- Up-to-date: /home/nithish/ur10e_ws/install/ros2_nr_motion_control/share/ros2_nr_motion_control/config/ur_mock_controllers.yaml
[13.037s] -- Up-to-date: /home/nithish/ur10e_ws/install/ros2_nr_motion_control/share/ros2_nr_motion_control/config/ur_ros2_control.xacro
[13.037s] -- Up-to-date: /home/nithish/ur10e_ws/install/ros2_nr_motion_control/share/ros2_nr_motion_control/config/ur10e.srdf
[13.038s] -- Up-to-date: /home/nithish/ur10e_ws/install/ros2_nr_motion_control/share/ament_index/resource_index/package_run_dependencies/ros2_nr_motion_control
[13.038s] -- Up-to-date: /home/nithish/ur10e_ws/install/ros2_nr_motion_control/share/ament_index/resource_index/parent_prefix_path/ros2_nr_motion_control
[13.038s] -- Up-to-date: /home/nithish/ur10e_ws/install/ros2_nr_motion_control/share/ros2_nr_motion_control/environment/ament_prefix_path.sh
[13.038s] -- Up-to-date: /home/nithish/ur10e_ws/install/ros2_nr_motion_control/share/ros2_nr_motion_control/environment/ament_prefix_path.dsv
[13.038s] -- Up-to-date: /home/nithish/ur10e_ws/install/ros2_nr_motion_control/share/ros2_nr_motion_control/environment/path.sh
[13.038s] -- Up-to-date: /home/nithish/ur10e_ws/install/ros2_nr_motion_control/share/ros2_nr_motion_control/environment/path.dsv
[13.038s] -- Up-to-date: /home/nithish/ur10e_ws/install/ros2_nr_motion_control/share/ros2_nr_motion_control/local_setup.bash
[13.038s] -- Up-to-date: /home/nithish/ur10e_ws/install/ros2_nr_motion_control/share/ros2_nr_motion_control/local_setup.sh
[13.038s] -- Up-to-date: /home/nithish/ur10e_ws/install/ros2_nr_motion_control/share/ros2_nr_motion_control/local_setup.zsh
[13.038s] -- Up-to-date: /home/nithish/ur10e_ws/install/ros2_nr_motion_control/share/ros2_nr_motion_control/local_setup.dsv
[13.038s] -- Installing: /home/nithish/ur10e_ws/install/ros2_nr_motion_control/share/ros2_nr_motion_control/package.dsv
[13.038s] -- Up-to-date: /home/nithish/ur10e_ws/install/ros2_nr_motion_control/share/ament_index/resource_index/packages/ros2_nr_motion_control
[13.039s] -- Up-to-date: /home/nithish/ur10e_ws/install/ros2_nr_motion_control/share/ros2_nr_motion_control/cmake/ros2_nr_motion_controlConfig.cmake
[13.039s] -- Up-to-date: /home/nithish/ur10e_ws/install/ros2_nr_motion_control/share/ros2_nr_motion_control/cmake/ros2_nr_motion_controlConfig-version.cmake
[13.039s] -- Up-to-date: /home/nithish/ur10e_ws/install/ros2_nr_motion_control/share/ros2_nr_motion_control/package.xml
[13.041s] Invoked command in '/home/nithish/ur10e_ws/build/ros2_nr_motion_control' returned '0': CMAKE_PREFIX_PATH=/home/nithish/ur10e_ws/install/ur_simulation_gazebo:/home/nithish/ur10e_ws/install/ros2_nr_motion_control:/home/nithish/rviz2_ws/install:/home/nithish/robotic_arm_ws/install/ur_simulation_gz:/home/nithish/robotic_arm_ws/install/my_moveit_config:/home/nithish/robotic_arm_ws/install/ur_description:/home/nithish/robotic_arm_ws/install/path_planner:/opt/ros/humble /usr/bin/cmake --install /home/nithish/ur10e_ws/build/ros2_nr_motion_control
